100 0
200 0.265
300 0.176667
400 0.3825
500 0.506
600 0.421667
700 0.435714
800 0.44625
900 0.446667
1000 0.449
1100 0.453636
1200 0.454167
1300 0.496154
1400 0.532143
1500 0.528
1600 0.495
1700 0.494706
1800 0.467222
1900 0.467368
2000 0.468
2100 0.493333
2200 0.516364
2300 0.493913
2400 0.515
2500 0.5152
2600 0.533846
2700 0.533704
2800 0.550357
2900 0.565862
3000 0.580333
3100 0.575806
3200 0.589063
3300 0.601515
3400 0.613235
3500 0.624286
3600 0.634722
3700 0.632973
3800 0.642632
3900 0.651795
4000 0.6605
4100 0.657317
4200 0.665476
4300 0.673256
4400 0.680682
4500 0.687778
4600 0.694565
4700 0.691702
4800 0.698125
4900 0.704286
5000 0.7102
5100 0.70451
5200 0.710192
5300 0.71566
5400 0.720926
5500 0.726
5600 0.730893
5700 0.735614
5800 0.740172
5900 0.744576
6000 0.748833
6100 0.752951
6200 0.749355
6300 0.753333
6400 0.757188
6500 0.754
6600 0.757727
6700 0.754478
6800 0.758088
6900 0.761594
7000 0.756429
7100 0.753099
7200 0.756528
7300 0.753562
7400 0.75027
7500 0.7536
7600 0.756842
7700 0.754026
7800 0.757179
7900 0.754557
8000 0.757625
8100 0.760617
8200 0.757195
8300 0.754096
8400 0.757024
8500 0.759882
8600 0.762674
8700 0.765402
8800 0.768068
8900 0.770674
9000 0.773222
9100 0.775714
9200 0.778152
9300 0.780538
9400 0.782872
9500 0.785158
9600 0.787396
9700 0.789588
9800 0.791735
9900 0.78798
10000 0.7901
10100 0.792178
10200 0.794216
10300 0.796214
10400 0.792692
10500 0.794667
10600 0.78717
10700 0.779813
10800 0.781852
10900 0.77945
11000 0.781455
11100 0.783423
11200 0.785357
11300 0.787257
11400 0.789123
11500 0.790957
11600 0.792759
11700 0.79453
11800 0.796271
11900 0.797983
12000 0.795833
12100 0.793058
12200 0.790574
12300 0.792276
12400 0.793952
12500 0.7956
12600 0.797222
12700 0.798819
12800 0.800391
12900 0.801938
13000 0.803462
13100 0.800687
13200 0.802197
13300 0.803684
13400 0.805149
13500 0.806593
13600 0.808015
13700 0.805547
13800 0.803116
13900 0.804532
14000 0.805929
14100 0.807305
14200 0.808662
14300 0.81
14400 0.811319
14500 0.812621
14600 0.813904
14700 0.81517
14800 0.813311
14900 0.810872
15000 0.808667
15100 0.809934
15200 0.807566
15300 0.808824
15400 0.810065
15500 0.808129
15600 0.809359
15700 0.810573
15800 0.811772
15900 0.812956
16000 0.814125
16100 0.81528
16200 0.81642
16300 0.817546
16400 0.818659
16500 0.819758
16600 0.820843
16700 0.819521
16800 0.820595
16900 0.818757
17000 0.819824
17100 0.815029
17200 0.816105
17300 0.817168
17400 0.818218
17500 0.819257
17600 0.817841
17700 0.815932
17800 0.816966
17900 0.817989
18000 0.819
18100 0.82
18200 0.820989
18300 0.821967
18400 0.822935
18500 0.823892
18600 0.824839
18700 0.825775
18800 0.823777
18900 0.824709
19000 0.825632
19100 0.823927
19200 0.824844
19300 0.823264
19400 0.821546
19500 0.822462
19600 0.823367
19700 0.824264
19800 0.825152
19900 0.82603
20000 0.8269
20100 0.827761
20200 0.828614
20300 0.829458
20400 0.830294
20500 0.831122
20600 0.829466
20700 0.83029
20800 0.831106
20900 0.829809
21000 0.828095
21100 0.82891
21200 0.829717
21300 0.828498
21400 0.826916
21500 0.827721
21600 0.826435
21700 0.825023
21800 0.825826
21900 0.826621
22000 0.827409
22100 0.825566
22200 0.826351
22300 0.82713
22400 0.825536
22500 0.826311
22600 0.82708
22700 0.825639
22800 0.824167
22900 0.822358
23000 0.82313
23100 0.823896
23200 0.824655
23300 0.825408
23400 0.826154
23500 0.824851
23600 0.82322
23700 0.822152
23800 0.820798
23900 0.821548
24000 0.822292
24100 0.823029
24200 0.82376
24300 0.824486
24400 0.825205
24500 0.824082
24600 0.824797
24700 0.825506
24800 0.82621
24900 0.8251
25000 0.82372
25100 0.824422
25200 0.825119
25300 0.823676
25400 0.82252
25500 0.823216
25600 0.823906
25700 0.822568
25800 0.823256
25900 0.823938
26000 0.824615
26100 0.825287
26200 0.825954
26300 0.826616
26400 0.827273
26500 0.826491
26600 0.825376
26700 0.824307
26800 0.824963
26900 0.823866
27000 0.822889
27100 0.823542
27200 0.822426
27300 0.821282
27400 0.818285
27500 0.818945
27600 0.819601
27700 0.818412
27800 0.817158
27900 0.817814
28000 0.818464
28100 0.81911
28200 0.819752
28300 0.820389
28400 0.821021
28500 0.821649
28600 0.822273
28700 0.822892
28800 0.821701
28900 0.822318
29000 0.822931
29100 0.82354
29200 0.822397
29300 0.823003
29400 0.823605
29500 0.822271
29600 0.822872
29700 0.823468
29800 0.82406
29900 0.824649
30000 0.823467
30100 0.824053
30200 0.824636
30300 0.825215
30400 0.825789
30500 0.826361
30600 0.826928
30700 0.827492
30800 0.828052
30900 0.826861
31000 0.827419
31100 0.827974
31200 0.828526
31300 0.829073
31400 0.829618
31500 0.830159
31600 0.830696
31700 0.83123
31800 0.830346
31900 0.829404
32000 0.829937
32100 0.830467
32200 0.830994
32300 0.831517
32400 0.832037
32500 0.832554
32600 0.833067
32700 0.833578
32800 0.834085
32900 0.83459
33000 0.835091
33100 0.835589
33200 0.836084
33300 0.836577
33400 0.837066
33500 0.837552
33600 0.838036
33700 0.838516
33800 0.838994
33900 0.839469
34000 0.838382
34100 0.838856
34200 0.839327
34300 0.839796
34400 0.840262
34500 0.840725
34600 0.841185
34700 0.841643
34800 0.842098
34900 0.84255
35000 0.843
35100 0.843447
35200 0.843892
35300 0.844334
35400 0.844774
35500 0.845211
35600 0.844494
35700 0.84493
35800 0.845363
35900 0.845794
36000 0.846222
36100 0.846648
36200 0.847072
36300 0.847493
36400 0.847912
36500 0.848329
36600 0.848743
36700 0.849155
36800 0.849565
36900 0.849973
37000 0.850378
37100 0.850782
37200 0.851183
37300 0.851582
37400 0.851979
37500 0.852373
37600 0.852766
37700 0.853156
37800 0.853545
37900 0.853931
38000 0.854316
38100 0.854698
38200 0.855079
38300 0.855457
38400 0.855833
38500 0.854987
38600 0.855363
38700 0.855736
38800 0.856108
38900 0.856478
39000 0.856846
39100 0.855857
39200 0.856224
39300 0.85659
39400 0.856954
39500 0.857316
39600 0.857677
39700 0.858035
39800 0.858392
39900 0.858747
40000 0.8591
40100 0.859451
40200 0.859801
40300 0.860149
40400 0.860495
40500 0.86084
40600 0.861182
40700 0.860025
40800 0.860368
40900 0.860709
41000 0.861049
41100 0.860195
41200 0.859175
41300 0.858378
41400 0.85872
41500 0.857663
41600 0.858005
41700 0.858345
41800 0.857297
41900 0.857637
42000 0.857976
42100 0.858314
42200 0.858649
42300 0.858983
42400 0.859316
42500 0.859647
42600 0.859977
42700 0.860304
42800 0.860631
42900 0.860956
43000 0.861279
43100 0.861601
43200 0.861921
43300 0.86224
43400 0.862558
43500 0.862874
43600 0.863188
43700 0.863501
43800 0.863813
43900 0.864123
44000 0.864432
44100 0.864739
44200 0.865045
44300 0.86535
44400 0.865653
44500 0.865955
44600 0.866256
44700 0.866555
44800 0.866853
44900 0.865947
45000 0.866244
45100 0.866541
45200 0.866836
45300 0.86713
45400 0.866278
45500 0.866571
45600 0.865877
45700 0.866171
45800 0.866463
45900 0.866754
46000 0.867043
46100 0.867332
46200 0.867619
46300 0.867905
46400 0.86819
46500 0.868473
46600 0.868755
46700 0.869036
46800 0.869316
46900 0.869595
47000 0.869872
47100 0.870149
47200 0.870424
47300 0.870698
47400 0.87097
47500 0.871242
47600 0.871513
47700 0.871782
47800 0.87205
47900 0.872317
48000 0.872583
48100 0.872848
48200 0.873112
48300 0.873375
48400 0.873636
48500 0.873897
48600 0.874156
48700 0.874415
48800 0.874672
48900 0.874928
49000 0.875184
49100 0.875438
49200 0.875691
49300 0.875943
49400 0.876194
49500 0.876444
49600 0.876694
49700 0.876942
49800 0.877189
49900 0.877435
