100 0.57
200 0.54
300 0.51
400 0.5325
500 0.536
600 0.551667
700 0.582857
800 0.57
900 0.566667
1000 0.564
1100 0.565455
1200 0.566667
1300 0.575385
1400 0.585714
1500 0.59
1600 0.591875
1700 0.589412
1800 0.593333
1900 0.593684
2000 0.5915
2100 0.592381
2200 0.591818
2300 0.590435
2400 0.595833
2500 0.6012
2600 0.606923
2700 0.604074
2800 0.612143
2900 0.614828
3000 0.613333
3100 0.611613
3200 0.615625
3300 0.620909
3400 0.625294
3500 0.629714
3600 0.635833
3700 0.639459
3800 0.639737
3900 0.639744
4000 0.64
4100 0.641707
4200 0.644524
4300 0.646744
4400 0.648409
4500 0.650889
4600 0.651957
4700 0.653191
4800 0.655625
4900 0.655714
5000 0.6556
5100 0.656275
5200 0.657692
5300 0.658679
5400 0.659074
5500 0.660727
5600 0.661429
5700 0.66193
5800 0.661034
5900 0.661356
6000 0.661667
6100 0.662131
6200 0.663065
6300 0.663175
6400 0.664531
6500 0.664923
6600 0.665606
6700 0.666418
6800 0.664853
6900 0.665797
7000 0.666571
7100 0.667465
7200 0.667917
7300 0.666575
7400 0.667297
7500 0.667867
7600 0.667237
7700 0.667532
7800 0.666282
7900 0.666329
8000 0.666625
8100 0.666543
8200 0.666463
8300 0.666867
8400 0.667738
8500 0.667882
8600 0.668605
8700 0.668736
8800 0.668068
8900 0.667528
9000 0.668333
9100 0.668462
9200 0.66913
9300 0.66957
9400 0.670106
9500 0.669895
9600 0.670521
9700 0.669588
9800 0.669694
9900 0.670202
10000 0.6703
10100 0.670495
10200 0.67098
10300 0.671068
10400 0.670096
10500 0.668857
10600 0.669057
10700 0.667944
10800 0.668519
10900 0.667339
11000 0.666545
11100 0.666036
11200 0.666429
11300 0.666372
11400 0.666842
11500 0.666957
11600 0.667672
11700 0.668291
11800 0.668814
11900 0.669076
12000 0.669333
12100 0.669421
12200 0.669672
12300 0.670081
12400 0.670161
12500 0.67032
12600 0.671032
12700 0.67063
12800 0.671172
12900 0.671163
13000 0.671769
13100 0.671985
13200 0.671894
13300 0.672256
13400 0.672239
13500 0.672074
13600 0.672426
13700 0.671095
13800 0.671522
13900 0.671655
14000 0.671929
14100 0.671277
14200 0.670915
14300 0.670769
14400 0.670347
14500 0.670483
14600 0.670205
14700 0.670136
14800 0.669324
14900 0.669195
15000 0.669467
15100 0.669603
15200 0.669474
15300 0.669542
15400 0.670195
15500 0.670581
15600 0.670513
15700 0.670573
15800 0.670506
15900 0.670755
16000 0.670562
16100 0.670497
16200 0.670864
16300 0.670675
16400 0.671037
16500 0.670727
16600 0.67
16700 0.67
16800 0.66994
16900 0.670414
17000 0.670824
17100 0.671053
17200 0.671279
17300 0.671329
17400 0.671839
17500 0.672
17600 0.672273
17700 0.672825
17800 0.673427
17900 0.673743
18000 0.674
18100 0.673702
18200 0.673901
18300 0.674044
18400 0.673424
18500 0.674162
18600 0.67414
18700 0.674439
18800 0.674309
18900 0.674339
19000 0.674105
19100 0.673979
19200 0.674531
19300 0.67487
19400 0.675258
19500 0.675385
19600 0.675969
19700 0.676193
19800 0.676768
19900 0.677136
20000 0.67745
20100 0.677512
20200 0.677822
20300 0.67798
20400 0.678088
20500 0.678585
20600 0.679078
20700 0.679372
20800 0.679856
20900 0.679617
21000 0.679952
21100 0.68
21200 0.680519
21300 0.680751
21400 0.68028
21500 0.680279
21600 0.680324
21700 0.680138
21800 0.680596
21900 0.680868
22000 0.680955
22100 0.681086
22200 0.681306
22300 0.6813
22400 0.681741
22500 0.681911
22600 0.682345
22700 0.682467
22800 0.682675
22900 0.68262
23000 0.683217
23100 0.68342
23200 0.683707
23300 0.684034
23400 0.684316
23500 0.684511
23600 0.684703
23700 0.685527
23800 0.68584
23900 0.685941
24000 0.686125
24100 0.686722
24200 0.687025
24300 0.686831
24400 0.687213
24500 0.68702
24600 0.686829
24700 0.686761
24800 0.686774
24900 0.687149
25000 0.68708
25100 0.687131
25200 0.687183
25300 0.687312
25400 0.687205
25500 0.687451
25600 0.687305
25700 0.687626
25800 0.687558
25900 0.687992
26000 0.687615
26100 0.687548
26200 0.687672
26300 0.687567
26400 0.687879
26500 0.688075
26600 0.688421
26700 0.688652
26800 0.688582
26900 0.688625
27000 0.688444
27100 0.688303
27200 0.688713
27300 0.688974
27400 0.68927
27500 0.689709
27600 0.689819
27700 0.690144
27800 0.690612
27900 0.690896
28000 0.690679
28100 0.691139
28200 0.69117
28300 0.691237
28400 0.691408
28500 0.691719
28600 0.691783
28700 0.692056
28800 0.691875
28900 0.692007
29000 0.692034
29100 0.692302
29200 0.692466
29300 0.692184
29400 0.692619
29500 0.69261
29600 0.692601
29700 0.692727
29800 0.69255
29900 0.692709
30000 0.6924
30100 0.692259
30200 0.692351
30300 0.692574
30400 0.692467
30500 0.692689
30600 0.69317
30700 0.69329
30800 0.693214
30900 0.693398
31000 0.693194
31100 0.693215
31200 0.693494
31300 0.693514
31400 0.693758
31500 0.693587
31600 0.693797
31700 0.693691
31800 0.693585
31900 0.693354
32000 0.693063
32100 0.693364
32200 0.693447
32300 0.693684
32400 0.693735
32500 0.693754
32600 0.693804
32700 0.693639
32800 0.69375
32900 0.69383
33000 0.694
33100 0.693897
33200 0.693886
33300 0.694024
33400 0.693713
33500 0.693761
33600 0.693929
33700 0.693828
33800 0.693669
33900 0.693805
34000 0.693706
34100 0.693754
34200 0.693947
34300 0.694082
34400 0.694012
34500 0.694174
34600 0.694306
34700 0.694726
34800 0.695029
34900 0.695043
35000 0.695029
35100 0.6951
35200 0.695284
35300 0.695467
35400 0.69565
35500 0.695972
35600 0.696208
35700 0.696387
35800 0.696508
35900 0.696713
36000 0.697028
36100 0.697202
36200 0.69732
36300 0.697603
36400 0.697637
36500 0.697753
36600 0.697787
36700 0.697793
36800 0.697908
36900 0.697995
37000 0.698297
37100 0.698518
37200 0.698495
37300 0.698606
37400 0.698663
37500 0.698907
37600 0.699122
37700 0.699284
37800 0.699312
37900 0.699261
38000 0.699474
38100 0.699738
38200 0.699921
38300 0.699948
38400 0.700078
38500 0.700052
38600 0.700026
38700 0.700103
38800 0.69982
38900 0.699769
39000 0.699872
39100 0.699565
39200 0.699566
39300 0.699873
39400 0.700051
39500 0.700203
39600 0.700404
39700 0.700605
39800 0.700804
39900 0.701053
40000 0.70125
40100 0.701347
40200 0.701269
40300 0.70134
40400 0.701436
40500 0.701259
40600 0.701404
40700 0.701302
40800 0.701569
40900 0.701711
41000 0.701537
41100 0.701436
41200 0.701481
41300 0.701574
41400 0.701787
41500 0.701928
41600 0.702139
41700 0.702278
41800 0.702321
41900 0.702243
42000 0.702286
42100 0.702304
42200 0.702299
42300 0.702364
42400 0.702453
42500 0.702447
42600 0.702559
42700 0.702576
42800 0.702804
42900 0.702657
43000 0.702674
43100 0.702761
43200 0.702616
43300 0.702818
43400 0.702949
43500 0.702874
43600 0.702959
43700 0.702975
43800 0.703151
43900 0.703052
44000 0.702955
44100 0.703039
44200 0.703167
44300 0.703251
44400 0.703581
44500 0.703618
44600 0.703543
44700 0.703535
44800 0.703683
44900 0.703742
45000 0.703778
45100 0.703902
45200 0.704004
45300 0.703907
45400 0.703921
45500 0.704088
45600 0.704123
45700 0.704267
45800 0.704389
45900 0.704357
46000 0.704609
46100 0.70449
46200 0.704632
46300 0.704946
46400 0.705108
46500 0.705183
46600 0.705236
46700 0.705396
46800 0.70547
46900 0.705629
47000 0.70583
47100 0.705817
47200 0.705784
47300 0.705603
47400 0.705738
47500 0.705853
47600 0.705924
47700 0.705975
47800 0.705962
47900 0.70595
48000 0.705979
48100 0.70605
48200 0.706017
48300 0.706108
48400 0.706054
48500 0.706268
48600 0.706461
48700 0.706612
48800 0.706762
48900 0.706973
49000 0.707184
49100 0.70721
49200 0.707297
49300 0.707566
49400 0.70753
49500 0.707697
49600 0.707762
49700 0.707907
49800 0.708133
49900 0.708357
