100 0.57
200 0.51
300 0.45
400 0.6
500 0.55
600 0.63
700 0.77
800 0.48
900 0.54
1000 0.54
1100 0.58
1200 0.58
1300 0.68
1400 0.72
1500 0.65
1600 0.62
1700 0.55
1800 0.66
1900 0.6
2000 0.55
2100 0.61
2200 0.58
2300 0.56
2400 0.72
2500 0.73
2600 0.75
2700 0.53
2800 0.83
2900 0.69
3000 0.57
3100 0.56
3200 0.74
3300 0.79
3400 0.77
3500 0.78
3600 0.85
3700 0.77
3800 0.65
3900 0.64
4000 0.65
4100 0.71
4200 0.76
4300 0.74
4400 0.72
4500 0.76
4600 0.7
4700 0.71
4800 0.77
4900 0.66
5000 0.65
5100 0.69
5200 0.73
5300 0.71
5400 0.68
5500 0.75
5600 0.7
5700 0.69
5800 0.61
5900 0.68
6000 0.68
6100 0.69
6200 0.72
6300 0.67
6400 0.75
6500 0.69
6600 0.71
6700 0.72
6800 0.56
6900 0.73
7000 0.72
7100 0.73
7200 0.7
7300 0.57
7400 0.72
7500 0.71
7600 0.62
7700 0.69
7800 0.57
7900 0.67
8000 0.69
8100 0.66
8200 0.66
8300 0.7
8400 0.74
8500 0.68
8600 0.73
8700 0.68
8800 0.61
8900 0.62
9000 0.74
9100 0.68
9200 0.73
9300 0.71
9400 0.72
9500 0.65
9600 0.73
9700 0.58
9800 0.68
9900 0.72
10000 0.68
10100 0.69
10200 0.72
10300 0.68
10400 0.57
10500 0.54
10600 0.69
10700 0.55
10800 0.73
10900 0.54
11000 0.58
11100 0.61
11200 0.71
11300 0.66
11400 0.72
11500 0.68
11600 0.75
11700 0.74
11800 0.73
11900 0.7
12000 0.7
12100 0.68
12200 0.7
12300 0.72
12400 0.68
12500 0.69
12600 0.76
12700 0.62
12800 0.74
12900 0.67
13000 0.75
13100 0.7
13200 0.66
13300 0.72
13400 0.67
13500 0.65
13600 0.72
13700 0.49
13800 0.73
13900 0.69
14000 0.71
14100 0.58
14200 0.62
14300 0.65
14400 0.61
14500 0.69
14600 0.63
14700 0.66
14800 0.55
14900 0.65
15000 0.71
15100 0.69
15200 0.65
15300 0.68
15400 0.77
15500 0.73
15600 0.66
15700 0.68
15800 0.66
15900 0.71
16000 0.64
16100 0.66
16200 0.73
16300 0.64
16400 0.73
16500 0.62
16600 0.55
16700 0.67
16800 0.66
16900 0.75
17000 0.74
17100 0.71
17200 0.71
17300 0.68
17400 0.76
17500 0.7
17600 0.72
17700 0.77
17800 0.78
17900 0.73
18000 0.72
18100 0.62
18200 0.71
18300 0.7
18400 0.56
18500 0.81
18600 0.67
18700 0.73
18800 0.65
18900 0.68
19000 0.63
19100 0.65
19200 0.78
19300 0.74
19400 0.75
19500 0.7
19600 0.79
19700 0.72
19800 0.79
19900 0.75
20000 0.74
20100 0.69
20200 0.74
20300 0.71
20400 0.7
20500 0.78
20600 0.78
20700 0.74
20800 0.78
20900 0.63
21000 0.75
21100 0.69
21200 0.79
21300 0.73
21400 0.58
21500 0.68
21600 0.69
21700 0.64
21800 0.78
21900 0.74
22000 0.7
22100 0.71
22200 0.73
22300 0.68
22400 0.78
22500 0.72
22600 0.78
22700 0.71
22800 0.73
22900 0.67
23000 0.82
23100 0.73
23200 0.75
23300 0.76
23400 0.75
23500 0.73
23600 0.73
23700 0.88
23800 0.76
23900 0.71
24000 0.73
24100 0.83
24200 0.76
24300 0.64
24400 0.78
24500 0.64
24600 0.64
24700 0.67
24800 0.69
24900 0.78
25000 0.67
25100 0.7
25200 0.7
25300 0.72
25400 0.66
25500 0.75
25600 0.65
25700 0.77
25800 0.67
25900 0.8
26000 0.59
26100 0.67
26200 0.72
26300 0.66
26400 0.77
26500 0.74
26600 0.78
26700 0.75
26800 0.67
26900 0.7
27000 0.64
27100 0.65
27200 0.8
27300 0.76
27400 0.77
27500 0.81
27600 0.72
27700 0.78
27800 0.82
27900 0.77
28000 0.63
28100 0.82
28200 0.7
28300 0.71
28400 0.74
28500 0.78
28600 0.71
28700 0.77
28800 0.64
28900 0.73
29000 0.7
29100 0.77
29200 0.74
29300 0.61
29400 0.82
29500 0.69
29600 0.69
29700 0.73
29800 0.64
29900 0.74
30000 0.6
30100 0.65
30200 0.72
30300 0.76
30400 0.66
30500 0.76
30600 0.84
30700 0.73
30800 0.67
30900 0.75
31000 0.63
31100 0.7
31200 0.78
31300 0.7
31400 0.77
31500 0.64
31600 0.76
31700 0.66
31800 0.66
31900 0.62
32000 0.6
32100 0.79
32200 0.72
32300 0.77
32400 0.71
32500 0.7
32600 0.71
32700 0.64
32800 0.73
32900 0.72
33000 0.75
33100 0.66
33200 0.69
33300 0.74
33400 0.59
33500 0.71
33600 0.75
33700 0.66
33800 0.64
33900 0.74
34000 0.66
34100 0.71
34200 0.76
34300 0.74
34400 0.67
34500 0.75
34600 0.74
34700 0.84
34800 0.8
34900 0.7
35000 0.69
35100 0.72
35200 0.76
35300 0.76
35400 0.76
35500 0.81
35600 0.78
35700 0.76
35800 0.74
35900 0.77
36000 0.81
36100 0.76
36200 0.74
36300 0.8
36400 0.71
36500 0.74
36600 0.71
36700 0.7
36800 0.74
36900 0.73
37000 0.81
37100 0.78
37200 0.69
37300 0.74
37400 0.72
37500 0.79
37600 0.78
37700 0.76
37800 0.71
37900 0.68
38000 0.78
38100 0.8
38200 0.77
38300 0.71
38400 0.75
38500 0.69
38600 0.69
38700 0.73
38800 0.59
38900 0.68
39000 0.74
39100 0.58
39200 0.7
39300 0.82
39400 0.77
39500 0.76
39600 0.78
39700 0.78
39800 0.78
39900 0.8
40000 0.78
40100 0.74
40200 0.67
40300 0.73
40400 0.74
40500 0.63
40600 0.76
40700 0.66
40800 0.81
40900 0.76
41000 0.63
41100 0.66
41200 0.72
41300 0.74
41400 0.79
41500 0.76
41600 0.79
41700 0.76
41800 0.72
41900 0.67
42000 0.72
42100 0.71
42200 0.7
42300 0.73
42400 0.74
42500 0.7
42600 0.75
42700 0.71
42800 0.8
42900 0.64
43000 0.71
43100 0.74
43200 0.64
43300 0.79
43400 0.76
43500 0.67
43600 0.74
43700 0.71
43800 0.78
43900 0.66
44000 0.66
44100 0.74
44200 0.76
44300 0.74
44400 0.85
44500 0.72
44600 0.67
44700 0.7
44800 0.77
44900 0.73
45000 0.72
45100 0.76
45200 0.75
45300 0.66
45400 0.71
45500 0.78
45600 0.72
45700 0.77
45800 0.76
45900 0.69
46000 0.82
46100 0.65
46200 0.77
46300 0.85
46400 0.78
46500 0.74
46600 0.73
46700 0.78
46800 0.74
46900 0.78
47000 0.8
47100 0.7
47200 0.69
47300 0.62
47400 0.77
47500 0.76
47600 0.74
47700 0.73
47800 0.7
47900 0.7
48000 0.72
48100 0.74
48200 0.69
48300 0.75
48400 0.68
48500 0.81
48600 0.8
48700 0.78
48800 0.78
48900 0.81
49000 0.81
49100 0.72
49200 0.75
49300 0.84
49400 0.69
49500 0.79
49600 0.74
49700 0.78
49800 0.82
49900 0.82
