100 0.58
200 0.54
300 0.59
400 0.66
500 0.73
600 0.69
700 0.66
800 0.63
900 0.79
1000 0.72
1100 0.68
1200 0.65
1300 0.76
1400 0.65
1500 0.67
1600 0.69
1700 0.71
1800 0.68
1900 0.78
2000 0.76
2100 0.75
2200 0.7
2300 0.66
2400 0.76
2500 0.69
2600 0.71
2700 0.61
2800 0.58
2900 0.64
3000 0.67
3100 0.81
3200 0.71
3300 0.67
3400 0.71
3500 0.65
3600 0.74
3700 0.65
3800 0.79
3900 0.62
4000 0.71
4100 0.77
4200 0.8
4300 0.72
4400 0.68
4500 0.74
4600 0.79
4700 0.71
4800 0.72
4900 0.68
5000 0.78
5100 0.69
5200 0.71
5300 0.67
5400 0.63
5500 0.73
5600 0.71
5700 0.65
5800 0.74
5900 0.66
6000 0.74
6100 0.72
6200 0.77
6300 0.69
6400 0.72
6500 0.65
6600 0.78
6700 0.67
6800 0.68
6900 0.67
7000 0.76
7100 0.72
7200 0.68
7300 0.74
7400 0.73
7500 0.71
7600 0.73
7700 0.63
7800 0.65
7900 0.7
8000 0.67
8100 0.71
8200 0.72
8300 0.75
8400 0.7
8500 0.61
8600 0.7
8700 0.69
8800 0.68
8900 0.74
9000 0.76
9100 0.67
9200 0.67
9300 0.75
9400 0.65
9500 0.73
9600 0.66
9700 0.75
9800 0.72
9900 0.67
10000 0.75
10100 0.69
10200 0.66
10300 0.73
10400 0.72
10500 0.62
10600 0.67
10700 0.72
10800 0.71
10900 0.7
11000 0.71
11100 0.8
11200 0.67
11300 0.68
11400 0.62
11500 0.72
11600 0.7
11700 0.73
11800 0.65
11900 0.71
12000 0.66
12100 0.75
12200 0.77
12300 0.64
12400 0.74
12500 0.63
12600 0.65
12700 0.69
12800 0.72
12900 0.63
13000 0.71
13100 0.7
13200 0.75
13300 0.72
13400 0.68
13500 0.71
13600 0.68
13700 0.74
13800 0.73
13900 0.71
14000 0.69
14100 0.74
14200 0.7
14300 0.74
14400 0.76
14500 0.66
14600 0.72
14700 0.73
14800 0.7
14900 0.73
15000 0.69
15100 0.75
15200 0.77
15300 0.71
15400 0.71
15500 0.71
15600 0.71
15700 0.72
15800 0.73
15900 0.7
16000 0.7
16100 0.64
16200 0.68
16300 0.69
16400 0.75
16500 0.69
16600 0.75
16700 0.72
16800 0.7
16900 0.76
17000 0.59
17100 0.68
17200 0.76
17300 0.69
17400 0.73
17500 0.78
17600 0.69
17700 0.71
17800 0.7
17900 0.77
18000 0.69
18100 0.65
18200 0.65
18300 0.64
18400 0.75
18500 0.74
18600 0.73
18700 0.7
18800 0.71
18900 0.63
19000 0.67
19100 0.69
19200 0.71
19300 0.74
19400 0.73
19500 0.64
19600 0.58
19700 0.64
19800 0.75
19900 0.7
20000 0.78
20100 0.76
20200 0.74
20300 0.7
20400 0.68
20500 0.71
20600 0.75
20700 0.73
20800 0.7
20900 0.74
21000 0.7
21100 0.67
21200 0.7
21300 0.68
21400 0.69
21500 0.67
21600 0.75
21700 0.63
21800 0.67
21900 0.68
22000 0.73
22100 0.71
22200 0.73
22300 0.65
22400 0.66
22500 0.64
22600 0.73
22700 0.79
22800 0.72
22900 0.75
23000 0.67
23100 0.66
23200 0.63
23300 0.69
23400 0.65
23500 0.67
23600 0.7
23700 0.67
23800 0.72
23900 0.74
24000 0.75
24100 0.74
24200 0.74
24300 0.74
24400 0.73
24500 0.67
24600 0.64
24700 0.66
24800 0.63
24900 0.71
25000 0.73
25100 0.65
25200 0.8
25300 0.76
25400 0.72
25500 0.76
25600 0.7
25700 0.58
25800 0.69
25900 0.73
26000 0.67
26100 0.56
26200 0.72
26300 0.7
26400 0.69
26500 0.68
26600 0.8
26700 0.71
26800 0.7
26900 0.7
27000 0.74
27100 0.71
27200 0.71
27300 0.65
27400 0.7
27500 0.65
27600 0.73
27700 0.72
27800 0.69
27900 0.73
28000 0.73
28100 0.68
28200 0.75
28300 0.74
28400 0.77
28500 0.65
28600 0.68
28700 0.66
28800 0.68
28900 0.74
29000 0.66
29100 0.68
29200 0.78
29300 0.73
29400 0.74
29500 0.7
29600 0.7
29700 0.71
29800 0.68
29900 0.69
30000 0.61
30100 0.64
30200 0.69
30300 0.77
30400 0.7
30500 0.67
30600 0.75
30700 0.74
30800 0.76
30900 0.71
31000 0.66
31100 0.63
31200 0.67
31300 0.67
31400 0.69
31500 0.77
31600 0.71
31700 0.75
31800 0.65
31900 0.75
32000 0.66
32100 0.74
32200 0.67
32300 0.65
32400 0.69
32500 0.73
32600 0.66
32700 0.66
32800 0.66
32900 0.69
33000 0.64
33100 0.66
33200 0.7
33300 0.69
33400 0.68
33500 0.73
33600 0.83
33700 0.7
33800 0.62
33900 0.69
34000 0.61
34100 0.58
34200 0.74
34300 0.72
34400 0.63
34500 0.76
34600 0.68
34700 0.67
34800 0.73
34900 0.76
35000 0.76
35100 0.61
35200 0.73
35300 0.55
35400 0.66
35500 0.65
35600 0.72
35700 0.7
35800 0.76
35900 0.68
36000 0.76
36100 0.72
36200 0.71
36300 0.72
36400 0.72
36500 0.67
36600 0.77
36700 0.75
36800 0.74
36900 0.61
37000 0.72
37100 0.67
37200 0.75
37300 0.75
37400 0.74
37500 0.75
37600 0.73
37700 0.72
37800 0.64
37900 0.73
38000 0.68
38100 0.68
38200 0.77
38300 0.69
38400 0.63
38500 0.71
38600 0.81
38700 0.68
38800 0.69
38900 0.74
39000 0.64
39100 0.64
39200 0.66
39300 0.7
39400 0.66
39500 0.67
39600 0.75
39700 0.83
39800 0.73
39900 0.67
40000 0.66
40100 0.67
40200 0.62
40300 0.72
40400 0.67
40500 0.74
40600 0.76
40700 0.72
40800 0.72
40900 0.7
41000 0.61
41100 0.78
41200 0.68
41300 0.66
41400 0.72
41500 0.68
41600 0.72
41700 0.69
41800 0.68
41900 0.68
42000 0.72
42100 0.73
42200 0.76
42300 0.55
42400 0.73
42500 0.69
42600 0.65
42700 0.67
42800 0.76
42900 0.73
43000 0.66
43100 0.7
43200 0.68
43300 0.69
43400 0.74
43500 0.76
43600 0.74
43700 0.7
43800 0.71
43900 0.66
44000 0.71
44100 0.64
44200 0.66
44300 0.73
44400 0.78
44500 0.74
44600 0.66
44700 0.67
44800 0.65
44900 0.6
45000 0.73
45100 0.73
45200 0.83
45300 0.65
45400 0.78
45500 0.71
45600 0.75
45700 0.68
45800 0.73
45900 0.78
46000 0.68
46100 0.68
46200 0.69
46300 0.67
46400 0.77
46500 0.67
46600 0.7
46700 0.68
46800 0.65
46900 0.7
47000 0.76
47100 0.71
47200 0.64
47300 0.66
47400 0.65
47500 0.74
47600 0.65
47700 0.71
47800 0.7
47900 0.74
48000 0.65
48100 0.71
48200 0.71
48300 0.69
48400 0.73
48500 0.78
48600 0.7
48700 0.73
48800 0.8
48900 0.74
49000 0.71
49100 0.69
49200 0.78
49300 0.7
49400 0.72
49500 0.7
49600 0.68
49700 0.61
49800 0.72
49900 0.73
