100 0.61
200 0.65
300 0.613333
400 0.6125
500 0.636
600 0.68
700 0.711429
800 0.72125
900 0.738889
1000 0.748
1100 0.763636
1200 0.7675
1300 0.776923
1400 0.782143
1500 0.780667
1600 0.785625
1700 0.789412
1800 0.791111
1900 0.796316
2000 0.8005
2100 0.80619
2200 0.810909
2300 0.813043
2400 0.815417
2500 0.8168
2600 0.816154
2700 0.816667
2800 0.819286
2900 0.82
3000 0.822667
3100 0.823548
3200 0.828125
3300 0.829697
3400 0.830882
3500 0.830857
3600 0.8325
3700 0.834865
3800 0.837105
3900 0.836667
4000 0.83725
4100 0.839512
4200 0.841905
4300 0.842558
4400 0.842273
4500 0.841111
4600 0.841522
4700 0.840851
4800 0.84125
4900 0.841633
5000 0.8414
5100 0.840588
5200 0.841731
5300 0.842264
5400 0.842222
5500 0.841636
5600 0.841429
5700 0.84193
5800 0.841724
5900 0.842203
6000 0.842667
6100 0.842951
6200 0.843226
6300 0.843968
6400 0.844531
6500 0.843846
6600 0.844697
6700 0.846269
6800 0.847353
6900 0.847536
7000 0.848143
7100 0.849437
7200 0.850139
7300 0.850411
7400 0.851081
7500 0.851867
7600 0.852632
7700 0.853247
7800 0.853846
7900 0.854684
8000 0.855625
8100 0.856296
8200 0.857073
8300 0.85747
8400 0.858333
8500 0.859647
8600 0.860116
8700 0.860575
8800 0.861705
8900 0.862697
9000 0.863444
9100 0.864066
9200 0.864891
9300 0.865161
9400 0.865106
9500 0.865895
9600 0.866875
9700 0.867113
9800 0.867653
9900 0.86798
10000 0.868
10100 0.868515
10200 0.868824
10300 0.868835
10400 0.869135
10500 0.869619
10600 0.869906
10700 0.87028
10800 0.87037
10900 0.870917
11000 0.871091
11100 0.871171
11200 0.871161
11300 0.871239
11400 0.870877
11500 0.870696
11600 0.87069
11700 0.870513
11800 0.870254
11900 0.87042
12000 0.870333
12100 0.870496
12200 0.870164
12300 0.870488
12400 0.870323
12500 0.87024
12600 0.870317
12700 0.87063
12800 0.870625
12900 0.87062
13000 0.870308
13100 0.87
13200 0.86947
13300 0.868797
13400 0.868657
13500 0.867926
13600 0.867794
13700 0.868394
13800 0.868696
13900 0.868993
14000 0.8695
14100 0.869645
14200 0.870141
14300 0.87049
14400 0.870833
14500 0.870897
14600 0.87137
14700 0.871565
14800 0.871892
14900 0.872215
15000 0.872533
15100 0.87298
15200 0.873421
15300 0.873529
15400 0.873766
15500 0.874194
15600 0.874231
15700 0.874268
15800 0.87462
15900 0.874591
16000 0.875
16100 0.87528
16200 0.875556
16300 0.875828
16400 0.87622
16500 0.876182
16600 0.876627
16700 0.876766
16800 0.877083
16900 0.877456
17000 0.877765
17100 0.878012
17200 0.878198
17300 0.878439
17400 0.878793
17500 0.8788
17600 0.878807
17700 0.879096
17800 0.879101
17900 0.87933
18000 0.879556
18100 0.879945
18200 0.880165
18300 0.880328
18400 0.880489
18500 0.880703
18600 0.881237
18700 0.881444
18800 0.881596
18900 0.881693
19000 0.882053
19100 0.882251
19200 0.882604
19300 0.882798
19400 0.883144
19500 0.883282
19600 0.883571
19700 0.883756
19800 0.883788
19900 0.883769
20000 0.8842
20100 0.884378
20200 0.884505
20300 0.884729
20400 0.885
20500 0.88522
20600 0.885291
20700 0.885604
20800 0.885721
20900 0.885646
21000 0.885952
21100 0.886161
21200 0.886274
21300 0.886479
21400 0.886636
21500 0.886698
21600 0.886713
21700 0.886866
21800 0.887064
21900 0.887123
22000 0.887364
22100 0.887557
22200 0.887748
22300 0.887668
22400 0.887813
22500 0.887867
22600 0.887965
22700 0.887885
22800 0.887895
22900 0.887773
23000 0.88787
23100 0.887965
23200 0.887974
23300 0.888026
23400 0.888291
23500 0.888426
23600 0.888644
23700 0.88865
23800 0.888866
23900 0.888912
24000 0.888917
24100 0.889004
24200 0.889174
24300 0.889136
24400 0.88918
24500 0.889306
24600 0.88935
24700 0.889474
24800 0.889435
24900 0.889197
25000 0.88928
25100 0.889402
25200 0.889365
25300 0.889486
25400 0.889291
25500 0.889216
25600 0.889375
25700 0.889494
25800 0.889574
25900 0.889459
26000 0.889385
26100 0.889157
26200 0.889046
26300 0.888859
26400 0.888864
26500 0.88883
26600 0.888947
26700 0.888876
26800 0.888582
26900 0.888476
27000 0.888444
27100 0.888672
27200 0.888676
27300 0.888681
27400 0.888723
27500 0.888945
27600 0.889167
27700 0.88917
27800 0.889317
27900 0.889247
28000 0.889107
28100 0.889146
28200 0.889078
28300 0.889011
28400 0.888838
28500 0.888596
28600 0.888531
28700 0.888293
28800 0.888125
28900 0.887993
29000 0.888069
29100 0.887973
29200 0.887842
29300 0.887782
29400 0.887551
29500 0.887424
29600 0.887466
29700 0.887475
29800 0.887416
29900 0.887358
30000 0.8873
30100 0.88711
30200 0.886921
30300 0.886832
30400 0.887039
30500 0.886951
30600 0.886863
30700 0.886645
30800 0.886494
30900 0.886537
31000 0.886355
31100 0.886334
31200 0.88625
31300 0.886166
31400 0.886115
31500 0.885937
31600 0.885886
31700 0.885741
31800 0.885503
31900 0.885329
32000 0.885156
32100 0.884984
32200 0.884845
32300 0.884706
32400 0.884691
32500 0.884677
32600 0.884755
32700 0.88474
32800 0.884634
32900 0.884438
33000 0.884455
33100 0.884441
33200 0.884488
33300 0.884625
33400 0.884551
33500 0.884388
33600 0.884405
33700 0.884421
33800 0.884497
33900 0.884484
34000 0.884353
34100 0.884282
34200 0.884181
34300 0.884023
34400 0.883983
34500 0.883942
34600 0.883815
34700 0.883631
34800 0.883678
34900 0.88361
35000 0.883686
35100 0.883675
35200 0.883665
35300 0.883598
35400 0.883729
35500 0.883718
35600 0.883876
35700 0.883922
35800 0.883715
35900 0.883538
36000 0.883417
36100 0.883296
36200 0.883149
36300 0.88292
36400 0.882995
36500 0.882877
36600 0.88276
36700 0.882616
36800 0.88269
36900 0.882629
37000 0.882595
37100 0.882534
37200 0.882554
37300 0.882493
37400 0.882594
37500 0.88272
37600 0.882527
37700 0.882546
37800 0.882434
37900 0.882348
38000 0.882237
38100 0.882257
38200 0.882251
38300 0.882167
38400 0.882083
38500 0.882
38600 0.881995
38700 0.881886
38800 0.881907
38900 0.881954
39000 0.882077
39100 0.882097
39200 0.881939
39300 0.881908
39400 0.881751
39500 0.881823
39600 0.881768
39700 0.881763
39800 0.881533
39900 0.881454
40000 0.881275
40100 0.881147
40200 0.881095
40300 0.880993
40400 0.880842
40500 0.880889
40600 0.880936
40700 0.880958
40800 0.88076
40900 0.880831
41000 0.880829
41100 0.88073
41200 0.880485
41300 0.880436
41400 0.880435
41500 0.880337
41600 0.880361
41700 0.880312
41800 0.880239
41900 0.880048
42000 0.88
42100 0.88
42200 0.879882
42300 0.879787
42400 0.879646
42500 0.879671
42600 0.879624
42700 0.879625
42800 0.879579
42900 0.87965
43000 0.879651
43100 0.879582
43200 0.87963
43300 0.879538
43400 0.879309
43500 0.879333
43600 0.879266
43700 0.879268
43800 0.879247
43900 0.879294
44000 0.879318
44100 0.879388
44200 0.879389
44300 0.879503
44400 0.879527
44500 0.879528
44600 0.879507
44700 0.879351
44800 0.879286
44900 0.879198
45000 0.879133
45100 0.879047
45200 0.879115
45300 0.879249
45400 0.879163
45500 0.879121
45600 0.879101
45700 0.879081
45800 0.878996
45900 0.87902
46000 0.878848
46100 0.878937
46200 0.878831
46300 0.87879
46400 0.878793
46500 0.878731
46600 0.878519
46700 0.878522
46800 0.878504
46900 0.878465
47000 0.878319
47100 0.878259
47200 0.878284
47300 0.878118
47400 0.878038
47500 0.877874
47600 0.877836
47700 0.87782
47800 0.877782
47900 0.877766
48000 0.877667
48100 0.87763
48200 0.877614
48300 0.877412
48400 0.877417
48500 0.877258
48600 0.877222
48700 0.877166
48800 0.876947
48900 0.876851
49000 0.876735
49100 0.876599
49200 0.876667
49300 0.876552
49400 0.876518
49500 0.876545
49600 0.876532
49700 0.876539
49800 0.876426
49900 0.876413
