100 0.51
200 0.535
300 0.56
400 0.5975
500 0.596
600 0.593333
700 0.585714
800 0.59875
900 0.59
1000 0.58
1100 0.581818
1200 0.586667
1300 0.583846
1400 0.577857
1500 0.566667
1600 0.5675
1700 0.562353
1800 0.563333
1900 0.566842
2000 0.562
2100 0.563333
2200 0.565909
2300 0.565652
2400 0.565417
2500 0.5696
2600 0.569231
2700 0.57037
2800 0.568929
2900 0.565172
3000 0.565
3100 0.565806
3200 0.563438
3300 0.563939
3400 0.561765
3500 0.562857
3600 0.561389
3700 0.562162
3800 0.562105
3900 0.562308
4000 0.563
4100 0.564634
4200 0.56381
4300 0.564884
4400 0.565455
4500 0.565333
4600 0.565652
4700 0.565745
4800 0.567917
4900 0.568571
5000 0.5682
5100 0.568431
5200 0.568462
5300 0.567547
5400 0.567593
5500 0.567636
5600 0.568036
5700 0.567193
5800 0.567931
5900 0.568136
6000 0.568
6100 0.568033
6200 0.569677
6300 0.568413
6400 0.568906
6500 0.570615
6600 0.571212
6700 0.572239
6800 0.570147
6900 0.568841
7000 0.568286
7100 0.567465
7200 0.56875
7300 0.56863
7400 0.568514
7500 0.568933
7600 0.570395
7700 0.570909
7800 0.570256
7900 0.570253
8000 0.570375
8100 0.56963
8200 0.568537
8300 0.56759
8400 0.567262
8500 0.566824
8600 0.56686
8700 0.567471
8800 0.567841
8900 0.567528
9000 0.567333
9100 0.567033
9200 0.566413
9300 0.566667
9400 0.567447
9500 0.566737
9600 0.566458
9700 0.566186
9800 0.567041
9900 0.567071
10000 0.5672
10100 0.568416
10200 0.569706
10300 0.569709
10400 0.570577
10500 0.571143
10600 0.572264
10700 0.570841
10800 0.571019
10900 0.572018
11000 0.573091
11100 0.573423
11200 0.574464
11300 0.57531
11400 0.575965
11500 0.575043
11600 0.574655
11700 0.575214
11800 0.575169
11900 0.575126
12000 0.57425
12100 0.573719
12200 0.574262
12300 0.573821
12400 0.575
12500 0.57544
12600 0.575079
12700 0.575748
12800 0.575391
12900 0.575814
13000 0.576385
13100 0.576412
13200 0.577348
13300 0.57797
13400 0.578209
13500 0.579185
13600 0.579559
13700 0.579416
13800 0.579493
13900 0.580288
14000 0.580643
14100 0.580496
14200 0.580352
14300 0.58042
14400 0.580903
14500 0.581172
14600 0.581301
14700 0.581361
14800 0.581149
14900 0.581678
15000 0.581733
15100 0.581192
15200 0.58125
15300 0.581176
15400 0.580974
15500 0.580645
15600 0.580321
15700 0.580382
15800 0.580316
15900 0.580377
16000 0.580375
16100 0.580373
16200 0.580556
16300 0.580613
16400 0.580305
16500 0.580788
16600 0.580904
16700 0.581677
16800 0.581667
16900 0.581302
17000 0.581059
17100 0.581053
17200 0.581221
17300 0.581734
17400 0.581149
17500 0.581429
17600 0.581705
17700 0.581356
17800 0.581629
17900 0.581788
18000 0.581444
18100 0.581105
18200 0.580769
18300 0.580874
18400 0.580272
18500 0.579892
18600 0.579839
18700 0.58016
18800 0.580053
18900 0.580529
19000 0.580895
19100 0.580995
19200 0.58099
19300 0.580777
19400 0.58134
19500 0.582103
19600 0.582092
19700 0.582183
19800 0.582273
19900 0.582211
20000 0.5819
20100 0.582189
20200 0.582525
20300 0.582365
20400 0.582157
20500 0.582098
20600 0.581748
20700 0.581787
20800 0.581442
20900 0.581435
21000 0.58081
21100 0.580758
21200 0.581038
21300 0.581315
21400 0.581589
21500 0.581023
21600 0.581157
21700 0.581567
21800 0.581651
21900 0.581644
22000 0.581682
22100 0.581448
22200 0.581712
22300 0.5813
22400 0.581116
22500 0.580933
22600 0.580708
22700 0.580925
22800 0.581491
22900 0.581834
23000 0.58213
23100 0.581861
23200 0.581422
23300 0.581288
23400 0.581197
23500 0.580936
23600 0.580466
23700 0.580253
23800 0.580504
23900 0.580084
24000 0.58025
24100 0.580124
24200 0.580165
24300 0.580041
24400 0.579877
24500 0.579959
24600 0.579919
24700 0.57996
24800 0.579556
24900 0.579839
25000 0.57968
25100 0.579801
25200 0.57996
25300 0.579881
25400 0.579803
25500 0.579882
25600 0.579883
25700 0.579922
25800 0.579961
25900 0.579807
26000 0.579731
26100 0.580115
26200 0.580229
26300 0.580076
26400 0.580265
26500 0.58034
26600 0.580226
26700 0.5803
26800 0.580709
26900 0.581004
27000 0.581333
27100 0.581402
27200 0.581912
27300 0.582527
27400 0.583285
27500 0.583673
27600 0.58413
27700 0.584585
27800 0.584964
27900 0.585305
28000 0.585321
28100 0.585836
28200 0.585709
28300 0.586007
28400 0.586021
28500 0.586561
28600 0.586678
28700 0.587108
28800 0.587361
28900 0.587266
29000 0.587586
29100 0.588144
29200 0.58887
29300 0.589113
29400 0.589592
29500 0.590169
29600 0.590642
29700 0.591212
29800 0.591711
29900 0.591605
30000 0.591833
30100 0.592359
30200 0.592848
30300 0.593432
30400 0.59375
30500 0.593967
30600 0.594216
30700 0.594365
30800 0.594578
30900 0.594984
31000 0.595097
31100 0.595338
31200 0.595545
31300 0.595911
31400 0.596146
31500 0.596476
31600 0.596741
31700 0.597319
31800 0.597767
31900 0.597586
32000 0.597562
32100 0.59785
32200 0.59795
32300 0.598111
32400 0.598179
32500 0.597969
32600 0.598344
32700 0.59841
32800 0.598689
32900 0.598541
33000 0.599121
33100 0.599517
33200 0.599759
33300 0.59982
33400 0.59997
33500 0.600179
33600 0.600506
33700 0.600861
33800 0.601154
33900 0.601534
34000 0.6015
34100 0.601672
34200 0.602222
34300 0.602362
34400 0.602587
34500 0.602609
34600 0.602543
34700 0.602565
34800 0.602874
34900 0.603095
35000 0.603143
35100 0.603219
35200 0.603011
35300 0.603088
35400 0.603136
35500 0.603211
35600 0.603287
35700 0.603305
35800 0.603408
35900 0.603398
36000 0.603583
36100 0.603629
36200 0.603785
36300 0.603554
36400 0.603297
36500 0.603123
36600 0.603033
36700 0.603243
36800 0.603315
36900 0.60336
37000 0.603297
37100 0.603423
37200 0.603468
37300 0.603512
37400 0.603797
37500 0.603813
37600 0.603644
37700 0.60382
37800 0.604259
37900 0.604248
38000 0.604342
38100 0.604541
38200 0.60466
38300 0.60483
38400 0.604792
38500 0.604987
38600 0.605078
38700 0.605142
38800 0.605
38900 0.605219
39000 0.605205
39100 0.605371
39200 0.60523
39300 0.605242
39400 0.60533
39500 0.605367
39600 0.605556
39700 0.605516
39800 0.605829
39900 0.606115
40000 0.606225
40100 0.606334
40200 0.606269
40300 0.606278
40400 0.60651
40500 0.606988
40600 0.607241
40700 0.607322
40800 0.60723
40900 0.607188
41000 0.607244
41100 0.607567
41200 0.607646
41300 0.607845
41400 0.608116
41500 0.608217
41600 0.608341
41700 0.608249
41800 0.608493
41900 0.60864
42000 0.608595
42100 0.608717
42200 0.608934
42300 0.6087
42400 0.608821
42500 0.608894
42600 0.60892
42700 0.609016
42800 0.608972
42900 0.608974
43000 0.609093
43100 0.609095
43200 0.609213
43300 0.609376
43400 0.609516
43500 0.609816
43600 0.61
43700 0.610297
43800 0.610388
43900 0.610569
44000 0.610864
44100 0.611066
44200 0.611131
44300 0.611084
44400 0.611059
44500 0.610921
44600 0.611031
44700 0.610962
44800 0.611138
44900 0.611002
45000 0.610844
45100 0.610953
45200 0.611128
45300 0.611413
45400 0.611696
45500 0.611956
45600 0.611996
45700 0.612079
45800 0.611943
45900 0.612266
46000 0.612348
46100 0.612451
46200 0.612532
46300 0.612808
46400 0.612931
46500 0.612903
46600 0.612897
46700 0.612698
46800 0.612778
46900 0.612836
47000 0.612979
47100 0.613015
47200 0.613136
47300 0.613171
47400 0.613207
47500 0.613368
47600 0.613382
47700 0.613333
47800 0.613285
47900 0.613466
48000 0.613417
48100 0.61343
48200 0.613568
48300 0.613768
48400 0.613884
48500 0.613959
48600 0.613951
48700 0.614127
48800 0.614303
48900 0.614274
49000 0.614347
49100 0.61442
49200 0.614553
49300 0.614381
49400 0.614474
49500 0.614485
49600 0.614577
49700 0.614346
49800 0.614237
49900 0.614329
