100 0.51
200 0.56
300 0.61
400 0.71
500 0.59
600 0.58
700 0.54
800 0.69
900 0.52
1000 0.49
1100 0.6
1200 0.64
1300 0.55
1400 0.5
1500 0.41
1600 0.58
1700 0.48
1800 0.58
1900 0.63
2000 0.47
2100 0.59
2200 0.62
2300 0.56
2400 0.56
2500 0.67
2600 0.56
2700 0.6
2800 0.53
2900 0.46
3000 0.56
3100 0.59
3200 0.49
3300 0.58
3400 0.49
3500 0.6
3600 0.51
3700 0.59
3800 0.56
3900 0.57
4000 0.59
4100 0.63
4200 0.53
4300 0.61
4400 0.59
4500 0.56
4600 0.58
4700 0.57
4800 0.67
4900 0.6
5000 0.55
5100 0.58
5200 0.57
5300 0.52
5400 0.57
5500 0.57
5600 0.59
5700 0.52
5800 0.61
5900 0.58
6000 0.56
6100 0.57
6200 0.67
6300 0.49
6400 0.6
6500 0.68
6600 0.61
6700 0.64
6800 0.43
6900 0.48
7000 0.53
7100 0.51
7200 0.66
7300 0.56
7400 0.56
7500 0.6
7600 0.68
7700 0.61
7800 0.52
7900 0.57
8000 0.58
8100 0.51
8200 0.48
8300 0.49
8400 0.54
8500 0.53
8600 0.57
8700 0.62
8800 0.6
8900 0.54
9000 0.55
9100 0.54
9200 0.51
9300 0.59
9400 0.64
9500 0.5
9600 0.54
9700 0.54
9800 0.65
9900 0.57
10000 0.58
10100 0.69
10200 0.7
10300 0.57
10400 0.66
10500 0.63
10600 0.69
10700 0.42
10800 0.59
10900 0.68
11000 0.69
11100 0.61
11200 0.69
11300 0.67
11400 0.65
11500 0.47
11600 0.53
11700 0.64
11800 0.57
11900 0.57
12000 0.47
12100 0.51
12200 0.64
12300 0.52
12400 0.72
12500 0.63
12600 0.53
12700 0.66
12800 0.53
12900 0.63
13000 0.65
13100 0.58
13200 0.7
13300 0.66
13400 0.61
13500 0.71
13600 0.63
13700 0.56
13800 0.59
13900 0.69
14000 0.63
14100 0.56
14200 0.56
14300 0.59
14400 0.65
14500 0.62
14600 0.6
14700 0.59
14800 0.55
14900 0.66
15000 0.59
15100 0.5
15200 0.59
15300 0.57
15400 0.55
15500 0.53
15600 0.53
15700 0.59
15800 0.57
15900 0.59
16000 0.58
16100 0.58
16200 0.61
16300 0.59
16400 0.53
16500 0.66
16600 0.6
16700 0.71
16800 0.58
16900 0.52
17000 0.54
17100 0.58
17200 0.61
17300 0.67
17400 0.48
17500 0.63
17600 0.63
17700 0.52
17800 0.63
17900 0.61
18000 0.52
18100 0.52
18200 0.52
18300 0.6
18400 0.47
18500 0.51
18600 0.57
18700 0.64
18800 0.56
18900 0.67
19000 0.65
19100 0.6
19200 0.58
19300 0.54
19400 0.69
19500 0.73
19600 0.58
19700 0.6
19800 0.6
19900 0.57
20000 0.52
20100 0.64
20200 0.65
20300 0.55
20400 0.54
20500 0.57
20600 0.51
20700 0.59
20800 0.51
20900 0.58
21000 0.45
21100 0.57
21200 0.64
21300 0.64
21400 0.64
21500 0.46
21600 0.61
21700 0.67
21800 0.6
21900 0.58
22000 0.59
22100 0.53
22200 0.64
22300 0.49
22400 0.54
22500 0.54
22600 0.53
22700 0.63
22800 0.71
22900 0.66
23000 0.65
23100 0.52
23200 0.48
23300 0.55
23400 0.56
23500 0.52
23600 0.47
23700 0.53
23800 0.64
23900 0.48
24000 0.62
24100 0.55
24200 0.59
24300 0.55
24400 0.54
24500 0.6
24600 0.57
24700 0.59
24800 0.48
24900 0.65
25000 0.54
25100 0.61
25200 0.62
25300 0.56
25400 0.56
25500 0.6
25600 0.58
25700 0.59
25800 0.59
25900 0.54
26000 0.56
26100 0.68
26200 0.61
26300 0.54
26400 0.63
26500 0.6
26600 0.55
26700 0.6
26800 0.69
26900 0.66
27000 0.67
27100 0.6
27200 0.72
27300 0.75
27400 0.79
27500 0.69
27600 0.71
27700 0.71
27800 0.69
27900 0.68
28000 0.59
28100 0.73
28200 0.55
28300 0.67
28400 0.59
28500 0.74
28600 0.62
28700 0.71
28800 0.66
28900 0.56
29000 0.68
29100 0.75
29200 0.8
29300 0.66
29400 0.73
29500 0.76
29600 0.73
29700 0.76
29800 0.74
29900 0.56
30000 0.66
30100 0.75
30200 0.74
30300 0.77
30400 0.69
30500 0.66
30600 0.67
30700 0.64
30800 0.66
30900 0.72
31000 0.63
31100 0.67
31200 0.66
31300 0.71
31400 0.67
31500 0.7
31600 0.68
31700 0.78
31800 0.74
31900 0.54
32000 0.59
32100 0.69
32200 0.63
32300 0.65
32400 0.62
32500 0.53
32600 0.72
32700 0.62
32800 0.69
32900 0.55
33000 0.79
33100 0.73
33200 0.68
33300 0.62
33400 0.65
33500 0.67
33600 0.71
33700 0.72
33800 0.7
33900 0.73
34000 0.59
34100 0.66
34200 0.79
34300 0.65
34400 0.68
34500 0.61
34600 0.58
34700 0.61
34800 0.71
34900 0.68
35000 0.62
35100 0.63
35200 0.53
35300 0.63
35400 0.62
35500 0.63
35600 0.63
35700 0.61
35800 0.64
35900 0.6
36000 0.67
36100 0.62
36200 0.66
36300 0.52
36400 0.51
36500 0.54
36600 0.57
36700 0.68
36800 0.63
36900 0.62
37000 0.58
37100 0.65
37200 0.62
37300 0.62
37400 0.71
37500 0.61
37600 0.54
37700 0.67
37800 0.77
37900 0.6
38000 0.64
38100 0.68
38200 0.65
38300 0.67
38400 0.59
38500 0.68
38600 0.64
38700 0.63
38800 0.55
38900 0.69
39000 0.6
39100 0.67
39200 0.55
39300 0.61
39400 0.64
39500 0.62
39600 0.68
39700 0.59
39800 0.73
39900 0.72
40000 0.65
40100 0.65
40200 0.58
40300 0.61
40400 0.7
40500 0.8
40600 0.71
40700 0.64
40800 0.57
40900 0.59
41000 0.63
41100 0.74
41200 0.64
41300 0.69
41400 0.72
41500 0.65
41600 0.66
41700 0.57
41800 0.71
41900 0.67
42000 0.59
42100 0.66
42200 0.7
42300 0.51
42400 0.66
42500 0.64
42600 0.62
42700 0.65
42800 0.59
42900 0.61
43000 0.66
43100 0.61
43200 0.66
43300 0.68
43400 0.67
43500 0.74
43600 0.69
43700 0.74
43800 0.65
43900 0.69
44000 0.74
44100 0.7
44200 0.64
44300 0.59
44400 0.6
44500 0.55
44600 0.66
44700 0.58
44800 0.69
44900 0.55
45000 0.54
45100 0.66
45200 0.69
45300 0.74
45400 0.74
45500 0.73
45600 0.63
45700 0.65
45800 0.55
45900 0.76
46000 0.65
46100 0.66
46200 0.65
46300 0.74
46400 0.67
46500 0.6
46600 0.61
46700 0.52
46800 0.65
46900 0.64
47000 0.68
47100 0.63
47200 0.67
47300 0.63
47400 0.63
47500 0.69
47600 0.62
47700 0.59
47800 0.59
47900 0.7
48000 0.59
48100 0.62
48200 0.68
48300 0.71
48400 0.67
48500 0.65
48600 0.61
48700 0.7
48800 0.7
48900 0.6
49000 0.65
49100 0.65
49200 0.68
49300 0.53
49400 0.66
49500 0.62
49600 0.66
49700 0.5
49800 0.56
49900 0.66
