100 0
200 0.43
300 1
400 0.44
500 0
600 0.53
700 0.5
800 1
900 1
1000 0
1100 0.51
1200 0.47
1300 1
1400 0.45
1500 0.49
1600 1
1700 1
1800 0.47
1900 0
2000 0.55
2100 1
2200 0.48
2300 0.51
2400 1
2500 0
2600 0
2700 1
2800 0.52
2900 0.47
3000 0
3100 1
3200 1
3300 0.54
3400 0.4
3500 1
3600 0.51
3700 0
3800 1
3900 0.52
4000 1
4100 0.54
4200 0.51
4300 1
4400 1
4500 1
4600 0.55
4700 1
4800 0
4900 0
5000 0.56
5100 0.52
5200 0.51
5300 0.45
5400 0
5500 1
5600 1
5700 0.52
5800 0.55
5900 0
6000 1
6100 0
6200 1
6300 0.53
6400 0
6500 0.53
6600 1
6700 0
6800 0
6900 1
7000 0.52
7100 0
7200 1
7300 1
7400 1
7500 0.45
7600 0.51
7700 1
7800 1
7900 0.48
8000 1
8100 0.46
8200 1
8300 1
8400 0.47
8500 1
8600 0.53
8700 0.45
8800 1
8900 0.47
9000 0
9100 0.48
9200 0.51
9300 0.47
9400 1
9500 0.52
9600 1
9700 0.45
9800 1
9900 0.4
10000 0.43
10100 1
10200 0.49
10300 0
10400 1
10500 1
10600 0.4
10700 0.5
10800 0.49
10900 1
11000 1
11100 0
11200 0.5
11300 0
11400 0
11500 0.47
11600 0.59
11700 0.53
11800 0
11900 0.49
12000 1
12100 0.61
12200 1
12300 1
12400 0.53
12500 0.48
12600 1
12700 1
12800 0.48
12900 1
13000 1
13100 0.55
13200 1
13300 0.5
13400 0
13500 1
13600 0.45
13700 0
13800 0
13900 0.49
14000 0.53
14100 0
14200 1
14300 0.48
14400 0.45
14500 0.5
14600 0.52
14700 0.51
14800 1
14900 1
15000 0.56
15100 1
15200 0.55
15300 1
15400 1
15500 1
15600 0.51
15700 1
15800 1
15900 0.41
16000 1
16100 1
16200 1
16300 1
16400 0.56
16500 1
16600 1
16700 0.37
16800 1
16900 0
17000 0
17100 1
17200 1
17300 1
17400 0
17500 0.5
17600 1
17700 1
17800 1
17900 0.42
18000 0.54
18100 0.57
18200 0
18300 0.49
18400 0
18500 1
18600 1
18700 0.49
18800 1
18900 0.52
19000 1
19100 0.44
19200 0.52
19300 1
19400 1
19500 0
19600 0.49
19700 1
19800 1
19900 1
20000 0.57
20100 0.43
20200 0.41
20300 1
20400 1
20500 1
20600 1
20700 1
20800 1
20900 0.47
21000 1
21100 0.56
21200 1
21300 1
21400 0.56
21500 1
21600 1
21700 0.53
21800 1
21900 1
22000 0
22100 0.5
22200 0
22300 0.51
22400 1
22500 0.5
22600 0.53
22700 1
22800 1
22900 0.51
23000 0.43
23100 0.4
23200 0.52
23300 1
23400 0.5
23500 0.59
23600 0.48
23700 1
23800 1
23900 0.41
24000 1
24100 1
24200 0.53
24300 0.55
24400 1
24500 1
24600 1
24700 0.57
24800 0.51
24900 1
25000 0.49
25100 1
25200 0
25300 1
25400 1
25500 0
25600 0.56
25700 1
25800 0.52
25900 0.45
26000 1
26100 1
26200 0.49
26300 1
26400 1
26500 1
26600 1
26700 0.47
26800 0.52
26900 0.47
27000 0.54
27100 1
27200 1
27300 0.48
27400 0.62
27500 1
27600 0.49
27700 0.46
27800 1
27900 1
28000 1
28100 1
28200 1
28300 1
28400 1
28500 0
28600 1
28700 1
28800 0.53
28900 0.48
29000 0.48
29100 0.49
29200 0.44
29300 1
29400 1
29500 1
29600 1
29700 1
29800 0.46
29900 0.58
30000 0.53
30100 1
30200 0.56
30300 1
30400 0.49
30500 1
30600 0
30700 0.49
30800 0.47
30900 1
31000 1
31100 0.46
31200 0.59
31300 0.53
31400 0.51
31500 1
31600 1
31700 1
31800 1
31900 1
32000 0.54
32100 1
32200 1
32300 0
32400 0.46
32500 0.43
32600 1
32700 0.55
32800 1
32900 1
33000 0.51
33100 0.55
33200 0.47
33300 0.43
33400 1
33500 0.51
33600 1
33700 1
33800 1
33900 0.55
34000 0.53
34100 0.49
34200 1
34300 0.47
34400 1
34500 1
34600 1
34700 1
34800 1
34900 0.58
35000 0.49
35100 1
35200 1
35300 0.42
35400 0.49
35500 1
35600 0.46
35700 1
35800 1
35900 1
36000 0.46
36100 1
36200 1
36300 0.47
36400 1
36500 1
36600 0.5
36700 1
36800 1
36900 1
37000 0.55
37100 1
37200 1
37300 0.54
37400 1
37500 0.47
37600 0.51
37700 1
37800 1
37900 1
38000 1
38100 0.54
38200 1
38300 1
38400 1
38500 1
38600 0.5
38700 0
38800 0
38900 1
39000 0
39100 0
39200 0
39300 0.46
39400 1
39500 0
39600 1
39700 0.47
39800 0.41
39900 0.54
40000 1
40100 1
40200 1
40300 1
40400 0.44
40500 1
40600 0.36
40700 1
40800 1
40900 1
41000 0.45
41100 0.4
41200 0.46
41300 0.57
41400 1
41500 0.46
41600 0.51
41700 0.38
41800 0.48
41900 1
42000 0.43
42100 1
42200 1
42300 1
42400 0.53
42500 1
42600 1
42700 1
42800 1
42900 0.51
43000 1
43100 0.44
43200 0.46
43300 1
43400 1
43500 1
43600 1
43700 1
43800 0.51
43900 0.57
44000 0.49
44100 0
44200 0.48
44300 0.53
44400 1
44500 1
44600 1
44700 1
44800 1
44900 1
45000 1
45100 1
45200 1
45300 1
45400 0.48
45500 0.45
45600 0.53
45700 0
45800 0
45900 0.5
46000 1
46100 0
46200 0.6
46300 1
46400 1
46500 1
46600 0.52
46700 1
46800 1
46900 1
47000 1
47100 1
47200 1
47300 1
47400 0
47500 1
47600 1
47700 0.48
47800 0.47
47900 1
48000 0.44
48100 1
48200 0.56
48300 1
48400 1
48500 1
48600 0.54
48700 1
48800 1
48900 1
49000 1
49100 1
49200 1
49300 1
49400 1
49500 1
49600 0.52
49700 1
49800 1
49900 1
