100 0
200 0.215
300 0.476667
400 0.4675
500 0.374
600 0.4
700 0.414286
800 0.4875
900 0.544444
1000 0.49
1100 0.491818
1200 0.49
1300 0.529231
1400 0.523571
1500 0.521333
1600 0.55125
1700 0.577647
1800 0.571667
1900 0.541579
2000 0.542
2100 0.56381
2200 0.56
2300 0.557826
2400 0.57625
2500 0.5532
2600 0.531923
2700 0.549259
2800 0.548214
2900 0.545517
3000 0.527333
3100 0.542581
3200 0.556875
3300 0.556364
3400 0.551765
3500 0.564571
3600 0.563056
3700 0.547838
3800 0.559737
3900 0.558718
4000 0.56975
4100 0.569024
4200 0.567619
4300 0.577674
4400 0.587273
4500 0.596444
4600 0.595435
4700 0.604043
4800 0.591458
4900 0.579388
5000 0.579
5100 0.577843
5200 0.576538
5300 0.574151
5400 0.563519
5500 0.571455
5600 0.579107
5700 0.57807
5800 0.577586
5900 0.567797
6000 0.575
6100 0.565574
6200 0.572581
6300 0.571905
6400 0.562969
6500 0.562462
6600 0.569091
6700 0.560597
6800 0.552353
6900 0.558841
7000 0.558286
7100 0.550423
7200 0.556667
7300 0.56274
7400 0.568649
7500 0.567067
7600 0.566316
7700 0.571948
7800 0.577436
7900 0.576203
8000 0.5815
8100 0.58
8200 0.585122
8300 0.59012
8400 0.58869
8500 0.593529
8600 0.592791
8700 0.591149
8800 0.595795
8900 0.594382
9000 0.587778
9100 0.586593
9200 0.585761
9300 0.584516
9400 0.588936
9500 0.588211
9600 0.5925
9700 0.591031
9800 0.595204
9900 0.593232
10000 0.5916
10100 0.595644
10200 0.594608
10300 0.588835
10400 0.592788
10500 0.596667
10600 0.594811
10700 0.593925
10800 0.592963
10900 0.596697
11000 0.600364
11100 0.594955
11200 0.594107
11300 0.58885
11400 0.583684
11500 0.582696
11600 0.582759
11700 0.582308
11800 0.577373
11900 0.576639
12000 0.580167
12100 0.580413
12200 0.583852
12300 0.587236
12400 0.586774
12500 0.58592
12600 0.589206
12700 0.592441
12800 0.591562
12900 0.594729
13000 0.597846
13100 0.597481
13200 0.60053
13300 0.599774
13400 0.595299
13500 0.598296
13600 0.597206
13700 0.592847
13800 0.588551
13900 0.587842
14000 0.587429
14100 0.583262
14200 0.586197
14300 0.585455
14400 0.584514
14500 0.583931
14600 0.583493
14700 0.582993
14800 0.585811
14900 0.588591
15000 0.5884
15100 0.591126
15200 0.590855
15300 0.593529
15400 0.596169
15500 0.598774
15600 0.598205
15700 0.600764
15800 0.603291
15900 0.602075
16000 0.604563
16100 0.607019
16200 0.609444
16300 0.61184
16400 0.611524
16500 0.613879
16600 0.616205
16700 0.614731
16800 0.617024
16900 0.613373
17000 0.609765
17100 0.612047
17200 0.614302
17300 0.616532
17400 0.612989
17500 0.612343
17600 0.614545
17700 0.616723
17800 0.618876
17900 0.617765
18000 0.617333
18100 0.617072
18200 0.613681
18300 0.613005
18400 0.609674
18500 0.611784
18600 0.613871
18700 0.613209
18800 0.615266
18900 0.614762
19000 0.616789
19100 0.615864
19200 0.615365
19300 0.617358
19400 0.61933
19500 0.616154
19600 0.61551
19700 0.617462
19800 0.619394
19900 0.621307
20000 0.62105
20100 0.6201
20200 0.619059
20300 0.620936
20400 0.622794
20500 0.624634
20600 0.626456
20700 0.628261
20800 0.630048
20900 0.629282
21000 0.631048
21100 0.630711
21200 0.632453
21300 0.634178
21400 0.633832
21500 0.635535
21600 0.637222
21700 0.636728
21800 0.638394
21900 0.640046
22000 0.637136
22100 0.636516
22200 0.633649
22300 0.633094
22400 0.634732
22500 0.634133
22600 0.633673
22700 0.635286
22800 0.636886
22900 0.636332
23000 0.635435
23100 0.634416
23200 0.633922
23300 0.635494
23400 0.634915
23500 0.634723
23600 0.634068
23700 0.635612
23800 0.637143
23900 0.636192
24000 0.637708
24100 0.639212
24200 0.63876
24300 0.638395
24400 0.639877
24500 0.641347
24600 0.642805
24700 0.64251
24800 0.641976
24900 0.643414
25000 0.6428
25100 0.644223
25200 0.641667
25300 0.643083
25400 0.644488
25500 0.641961
25600 0.641641
25700 0.643035
25800 0.642558
25900 0.641815
26000 0.643192
26100 0.644559
26200 0.643969
26300 0.645323
26400 0.646667
26500 0.648
26600 0.649323
26700 0.648652
26800 0.648172
26900 0.647509
27000 0.647111
27100 0.648413
27200 0.649706
27300 0.649084
27400 0.648978
27500 0.650255
27600 0.649674
27700 0.648989
27800 0.650252
27900 0.651505
28000 0.65275
28100 0.653986
28200 0.655213
28300 0.656431
28400 0.657641
28500 0.655333
28600 0.656538
28700 0.657735
28800 0.657292
28900 0.656678
29000 0.656069
29100 0.655498
29200 0.65476
29300 0.655939
29400 0.657109
29500 0.658271
29600 0.659426
29700 0.660572
29800 0.659899
29900 0.659632
30000 0.6592
30100 0.660332
30200 0.66
30300 0.661122
30400 0.660559
30500 0.661672
30600 0.65951
30700 0.658958
30800 0.658344
30900 0.65945
31000 0.660548
31100 0.659904
31200 0.659679
31300 0.659265
31400 0.65879
31500 0.659873
31600 0.660949
31700 0.662019
31800 0.663082
31900 0.664138
32000 0.66375
32100 0.664798
32200 0.665839
32300 0.663777
32400 0.663148
32500 0.662431
32600 0.663466
32700 0.663119
32800 0.664146
32900 0.665167
33000 0.664697
33100 0.66435
33200 0.663765
33300 0.663063
33400 0.664072
33500 0.663612
33600 0.664613
33700 0.665608
33800 0.666598
33900 0.666254
34000 0.665853
34100 0.665337
34200 0.666316
34300 0.665743
34400 0.666715
34500 0.667681
34600 0.668642
34700 0.669597
34800 0.670546
34900 0.670287
35000 0.669771
35100 0.670712
35200 0.671648
35300 0.670935
35400 0.670424
35500 0.671352
35600 0.670758
35700 0.671681
35800 0.672598
35900 0.67351
36000 0.672917
36100 0.673823
36200 0.674724
36300 0.67416
36400 0.675055
36500 0.675945
36600 0.675464
36700 0.676349
36800 0.677228
36900 0.678103
37000 0.677757
37100 0.678625
37200 0.679489
37300 0.679115
37400 0.679973
37500 0.679413
37600 0.678963
37700 0.679814
37800 0.680661
37900 0.681504
38000 0.682342
38100 0.681969
38200 0.682801
38300 0.683629
38400 0.684453
38500 0.685273
38600 0.684793
38700 0.683023
38800 0.681263
38900 0.682082
39000 0.680333
39100 0.678593
39200 0.676862
39300 0.67631
39400 0.677132
39500 0.675418
39600 0.676237
39700 0.675718
39800 0.67505
39900 0.674712
40000 0.675525
40100 0.676334
40200 0.677139
40300 0.67794
40400 0.677351
40500 0.678148
40600 0.677365
40700 0.678157
40800 0.678946
40900 0.679731
41000 0.679171
41100 0.678491
41200 0.677961
41300 0.6777
41400 0.678478
41500 0.677952
41600 0.677548
41700 0.676835
41800 0.676364
41900 0.677136
42000 0.676548
42100 0.677316
42200 0.678081
42300 0.678842
42400 0.678491
42500 0.679247
42600 0.68
42700 0.680749
42800 0.681495
42900 0.681096
43000 0.681837
43100 0.681276
43200 0.680764
43300 0.681501
43400 0.682235
43500 0.682966
43600 0.683693
43700 0.684416
43800 0.684018
43900 0.683759
44000 0.683318
44100 0.681769
44200 0.681312
44300 0.680971
44400 0.681689
44500 0.682404
44600 0.683117
44700 0.683826
44800 0.684531
44900 0.685234
45000 0.685933
45100 0.68663
45200 0.687323
45300 0.688013
45400 0.687555
45500 0.687033
45600 0.686689
45700 0.685186
45800 0.68369
45900 0.68329
46000 0.683978
46100 0.682495
46200 0.682316
46300 0.683002
46400 0.683685
46500 0.684366
46600 0.684013
46700 0.68469
46800 0.685363
46900 0.686034
47000 0.686702
47100 0.687367
47200 0.68803
47300 0.688689
47400 0.687236
47500 0.687895
47600 0.68855
47700 0.688113
47800 0.687657
47900 0.688309
48000 0.687792
48100 0.688441
48200 0.688174
48300 0.68882
48400 0.689463
48500 0.690103
48600 0.689794
48700 0.690431
48800 0.691066
48900 0.691697
49000 0.692327
49100 0.692953
49200 0.693577
49300 0.694199
49400 0.694818
49500 0.695434
49600 0.695081
49700 0.695694
49800 0.696305
49900 0.696914
