100 0.42
200 0
300 0.57
400 0
500 1
600 0.4
700 0
800 1
900 0.46
1000 1
1100 0.52
1200 0
1300 0.51
1400 0.51
1500 0.5
1600 0
1700 1
1800 1
1900 0.48
2000 0
2100 0.47
2200 1
2300 1
2400 1
2500 0.49
2600 1
2700 0.61
2800 1
2900 1
3000 1
3100 0.46
3200 1
3300 1
3400 1
3500 0.47
3600 0.58
3700 0.49
3800 0.54
3900 0.56
4000 0.48
4100 0
4200 0.5
4300 1
4400 1
4500 1
4600 1
4700 0.48
4800 1
4900 1
5000 0
5100 1
5200 0.54
5300 1
5400 0
5500 1
5600 1
5700 0.48
5800 1
5900 1
6000 1
6100 1
6200 0.49
6300 1
6400 1
6500 1
6600 0.51
6700 1
6800 1
6900 0.38
7000 1
7100 0.52
7200 1
7300 1
7400 1
7500 0.54
7600 1
7700 1
7800 1
7900 1
8000 1
8100 0.48
8200 0.48
8300 1
8400 1
8500 0
8600 1
8700 1
8800 1
8900 0.48
9000 1
9100 0.49
9200 1
9300 1
9400 1
9500 1
9600 1
9700 1
9800 1
9900 1
10000 0.53
10100 1
10200 1
10300 1
10400 1
10500 1
10600 0.48
10700 1
10800 1
10900 1
11000 1
11100 1
11200 1
11300 1
11400 1
11500 1
11600 1
11700 1
11800 1
11900 1
12000 1
12100 1
12200 0.48
12300 1
12400 1
12500 1
12600 1
12700 0.58
12800 1
12900 1
13000 1
13100 1
13200 1
13300 1
13400 1
13500 1
13600 1
13700 0.52
13800 1
13900 1
14000 0
14100 1
14200 1
14300 1
14400 0.48
14500 1
14600 1
14700 0.44
14800 1
14900 1
15000 1
15100 0.49
15200 0.46
15300 0.55
15400 0.46
15500 0.38
15600 1
15700 1
15800 1
15900 1
16000 1
16100 1
16200 1
16300 1
16400 1
16500 1
16600 1
16700 1
16800 1
16900 0.44
17000 0
17100 1
17200 0.48
17300 0.52
17400 1
17500 1
17600 1
17700 1
17800 1
17900 1
18000 0.53
18100 1
18200 1
18300 1
18400 1
18500 1
18600 0.43
18700 1
18800 0.5
18900 0.51
19000 1
19100 1
19200 0.46
19300 0.56
19400 1
19500 0.43
19600 0.52
19700 0.58
19800 0.53
19900 1
20000 1
20100 0.51
20200 1
20300 0.49
20400 1
20500 1
20600 1
20700 1
20800 1
20900 1
21000 1
21100 1
21200 1
21300 0.58
21400 1
21500 1
21600 1
21700 0.6
21800 1
21900 1
22000 1
22100 0.44
22200 1
22300 0.52
22400 1
22500 1
22600 1
22700 0.5
22800 1
22900 1
23000 1
23100 1
23200 1
23300 1
23400 1
23500 0.43
23600 1
23700 0.46
23800 1
23900 1
24000 0.49
24100 1
24200 1
24300 1
24400 1
24500 1
24600 1
24700 0.52
24800 0.46
24900 0.52
25000 1
25100 0.49
25200 1
25300 1
25400 1
25500 1
25600 1
25700 1
25800 1
25900 1
26000 1
26100 1
26200 1
26300 1
26400 1
26500 0
26600 0.51
26700 0.5
26800 0.47
26900 1
27000 1
27100 0.52
27200 1
27300 1
27400 1
27500 1
27600 1
27700 0.51
27800 1
27900 1
28000 1
28100 1
28200 0.61
28300 1
28400 1
28500 1
28600 0.54
28700 0.46
28800 1
28900 1
29000 0.47
29100 0.58
29200 1
29300 0.58
29400 0.44
29500 0.52
29600 1
29700 1
29800 1
29900 0.5
30000 1
30100 1
30200 0.63
30300 1
30400 1
30500 1
30600 1
30700 0.55
30800 0.51
30900 1
31000 0.5
31100 1
31200 1
31300 0.43
31400 1
31500 1
31600 1
31700 1
31800 1
31900 0.47
32000 0.54
32100 1
32200 0.57
32300 1
32400 1
32500 0.49
32600 1
32700 1
32800 0.53
32900 1
33000 0.51
33100 1
33200 0.46
33300 1
33400 1
33500 1
33600 1
33700 1
33800 1
33900 0
34000 0
34100 1
34200 1
34300 0.5
34400 0.5
34500 0.36
34600 1
34700 0.43
34800 0.53
34900 0.54
35000 1
35100 1
35200 0.55
35300 1
35400 1
35500 1
35600 0.57
35700 1
35800 1
35900 1
36000 1
36100 1
36200 1
36300 1
36400 1
36500 0.48
36600 1
36700 1
36800 1
36900 1
37000 0.54
37100 0.53
37200 1
37300 0.48
37400 1
37500 0.5
37600 1
37700 1
37800 1
37900 1
38000 0.51
38100 1
38200 1
38300 1
38400 1
38500 1
38600 1
38700 0.43
38800 1
38900 1
39000 1
39100 1
39200 1
39300 0.47
39400 1
39500 0.51
39600 1
39700 1
39800 1
39900 1
40000 0.46
40100 0.46
40200 1
40300 0
40400 0.46
40500 0.45
40600 1
40700 0.47
40800 0.43
40900 0.53
41000 0.49
41100 0.47
41200 1
41300 1
41400 1
41500 1
41600 1
41700 1
41800 1
41900 1
42000 1
42100 1
42200 1
42300 1
42400 0.5
42500 1
42600 1
42700 0.51
42800 1
42900 1
43000 1
43100 1
43200 0.46
43300 1
43400 1
43500 1
43600 1
43700 1
43800 1
43900 0.41
44000 1
44100 0.57
44200 1
44300 0.58
44400 0.55
44500 0.44
44600 0.47
44700 0
44800 0.49
44900 1
45000 1
45100 1
45200 0.56
45300 1
45400 0.48
45500 1
45600 1
45700 1
45800 1
45900 1
46000 1
46100 1
46200 1
46300 0.54
46400 1
46500 0.53
46600 1
46700 1
46800 1
46900 1
47000 1
47100 1
47200 0.5
47300 0.53
47400 0.42
47500 0.55
47600 0.47
47700 0.52
47800 1
47900 0.51
48000 0.47
48100 0.44
48200 1
48300 1
48400 1
48500 1
48600 1
48700 1
48800 1
48900 1
49000 0.47
49100 1
49200 1
49300 1
49400 1
49500 1
49600 1
49700 0
49800 1
49900 1
