100 0
200 0.245
300 0.35
400 0.5125
500 0.508
600 0.506667
700 0.505714
800 0.51125
900 0.502222
1000 0.552
1100 0.553636
1200 0.590833
1300 0.576154
1400 0.576429
1500 0.572
1600 0.59875
1700 0.592941
1800 0.593333
1900 0.614737
2000 0.6095
2100 0.60381
2200 0.599091
2300 0.594348
2400 0.61125
2500 0.6076
2600 0.602308
2700 0.617037
2800 0.630714
2900 0.624138
3000 0.636667
3100 0.648387
3200 0.659375
3300 0.669697
3400 0.667353
3500 0.676857
3600 0.685833
3700 0.694324
3800 0.702368
3900 0.696667
4000 0.67925
4100 0.673415
4200 0.68119
4300 0.676744
4400 0.684091
4500 0.678222
4600 0.685217
4700 0.691915
4800 0.698333
4900 0.70449
5000 0.7016
5100 0.707451
5200 0.713077
5300 0.718491
5400 0.723704
5500 0.720182
5600 0.725179
5700 0.73
5800 0.734655
5900 0.739153
6000 0.733667
6100 0.727705
6200 0.732097
6300 0.736349
6400 0.740469
6500 0.744462
6600 0.748333
6700 0.75209
6800 0.747206
6900 0.75087
7000 0.754429
7100 0.757887
7200 0.76125
7300 0.764521
7400 0.767703
7500 0.7708
7600 0.773816
7700 0.776753
7800 0.77359
7900 0.776456
8000 0.77925
8100 0.781975
8200 0.784634
8300 0.787229
8400 0.789762
8500 0.786588
8600 0.783256
8700 0.785747
8800 0.782159
8900 0.784607
9000 0.781222
9100 0.783626
9200 0.785978
9300 0.782151
9400 0.784468
9500 0.786737
9600 0.788958
9700 0.786186
9800 0.788367
9900 0.790505
10000 0.7867
10100 0.784059
10200 0.780392
10300 0.782524
10400 0.784615
10500 0.786667
10600 0.788679
10700 0.790654
10800 0.792593
10900 0.794495
11000 0.796364
11100 0.798198
11200 0.8
11300 0.80177
11400 0.803509
11500 0.805217
11600 0.802586
11700 0.804274
11800 0.805932
11900 0.802857
12000 0.800333
12100 0.801983
12200 0.803607
12300 0.805203
12400 0.806774
12500 0.80832
12600 0.809841
12700 0.811339
12800 0.812813
12900 0.814264
13000 0.815692
13100 0.817099
13200 0.818485
13300 0.81985
13400 0.821194
13500 0.822519
13600 0.823824
13700 0.825109
13800 0.822391
13900 0.823669
14000 0.824929
14100 0.82617
14200 0.827394
14300 0.825175
14400 0.826389
14500 0.827586
14600 0.828767
14700 0.827415
14800 0.828581
14900 0.829732
15000 0.830867
15100 0.831987
15200 0.829868
15300 0.827647
15400 0.828766
15500 0.826839
15600 0.824744
15700 0.82586
15800 0.826962
15900 0.82805
16000 0.829125
16100 0.830186
16200 0.831235
16300 0.83227
16400 0.833293
16500 0.834303
16600 0.835301
16700 0.836287
16800 0.837262
16900 0.838225
17000 0.839176
17100 0.840117
17200 0.841047
17300 0.841965
17400 0.842874
17500 0.843771
17600 0.844659
17700 0.842881
17800 0.841292
17900 0.83933
18000 0.840222
18100 0.841105
18200 0.841978
18300 0.842842
18400 0.843696
18500 0.844541
18600 0.84
18700 0.838289
18800 0.839149
18900 0.84
19000 0.840842
19100 0.841675
19200 0.8425
19300 0.843316
19400 0.840979
19500 0.841795
19600 0.842602
19700 0.843401
19800 0.844192
19900 0.844975
20000 0.84575
20100 0.846517
20200 0.847277
20300 0.84803
20400 0.848775
20500 0.849512
20600 0.850243
20700 0.850966
20800 0.851683
20900 0.852392
21000 0.853095
21100 0.853791
21200 0.854481
21300 0.855164
21400 0.853832
21500 0.854512
21600 0.855185
21700 0.855853
21800 0.856514
21900 0.857169
22000 0.857818
22100 0.856154
22200 0.856802
22300 0.857444
22400 0.85808
22500 0.858711
22600 0.859336
22700 0.859956
22800 0.858596
22900 0.859214
23000 0.859826
23100 0.858658
23200 0.859267
23300 0.859871
23400 0.85859
23500 0.857106
23600 0.857712
23700 0.858312
23800 0.858908
23900 0.859498
24000 0.860083
24100 0.858465
24200 0.85905
24300 0.85963
24400 0.860205
24500 0.860776
24600 0.861341
24700 0.861903
24800 0.86246
24900 0.863012
25000 0.8616
25100 0.862151
25200 0.862698
25300 0.861225
25400 0.860118
25500 0.858863
25600 0.859414
25700 0.858171
25800 0.858721
25900 0.859266
26000 0.859808
26100 0.860345
26200 0.860878
26300 0.861407
26400 0.861932
26500 0.862453
26600 0.86297
26700 0.86161
26800 0.860261
26900 0.860781
27000 0.861296
27100 0.859926
27200 0.860441
27300 0.860952
27400 0.859343
27500 0.858327
27600 0.858841
27700 0.85935
27800 0.858165
27900 0.858674
28000 0.857286
28100 0.857794
28200 0.858298
28300 0.858799
28400 0.855775
28500 0.856281
28600 0.856783
28700 0.857282
28800 0.857778
28900 0.85827
29000 0.858759
29100 0.859244
29200 0.859726
29300 0.858532
29400 0.857109
29500 0.857593
29600 0.858074
29700 0.858552
29800 0.859027
29900 0.857826
30000 0.8583
30100 0.858771
30200 0.859238
30300 0.859703
30400 0.860164
30500 0.860623
30600 0.861078
30700 0.861531
30800 0.861981
30900 0.862427
31000 0.862871
31100 0.863312
31200 0.86375
31300 0.864185
31400 0.864618
31500 0.865048
31600 0.865475
31700 0.865899
31800 0.866321
31900 0.86674
32000 0.867156
32100 0.86757
32200 0.867981
32300 0.86839
32400 0.868796
32500 0.8692
32600 0.869601
32700 0.868624
32800 0.869024
32900 0.869422
33000 0.868606
33100 0.869003
33200 0.869398
33300 0.86979
33400 0.87018
33500 0.870567
33600 0.869643
33700 0.87003
33800 0.870414
33900 0.870796
34000 0.871176
34100 0.871554
34200 0.87193
34300 0.872303
34400 0.871134
34500 0.871507
34600 0.871879
34700 0.872248
34800 0.872615
34900 0.87298
35000 0.873343
35100 0.873704
35200 0.874062
35300 0.874419
35400 0.873333
35500 0.87369
35600 0.874045
35700 0.873025
35800 0.87338
35900 0.873733
36000 0.874083
36100 0.874432
36200 0.874779
36300 0.875124
36400 0.875467
36500 0.875808
36600 0.876148
36700 0.876485
36800 0.876821
36900 0.877154
37000 0.877486
37100 0.877817
37200 0.878145
37300 0.878472
37400 0.878797
37500 0.87912
37600 0.879441
37700 0.879761
37800 0.880079
37900 0.880396
38000 0.880711
38100 0.881024
38200 0.881335
38300 0.881645
38400 0.881953
38500 0.88226
38600 0.882565
38700 0.882868
38800 0.88317
38900 0.88347
39000 0.883769
39100 0.884066
39200 0.884362
39300 0.884656
39400 0.884949
39500 0.885241
39600 0.88553
39700 0.885819
39800 0.886106
39900 0.886391
40000 0.886675
40100 0.886958
40200 0.887239
40300 0.887519
40400 0.887797
40500 0.888074
40600 0.88835
40700 0.887297
40800 0.887574
40900 0.887848
41000 0.888122
41100 0.888394
41200 0.888665
41300 0.888935
41400 0.889203
41500 0.88947
41600 0.889736
41700 0.888729
41800 0.888995
41900 0.88926
42000 0.889524
42100 0.889786
42200 0.890047
42300 0.890307
42400 0.890566
42500 0.890824
42600 0.888732
42700 0.888993
42800 0.889252
42900 0.88951
43000 0.889767
43100 0.890023
43200 0.890278
43300 0.889307
43400 0.889562
43500 0.889816
43600 0.890069
43700 0.89032
43800 0.890571
43900 0.89082
44000 0.891068
44100 0.889048
44200 0.889299
44300 0.889549
44400 0.889797
44500 0.890045
44600 0.890291
44700 0.890537
44800 0.890781
44900 0.891024
45000 0.891267
45100 0.891508
45200 0.891748
45300 0.891987
45400 0.892225
45500 0.892462
45600 0.892697
45700 0.892932
45800 0.893166
45900 0.893399
46000 0.892674
46100 0.892907
46200 0.893139
46300 0.893369
46400 0.893599
46500 0.893828
46600 0.894056
46700 0.894283
46800 0.894509
46900 0.894733
47000 0.894957
47100 0.89518
47200 0.895403
47300 0.895624
47400 0.895844
47500 0.896063
47600 0.896282
47700 0.896499
47800 0.896715
47900 0.896931
48000 0.897146
48100 0.89736
48200 0.897573
48300 0.897785
48400 0.897996
48500 0.898206
48600 0.898416
48700 0.898624
48800 0.898832
48900 0.899039
49000 0.899245
49100 0.89945
49200 0.899654
49300 0.899858
49400 0.900061
49500 0.900263
49600 0.898448
49700 0.898652
49800 0.898855
49900 0.897054
