100 0
200 0.255
300 0.503333
400 0.5225
500 0.526
600 0.605
700 0.661429
800 0.70375
900 0.678889
1000 0.711
1100 0.691818
1200 0.7175
1300 0.739231
1400 0.757857
1500 0.707333
1600 0.6925
1700 0.710588
1800 0.671111
1900 0.688421
2000 0.704
2100 0.693333
2200 0.707273
2300 0.676522
2400 0.69
2500 0.6816
2600 0.693846
2700 0.684074
2800 0.695357
2900 0.688276
3000 0.679667
3100 0.69
3200 0.668438
3300 0.678485
3400 0.687941
3500 0.668286
3600 0.6775
3700 0.686216
3800 0.694474
3900 0.702308
4000 0.69625
4100 0.703659
4200 0.699048
4300 0.695349
4400 0.702273
4500 0.708889
4600 0.703043
4700 0.709362
4800 0.715417
4900 0.71102
5000 0.7068
5100 0.702157
5200 0.707885
5300 0.713396
5400 0.718704
5500 0.714545
5600 0.711607
5700 0.699123
5800 0.70431
5900 0.709322
6000 0.714167
6100 0.718852
6200 0.715968
6300 0.704603
6400 0.701562
6500 0.698308
6600 0.687727
6700 0.677463
6800 0.674265
6900 0.671739
7000 0.662143
7100 0.659859
7200 0.664583
7300 0.662055
7400 0.659595
7500 0.664133
7600 0.668553
7700 0.672857
7800 0.664231
7900 0.668481
8000 0.672625
8100 0.671358
8200 0.668659
8300 0.672651
8400 0.676548
8500 0.675529
8600 0.679302
8700 0.682989
8800 0.686591
8900 0.690112
9000 0.693556
9100 0.696923
9200 0.700217
9300 0.697419
9400 0.700638
9500 0.703789
9600 0.706875
9700 0.709897
9800 0.712857
9900 0.715758
10000 0.7186
10100 0.721386
10200 0.724118
10300 0.726796
10400 0.729423
10500 0.726857
10600 0.729434
10700 0.731963
10800 0.734444
10900 0.736881
11000 0.734909
11100 0.733243
11200 0.735625
11300 0.737965
11400 0.740263
11500 0.733826
11600 0.736121
11700 0.738376
11800 0.740593
11900 0.742773
12000 0.744917
12100 0.747025
12200 0.749098
12300 0.751138
12400 0.753145
12500 0.75512
12600 0.757063
12700 0.755984
12800 0.757891
12900 0.755814
13000 0.757692
13100 0.755344
13200 0.757197
13300 0.759023
13400 0.756791
13500 0.758593
13600 0.760368
13700 0.758832
13800 0.76058
13900 0.758345
14000 0.7565
14100 0.751135
14200 0.752887
14300 0.754615
14400 0.756319
14500 0.758
14600 0.759658
14700 0.761293
14800 0.762905
14900 0.764497
15000 0.766067
15100 0.764636
15200 0.766184
15300 0.767712
15400 0.769221
15500 0.77071
15600 0.772179
15700 0.773631
15800 0.771266
15900 0.772704
16000 0.774125
16100 0.775528
16200 0.776914
16300 0.778282
16400 0.779634
16500 0.78097
16600 0.782289
16700 0.780778
16800 0.782083
16900 0.783373
17000 0.784647
17100 0.785906
17200 0.787151
17300 0.785607
17400 0.786839
17500 0.788057
17600 0.789261
17700 0.790452
17800 0.791629
17900 0.792793
18000 0.793944
18100 0.795083
18200 0.796209
18300 0.79459
18400 0.795707
18500 0.796811
18600 0.797903
18700 0.798984
18800 0.800053
18900 0.801111
19000 0.802158
19100 0.803194
19200 0.804219
19300 0.805233
19400 0.806237
19500 0.807231
19600 0.808214
19700 0.809188
19800 0.810152
19900 0.811106
20000 0.81205
20100 0.812985
20200 0.813911
20300 0.814828
20400 0.815735
20500 0.813902
20600 0.814806
20700 0.8157
20800 0.816587
20900 0.817464
21000 0.818333
21100 0.819194
21200 0.820047
21300 0.820892
21400 0.821729
21500 0.822558
21600 0.82338
21700 0.824194
21800 0.825
21900 0.825799
22000 0.826591
22100 0.827376
22200 0.828153
22300 0.828924
22400 0.829688
22500 0.830444
22600 0.831195
22700 0.831938
22800 0.832675
22900 0.833406
23000 0.83413
23100 0.834848
23200 0.83556
23300 0.836266
23400 0.836966
23500 0.835362
23600 0.836059
23700 0.836751
23800 0.837437
23900 0.838117
24000 0.838792
24100 0.839461
24200 0.840124
24300 0.838807
24400 0.839467
24500 0.840122
24600 0.840772
24700 0.841417
24800 0.840161
24900 0.840803
25000 0.84144
25100 0.842072
25200 0.842698
25300 0.84332
25400 0.843937
25500 0.844549
25600 0.845156
25700 0.845759
25800 0.846357
25900 0.84695
26000 0.847538
26100 0.848123
26200 0.848702
26300 0.849278
26400 0.849848
26500 0.850415
26600 0.850977
26700 0.851536
26800 0.85209
26900 0.852639
27000 0.853185
27100 0.853727
27200 0.854265
27300 0.854799
27400 0.855328
27500 0.855855
27600 0.856377
27700 0.856895
27800 0.85741
27900 0.857921
28000 0.858429
28100 0.858932
28200 0.859433
28300 0.859929
28400 0.860423
28500 0.860912
28600 0.861399
28700 0.859965
28800 0.860451
28900 0.860934
29000 0.861414
29100 0.86189
29200 0.862363
29300 0.861331
29400 0.861803
29500 0.862271
29600 0.862736
29700 0.863199
29800 0.863658
29900 0.864114
30000 0.864567
30100 0.865017
30200 0.865464
30300 0.865908
30400 0.866349
30500 0.865213
30600 0.865654
30700 0.86443
30800 0.86487
30900 0.863625
31000 0.864065
31100 0.86283
31200 0.861442
31300 0.861885
31400 0.862325
31500 0.862762
31600 0.863196
31700 0.863628
31800 0.864057
31900 0.864483
32000 0.863156
32100 0.862087
32200 0.85941
32300 0.85808
32400 0.858519
32500 0.858954
32600 0.859387
32700 0.859817
32800 0.860244
32900 0.860669
33000 0.861091
33100 0.861511
33200 0.861928
33300 0.862342
33400 0.861317
33500 0.861731
33600 0.860565
33700 0.859436
33800 0.859852
33900 0.860265
34000 0.859029
34100 0.85783
34200 0.858246
34300 0.858659
34400 0.85907
34500 0.859478
34600 0.859884
34700 0.860288
34800 0.86069
34900 0.861089
35000 0.861486
35100 0.86188
35200 0.862273
35300 0.861303
35400 0.861695
35500 0.862085
35600 0.862472
35700 0.862857
35800 0.86324
35900 0.863621
36000 0.862444
36100 0.862825
36200 0.863204
36300 0.863581
36400 0.863956
36500 0.862932
36600 0.863306
36700 0.862289
36800 0.862663
36900 0.861762
37000 0.862135
37100 0.861294
37200 0.861667
37300 0.862038
37400 0.862406
37500 0.862773
37600 0.862128
37700 0.862493
37800 0.862857
37900 0.863219
38000 0.863579
38100 0.863937
38200 0.864293
38300 0.864648
38400 0.865
38500 0.862753
38600 0.863109
38700 0.860879
38800 0.861237
38900 0.861594
39000 0.860667
39100 0.858465
39200 0.858827
39300 0.857964
39400 0.856878
39500 0.857241
39600 0.857601
39700 0.856776
39800 0.857136
39900 0.857494
40000 0.85785
40100 0.857032
40200 0.85607
40300 0.856427
40400 0.855594
40500 0.854741
40600 0.855099
40700 0.855455
40800 0.854559
40900 0.854914
41000 0.855268
41100 0.85562
41200 0.853544
41300 0.852881
41400 0.853237
41500 0.85359
41600 0.853942
41700 0.854293
41800 0.854641
41900 0.854988
42000 0.855333
42100 0.855677
42200 0.856019
42300 0.856359
42400 0.85559
42500 0.855929
42600 0.856268
42700 0.855504
42800 0.855841
42900 0.856177
43000 0.856512
43100 0.856845
43200 0.857176
43300 0.857506
43400 0.857834
43500 0.858161
43600 0.858486
43700 0.85881
43800 0.859132
43900 0.859453
44000 0.859773
44100 0.860091
44200 0.860407
44300 0.860722
44400 0.861036
44500 0.861348
44600 0.861659
44700 0.861969
44800 0.862277
44900 0.862584
45000 0.862889
45100 0.863193
45200 0.863496
45300 0.863797
45400 0.864097
45500 0.864396
45600 0.864693
45700 0.864989
45800 0.864323
45900 0.86342
46000 0.863717
46100 0.864013
46200 0.864307
46300 0.8646
46400 0.864892
46500 0.86428
46600 0.864571
46700 0.863533
46800 0.862714
46900 0.86194
47000 0.861426
47100 0.86172
47200 0.860996
47300 0.859175
47400 0.857363
47500 0.855558
47600 0.855861
47700 0.856164
47800 0.855502
47900 0.854676
48000 0.854979
48100 0.854262
48200 0.853423
48300 0.853727
48400 0.854029
48500 0.85433
48600 0.853724
48700 0.852977
48800 0.853279
48900 0.852679
49000 0.85298
49100 0.852383
49200 0.851707
49300 0.851116
49400 0.850283
49500 0.850586
49600 0.850887
49700 0.851187
49800 0.851486
49900 0.851784
