100 0.48
200 0.505
300 0.52
400 0.545
500 0.558
600 0.575
700 0.597143
800 0.60875
900 0.62
1000 0.611
1100 0.613636
1200 0.624167
1300 0.626923
1400 0.635714
1500 0.634
1600 0.635
1700 0.638235
1800 0.641667
1900 0.646316
2000 0.648
2100 0.648095
2200 0.647727
2300 0.646957
2400 0.64875
2500 0.652
2600 0.654231
2700 0.650741
2800 0.648571
2900 0.652414
3000 0.652667
3100 0.655161
3200 0.659062
3300 0.658788
3400 0.657353
3500 0.659143
3600 0.658611
3700 0.659189
3800 0.661316
3900 0.661282
4000 0.6595
4100 0.658293
4200 0.657619
4300 0.659302
4400 0.659091
4500 0.659556
4600 0.660217
4700 0.661064
4800 0.660833
4900 0.662041
5000 0.6602
5100 0.66
5200 0.66
5300 0.661321
5400 0.662037
5500 0.661273
5600 0.663393
5700 0.663684
5800 0.663966
5900 0.662373
6000 0.6625
6100 0.663607
6200 0.664516
6300 0.664286
6400 0.666719
6500 0.665077
6600 0.664091
6700 0.663433
6800 0.662647
6900 0.662754
7000 0.663143
7100 0.663803
7200 0.664306
7300 0.665205
7400 0.665541
7500 0.666267
7600 0.666316
7700 0.667143
7800 0.664872
7900 0.665063
8000 0.66425
8100 0.664568
8200 0.66439
8300 0.663133
8400 0.664048
8500 0.664941
8600 0.665233
8700 0.665172
8800 0.665227
8900 0.666292
9000 0.666222
9100 0.665934
9200 0.665652
9300 0.665591
9400 0.665106
9500 0.665053
9600 0.664792
9700 0.663918
9800 0.664388
9900 0.664242
10000 0.6648
10100 0.663762
10200 0.663824
10300 0.664272
10400 0.664327
10500 0.66381
10600 0.664528
10700 0.665794
10800 0.666852
10900 0.667523
11000 0.668091
11100 0.668559
11200 0.669464
11300 0.669912
11400 0.670789
11500 0.671391
11600 0.671638
11700 0.672308
11800 0.672034
11900 0.672521
12000 0.672833
12100 0.672975
12200 0.673689
12300 0.673333
12400 0.673629
12500 0.6736
12600 0.674603
12700 0.674488
12800 0.674219
12900 0.674496
13000 0.675154
13100 0.675038
13200 0.674848
13300 0.675489
13400 0.675448
13500 0.675481
13600 0.675
13700 0.675547
13800 0.676522
13900 0.676763
14000 0.675714
14100 0.675816
14200 0.67662
14300 0.677203
14400 0.677569
14500 0.678345
14600 0.67863
14700 0.679048
14800 0.679865
14900 0.68
15000 0.680467
15100 0.680795
15200 0.681513
15300 0.681895
15400 0.682468
15500 0.68329
15600 0.683718
15700 0.684268
15800 0.684304
15900 0.684843
16000 0.685438
16100 0.685093
16200 0.685185
16300 0.684785
16400 0.684024
16500 0.683636
16600 0.683554
16700 0.683892
16800 0.68369
16900 0.683432
17000 0.683412
17100 0.68269
17200 0.682849
17300 0.682832
17400 0.682529
17500 0.682971
17600 0.683182
17700 0.683051
17800 0.683034
17900 0.683408
18000 0.683889
18100 0.683481
18200 0.683956
18300 0.684536
18400 0.684348
18500 0.684649
18600 0.685
18700 0.685401
18800 0.68516
18900 0.685079
19000 0.685211
19100 0.685288
19200 0.685469
19300 0.68601
19400 0.686237
19500 0.686974
19600 0.686837
19700 0.687208
19800 0.687727
19900 0.687035
20000 0.68695
20100 0.687214
20200 0.687327
20300 0.687291
20400 0.687353
20500 0.687561
20600 0.687718
20700 0.687729
20800 0.688077
20900 0.688325
21000 0.688571
21100 0.68872
21200 0.688538
21300 0.68892
21400 0.689065
21500 0.688605
21600 0.688611
21700 0.688802
21800 0.689128
21900 0.689178
22000 0.689727
22100 0.690136
22200 0.69045
22300 0.690673
22400 0.690759
22500 0.690889
22600 0.691018
22700 0.691498
22800 0.691974
22900 0.691965
23000 0.69187
23100 0.691558
23200 0.69194
23300 0.692232
23400 0.692094
23500 0.692
23600 0.69178
23700 0.691983
23800 0.692311
23900 0.692594
24000 0.692708
24100 0.692531
24200 0.69219
24300 0.691893
24400 0.691926
24500 0.692041
24600 0.692358
24700 0.692429
24800 0.6925
24900 0.692369
25000 0.69264
25100 0.692669
25200 0.692421
25300 0.692372
25400 0.692323
25500 0.692627
25600 0.69293
25700 0.69323
25800 0.693643
25900 0.693938
26000 0.693923
26100 0.694176
26200 0.693931
26300 0.693992
26400 0.693864
26500 0.694189
26600 0.694474
26700 0.694494
26800 0.694701
26900 0.694907
27000 0.694852
27100 0.695092
27200 0.695074
27300 0.694835
27400 0.694599
27500 0.694909
27600 0.695217
27700 0.695451
27800 0.695396
27900 0.695448
28000 0.695643
28100 0.695658
28200 0.695993
28300 0.695866
28400 0.695845
28500 0.695649
28600 0.695839
28700 0.695923
28800 0.696146
28900 0.696159
29000 0.696103
29100 0.696186
29200 0.696267
29300 0.69628
29400 0.696361
29500 0.696814
29600 0.696824
29700 0.696902
29800 0.696846
29900 0.69689
30000 0.696667
30100 0.69691
30200 0.697185
30300 0.697327
30400 0.6975
30500 0.697344
30600 0.697614
30700 0.697655
30800 0.697565
30900 0.697896
31000 0.697806
31100 0.698071
31200 0.698333
31300 0.698307
31400 0.698439
31500 0.698635
31600 0.698671
31700 0.698959
31800 0.699088
31900 0.698997
32000 0.699187
32100 0.699283
32200 0.69913
32300 0.699133
32400 0.69929
32500 0.699231
32600 0.699202
32700 0.699021
32800 0.699085
32900 0.699331
33000 0.699273
33100 0.699245
33200 0.699398
33300 0.699159
33400 0.699461
33500 0.699343
33600 0.699464
33700 0.699347
33800 0.699438
33900 0.699204
34000 0.699176
34100 0.699413
34200 0.699532
34300 0.699679
34400 0.699709
34500 0.699565
34600 0.699509
34700 0.699222
34800 0.699282
34900 0.69957
35000 0.699657
35100 0.699772
35200 0.700057
35300 0.70034
35400 0.700706
35500 0.700817
35600 0.700871
35700 0.701204
35800 0.701453
35900 0.701727
36000 0.701694
36100 0.701856
36200 0.702127
36300 0.701873
36400 0.701813
36500 0.701918
36600 0.701913
36700 0.702016
36800 0.702065
36900 0.702087
37000 0.702135
37100 0.702345
37200 0.702446
37300 0.70252
37400 0.702861
37500 0.702933
37600 0.702952
37700 0.70313
37800 0.703228
37900 0.703325
38000 0.703395
38100 0.703543
38200 0.703665
38300 0.703812
38400 0.703854
38500 0.703896
38600 0.704067
38700 0.704134
38800 0.704278
38900 0.704113
39000 0.704231
39100 0.703939
39200 0.703673
39300 0.703613
39400 0.703807
39500 0.704051
39600 0.704242
39700 0.704181
39800 0.704121
39900 0.704236
40000 0.704275
40100 0.704464
40200 0.704552
40300 0.70469
40400 0.704629
40500 0.704543
40600 0.70468
40700 0.704742
40800 0.704853
40900 0.704817
41000 0.704561
41100 0.70455
41200 0.704684
41300 0.704697
41400 0.70471
41500 0.704843
41600 0.704808
41700 0.705036
41800 0.705048
41900 0.705179
42000 0.705238
42100 0.705344
42200 0.705379
42300 0.705437
42400 0.705778
42500 0.705859
42600 0.705798
42700 0.705948
42800 0.705911
42900 0.705944
43000 0.706047
43100 0.706125
43200 0.706296
43300 0.706397
43400 0.706475
43500 0.706483
43600 0.706468
43700 0.706201
43800 0.706233
43900 0.706241
44000 0.706386
44100 0.706531
44200 0.706538
44300 0.706727
44400 0.706869
44500 0.706764
44600 0.706749
44700 0.706711
44800 0.706875
44900 0.706748
45000 0.706644
45100 0.70663
45200 0.706615
45300 0.706711
45400 0.706784
45500 0.706747
45600 0.706711
45700 0.706849
45800 0.706965
45900 0.707146
46000 0.707239
46100 0.70718
46200 0.70697
46300 0.707106
46400 0.707026
46500 0.707118
46600 0.707082
46700 0.707259
46800 0.707329
46900 0.707399
47000 0.707574
47100 0.70758
47200 0.707669
47300 0.707717
47400 0.707848
47500 0.707705
47600 0.707731
47700 0.707778
47800 0.707406
47900 0.707203
48000 0.707167
48100 0.707048
48200 0.707116
48300 0.707164
48400 0.707107
48500 0.707196
48600 0.707099
48700 0.707269
48800 0.70709
48900 0.706973
49000 0.707041
49100 0.707108
49200 0.707114
49300 0.707099
49400 0.707126
49500 0.707212
49600 0.707198
49700 0.707163
49800 0.706948
49900 0.706754
