100 0.55
200 0.52
300 0.53
400 0.49
500 0.63
600 0.49
700 0.59
800 0.57
900 0.59
1000 0.56
1100 0.61
1200 0.68
1300 0.59
1400 0.65
1500 0.63
1600 0.56
1700 0.65
1800 0.69
1900 0.64
2000 0.65
2100 0.6
2200 0.59
2300 0.58
2400 0.56
2500 0.68
2600 0.58
2700 0.7
2800 0.64
2900 0.7
3000 0.74
3100 0.76
3200 0.67
3300 0.66
3400 0.71
3500 0.76
3600 0.6
3700 0.61
3800 0.81
3900 0.71
4000 0.78
4100 0.72
4200 0.76
4300 0.7
4400 0.73
4500 0.63
4600 0.64
4700 0.74
4800 0.73
4900 0.77
5000 0.7
5100 0.74
5200 0.72
5300 0.68
5400 0.66
5500 0.66
5600 0.6
5700 0.71
5800 0.73
5900 0.72
6000 0.55
6100 0.61
6200 0.81
6300 0.77
6400 0.74
6500 0.78
6600 0.68
6700 0.67
6800 0.75
6900 0.79
7000 0.73
7100 0.71
7200 0.73
7300 0.76
7400 0.72
7500 0.66
7600 0.78
7700 0.78
7800 0.65
7900 0.75
8000 0.76
8100 0.68
8200 0.75
8300 0.74
8400 0.69
8500 0.6
8600 0.84
8700 0.74
8800 0.66
8900 0.66
9000 0.66
9100 0.71
9200 0.68
9300 0.73
9400 0.64
9500 0.76
9600 0.78
9700 0.68
9800 0.7
9900 0.69
10000 0.71
10100 0.56
10200 0.61
10300 0.73
10400 0.74
10500 0.55
10600 0.71
10700 0.67
10800 0.75
10900 0.69
11000 0.69
11100 0.65
11200 0.69
11300 0.58
11400 0.78
11500 0.63
11600 0.75
11700 0.76
11800 0.71
11900 0.68
12000 0.65
12100 0.7
12200 0.69
12300 0.7
12400 0.71
12500 0.66
12600 0.68
12700 0.73
12800 0.8
12900 0.74
13000 0.69
13100 0.6
13200 0.64
13300 0.65
13400 0.68
13500 0.77
13600 0.65
13700 0.75
13800 0.58
13900 0.64
14000 0.66
14100 0.69
14200 0.71
14300 0.75
14400 0.83
14500 0.71
14600 0.69
14700 0.71
14800 0.83
14900 0.74
15000 0.79
15100 0.75
15200 0.57
15300 0.73
15400 0.7
15500 0.79
15600 0.72
15700 0.8
15800 0.78
15900 0.8
16000 0.8
16100 0.75
16200 0.71
16300 0.76
16400 0.77
16500 0.77
16600 0.81
16700 0.8
16800 0.74
16900 0.73
17000 0.78
17100 0.75
17200 0.75
17300 0.71
17400 0.74
17500 0.8
17600 0.77
17700 0.78
17800 0.8
17900 0.81
18000 0.63
18100 0.73
18200 0.73
18300 0.73
18400 0.76
18500 0.69
18600 0.65
18700 0.71
18800 0.73
18900 0.7
19000 0.72
19100 0.71
19200 0.74
19300 0.82
19400 0.82
19500 0.68
19600 0.8
19700 0.78
19800 0.67
19900 0.75
20000 0.77
20100 0.74
20200 0.82
20300 0.75
20400 0.77
20500 0.82
20600 0.8
20700 0.76
20800 0.77
20900 0.81
21000 0.69
21100 0.75
21200 0.72
21300 0.67
21400 0.77
21500 0.75
21600 0.78
21700 0.7
21800 0.8
21900 0.69
22000 0.81
22100 0.77
22200 0.7
22300 0.65
22400 0.76
22500 0.62
22600 0.64
22700 0.66
22800 0.7
22900 0.66
23000 0.68
23100 0.67
23200 0.73
23300 0.73
23400 0.67
23500 0.67
23600 0.68
23700 0.74
23800 0.74
23900 0.72
24000 0.78
24100 0.69
24200 0.72
24300 0.67
24400 0.62
24500 0.71
24600 0.7
24700 0.62
24800 0.76
24900 0.76
25000 0.68
25100 0.74
25200 0.75
25300 0.69
25400 0.76
25500 0.78
25600 0.78
25700 0.65
25800 0.65
25900 0.69
26000 0.73
26100 0.8
26200 0.73
26300 0.72
26400 0.68
26500 0.71
26600 0.69
26700 0.63
26800 0.73
26900 0.74
27000 0.68
27100 0.68
27200 0.71
27300 0.64
27400 0.71
27500 0.74
27600 0.69
27700 0.66
27800 0.75
27900 0.64
28000 0.74
28100 0.68
28200 0.73
28300 0.76
28400 0.75
28500 0.73
28600 0.78
28700 0.67
28800 0.77
28900 0.75
29000 0.79
29100 0.62
29200 0.69
29300 0.79
29400 0.7
29500 0.69
29600 0.78
29700 0.78
29800 0.79
29900 0.77
30000 0.8
30100 0.78
30200 0.77
30300 0.74
30400 0.66
30500 0.67
30600 0.81
30700 0.58
30800 0.81
30900 0.7
31000 0.76
31100 0.76
31200 0.81
31300 0.79
31400 0.74
31500 0.72
31600 0.79
31700 0.75
31800 0.81
31900 0.71
32000 0.81
32100 0.71
32200 0.81
32300 0.78
32400 0.71
32500 0.79
32600 0.76
32700 0.74
32800 0.73
32900 0.73
33000 0.77
33100 0.77
33200 0.74
33300 0.71
33400 0.72
33500 0.75
33600 0.73
33700 0.8
33800 0.65
33900 0.68
34000 0.73
34100 0.72
34200 0.7
34300 0.7
34400 0.71
34500 0.73
34600 0.77
34700 0.65
34800 0.74
34900 0.71
35000 0.78
35100 0.75
35200 0.74
35300 0.76
35400 0.67
35500 0.74
35600 0.86
35700 0.76
35800 0.7
35900 0.71
36000 0.73
36100 0.72
36200 0.78
36300 0.71
36400 0.78
36500 0.73
36600 0.83
36700 0.79
36800 0.75
36900 0.75
37000 0.82
37100 0.69
37200 0.75
37300 0.71
37400 0.74
37500 0.74
37600 0.78
37700 0.73
37800 0.66
37900 0.68
38000 0.67
38100 0.71
38200 0.64
38300 0.8
38400 0.77
38500 0.73
38600 0.72
38700 0.82
38800 0.69
38900 0.74
39000 0.77
39100 0.8
39200 0.79
39300 0.64
39400 0.73
39500 0.69
39600 0.77
39700 0.7
39800 0.68
39900 0.69
40000 0.78
40100 0.74
40200 0.75
40300 0.74
40400 0.75
40500 0.78
40600 0.78
40700 0.71
40800 0.72
40900 0.62
41000 0.68
41100 0.73
41200 0.73
41300 0.78
41400 0.67
41500 0.74
41600 0.64
41700 0.72
41800 0.68
41900 0.71
42000 0.73
42100 0.69
42200 0.78
42300 0.71
42400 0.75
42500 0.75
42600 0.65
42700 0.8
42800 0.73
42900 0.79
43000 0.8
43100 0.78
43200 0.73
43300 0.67
43400 0.68
43500 0.67
43600 0.61
43700 0.69
43800 0.77
43900 0.79
44000 0.76
44100 0.79
44200 0.67
44300 0.77
44400 0.74
44500 0.7
44600 0.81
44700 0.74
44800 0.77
44900 0.77
45000 0.67
45100 0.75
45200 0.72
45300 0.78
45400 0.82
45500 0.81
45600 0.78
45700 0.83
45800 0.79
45900 0.76
46000 0.8
46100 0.76
46200 0.8
46300 0.68
46400 0.75
46500 0.74
46600 0.8
46700 0.66
46800 0.77
46900 0.78
47000 0.75
47100 0.74
47200 0.78
47300 0.76
47400 0.76
47500 0.75
47600 0.71
47700 0.76
47800 0.79
47900 0.78
48000 0.78
48100 0.77
48200 0.68
48300 0.76
48400 0.78
48500 0.75
48600 0.8
48700 0.77
48800 0.79
48900 0.74
49000 0.73
49100 0.82
49200 0.77
49300 0.71
49400 0.74
49500 0.8
49600 0.77
49700 0.69
49800 0.69
49900 0.76
