100 0.42
200 0.21
300 0.33
400 0.2475
500 0.398
600 0.398333
700 0.341429
800 0.42375
900 0.427778
1000 0.485
1100 0.488182
1200 0.4475
1300 0.452308
1400 0.456429
1500 0.459333
1600 0.430625
1700 0.464118
1800 0.493889
1900 0.493158
2000 0.4685
2100 0.468571
2200 0.492727
2300 0.514783
2400 0.535
2500 0.5332
2600 0.551154
2700 0.553333
2800 0.569286
2900 0.584138
3000 0.598
3100 0.593548
3200 0.60625
3300 0.618182
3400 0.629412
3500 0.624857
3600 0.623611
3700 0.62
3800 0.617895
3900 0.61641
4000 0.613
4100 0.598049
4200 0.595714
4300 0.605116
4400 0.614091
4500 0.622667
4600 0.63087
4700 0.62766
4800 0.635417
4900 0.642857
5000 0.63
5100 0.637255
5200 0.635385
5300 0.642264
5400 0.63037
5500 0.637091
5600 0.643571
5700 0.640702
5800 0.646897
5900 0.652881
6000 0.658667
6100 0.664262
6200 0.661452
6300 0.666825
6400 0.672031
6500 0.677077
6600 0.674545
6700 0.679403
6800 0.684118
6900 0.67971
7000 0.684286
7100 0.681972
7200 0.686389
7300 0.690685
7400 0.694865
7500 0.6928
7600 0.696842
7700 0.700779
7800 0.704615
7900 0.708354
8000 0.712
8100 0.709136
8200 0.706341
8300 0.70988
8400 0.713333
8500 0.704941
8600 0.708372
8700 0.711724
8800 0.715
8900 0.71236
9000 0.715556
9100 0.713077
9200 0.716196
9300 0.719247
9400 0.722234
9500 0.725158
9600 0.728021
9700 0.730825
9800 0.733571
9900 0.736263
10000 0.7342
10100 0.736832
10200 0.739412
10300 0.741942
10400 0.744423
10500 0.746857
10600 0.74434
10700 0.746729
10800 0.749074
10900 0.751376
11000 0.753636
11100 0.755856
11200 0.758036
11300 0.760177
11400 0.762281
11500 0.764348
11600 0.766379
11700 0.768376
11800 0.770339
11900 0.772269
12000 0.774167
12100 0.776033
12200 0.773607
12300 0.775447
12400 0.777258
12500 0.77904
12600 0.780794
12700 0.779213
12800 0.780937
12900 0.782636
13000 0.784308
13100 0.785954
13200 0.787576
13300 0.789173
13400 0.790746
13500 0.792296
13600 0.793824
13700 0.791825
13800 0.793333
13900 0.79482
14000 0.789143
14100 0.790638
14200 0.792113
14300 0.793566
14400 0.791389
14500 0.792828
14600 0.794247
14700 0.791837
14800 0.793243
14900 0.794631
15000 0.796
15100 0.793974
15200 0.791776
15300 0.790196
15400 0.788052
15500 0.785419
15600 0.786795
15700 0.788153
15800 0.789494
15900 0.790818
16000 0.792125
16100 0.793416
16200 0.794691
16300 0.795951
16400 0.797195
16500 0.798424
16600 0.799639
16700 0.800838
16800 0.802024
16900 0.799882
17000 0.795176
17100 0.796374
17200 0.794535
17300 0.792948
17400 0.794138
17500 0.795314
17600 0.796477
17700 0.797627
17800 0.798764
17900 0.799888
18000 0.798389
18100 0.799503
18200 0.800604
18300 0.801694
18400 0.802772
18500 0.803838
18600 0.801828
18700 0.802888
18800 0.801277
18900 0.799735
19000 0.800789
19100 0.801832
19200 0.800052
19300 0.798808
19400 0.799845
19500 0.797949
19600 0.796531
19700 0.795431
19800 0.794091
19900 0.795126
20000 0.79615
20100 0.794726
20200 0.795743
20300 0.794236
20400 0.795245
20500 0.796244
20600 0.797233
20700 0.798213
20800 0.799183
20900 0.800144
21000 0.801095
21100 0.802038
21200 0.802972
21300 0.801925
21400 0.80285
21500 0.803767
21600 0.804676
21700 0.803733
21800 0.804633
21900 0.805525
22000 0.806409
22100 0.804751
22200 0.805631
22300 0.80435
22400 0.805223
22500 0.806089
22600 0.806947
22700 0.805595
22800 0.806447
22900 0.807293
23000 0.80813
23100 0.808961
23200 0.809784
23300 0.810601
23400 0.81141
23500 0.809787
23600 0.810593
23700 0.809114
23800 0.809916
23900 0.810711
24000 0.809375
24100 0.810166
24200 0.81095
24300 0.811728
24400 0.8125
24500 0.813265
24600 0.814024
24700 0.812834
24800 0.811411
24900 0.810241
25000 0.811
25100 0.809721
25200 0.810476
25300 0.811225
25400 0.811969
25500 0.812706
25600 0.813438
25700 0.814163
25800 0.814884
25900 0.815598
26000 0.816308
26100 0.817011
26200 0.81771
26300 0.818403
26400 0.819091
26500 0.816
26600 0.81485
26700 0.81367
26800 0.812388
26900 0.813086
27000 0.813778
27100 0.812694
27200 0.813382
27300 0.814066
27400 0.814745
27500 0.815418
27600 0.816087
27700 0.814982
27800 0.815647
27900 0.816308
28000 0.816964
28100 0.817616
28200 0.816879
28300 0.817527
28400 0.818169
28500 0.818807
28600 0.817832
28700 0.816585
28800 0.817222
28900 0.817855
29000 0.816655
29100 0.815842
29200 0.816473
29300 0.815666
29400 0.814388
29500 0.81339
29600 0.81402
29700 0.814646
29800 0.815268
29900 0.814214
30000 0.814833
30100 0.815449
30200 0.814834
30300 0.815446
30400 0.816053
30500 0.816656
30600 0.817255
30700 0.816384
30800 0.81539
30900 0.815987
31000 0.814968
31100 0.815563
31200 0.816154
31300 0.81492
31400 0.81551
31500 0.816095
31600 0.816677
31700 0.817256
31800 0.81783
31900 0.81674
32000 0.815875
32100 0.816449
32200 0.815683
32300 0.816254
32400 0.816821
32500 0.815815
32600 0.81638
32700 0.816942
32800 0.816067
32900 0.816626
33000 0.815697
33100 0.816254
33200 0.815181
33300 0.815736
33400 0.816287
33500 0.816836
33600 0.817381
33700 0.817923
33800 0.818462
33900 0.816047
34000 0.813647
34100 0.814194
34200 0.814737
34300 0.813819
34400 0.812907
34500 0.811594
34600 0.812139
34700 0.811037
34800 0.81023
34900 0.809456
35000 0.81
35100 0.810541
35200 0.809801
35300 0.81034
35400 0.810876
35500 0.811408
35600 0.81073
35700 0.811261
35800 0.811788
35900 0.812312
36000 0.812833
36100 0.813352
36200 0.813867
36300 0.81438
36400 0.81489
36500 0.813973
36600 0.814481
36700 0.814986
36800 0.815489
36900 0.815989
37000 0.815243
37100 0.814474
37200 0.814973
37300 0.814075
37400 0.814572
37500 0.813733
37600 0.814229
37700 0.814721
37800 0.815212
37900 0.815699
38000 0.814895
38100 0.815381
38200 0.815864
38300 0.816345
38400 0.816823
38500 0.817299
38600 0.817772
38700 0.81677
38800 0.817242
38900 0.817712
39000 0.818179
39100 0.818645
39200 0.819107
39300 0.818219
39400 0.81868
39500 0.817899
39600 0.818359
39700 0.818816
39800 0.819271
39900 0.819724
40000 0.818825
40100 0.81793
40200 0.818383
40300 0.816352
40400 0.81547
40500 0.814568
40600 0.815025
40700 0.814177
40800 0.813235
40900 0.812543
41000 0.811756
41100 0.810925
41200 0.811383
41300 0.81184
41400 0.812295
41500 0.812747
41600 0.813197
41700 0.813645
41800 0.814091
41900 0.814535
42000 0.814976
42100 0.815416
42200 0.815853
42300 0.816288
42400 0.815542
42500 0.815976
42600 0.816408
42700 0.815691
42800 0.816121
42900 0.81655
43000 0.816977
43100 0.817401
43200 0.816574
43300 0.816998
43400 0.817419
43500 0.817839
43600 0.818257
43700 0.818673
43800 0.819087
43900 0.818155
44000 0.818568
44100 0.818005
44200 0.818416
44300 0.817878
44400 0.817275
44500 0.816427
44600 0.81565
44700 0.813826
44800 0.813103
44900 0.813519
45000 0.813933
45100 0.814346
45200 0.813783
45300 0.814194
45400 0.813458
45500 0.813868
45600 0.814276
45700 0.814683
45800 0.815087
45900 0.81549
46000 0.815891
46100 0.816291
46200 0.816688
46300 0.816091
46400 0.816487
46500 0.815871
46600 0.816266
46700 0.81666
46800 0.817051
46900 0.817441
47000 0.81783
47100 0.818217
47200 0.817542
47300 0.816934
47400 0.816097
47500 0.815537
47600 0.814811
47700 0.814193
47800 0.814582
47900 0.813946
48000 0.813229
48100 0.812453
48200 0.812842
48300 0.81323
48400 0.813616
48500 0.814
48600 0.814383
48700 0.814764
48800 0.815143
48900 0.815521
49000 0.814816
49100 0.815193
49200 0.815569
49300 0.815943
49400 0.816316
49500 0.816687
49600 0.817056
49700 0.815412
49800 0.815783
49900 0.816152
