100 0.48
200 0.545
300 0.57
400 0.6
500 0.644
600 0.645
700 0.647143
800 0.64625
900 0.65
1000 0.658
1100 0.666364
1200 0.671667
1300 0.670769
1400 0.676429
1500 0.670667
1600 0.67375
1700 0.673529
1800 0.671111
1900 0.674737
2000 0.6765
2100 0.677619
2200 0.68
2300 0.682609
2400 0.685417
2500 0.6868
2600 0.687308
2700 0.687037
2800 0.686429
2900 0.688621
3000 0.687
3100 0.688387
3200 0.690312
3300 0.684848
3400 0.680882
3500 0.682
3600 0.684167
3700 0.684595
3800 0.685789
3900 0.684872
4000 0.686
4100 0.686829
4200 0.687143
4300 0.687674
4400 0.6875
4500 0.688222
4600 0.69087
4700 0.689787
4800 0.691458
4900 0.693061
5000 0.6904
5100 0.690588
5200 0.690769
5300 0.690755
5400 0.692778
5500 0.691818
5600 0.692679
5700 0.691579
5800 0.691207
5900 0.69322
6000 0.6925
6100 0.693934
6200 0.694355
6300 0.695397
6400 0.694688
6500 0.694769
6600 0.694394
6700 0.694776
6800 0.696176
6900 0.696232
7000 0.696
7100 0.697746
7200 0.698472
7300 0.697808
7400 0.697973
7500 0.699067
7600 0.699211
7700 0.699351
7800 0.698462
7900 0.697722
8000 0.6995
8100 0.701235
8200 0.702927
8300 0.703614
8400 0.704762
8500 0.704941
8600 0.705581
8700 0.706207
8800 0.706364
8900 0.70618
9000 0.707
9100 0.707143
9200 0.708043
9300 0.70871
9400 0.709787
9500 0.71
9600 0.710313
9700 0.710412
9800 0.71051
9900 0.710808
10000 0.7108
10100 0.711386
10200 0.711569
10300 0.711262
10400 0.71125
10500 0.71181
10600 0.712925
10700 0.71271
10800 0.713611
10900 0.713119
11000 0.712455
11100 0.712523
11200 0.711875
11300 0.712035
11400 0.712193
11500 0.712348
11600 0.712931
11700 0.712991
11800 0.712881
11900 0.712773
12000 0.713667
12100 0.713802
12200 0.71377
12300 0.714146
12400 0.714113
12500 0.71448
12600 0.715397
12700 0.715433
12800 0.716016
12900 0.716202
13000 0.716231
13100 0.716489
13200 0.716742
13300 0.717293
13400 0.717463
13500 0.717333
13600 0.717426
13700 0.716423
13800 0.716377
13900 0.715468
14000 0.714857
14100 0.715319
14200 0.715352
14300 0.715105
14400 0.714792
14500 0.714276
14600 0.713493
14700 0.713673
14800 0.713446
14900 0.712819
15000 0.713
15100 0.713377
15200 0.713158
15300 0.713137
15400 0.712857
15500 0.712581
15600 0.712564
15700 0.712866
15800 0.713038
15900 0.713082
16000 0.713063
16100 0.713354
16200 0.713827
16300 0.713926
16400 0.714451
16500 0.714545
16600 0.714759
16700 0.714431
16800 0.714583
16900 0.714379
17000 0.714706
17100 0.714678
17200 0.715116
17300 0.715376
17400 0.716149
17500 0.716229
17600 0.715852
17700 0.716158
17800 0.716011
17900 0.716369
18000 0.716389
18100 0.716575
18200 0.716868
18300 0.717104
18400 0.7175
18500 0.718
18600 0.718118
18700 0.718824
18800 0.719149
18900 0.719312
19000 0.719474
19100 0.719267
19200 0.719219
19300 0.719482
19400 0.719897
19500 0.720359
19600 0.720459
19700 0.720711
19800 0.720909
19900 0.721156
20000 0.7213
20100 0.720896
20200 0.72099
20300 0.721232
20400 0.721667
20500 0.72161
20600 0.72199
20700 0.722222
20800 0.72274
20900 0.723062
21000 0.723095
21100 0.723412
21200 0.723585
21300 0.723005
21400 0.723318
21500 0.723767
21600 0.723796
21700 0.723917
21800 0.723807
21900 0.723927
22000 0.724
22100 0.723982
22200 0.723964
22300 0.723946
22400 0.723929
22500 0.723867
22600 0.723894
22700 0.724009
22800 0.724167
22900 0.724236
23000 0.724478
23100 0.724545
23200 0.724871
23300 0.724893
23400 0.724701
23500 0.724638
23600 0.725297
23700 0.72557
23800 0.725168
23900 0.725314
24000 0.725542
24100 0.725685
24200 0.726033
24300 0.725967
24400 0.725902
24500 0.726
24600 0.72626
24700 0.726316
24800 0.726129
24900 0.726386
25000 0.72652
25100 0.726853
25200 0.726905
25300 0.726798
25400 0.72685
25500 0.726863
25600 0.727305
25700 0.727198
25800 0.727403
25900 0.727336
26000 0.727385
26100 0.727701
26200 0.727863
26300 0.728061
26400 0.727689
26500 0.727736
26600 0.727669
26700 0.72794
26800 0.727836
26900 0.727584
27000 0.727815
27100 0.727823
27200 0.728125
27300 0.728498
27400 0.728431
27500 0.728691
27600 0.728551
27700 0.728267
27800 0.728237
27900 0.728244
28000 0.728393
28100 0.728577
28200 0.728546
28300 0.728657
28400 0.728627
28500 0.728842
28600 0.728776
28700 0.728746
28800 0.728715
28900 0.72872
29000 0.728621
29100 0.728729
29200 0.728938
29300 0.728908
29400 0.728844
29500 0.72878
29600 0.728547
29700 0.728451
29800 0.728322
29900 0.728261
30000 0.728433
30100 0.728372
30200 0.728477
30300 0.728515
30400 0.728191
30500 0.728492
30600 0.728791
30700 0.729023
30800 0.729221
30900 0.729417
31000 0.72929
31100 0.729325
31200 0.72891
31300 0.728914
31400 0.72879
31500 0.728921
31600 0.728956
31700 0.728738
31800 0.728899
31900 0.728715
32000 0.728812
32100 0.728785
32200 0.728944
32300 0.728885
32400 0.728488
32500 0.728708
32600 0.728374
32700 0.72841
32800 0.728323
32900 0.728359
33000 0.728424
33100 0.728429
33200 0.728373
33300 0.728378
33400 0.728443
33500 0.728716
33600 0.72872
33700 0.728843
33800 0.728964
33900 0.729056
34000 0.729059
34100 0.729238
34200 0.729152
34300 0.729329
34400 0.72939
34500 0.729507
34600 0.729711
34700 0.729625
34800 0.729626
34900 0.72957
35000 0.729571
35100 0.72963
35200 0.72946
35300 0.729433
35400 0.729548
35500 0.729493
35600 0.729551
35700 0.729496
35800 0.729413
35900 0.729331
36000 0.729139
36100 0.729058
36200 0.728978
36300 0.729091
36400 0.729258
36500 0.729342
36600 0.729317
36700 0.729292
36800 0.729239
36900 0.729295
37000 0.729324
37100 0.729434
37200 0.729543
37300 0.72941
37400 0.729251
37500 0.729493
37600 0.72984
37700 0.729629
37800 0.729921
37900 0.729974
38000 0.730105
38100 0.73021
38200 0.730236
38300 0.730339
38400 0.73026
38500 0.73026
38600 0.730207
38700 0.730155
38800 0.730129
38900 0.730103
39000 0.729897
39100 0.729974
39200 0.729898
39300 0.729924
39400 0.73
39500 0.729924
39600 0.730076
39700 0.730151
39800 0.730226
39900 0.730276
40000 0.730125
40100 0.730224
40200 0.730299
40300 0.730422
40400 0.730074
40500 0.730074
40600 0.730148
40700 0.730147
40800 0.730221
40900 0.73022
41000 0.730341
41100 0.730365
41200 0.730267
41300 0.730073
41400 0.73
41500 0.729952
41600 0.729832
41700 0.72988
41800 0.729952
41900 0.730024
42000 0.730214
42100 0.730143
42200 0.73019
42300 0.729953
42400 0.73
42500 0.729882
42600 0.729906
42700 0.730023
42800 0.73014
42900 0.730186
43000 0.730256
43100 0.730487
43200 0.730417
43300 0.730554
43400 0.730668
43500 0.73069
43600 0.730734
43700 0.730892
43800 0.730959
43900 0.730979
44000 0.730932
44100 0.731179
44200 0.731199
44300 0.731287
44400 0.731239
44500 0.731393
44600 0.731547
44700 0.731544
44800 0.731629
44900 0.731559
45000 0.731489
45100 0.731596
45200 0.731549
45300 0.731656
45400 0.731674
45500 0.731912
45600 0.732061
45700 0.732101
45800 0.732009
45900 0.732135
46000 0.731978
46100 0.732017
46200 0.731991
46300 0.732009
46400 0.732069
46500 0.732043
46600 0.731953
46700 0.732013
46800 0.732158
46900 0.732431
47000 0.732404
47100 0.732463
47200 0.732415
47300 0.732537
47400 0.732595
47500 0.732589
47600 0.7325
47700 0.732537
47800 0.732552
47900 0.732547
48000 0.732396
48100 0.732516
48200 0.732676
48300 0.732857
48400 0.732851
48500 0.732845
48600 0.732922
48700 0.732916
48800 0.732992
48900 0.733149
49000 0.733184
49100 0.733177
49200 0.733272
49300 0.733306
49400 0.733077
49500 0.733253
49600 0.733266
49700 0.7334
49800 0.733534
49900 0.733487
