100 0.51
200 0.545
300 0.563333
400 0.57
500 0.59
600 0.62
700 0.64
800 0.64
900 0.653333
1000 0.644
1100 0.643636
1200 0.6525
1300 0.66
1400 0.658571
1500 0.659333
1600 0.6625
1700 0.660588
1800 0.658333
1900 0.657368
2000 0.6545
2100 0.655238
2200 0.658182
2300 0.658261
2400 0.661667
2500 0.6676
2600 0.672308
2700 0.671481
2800 0.673929
2900 0.676207
3000 0.678333
3100 0.681613
3200 0.684063
3300 0.684848
3400 0.683529
3500 0.684857
3600 0.687222
3700 0.687838
3800 0.685789
3900 0.681538
4000 0.682
4100 0.68
4200 0.679286
4300 0.677442
4400 0.674773
4500 0.672889
4600 0.671522
4700 0.67
4800 0.671667
4900 0.672245
5000 0.6732
5100 0.673725
5200 0.675577
5300 0.676792
5400 0.675741
5500 0.674909
5600 0.675179
5700 0.674912
5800 0.677241
5900 0.677458
6000 0.678167
6100 0.678689
6200 0.67871
6300 0.679365
6400 0.679375
6500 0.68
6600 0.680758
6700 0.681343
6800 0.682353
6900 0.682754
7000 0.683429
7100 0.684507
7200 0.684722
7300 0.68589
7400 0.685946
7500 0.686533
7600 0.686579
7700 0.685974
7800 0.686538
7900 0.686582
8000 0.6865
8100 0.686296
8200 0.685732
8300 0.684819
8400 0.685714
8500 0.685882
8600 0.687442
8700 0.688506
8800 0.689659
8900 0.690562
9000 0.692667
9100 0.692967
9200 0.693587
9300 0.693871
9400 0.694574
9500 0.695263
9600 0.695833
9700 0.696598
9800 0.696735
9900 0.697576
10000 0.6984
10100 0.699802
10200 0.700392
10300 0.700583
10400 0.701346
10500 0.70219
10600 0.703019
10700 0.703738
10800 0.704074
10900 0.704862
11000 0.705364
11100 0.705495
11200 0.705893
11300 0.706106
11400 0.70693
11500 0.707391
11600 0.707845
11700 0.707949
11800 0.70822
11900 0.708739
12000 0.70875
12100 0.709421
12200 0.710328
12300 0.709919
12400 0.709919
12500 0.71032
12600 0.710556
12700 0.711339
12800 0.710781
12900 0.710775
13000 0.710923
13100 0.711298
13200 0.711288
13300 0.711579
13400 0.71194
13500 0.712222
13600 0.712206
13700 0.712409
13800 0.712754
13900 0.713094
14000 0.713143
14100 0.712908
14200 0.712817
14300 0.712378
14400 0.711319
14500 0.710621
14600 0.710342
14700 0.709932
14800 0.710473
14900 0.710805
15000 0.710533
15100 0.710861
15200 0.710987
15300 0.711176
15400 0.711234
15500 0.710968
15600 0.71109
15700 0.711146
15800 0.710759
15900 0.710818
16000 0.711187
16100 0.71118
16200 0.711296
16300 0.710552
16400 0.710244
16500 0.710485
16600 0.710361
16700 0.710659
16800 0.710893
16900 0.710769
17000 0.711176
17100 0.710643
17200 0.710174
17300 0.710289
17400 0.71023
17500 0.710229
17600 0.709773
17700 0.709605
17800 0.710056
17900 0.709944
18000 0.709556
18100 0.709061
18200 0.708846
18300 0.70918
18400 0.708967
18500 0.708973
18600 0.709247
18700 0.709465
18800 0.709415
18900 0.709683
19000 0.709632
19100 0.709843
19200 0.709427
19300 0.709326
19400 0.709433
19500 0.709744
19600 0.709847
19700 0.709645
19800 0.709444
19900 0.709548
20000 0.70985
20100 0.709701
20200 0.709851
20300 0.710099
20400 0.710294
20500 0.710098
20600 0.709612
20700 0.709662
20800 0.709615
20900 0.709474
21000 0.709762
21100 0.709858
21200 0.71
21300 0.709812
21400 0.710374
21500 0.710093
21600 0.710231
21700 0.710369
21800 0.710321
21900 0.710639
22000 0.710909
22100 0.711176
22200 0.711396
22300 0.71139
22400 0.711607
22500 0.711422
22600 0.711858
22700 0.712026
22800 0.712237
22900 0.711965
23000 0.712217
23100 0.712251
23200 0.712543
23300 0.712704
23400 0.712393
23500 0.712766
23600 0.713136
23700 0.712911
23800 0.712983
23900 0.713138
24000 0.713042
24100 0.713361
24200 0.713388
24300 0.713498
24400 0.71377
24500 0.713959
24600 0.714309
24700 0.714049
24800 0.713911
24900 0.714016
25000 0.71408
25100 0.714343
25200 0.714563
25300 0.714743
25400 0.714724
25500 0.714941
25600 0.714844
25700 0.715058
25800 0.71531
25900 0.71556
26000 0.715615
26100 0.715709
26200 0.715763
26300 0.716008
26400 0.716098
26500 0.716226
26600 0.716241
26700 0.716404
26800 0.716306
26900 0.716357
27000 0.716556
27100 0.717085
27200 0.717169
27300 0.717436
27400 0.717847
27500 0.718
27600 0.71808
27700 0.718412
27800 0.718453
27900 0.718459
28000 0.718464
28100 0.718434
28200 0.718617
28300 0.718728
28400 0.718697
28500 0.718877
28600 0.718916
28700 0.719303
28800 0.719271
28900 0.719308
29000 0.719379
29100 0.719519
29200 0.719829
29300 0.72
29400 0.72051
29500 0.72061
29600 0.720878
29700 0.721178
29800 0.721342
29900 0.721371
30000 0.7216
30100 0.721694
30200 0.72202
30300 0.722277
30400 0.722237
30500 0.722426
30600 0.722614
30700 0.722899
30800 0.723182
30900 0.723236
31000 0.723613
31100 0.723666
31200 0.723974
31300 0.724026
31400 0.72414
31500 0.72419
31600 0.724399
31700 0.724353
31800 0.724182
31900 0.724263
32000 0.724344
32100 0.724548
32200 0.724348
32300 0.724365
32400 0.724537
32500 0.724523
32600 0.724509
32700 0.724526
32800 0.724299
32900 0.724529
33000 0.724485
33100 0.724683
33200 0.724669
33300 0.724685
33400 0.72479
33500 0.725015
33600 0.725179
33700 0.725519
33800 0.725414
33900 0.72528
34000 0.725147
34100 0.725103
34200 0.725
34300 0.725277
34400 0.725233
34500 0.72542
34600 0.725491
34700 0.725533
34800 0.72569
34900 0.725731
35000 0.725943
35100 0.725954
35200 0.72608
35300 0.726402
35400 0.726469
35500 0.726817
35600 0.727051
35700 0.727255
35800 0.727179
35900 0.727242
36000 0.727306
36100 0.727452
36200 0.727624
36300 0.727796
36400 0.728077
36500 0.728247
36600 0.728415
36700 0.728229
36800 0.72837
36900 0.728428
37000 0.728568
37100 0.728652
37200 0.728898
37300 0.728901
37400 0.728957
37500 0.7292
37600 0.729176
37700 0.729363
37800 0.729418
37900 0.729472
38000 0.729316
38100 0.729554
38200 0.729712
38300 0.729765
38400 0.729688
38500 0.729662
38600 0.729689
38700 0.729742
38800 0.729742
38900 0.729949
39000 0.730154
39100 0.730256
39200 0.730357
39300 0.730483
39400 0.730609
39500 0.730633
39600 0.730732
39700 0.731008
39800 0.73108
39900 0.730852
40000 0.7307
40100 0.730673
40200 0.730572
40300 0.730397
40400 0.730594
40500 0.730617
40600 0.730764
40700 0.730934
40800 0.730956
40900 0.731149
41000 0.731244
41100 0.731338
41200 0.731529
41300 0.731453
41400 0.731594
41500 0.731831
41600 0.731899
41700 0.731847
41800 0.731986
41900 0.732243
42000 0.73219
42100 0.732114
42200 0.732227
42300 0.732293
42400 0.732264
42500 0.732376
42600 0.732394
42700 0.732248
42800 0.73229
42900 0.732424
43000 0.732605
43100 0.732529
43200 0.732477
43300 0.73254
43400 0.732742
43500 0.732759
43600 0.732844
43700 0.733021
43800 0.733037
43900 0.733212
44000 0.733159
44100 0.733129
44200 0.733213
44300 0.733183
44400 0.733311
44500 0.733483
44600 0.73352
44700 0.733647
44800 0.733616
44900 0.73363
45000 0.733622
45100 0.733548
45200 0.733186
45300 0.733267
45400 0.733282
45500 0.733231
45600 0.733311
45700 0.733304
45800 0.733406
45900 0.733508
46000 0.733652
46100 0.733601
46200 0.733528
46300 0.733585
46400 0.733728
46500 0.733849
46600 0.733991
46700 0.733961
46800 0.73391
46900 0.733475
47000 0.733745
47100 0.7338
47200 0.733708
47300 0.733467
47400 0.733165
47500 0.733263
47600 0.733403
47700 0.733459
47800 0.733556
47900 0.733716
48000 0.73375
48100 0.733805
48200 0.733714
48300 0.733727
48400 0.733864
48500 0.733979
48600 0.734115
48700 0.734312
48800 0.734262
48900 0.734151
49000 0.733918
49100 0.734033
49200 0.734024
49300 0.734097
49400 0.734089
49500 0.734141
49600 0.734073
49700 0.733903
49800 0.733815
49900 0.733868
