100 0.48
200 0.61
300 0.62
400 0.69
500 0.82
600 0.65
700 0.66
800 0.64
900 0.68
1000 0.73
1100 0.75
1200 0.73
1300 0.66
1400 0.75
1500 0.59
1600 0.72
1700 0.67
1800 0.63
1900 0.74
2000 0.71
2100 0.7
2200 0.73
2300 0.74
2400 0.75
2500 0.72
2600 0.7
2700 0.68
2800 0.67
2900 0.75
3000 0.64
3100 0.73
3200 0.75
3300 0.51
3400 0.55
3500 0.72
3600 0.76
3700 0.7
3800 0.73
3900 0.65
4000 0.73
4100 0.72
4200 0.7
4300 0.71
4400 0.68
4500 0.72
4600 0.81
4700 0.64
4800 0.77
4900 0.77
5000 0.56
5100 0.7
5200 0.7
5300 0.69
5400 0.8
5500 0.64
5600 0.74
5700 0.63
5800 0.67
5900 0.81
6000 0.65
6100 0.78
6200 0.72
6300 0.76
6400 0.65
6500 0.7
6600 0.67
6700 0.72
6800 0.79
6900 0.7
7000 0.68
7100 0.82
7200 0.75
7300 0.65
7400 0.71
7500 0.78
7600 0.71
7700 0.71
7800 0.63
7900 0.64
8000 0.84
8100 0.84
8200 0.84
8300 0.76
8400 0.8
8500 0.72
8600 0.76
8700 0.76
8800 0.72
8900 0.69
9000 0.78
9100 0.72
9200 0.79
9300 0.77
9400 0.81
9500 0.73
9600 0.74
9700 0.72
9800 0.72
9900 0.74
10000 0.71
10100 0.77
10200 0.73
10300 0.68
10400 0.71
10500 0.77
10600 0.83
10700 0.69
10800 0.81
10900 0.66
11000 0.64
11100 0.72
11200 0.64
11300 0.73
11400 0.73
11500 0.73
11600 0.78
11700 0.72
11800 0.7
11900 0.7
12000 0.82
12100 0.73
12200 0.71
12300 0.76
12400 0.71
12500 0.76
12600 0.83
12700 0.72
12800 0.79
12900 0.74
13000 0.72
13100 0.75
13200 0.75
13300 0.79
13400 0.74
13500 0.7
13600 0.73
13700 0.58
13800 0.71
13900 0.59
14000 0.63
14100 0.78
14200 0.72
14300 0.68
14400 0.67
14500 0.64
14600 0.6
14700 0.74
14800 0.68
14900 0.62
15000 0.74
15100 0.77
15200 0.68
15300 0.71
15400 0.67
15500 0.67
15600 0.71
15700 0.76
15800 0.74
15900 0.72
16000 0.71
16100 0.76
16200 0.79
16300 0.73
16400 0.8
16500 0.73
16600 0.75
16700 0.66
16800 0.74
16900 0.68
17000 0.77
17100 0.71
17200 0.79
17300 0.76
17400 0.85
17500 0.73
17600 0.65
17700 0.77
17800 0.69
17900 0.78
18000 0.72
18100 0.75
18200 0.77
18300 0.76
18400 0.79
18500 0.81
18600 0.74
18700 0.85
18800 0.78
18900 0.75
19000 0.75
19100 0.68
19200 0.71
19300 0.77
19400 0.8
19500 0.81
19600 0.74
19700 0.77
19800 0.76
19900 0.77
20000 0.75
20100 0.64
20200 0.74
20300 0.77
20400 0.81
20500 0.71
20600 0.8
20700 0.77
20800 0.83
20900 0.79
21000 0.73
21100 0.79
21200 0.76
21300 0.6
21400 0.79
21500 0.82
21600 0.73
21700 0.75
21800 0.7
21900 0.75
22000 0.74
22100 0.72
22200 0.72
22300 0.72
22400 0.72
22500 0.71
22600 0.73
22700 0.75
22800 0.76
22900 0.74
23000 0.78
23100 0.74
23200 0.8
23300 0.73
23400 0.68
23500 0.71
23600 0.88
23700 0.79
23800 0.63
23900 0.76
24000 0.78
24100 0.76
24200 0.81
24300 0.71
24400 0.71
24500 0.75
24600 0.79
24700 0.74
24800 0.68
24900 0.79
25000 0.76
25100 0.81
25200 0.74
25300 0.7
25400 0.74
25500 0.73
25600 0.84
25700 0.7
25800 0.78
25900 0.71
26000 0.74
26100 0.81
26200 0.77
26300 0.78
26400 0.63
26500 0.74
26600 0.71
26700 0.8
26800 0.7
26900 0.66
27000 0.79
27100 0.73
27200 0.81
27300 0.83
27400 0.71
27500 0.8
27600 0.69
27700 0.65
27800 0.72
27900 0.73
28000 0.77
28100 0.78
28200 0.72
28300 0.76
28400 0.72
28500 0.79
28600 0.71
28700 0.72
28800 0.72
28900 0.73
29000 0.7
29100 0.76
29200 0.79
29300 0.72
29400 0.71
29500 0.71
29600 0.66
29700 0.7
29800 0.69
29900 0.71
30000 0.78
30100 0.71
30200 0.76
30300 0.74
30400 0.63
30500 0.82
30600 0.82
30700 0.8
30800 0.79
30900 0.79
31000 0.69
31100 0.74
31200 0.6
31300 0.73
31400 0.69
31500 0.77
31600 0.74
31700 0.66
31800 0.78
31900 0.67
32000 0.76
32100 0.72
32200 0.78
32300 0.71
32400 0.6
32500 0.8
32600 0.62
32700 0.74
32800 0.7
32900 0.74
33000 0.75
33100 0.73
33200 0.71
33300 0.73
33400 0.75
33500 0.82
33600 0.73
33700 0.77
33800 0.77
33900 0.76
34000 0.73
34100 0.79
34200 0.7
34300 0.79
34400 0.75
34500 0.77
34600 0.8
34700 0.7
34800 0.73
34900 0.71
35000 0.73
35100 0.75
35200 0.67
35300 0.72
35400 0.77
35500 0.71
35600 0.75
35700 0.71
35800 0.7
35900 0.7
36000 0.66
36100 0.7
36200 0.7
36300 0.77
36400 0.79
36500 0.76
36600 0.72
36700 0.72
36800 0.71
36900 0.75
37000 0.74
37100 0.77
37200 0.77
37300 0.68
37400 0.67
37500 0.82
37600 0.86
37700 0.65
37800 0.84
37900 0.75
38000 0.78
38100 0.77
38200 0.74
38300 0.77
38400 0.7
38500 0.73
38600 0.71
38700 0.71
38800 0.72
38900 0.72
39000 0.65
39100 0.76
39200 0.7
39300 0.74
39400 0.76
39500 0.7
39600 0.79
39700 0.76
39800 0.76
39900 0.75
40000 0.67
40100 0.77
40200 0.76
40300 0.78
40400 0.59
40500 0.73
40600 0.76
40700 0.73
40800 0.76
40900 0.73
41000 0.78
41100 0.74
41200 0.69
41300 0.65
41400 0.7
41500 0.71
41600 0.68
41700 0.75
41800 0.76
41900 0.76
42000 0.81
42100 0.7
42200 0.75
42300 0.63
42400 0.75
42500 0.68
42600 0.74
42700 0.78
42800 0.78
42900 0.75
43000 0.76
43100 0.83
43200 0.7
43300 0.79
43400 0.78
43500 0.74
43600 0.75
43700 0.8
43800 0.76
43900 0.74
44000 0.71
44100 0.84
44200 0.74
44300 0.77
44400 0.71
44500 0.8
44600 0.8
44700 0.73
44800 0.77
44900 0.7
45000 0.7
45100 0.78
45200 0.71
45300 0.78
45400 0.74
45500 0.84
45600 0.8
45700 0.75
45800 0.69
45900 0.79
46000 0.66
46100 0.75
46200 0.72
46300 0.74
46400 0.76
46500 0.72
46600 0.69
46700 0.76
46800 0.8
46900 0.86
47000 0.72
47100 0.76
47200 0.71
47300 0.79
47400 0.76
47500 0.73
47600 0.69
47700 0.75
47800 0.74
47900 0.73
48000 0.66
48100 0.79
48200 0.81
48300 0.82
48400 0.73
48500 0.73
48600 0.77
48700 0.73
48800 0.77
48900 0.81
49000 0.75
49100 0.73
49200 0.78
49300 0.75
49400 0.62
49500 0.82
49600 0.74
49700 0.8
49800 0.8
49900 0.71
