100 0.48
200 0.53
300 0.55
400 0.62
500 0.61
600 0.66
700 0.73
800 0.69
900 0.71
1000 0.53
1100 0.64
1200 0.74
1300 0.66
1400 0.75
1500 0.61
1600 0.65
1700 0.69
1800 0.7
1900 0.73
2000 0.68
2100 0.65
2200 0.64
2300 0.63
2400 0.69
2500 0.73
2600 0.71
2700 0.56
2800 0.59
2900 0.76
3000 0.66
3100 0.73
3200 0.78
3300 0.65
3400 0.61
3500 0.72
3600 0.64
3700 0.68
3800 0.74
3900 0.66
4000 0.59
4100 0.61
4200 0.63
4300 0.73
4400 0.65
4500 0.68
4600 0.69
4700 0.7
4800 0.65
4900 0.72
5000 0.57
5100 0.65
5200 0.66
5300 0.73
5400 0.7
5500 0.62
5600 0.78
5700 0.68
5800 0.68
5900 0.57
6000 0.67
6100 0.73
6200 0.72
6300 0.65
6400 0.82
6500 0.56
6600 0.6
6700 0.62
6800 0.61
6900 0.67
7000 0.69
7100 0.71
7200 0.7
7300 0.73
7400 0.69
7500 0.72
7600 0.67
7700 0.73
7800 0.49
7900 0.68
8000 0.6
8100 0.69
8200 0.65
8300 0.56
8400 0.74
8500 0.74
8600 0.69
8700 0.66
8800 0.67
8900 0.76
9000 0.66
9100 0.64
9200 0.64
9300 0.66
9400 0.62
9500 0.66
9600 0.64
9700 0.58
9800 0.71
9900 0.65
10000 0.72
10100 0.56
10200 0.67
10300 0.71
10400 0.67
10500 0.61
10600 0.74
10700 0.8
10800 0.78
10900 0.74
11000 0.73
11100 0.72
11200 0.77
11300 0.72
11400 0.77
11500 0.74
11600 0.7
11700 0.75
11800 0.64
11900 0.73
12000 0.71
12100 0.69
12200 0.76
12300 0.63
12400 0.71
12500 0.67
12600 0.8
12700 0.66
12800 0.64
12900 0.71
13000 0.76
13100 0.66
13200 0.65
13300 0.76
13400 0.67
13500 0.68
13600 0.61
13700 0.75
13800 0.81
13900 0.71
14000 0.53
14100 0.69
14200 0.79
14300 0.76
14400 0.73
14500 0.79
14600 0.72
14700 0.74
14800 0.8
14900 0.7
15000 0.75
15100 0.73
15200 0.79
15300 0.74
15400 0.77
15500 0.81
15600 0.75
15700 0.77
15800 0.69
15900 0.77
16000 0.78
16100 0.63
16200 0.7
16300 0.62
16400 0.56
16500 0.62
16600 0.67
16700 0.74
16800 0.65
16900 0.64
17000 0.68
17100 0.56
17200 0.71
17300 0.68
17400 0.63
17500 0.76
17600 0.72
17700 0.66
17800 0.68
17900 0.75
18000 0.77
18100 0.61
18200 0.77
18300 0.79
18400 0.65
18500 0.74
18600 0.75
18700 0.76
18800 0.64
18900 0.67
19000 0.71
19100 0.7
19200 0.72
19300 0.79
19400 0.73
19500 0.83
19600 0.66
19700 0.76
19800 0.79
19900 0.55
20000 0.67
20100 0.74
20200 0.71
20300 0.68
20400 0.7
20500 0.73
20600 0.72
20700 0.69
20800 0.76
20900 0.74
21000 0.74
21100 0.72
21200 0.65
21300 0.77
21400 0.72
21500 0.59
21600 0.69
21700 0.73
21800 0.76
21900 0.7
22000 0.81
22100 0.78
22200 0.76
22300 0.74
22400 0.71
22500 0.72
22600 0.72
22700 0.8
22800 0.8
22900 0.69
23000 0.67
23100 0.62
23200 0.78
23300 0.76
23400 0.66
23500 0.67
23600 0.64
23700 0.74
23800 0.77
23900 0.76
24000 0.72
24100 0.65
24200 0.61
24300 0.62
24400 0.7
24500 0.72
24600 0.77
24700 0.71
24800 0.71
24900 0.66
25000 0.76
25100 0.7
25200 0.63
25300 0.68
25400 0.68
25500 0.77
25600 0.77
25700 0.77
25800 0.8
25900 0.77
26000 0.69
26100 0.76
26200 0.63
26300 0.71
26400 0.66
26500 0.78
26600 0.77
26700 0.7
26800 0.75
26900 0.75
27000 0.68
27100 0.76
27200 0.69
27300 0.63
27400 0.63
27500 0.78
27600 0.78
27700 0.76
27800 0.68
27900 0.71
28000 0.75
28100 0.7
28200 0.79
28300 0.66
28400 0.69
28500 0.64
28600 0.75
28700 0.72
28800 0.76
28900 0.7
29000 0.68
29100 0.72
29200 0.72
29300 0.7
29400 0.72
29500 0.83
29600 0.7
29700 0.72
29800 0.68
29900 0.71
30000 0.63
30100 0.77
30200 0.78
30300 0.74
30400 0.75
30500 0.65
30600 0.78
30700 0.71
30800 0.67
30900 0.8
31000 0.67
31100 0.78
31200 0.78
31300 0.69
31400 0.74
31500 0.76
31600 0.71
31700 0.79
31800 0.74
31900 0.67
32000 0.76
32100 0.73
32200 0.65
32300 0.7
32400 0.75
32500 0.68
32600 0.69
32700 0.64
32800 0.72
32900 0.78
33000 0.68
33100 0.69
33200 0.75
33300 0.62
33400 0.8
33500 0.66
33600 0.74
33700 0.66
33800 0.73
33900 0.62
34000 0.69
34100 0.78
34200 0.74
34300 0.75
34400 0.71
34500 0.65
34600 0.68
34700 0.6
34800 0.72
34900 0.8
35000 0.73
35100 0.74
35200 0.8
35300 0.8
35400 0.83
35500 0.74
35600 0.72
35700 0.82
35800 0.79
35900 0.8
36000 0.69
36100 0.76
36200 0.8
36300 0.61
36400 0.68
36500 0.74
36600 0.7
36700 0.74
36800 0.72
36900 0.71
37000 0.72
37100 0.78
37200 0.74
37300 0.73
37400 0.83
37500 0.73
37600 0.71
37700 0.77
37800 0.74
37900 0.74
38000 0.73
38100 0.76
38200 0.75
38300 0.76
38400 0.72
38500 0.72
38600 0.77
38700 0.73
38800 0.76
38900 0.64
39000 0.75
39100 0.59
39200 0.6
39300 0.68
39400 0.78
39500 0.8
39600 0.78
39700 0.68
39800 0.68
39900 0.75
40000 0.72
40100 0.78
40200 0.74
40300 0.76
40400 0.68
40500 0.67
40600 0.76
40700 0.73
40800 0.75
40900 0.69
41000 0.6
41100 0.7
41200 0.76
41300 0.71
41400 0.71
41500 0.76
41600 0.69
41700 0.8
41800 0.71
41900 0.76
42000 0.73
42100 0.75
42200 0.72
42300 0.73
42400 0.85
42500 0.74
42600 0.68
42700 0.77
42800 0.69
42900 0.72
43000 0.75
43100 0.74
43200 0.78
43300 0.75
43400 0.74
43500 0.71
43600 0.7
43700 0.59
43800 0.72
43900 0.71
44000 0.77
44100 0.77
44200 0.71
44300 0.79
44400 0.77
44500 0.66
44600 0.7
44700 0.69
44800 0.78
44900 0.65
45000 0.66
45100 0.7
45200 0.7
45300 0.75
45400 0.74
45500 0.69
45600 0.69
45700 0.77
45800 0.76
45900 0.79
46000 0.75
46100 0.68
46200 0.61
46300 0.77
46400 0.67
46500 0.75
46600 0.69
46700 0.79
46800 0.74
46900 0.74
47000 0.79
47100 0.71
47200 0.75
47300 0.73
47400 0.77
47500 0.64
47600 0.72
47700 0.73
47800 0.53
47900 0.61
48000 0.69
48100 0.65
48200 0.74
48300 0.73
48400 0.68
48500 0.75
48600 0.66
48700 0.79
48800 0.62
48900 0.65
49000 0.74
49100 0.74
49200 0.71
49300 0.7
49400 0.72
49500 0.75
49600 0.7
49700 0.69
49800 0.6
49900 0.61
