100 0
200 0.5
300 0.5
400 1
500 1
600 0
700 0.58
800 1
900 0.46
1000 0.46
1100 0.44
1200 1
1300 1
1400 0.52
1500 0.43
1600 1
1700 1
1800 0.41
1900 0
2000 1
2100 0.47
2200 1
2300 1
2400 1
2500 0.53
2600 1
2700 0
2800 0.52
2900 1
3000 0.59
3100 1
3200 1
3300 1
3400 0
3500 0.49
3600 0.44
3700 0
3800 1
3900 0.46
4000 1
4100 1
4200 0.56
4300 1
4400 0.44
4500 0.48
4600 1
4700 1
4800 0.49
4900 1
5000 0.51
5100 1
5200 1
5300 0.46
5400 1
5500 0.5
5600 1
5700 1
5800 1
5900 1
6000 1
6100 1
6200 0.52
6300 0.49
6400 1
6500 1
6600 0
6700 0.49
6800 0
6900 1
7000 0
7100 1
7200 0.52
7300 1
7400 1
7500 1
7600 0.52
7700 1
7800 0.52
7900 1
8000 0.54
8100 1
8200 0
8300 1
8400 1
8500 1
8600 1
8700 1
8800 1
8900 1
9000 0.62
9100 1
9200 1
9300 1
9400 0.51
9500 1
9600 0.41
9700 0.47
9800 1
9900 1
10000 1
10100 0.53
10200 1
10300 0.53
10400 1
10500 0.51
10600 1
10700 1
10800 1
10900 1
11000 1
11100 1
11200 1
11300 1
11400 1
11500 1
11600 0.53
11700 1
11800 0.54
11900 1
12000 0.42
12100 1
12200 1
12300 1
12400 0.64
12500 1
12600 1
12700 1
12800 0.48
12900 1
13000 1
13100 0.46
13200 1
13300 1
13400 1
13500 0.44
13600 0.47
13700 1
13800 1
13900 1
14000 1
14100 0.49
14200 1
14300 1
14400 1
14500 1
14600 1
14700 1
14800 1
14900 1
15000 1
15100 1
15200 1
15300 1
15400 1
15500 1
15600 1
15700 1
15800 1
15900 1
16000 1
16100 1
16200 0
16300 0.51
16400 1
16500 1
16600 1
16700 1
16800 1
16900 1
17000 0.48
17100 1
17200 1
17300 1
17400 0.49
17500 1
17600 1
17700 1
17800 1
17900 1
18000 1
18100 1
18200 1
18300 1
18400 1
18500 1
18600 1
18700 1
18800 1
18900 1
19000 0.55
19100 1
19200 1
19300 1
19400 1
19500 1
19600 1
19700 1
19800 1
19900 1
20000 1
20100 0.53
20200 1
20300 1
20400 1
20500 1
20600 1
20700 0.49
20800 1
20900 0.46
21000 1
21100 1
21200 1
21300 1
21400 1
21500 0.49
21600 1
21700 1
21800 1
21900 0.51
22000 1
22100 0.56
22200 0.54
22300 1
22400 1
22500 1
22600 1
22700 1
22800 1
22900 1
23000 1
23100 0
23200 0
23300 1
23400 0.49
23500 1
23600 1
23700 1
23800 1
23900 1
24000 1
24100 0.46
24200 0.47
24300 0.48
24400 0.53
24500 1
24600 1
24700 0.51
24800 1
24900 1
25000 0.53
25100 1
25200 1
25300 1
25400 1
25500 1
25600 1
25700 1
25800 1
25900 1
26000 0.5
26100 1
26200 0.5
26300 1
26400 1
26500 1
26600 1
26700 1
26800 1
26900 1
27000 1
27100 1
27200 1
27300 0.55
27400 0.45
27500 1
27600 1
27700 1
27800 1
27900 1
28000 1
28100 1
28200 1
28300 1
28400 1
28500 1
28600 1
28700 1
28800 0.45
28900 1
29000 1
29100 1
29200 1
29300 0.44
29400 1
29500 1
29600 0.46
29700 0.56
29800 0.52
29900 1
30000 0.49
30100 0.56
30200 1
30300 1
30400 1
30500 1
30600 1
30700 1
30800 0
30900 0.57
31000 1
31100 1
31200 1
31300 1
31400 1
31500 1
31600 1
31700 0.53
31800 1
31900 1
32000 0.44
32100 1
32200 0.56
32300 1
32400 1
32500 1
32600 1
32700 1
32800 1
32900 0.5
33000 0.42
33100 0.43
33200 0.45
33300 0.55
33400 1
33500 1
33600 1
33700 1
33800 1
33900 1
34000 0.54
34100 1
34200 1
34300 1
34400 0.62
34500 1
34600 1
34700 1
34800 1
34900 1
35000 1
35100 1
35200 1
35300 1
35400 1
35500 1
35600 1
35700 1
35800 1
35900 1
36000 0.49
36100 1
36200 1
36300 1
36400 0.49
36500 1
36600 1
36700 1
36800 1
36900 0.45
37000 1
37100 1
37200 1
37300 1
37400 1
37500 0.56
37600 1
37700 1
37800 1
37900 1
38000 1
38100 1
38200 1
38300 0.48
38400 1
38500 1
38600 1
38700 1
38800 1
38900 1
39000 1
39100 0.57
39200 0.54
39300 1
39400 1
39500 1
39600 0.48
39700 0.43
39800 1
39900 1
40000 0.49
40100 0
40200 1
40300 1
40400 0.57
40500 1
40600 0.54
40700 1
40800 1
40900 0.53
41000 1
41100 1
41200 1
41300 0.5
41400 0.55
41500 1
41600 0.44
41700 0.52
41800 1
41900 1
42000 1
42100 0.45
42200 1
42300 0.52
42400 0
42500 0
42600 0.58
42700 0
42800 0
42900 0.42
43000 0.55
43100 0.59
43200 0.53
43300 0.56
43400 1
43500 1
43600 1
43700 0.54
43800 1
43900 0.49
44000 0.56
44100 0.42
44200 1
44300 0.46
44400 0.53
44500 0
44600 1
44700 0.4
44800 0
44900 0.49
45000 1
45100 0.54
45200 1
45300 1
45400 1
45500 0.4
45600 1
45700 0.62
45800 1
45900 1
46000 0.48
46100 1
46200 1
46300 1
46400 1
46500 0.48
46600 0.54
46700 1
46800 1
46900 1
47000 1
47100 1
47200 1
47300 0
47400 1
47500 0
47600 1
47700 1
47800 0.47
47900 1
48000 1
48100 0.51
48200 1
48300 1
48400 0.55
48500 0.54
48600 1
48700 1
48800 0.47
48900 1
49000 1
49100 1
49200 0.59
49300 1
49400 1
49500 1
49600 0.52
49700 1
49800 0.5
49900 1
