100 0
200 0.25
300 0.333333
400 0.5
500 0.6
600 0.5
700 0.511429
800 0.5725
900 0.56
1000 0.55
1100 0.54
1200 0.578333
1300 0.610769
1400 0.604286
1500 0.592667
1600 0.618125
1700 0.640588
1800 0.627778
1900 0.594737
2000 0.615
2100 0.608095
2200 0.625909
2300 0.642174
2400 0.657083
2500 0.652
2600 0.665385
2700 0.640741
2800 0.636429
2900 0.648966
3000 0.647
3100 0.658387
3200 0.669063
3300 0.679091
3400 0.659118
3500 0.654286
3600 0.648333
3700 0.630811
3800 0.640526
3900 0.635897
4000 0.645
4100 0.653659
4200 0.651429
4300 0.659535
4400 0.654545
4500 0.650667
4600 0.658261
4700 0.665532
4800 0.661875
4900 0.668776
5000 0.6656
5100 0.672157
5200 0.678462
5300 0.67434
5400 0.68037
5500 0.677091
5600 0.682857
5700 0.688421
5800 0.693793
5900 0.698983
6000 0.704
6100 0.708852
6200 0.705806
6300 0.702381
6400 0.707031
6500 0.711538
6600 0.700758
6700 0.697612
6800 0.687353
6900 0.691884
7000 0.682
7100 0.686479
7200 0.684167
7300 0.688493
7400 0.692703
7500 0.6968
7600 0.694474
7700 0.698442
7800 0.696154
7900 0.7
8000 0.698
8100 0.701728
8200 0.693171
8300 0.696867
8400 0.700476
8500 0.704
8600 0.707442
8700 0.710805
8800 0.714091
8900 0.717303
9000 0.716222
9100 0.719341
9200 0.722391
9300 0.725376
9400 0.723085
9500 0.726
9600 0.722708
9700 0.720103
9800 0.722959
9900 0.725758
10000 0.7285
10100 0.726535
10200 0.729216
10300 0.727282
10400 0.729904
10500 0.72781
10600 0.730377
10700 0.732897
10800 0.73537
10900 0.737798
11000 0.740182
11100 0.742523
11200 0.744821
11300 0.74708
11400 0.749298
11500 0.751478
11600 0.749569
11700 0.751709
11800 0.749915
11900 0.752017
12000 0.74925
12100 0.751322
12200 0.753361
12300 0.755366
12400 0.754435
12500 0.7564
12600 0.758333
12700 0.760236
12800 0.758047
12900 0.759922
13000 0.761769
13100 0.759466
13200 0.761288
13300 0.763083
13400 0.764851
13500 0.762444
13600 0.760294
13700 0.762044
13800 0.763768
13900 0.765468
14000 0.767143
14100 0.765177
14200 0.766831
14300 0.768462
14400 0.770069
14500 0.771655
14600 0.773219
14700 0.774762
14800 0.776284
14900 0.777785
15000 0.779267
15100 0.780728
15200 0.782171
15300 0.783595
15400 0.785
15500 0.786387
15600 0.787756
15700 0.789108
15800 0.790443
15900 0.791761
16000 0.793063
16100 0.794348
16200 0.789444
16300 0.78773
16400 0.789024
16500 0.790303
16600 0.791566
16700 0.792814
16800 0.794048
16900 0.795266
17000 0.793412
17100 0.79462
17200 0.795814
17300 0.796994
17400 0.79523
17500 0.7964
17600 0.797557
17700 0.798701
17800 0.799831
17900 0.80095
18000 0.802056
18100 0.803149
18200 0.804231
18300 0.805301
18400 0.806359
18500 0.807405
18600 0.808441
18700 0.809465
18800 0.810479
18900 0.811481
19000 0.810105
19100 0.811099
19200 0.812083
19300 0.813057
19400 0.814021
19500 0.814974
19600 0.815918
19700 0.816853
19800 0.817778
19900 0.818693
20000 0.8196
20100 0.818159
20200 0.819059
20300 0.819951
20400 0.820833
20500 0.821707
20600 0.822573
20700 0.820966
20800 0.821827
20900 0.820096
21000 0.820952
21100 0.821801
21200 0.822642
21300 0.823474
21400 0.824299
21500 0.822744
21600 0.823565
21700 0.824378
21800 0.825183
21900 0.823744
22000 0.824545
22100 0.823348
22200 0.822072
22300 0.82287
22400 0.823661
22500 0.824444
22600 0.825221
22700 0.825991
22800 0.826754
22900 0.827511
23000 0.828261
23100 0.824675
23200 0.821121
23300 0.821888
23400 0.82047
23500 0.821234
23600 0.821992
23700 0.822743
23800 0.823487
23900 0.824226
24000 0.824958
24100 0.823444
24200 0.821983
24300 0.820576
24400 0.819385
24500 0.820122
24600 0.820854
24700 0.819595
24800 0.820323
24900 0.821044
25000 0.81988
25100 0.820598
25200 0.82131
25300 0.822016
25400 0.822717
25500 0.823412
25600 0.824102
25700 0.824786
25800 0.825465
25900 0.826139
26000 0.824885
26100 0.825556
26200 0.824313
26300 0.824981
26400 0.825644
26500 0.826302
26600 0.826955
26700 0.827603
26800 0.828246
26900 0.828885
27000 0.829519
27100 0.830148
27200 0.830772
27300 0.829744
27400 0.828358
27500 0.828982
27600 0.829601
27700 0.830217
27800 0.830827
27900 0.831434
28000 0.832036
28100 0.832633
28200 0.833227
28300 0.833816
28400 0.834401
28500 0.834982
28600 0.835559
28700 0.836132
28800 0.834792
28900 0.835363
29000 0.835931
29100 0.836495
29200 0.837055
29300 0.8357
29400 0.836259
29500 0.836814
29600 0.835541
29700 0.834613
29800 0.833557
29900 0.834114
30000 0.832967
30100 0.83206
30200 0.832616
30300 0.833168
30400 0.833717
30500 0.834262
30600 0.834804
30700 0.835342
30800 0.83263
30900 0.83178
31000 0.832323
31100 0.832862
31200 0.833397
31300 0.83393
31400 0.834459
31500 0.834984
31600 0.835506
31700 0.834543
31800 0.835063
31900 0.83558
32000 0.834344
32100 0.83486
32200 0.834006
32300 0.83452
32400 0.835031
32500 0.835538
32600 0.836043
32700 0.836544
32800 0.837043
32900 0.836018
33000 0.834758
33100 0.833535
33200 0.83238
33300 0.831532
33400 0.832036
33500 0.832537
33600 0.833036
33700 0.833531
33800 0.834024
33900 0.834513
34000 0.833647
34100 0.834135
34200 0.83462
34300 0.835102
34400 0.834477
34500 0.834957
34600 0.835434
34700 0.835908
34800 0.836379
34900 0.836848
35000 0.837314
35100 0.837778
35200 0.838239
35300 0.838697
35400 0.839153
35500 0.839606
35600 0.840056
35700 0.840504
35800 0.84095
35900 0.841393
36000 0.840417
36100 0.840859
36200 0.841298
36300 0.841736
36400 0.840769
36500 0.841205
36600 0.841639
36700 0.842071
36800 0.8425
36900 0.841436
37000 0.841865
37100 0.842291
37200 0.842715
37300 0.843137
37400 0.843556
37500 0.8428
37600 0.843218
37700 0.843634
37800 0.844048
37900 0.844459
38000 0.844868
38100 0.845276
38200 0.845681
38300 0.844726
38400 0.84513
38500 0.845532
38600 0.845933
38700 0.846331
38800 0.846727
38900 0.847121
39000 0.847513
39100 0.846803
39200 0.84602
39300 0.846412
39400 0.846802
39500 0.84719
39600 0.846263
39700 0.845214
39800 0.845603
39900 0.84599
40000 0.8451
40100 0.842993
40200 0.843383
40300 0.843772
40400 0.843094
40500 0.843481
40600 0.842734
40700 0.84312
40800 0.843505
40900 0.842738
41000 0.843122
41100 0.843504
41200 0.843883
41300 0.843051
41400 0.842343
41500 0.842723
41600 0.841755
41700 0.840983
41800 0.841364
41900 0.841742
42000 0.842119
42100 0.841188
42200 0.841564
42300 0.840804
42400 0.838821
42500 0.836847
42600 0.836244
42700 0.834286
42800 0.832336
42900 0.831375
43000 0.830721
43100 0.830162
43200 0.829468
43300 0.828845
43400 0.82924
43500 0.829632
43600 0.830023
43700 0.829359
43800 0.829749
43900 0.828975
44000 0.828364
44100 0.827438
44200 0.827828
44300 0.826998
44400 0.826329
44500 0.824472
44600 0.824865
44700 0.823915
44800 0.822076
44900 0.821336
45000 0.821733
45100 0.821109
45200 0.821504
45300 0.821898
45400 0.822291
45500 0.821363
45600 0.821754
45700 0.821313
45800 0.821703
45900 0.822092
46000 0.821348
46100 0.821735
46200 0.822121
46300 0.822505
46400 0.822888
46500 0.822151
46600 0.821545
46700 0.821927
46800 0.822308
46900 0.822687
47000 0.823064
47100 0.823439
47200 0.823814
47300 0.822072
47400 0.822447
47500 0.820716
47600 0.821092
47700 0.821468
47800 0.820732
47900 0.821106
48000 0.821479
48100 0.820832
48200 0.821203
48300 0.821573
48400 0.821012
48500 0.820433
48600 0.820802
48700 0.82117
48800 0.820451
48900 0.820818
49000 0.821184
49100 0.821548
49200 0.821077
49300 0.82144
49400 0.821802
49500 0.822162
49600 0.821552
49700 0.821911
49800 0.821265
49900 0.821623
