100 0.61
200 0.47
300 0.56
400 0.54
500 0.57
600 0.62
700 0.64
800 0.53
900 0.6
1000 0.59
1100 0.71
1200 0.73
1300 0.6
1400 0.67
1500 0.6
1600 0.67
1700 0.62
1800 0.66
1900 0.67
2000 0.73
2100 0.77
2200 0.72
2300 0.73
2400 0.69
2500 0.6
2600 0.66
2700 0.67
2800 0.71
2900 0.7
3000 0.65
3100 0.64
3200 0.59
3300 0.68
3400 0.65
3500 0.64
3600 0.62
3700 0.65
3800 0.8
3900 0.65
4000 0.74
4100 0.69
4200 0.78
4300 0.59
4400 0.7
4500 0.75
4600 0.69
4700 0.75
4800 0.79
4900 0.68
5000 0.77
5100 0.71
5200 0.7
5300 0.66
5400 0.69
5500 0.63
5600 0.57
5700 0.57
5800 0.71
5900 0.63
6000 0.56
6100 0.6
6200 0.52
6300 0.6
6400 0.64
6500 0.62
6600 0.58
6700 0.67
6800 0.63
6900 0.68
7000 0.62
7100 0.7
7200 0.73
7300 0.68
7400 0.6
7500 0.65
7600 0.73
7700 0.68
7800 0.65
7900 0.7
8000 0.66
8100 0.69
8200 0.71
8300 0.61
8400 0.52
8500 0.72
8600 0.76
8700 0.69
8800 0.66
8900 0.7
9000 0.76
9100 0.68
9200 0.68
9300 0.67
9400 0.75
9500 0.77
9600 0.65
9700 0.74
9800 0.68
9900 0.7
10000 0.69
10100 0.83
10200 0.78
10300 0.84
10400 0.74
10500 0.72
10600 0.81
10700 0.72
10800 0.73
10900 0.8
11000 0.7
11100 0.68
11200 0.65
11300 0.55
11400 0.73
11500 0.7
11600 0.66
11700 0.72
11800 0.63
11900 0.77
12000 0.75
12100 0.66
12200 0.74
12300 0.78
12400 0.74
12500 0.76
12600 0.59
12700 0.68
12800 0.69
12900 0.69
13000 0.78
13100 0.71
13200 0.82
13300 0.67
13400 0.79
13500 0.79
13600 0.81
13700 0.76
13800 0.75
13900 0.76
14000 0.79
14100 0.71
14200 0.73
14300 0.72
14400 0.8
14500 0.71
14600 0.78
14700 0.76
14800 0.76
14900 0.66
15000 0.74
15100 0.81
15200 0.58
15300 0.67
15400 0.75
15500 0.72
15600 0.68
15700 0.72
15800 0.7
15900 0.7
16000 0.72
16100 0.69
16200 0.76
16300 0.75
16400 0.73
16500 0.72
16600 0.77
16700 0.75
16800 0.73
16900 0.78
17000 0.77
17100 0.66
17200 0.63
17300 0.74
17400 0.66
17500 0.71
17600 0.74
17700 0.73
17800 0.7
17900 0.71
18000 0.67
18100 0.68
18200 0.74
18300 0.66
18400 0.76
18500 0.76
18600 0.74
18700 0.66
18800 0.73
18900 0.7
19000 0.79
19100 0.68
19200 0.76
19300 0.64
19400 0.69
19500 0.7
19600 0.74
19700 0.65
19800 0.77
19900 0.78
20000 0.69
20100 0.73
20200 0.73
20300 0.75
20400 0.66
20500 0.73
20600 0.76
20700 0.7
20800 0.64
20900 0.74
21000 0.74
21100 0.65
21200 0.73
21300 0.67
21400 0.77
21500 0.65
21600 0.72
21700 0.68
21800 0.75
21900 0.78
22000 0.76
22100 0.7
22200 0.67
22300 0.75
22400 0.68
22500 0.6
22600 0.67
22700 0.71
22800 0.59
22900 0.66
23000 0.72
23100 0.72
23200 0.53
23300 0.6
23400 0.62
23500 0.63
23600 0.68
23700 0.64
23800 0.62
23900 0.77
24000 0.74
24100 0.72
24200 0.75
24300 0.68
24400 0.74
24500 0.72
24600 0.64
24700 0.64
24800 0.55
24900 0.65
25000 0.62
25100 0.61
25200 0.69
25300 0.6
25400 0.63
25500 0.67
25600 0.75
25700 0.68
25800 0.75
25900 0.63
26000 0.74
26100 0.74
26200 0.78
26300 0.72
26400 0.83
26500 0.78
26600 0.73
26700 0.76
26800 0.71
26900 0.62
27000 0.68
27100 0.69
27200 0.74
27300 0.63
27400 0.67
27500 0.71
27600 0.73
27700 0.72
27800 0.68
27900 0.69
28000 0.69
28100 0.6
28200 0.67
28300 0.65
28400 0.71
28500 0.75
28600 0.75
28700 0.71
28800 0.63
28900 0.72
29000 0.74
29100 0.67
29200 0.77
29300 0.79
29400 0.69
29500 0.76
29600 0.77
29700 0.68
29800 0.77
29900 0.71
30000 0.75
30100 0.76
30200 0.73
30300 0.68
30400 0.71
30500 0.66
30600 0.7
30700 0.69
30800 0.67
30900 0.71
31000 0.7
31100 0.75
31200 0.79
31300 0.64
31400 0.7
31500 0.74
31600 0.84
31700 0.65
31800 0.67
31900 0.73
32000 0.66
32100 0.71
32200 0.66
32300 0.69
32400 0.66
32500 0.77
32600 0.65
32700 0.66
32800 0.75
32900 0.67
33000 0.72
33100 0.73
33200 0.68
33300 0.72
33400 0.7
33500 0.69
33600 0.74
33700 0.69
33800 0.72
33900 0.76
34000 0.76
34100 0.78
34200 0.78
34300 0.68
34400 0.71
34500 0.73
34600 0.73
34700 0.75
34800 0.64
34900 0.69
35000 0.72
35100 0.65
35200 0.73
35300 0.63
35400 0.71
35500 0.74
35600 0.66
35700 0.74
35800 0.71
35900 0.75
36000 0.71
36100 0.77
36200 0.66
36300 0.76
36400 0.76
36500 0.67
36600 0.72
36700 0.73
36800 0.67
36900 0.64
37000 0.73
37100 0.68
37200 0.69
37300 0.76
37400 0.76
37500 0.74
37600 0.76
37700 0.72
37800 0.74
37900 0.72
38000 0.73
38100 0.7
38200 0.77
38300 0.72
38400 0.71
38500 0.74
38600 0.8
38700 0.8
38800 0.7
38900 0.69
39000 0.75
39100 0.75
39200 0.69
39300 0.83
39400 0.72
39500 0.74
39600 0.69
39700 0.71
39800 0.77
39900 0.6
40000 0.68
40100 0.69
40200 0.73
40300 0.74
40400 0.68
40500 0.65
40600 0.69
40700 0.71
40800 0.68
40900 0.71
41000 0.72
41100 0.78
41200 0.76
41300 0.69
41400 0.66
41500 0.68
41600 0.66
41700 0.79
41800 0.74
41900 0.7
42000 0.75
42100 0.7
42200 0.67
42300 0.78
42400 0.72
42500 0.72
42600 0.69
42700 0.8
42800 0.85
42900 0.86
43000 0.68
43100 0.8
43200 0.71
43300 0.7
43400 0.75
43500 0.78
43600 0.8
43700 0.77
43800 0.75
43900 0.81
44000 0.77
44100 0.81
44200 0.71
44300 0.72
44400 0.71
44500 0.65
44600 0.73
44700 0.74
44800 0.78
44900 0.75
45000 0.77
45100 0.73
45200 0.69
45300 0.77
45400 0.74
45500 0.69
45600 0.77
45700 0.74
45800 0.75
45900 0.87
46000 0.75
46100 0.7
46200 0.8
46300 0.82
46400 0.76
46500 0.75
46600 0.85
46700 0.85
46800 0.71
46900 0.71
47000 0.69
47100 0.78
47200 0.77
47300 0.69
47400 0.76
47500 0.7
47600 0.77
47700 0.75
47800 0.71
47900 0.74
48000 0.73
48100 0.74
48200 0.82
48300 0.75
48400 0.74
48500 0.73
48600 0.74
48700 0.75
48800 0.73
48900 0.82
49000 0.7
49100 0.73
49200 0.74
49300 0.75
49400 0.75
49500 0.73
49600 0.75
49700 0.72
49800 0.67
49900 0.78
