100 0.55
200 0.535
300 0.533333
400 0.5225
500 0.544
600 0.535
700 0.542857
800 0.54625
900 0.551111
1000 0.552
1100 0.557273
1200 0.5675
1300 0.569231
1400 0.575
1500 0.578667
1600 0.5775
1700 0.581765
1800 0.587778
1900 0.590526
2000 0.5935
2100 0.59381
2200 0.593636
2300 0.593043
2400 0.591667
2500 0.5952
2600 0.594615
2700 0.598519
2800 0.6
2900 0.603448
3000 0.608
3100 0.612903
3200 0.614688
3300 0.616061
3400 0.618824
3500 0.622857
3600 0.622222
3700 0.621892
3800 0.626842
3900 0.628974
4000 0.63275
4100 0.634878
4200 0.637857
4300 0.639302
4400 0.641364
4500 0.641111
4600 0.641087
4700 0.643191
4800 0.645
4900 0.647551
5000 0.6486
5100 0.650392
5200 0.651731
5300 0.652264
5400 0.652407
5500 0.652545
5600 0.651607
5700 0.652632
5800 0.653966
5900 0.655085
6000 0.653333
6100 0.652623
6200 0.655161
6300 0.656984
6400 0.658281
6500 0.660154
6600 0.660455
6700 0.660597
6800 0.661912
6900 0.663768
7000 0.664714
7100 0.665352
7200 0.66625
7300 0.667534
7400 0.668243
7500 0.668133
7600 0.669605
7700 0.671039
7800 0.670769
7900 0.671772
8000 0.672875
8100 0.672963
8200 0.673902
8300 0.674699
8400 0.674881
8500 0.674
8600 0.67593
8700 0.676667
8800 0.676477
8900 0.676292
9000 0.676111
9100 0.676484
9200 0.676522
9300 0.677097
9400 0.676702
9500 0.677579
9600 0.678646
9700 0.67866
9800 0.678878
9900 0.67899
10000 0.6793
10100 0.678119
10200 0.677451
10300 0.677961
10400 0.678558
10500 0.677333
10600 0.677642
10700 0.67757
10800 0.678241
10900 0.678349
11000 0.678455
11100 0.678198
11200 0.678304
11300 0.677434
11400 0.678333
11500 0.677913
11600 0.678534
11700 0.679231
11800 0.679492
11900 0.679496
12000 0.67925
12100 0.679421
12200 0.679508
12300 0.679675
12400 0.679919
12500 0.67976
12600 0.679762
12700 0.680157
12800 0.681094
12900 0.68155
13000 0.681615
13100 0.680992
13200 0.680682
13300 0.680451
13400 0.680448
13500 0.681111
13600 0.680882
13700 0.681387
13800 0.680652
13900 0.68036
14000 0.680214
14100 0.680284
14200 0.680493
14300 0.680979
14400 0.682014
14500 0.682207
14600 0.68226
14700 0.682449
14800 0.683446
14900 0.683826
15000 0.684533
15100 0.684967
15200 0.684211
15300 0.68451
15400 0.68461
15500 0.68529
15600 0.685513
15700 0.686242
15800 0.686835
15900 0.687547
16000 0.68825
16100 0.688634
16200 0.688765
16300 0.689202
16400 0.689695
16500 0.690182
16600 0.690904
16700 0.691557
16800 0.691845
16900 0.692071
17000 0.692588
17100 0.692924
17200 0.693256
17300 0.693353
17400 0.693621
17500 0.694229
17600 0.694659
17700 0.695141
17800 0.69573
17900 0.696369
18000 0.696
18100 0.696188
18200 0.696374
18300 0.696557
18400 0.696902
18500 0.696865
18600 0.696613
18700 0.696684
18800 0.696862
18900 0.696878
19000 0.697
19100 0.697068
19200 0.697292
19300 0.697927
19400 0.698557
19500 0.698462
19600 0.69898
19700 0.699391
19800 0.699242
19900 0.699497
20000 0.69985
20100 0.70005
20200 0.700644
20300 0.700887
20400 0.701225
20500 0.701805
20600 0.702282
20700 0.70256
20800 0.702885
20900 0.703397
21000 0.703333
21100 0.703555
21200 0.703632
21300 0.703474
21400 0.703785
21500 0.704
21600 0.704352
21700 0.704332
21800 0.704771
21900 0.704703
22000 0.705182
22100 0.705475
22200 0.70545
22300 0.705202
22400 0.705446
22500 0.705067
22600 0.704779
22700 0.704581
22800 0.704561
22900 0.704367
23000 0.704261
23100 0.704113
23200 0.704224
23300 0.704335
23400 0.704188
23500 0.704043
23600 0.703941
23700 0.704093
23800 0.704244
23900 0.70431
24000 0.704625
24100 0.704564
24200 0.704628
24300 0.704486
24400 0.704139
24500 0.704163
24600 0.704146
24700 0.703806
24800 0.704032
24900 0.704257
25000 0.70416
25100 0.704303
25200 0.704484
25300 0.704427
25400 0.704646
25500 0.704941
25600 0.705234
25700 0.705019
25800 0.704806
25900 0.704749
26000 0.704846
26100 0.705211
26200 0.705305
26300 0.705361
26400 0.705265
26500 0.705283
26600 0.705226
26700 0.704944
26800 0.705037
26900 0.705167
27000 0.705074
27100 0.704982
27200 0.705
27300 0.704762
27400 0.704781
27500 0.704909
27600 0.704855
27700 0.704693
27800 0.704856
27900 0.704624
28000 0.70475
28100 0.704662
28200 0.704752
28300 0.704947
28400 0.705106
28500 0.705193
28600 0.705455
28700 0.705331
28800 0.705556
28900 0.705709
29000 0.706
29100 0.705704
29200 0.705651
29300 0.705939
29400 0.705918
29500 0.705864
29600 0.706115
29700 0.706364
29800 0.706644
29900 0.706856
30000 0.707167
30100 0.707409
30200 0.707616
30300 0.707723
30400 0.707566
30500 0.707443
30600 0.707778
30700 0.707362
30800 0.707695
30900 0.70767
31000 0.707839
31100 0.708006
31200 0.708333
31300 0.708594
31400 0.708694
31500 0.70873
31600 0.708987
31700 0.709117
31800 0.709434
31900 0.709436
32000 0.70975
32100 0.709751
32200 0.710062
32300 0.710279
32400 0.710278
32500 0.710523
32600 0.710675
32700 0.710765
32800 0.710823
32900 0.710881
33000 0.711061
33100 0.711239
33200 0.711325
33300 0.711321
33400 0.711347
33500 0.711463
33600 0.711518
33700 0.71178
33800 0.711598
33900 0.711504
34000 0.711559
34100 0.711584
34200 0.71155
34300 0.711516
34400 0.711512
34500 0.711565
34600 0.711734
34700 0.711556
34800 0.711638
34900 0.711633
35000 0.711829
35100 0.711937
35200 0.712017
35300 0.712153
35400 0.712034
35500 0.712113
35600 0.712528
35700 0.712661
35800 0.712626
35900 0.712618
36000 0.712667
36100 0.712687
36200 0.712873
36300 0.712865
36400 0.713049
36500 0.713096
36600 0.713415
36700 0.713624
36800 0.713723
36900 0.713821
37000 0.714108
37100 0.714043
37200 0.71414
37300 0.714129
37400 0.714198
37500 0.714267
37600 0.714441
37700 0.714483
37800 0.714339
37900 0.714248
38000 0.714132
38100 0.714121
38200 0.713927
38300 0.714151
38400 0.714297
38500 0.714338
38600 0.714352
38700 0.714625
38800 0.714562
38900 0.714627
39000 0.714769
39100 0.714987
39200 0.715179
39300 0.714987
39400 0.715025
39500 0.714962
39600 0.715101
39700 0.715063
39800 0.714975
39900 0.714912
40000 0.715075
40100 0.715137
40200 0.715224
40300 0.715285
40400 0.715371
40500 0.715531
40600 0.71569
40700 0.715676
40800 0.715686
40900 0.715452
41000 0.715366
41100 0.715401
41200 0.715437
41300 0.715593
41400 0.715483
41500 0.715542
41600 0.715361
41700 0.715372
41800 0.715287
41900 0.715274
42000 0.71531
42100 0.715249
42200 0.715403
42300 0.71539
42400 0.715472
42500 0.715553
42600 0.715399
42700 0.715597
42800 0.715631
42900 0.715804
43000 0.716
43100 0.716148
43200 0.716181
43300 0.716074
43400 0.715991
43500 0.715885
43600 0.715642
43700 0.715584
43800 0.715708
43900 0.715877
44000 0.715977
44100 0.716145
44200 0.716041
44300 0.716163
44400 0.716216
44500 0.71618
44600 0.71639
44700 0.716443
44800 0.716562
44900 0.716682
45000 0.716578
45100 0.716652
45200 0.716659
45300 0.716799
45400 0.717026
45500 0.717231
45600 0.717368
45700 0.717615
45800 0.717773
45900 0.717865
46000 0.718043
46100 0.718134
46200 0.718312
46300 0.718229
46400 0.718297
46500 0.718344
46600 0.718519
46700 0.718394
46800 0.718504
46900 0.718635
47000 0.718702
47100 0.718747
47200 0.718877
47300 0.718964
47400 0.719051
47500 0.719116
47600 0.719097
47700 0.719182
47800 0.719331
47900 0.719457
48000 0.719583
48100 0.719688
48200 0.719606
48300 0.719689
48400 0.719814
48500 0.719876
48600 0.720041
48700 0.720144
48800 0.720287
48900 0.720327
49000 0.720347
49100 0.72055
49200 0.72065
49300 0.720629
49400 0.720668
49500 0.720828
49600 0.720927
49700 0.720865
49800 0.720803
49900 0.720882
