100 0.61
200 0.54
300 0.546667
400 0.545
500 0.55
600 0.561667
700 0.572857
800 0.5675
900 0.571111
1000 0.573
1100 0.585455
1200 0.5975
1300 0.597692
1400 0.602857
1500 0.602667
1600 0.606875
1700 0.607647
1800 0.610556
1900 0.613684
2000 0.6195
2100 0.626667
2200 0.630909
2300 0.635217
2400 0.6375
2500 0.636
2600 0.636923
2700 0.638148
2800 0.640714
2900 0.642759
3000 0.643
3100 0.642903
3200 0.64125
3300 0.642424
3400 0.642647
3500 0.642571
3600 0.641944
3700 0.642162
3800 0.646316
3900 0.64641
4000 0.64875
4100 0.649756
4200 0.652857
4300 0.651395
4400 0.6525
4500 0.654667
4600 0.655435
4700 0.657447
4800 0.660208
4900 0.660612
5000 0.6628
5100 0.663725
5200 0.664423
5300 0.66434
5400 0.664815
5500 0.664182
5600 0.6625
5700 0.660877
5800 0.661724
5900 0.661186
6000 0.6595
6100 0.658525
6200 0.65629
6300 0.655397
6400 0.655156
6500 0.654615
6600 0.653485
6700 0.653731
6800 0.653382
6900 0.653768
7000 0.653286
7100 0.653944
7200 0.655
7300 0.655342
7400 0.654595
7500 0.654533
7600 0.655526
7700 0.655844
7800 0.655769
7900 0.656329
8000 0.656375
8100 0.65679
8200 0.657439
8300 0.656867
8400 0.655238
8500 0.656
8600 0.657209
8700 0.657586
8800 0.657614
8900 0.65809
9000 0.659222
9100 0.659451
9200 0.659674
9300 0.659785
9400 0.660745
9500 0.661895
9600 0.661771
9700 0.662577
9800 0.662755
9900 0.663131
10000 0.6634
10100 0.66505
10200 0.666176
10300 0.667864
10400 0.668558
10500 0.669048
10600 0.670377
10700 0.670841
10800 0.671389
10900 0.672569
11000 0.672818
11100 0.672883
11200 0.672679
11300 0.671593
11400 0.672105
11500 0.672348
11600 0.672241
11700 0.67265
11800 0.672288
11900 0.673109
12000 0.67375
12100 0.673636
12200 0.67418
12300 0.675041
12400 0.675565
12500 0.67624
12600 0.675556
12700 0.675591
12800 0.675703
12900 0.675814
13000 0.676615
13100 0.67687
13200 0.677955
13300 0.677895
13400 0.678731
13500 0.679556
13600 0.680515
13700 0.681095
13800 0.681594
13900 0.682158
14000 0.682929
14100 0.683121
14200 0.683451
14300 0.683706
14400 0.684514
14500 0.68469
14600 0.685342
14700 0.68585
14800 0.686351
14900 0.686174
15000 0.686533
15100 0.687351
15200 0.686645
15300 0.686536
15400 0.686948
15500 0.687161
15600 0.687115
15700 0.687325
15800 0.687405
15900 0.687484
16000 0.687688
16100 0.687702
16200 0.688148
16300 0.688528
16400 0.68878
16500 0.68897
16600 0.689458
16700 0.68982
16800 0.69006
16900 0.690592
17000 0.691059
17100 0.690877
17200 0.690523
17300 0.690809
17400 0.690632
17500 0.690743
17600 0.691023
17700 0.691243
17800 0.691292
17900 0.691397
18000 0.691278
18100 0.691215
18200 0.691484
18300 0.691311
18400 0.691685
18500 0.692054
18600 0.692312
18700 0.692139
18800 0.69234
18900 0.692381
19000 0.692895
19100 0.692827
19200 0.693177
19300 0.692902
19400 0.692887
19500 0.692923
19600 0.693163
19700 0.692944
19800 0.693333
19900 0.693769
20000 0.69375
20100 0.69393
20200 0.694109
20300 0.694384
20400 0.694216
20500 0.69439
20600 0.694709
20700 0.694734
20800 0.694471
20900 0.694689
21000 0.694905
21100 0.694692
21200 0.694858
21300 0.694742
21400 0.695093
21500 0.694884
21600 0.695
21700 0.694931
21800 0.695183
21900 0.695571
22000 0.695864
22100 0.695882
22200 0.695766
22300 0.696009
22400 0.695937
22500 0.695511
22600 0.695398
22700 0.695463
22800 0.695
22900 0.694847
23000 0.694957
23100 0.695065
23200 0.694353
23300 0.693948
23400 0.693632
23500 0.693362
23600 0.693305
23700 0.69308
23800 0.692773
23900 0.693096
24000 0.693292
24100 0.693402
24200 0.693636
24300 0.69358
24400 0.69377
24500 0.693878
24600 0.693659
24700 0.693441
24800 0.692863
24900 0.692691
25000 0.6924
25100 0.692072
25200 0.692063
25300 0.6917
25400 0.691457
25500 0.691373
25600 0.691602
25700 0.691556
25800 0.691783
25900 0.691544
26000 0.691731
26100 0.691916
26200 0.692252
26300 0.692357
26400 0.692879
26500 0.693208
26600 0.693346
26700 0.693596
26800 0.693657
26900 0.693383
27000 0.693333
27100 0.693321
27200 0.693493
27300 0.69326
27400 0.693175
27500 0.693236
27600 0.69337
27700 0.693466
27800 0.693417
27900 0.693405
28000 0.693393
28100 0.69306
28200 0.692979
28300 0.692827
28400 0.692887
28500 0.693088
28600 0.693287
28700 0.693345
28800 0.693125
28900 0.693218
29000 0.693379
29100 0.693299
29200 0.693562
29300 0.693891
29400 0.693878
29500 0.694102
29600 0.694358
29700 0.69431
29800 0.694564
29900 0.694615
30000 0.6948
30100 0.695017
30200 0.695132
30300 0.695083
30400 0.695132
30500 0.695016
30600 0.695033
30700 0.695016
30800 0.694935
30900 0.694984
31000 0.695
31100 0.695177
31200 0.695481
31300 0.695304
31400 0.695318
31500 0.69546
31600 0.695918
31700 0.695773
31800 0.695692
31900 0.695799
32000 0.695688
32100 0.695732
32200 0.695621
32300 0.695604
32400 0.695494
32500 0.695723
32600 0.695583
32700 0.695474
32800 0.69564
32900 0.695562
33000 0.695636
33100 0.69574
33200 0.695693
33300 0.695766
33400 0.695778
33500 0.695761
33600 0.695893
33700 0.695875
33800 0.695947
33900 0.696136
34000 0.696324
34100 0.696569
34200 0.696813
34300 0.696764
34400 0.696802
34500 0.696899
34600 0.696994
34700 0.697147
34800 0.696983
34900 0.696963
35000 0.697029
35100 0.696895
35200 0.696989
35300 0.696799
35400 0.696836
35500 0.696958
35600 0.696854
35700 0.696975
35800 0.697011
35900 0.697159
36000 0.697194
36100 0.697396
36200 0.697293
36300 0.697466
36400 0.697637
36500 0.697562
36600 0.697623
36700 0.697711
36800 0.697636
36900 0.69748
37000 0.697568
37100 0.69752
37200 0.6975
37300 0.697668
37400 0.697834
37500 0.697947
37600 0.698112
37700 0.69817
37800 0.69828
37900 0.698338
38000 0.698421
38100 0.698425
38200 0.698613
38300 0.698668
38400 0.698698
38500 0.698805
38600 0.699067
38700 0.699328
38800 0.69933
38900 0.699306
39000 0.699436
39100 0.699565
39200 0.699541
39300 0.699873
39400 0.699924
39500 0.700025
39600 0.7
39700 0.700025
39800 0.700201
39900 0.69995
40000 0.6999
40100 0.699875
40200 0.69995
40300 0.70005
40400 0.7
40500 0.699877
40600 0.699852
40700 0.699877
40800 0.699828
40900 0.699853
41000 0.699902
41100 0.700097
41200 0.700243
41300 0.700218
41400 0.700121
41500 0.700072
41600 0.699976
41700 0.700192
41800 0.700287
41900 0.700286
42000 0.700405
42100 0.700404
42200 0.700332
42300 0.70052
42400 0.700566
42500 0.700612
42600 0.700587
42700 0.70082
42800 0.701168
42900 0.701538
43000 0.701488
43100 0.701717
43200 0.701736
43300 0.701732
43400 0.701843
43500 0.702023
43600 0.702248
43700 0.702403
43800 0.702511
43900 0.702756
44000 0.702909
44100 0.703152
44200 0.703167
44300 0.703205
44400 0.703221
44500 0.703101
44600 0.703161
44700 0.703244
44800 0.703415
44900 0.703519
45000 0.703667
45100 0.703725
45200 0.703695
45300 0.703841
45400 0.703921
45500 0.70389
45600 0.704035
45700 0.704114
45800 0.704214
45900 0.704575
46000 0.704674
46100 0.704664
46200 0.70487
46300 0.705119
46400 0.705237
46500 0.705333
46600 0.705644
46700 0.705953
46800 0.705962
46900 0.70597
47000 0.705936
47100 0.706093
47200 0.706229
47300 0.706195
47400 0.706308
47500 0.706295
47600 0.706429
47700 0.70652
47800 0.706527
47900 0.706597
48000 0.706646
48100 0.706715
48200 0.70695
48300 0.707039
48400 0.707107
48500 0.707155
48600 0.707222
48700 0.70731
48800 0.707357
48900 0.707587
49000 0.707571
49100 0.707617
49200 0.707683
49300 0.707769
49400 0.707854
49500 0.707899
49600 0.707984
49700 0.708008
49800 0.707932
49900 0.708076
