100 0
200 0.51
300 1
400 0.58
500 0.54
600 1
700 1
800 1
900 0.48
1000 1
1100 0.5
1200 1
1300 1
1400 1
1500 0
1600 0.47
1700 1
1800 0
1900 1
2000 1
2100 0.48
2200 1
2300 0
2400 1
2500 0.48
2600 1
2700 0.43
2800 1
2900 0.49
3000 0.43
3100 1
3200 0
3300 1
3400 1
3500 0
3600 1
3700 1
3800 1
3900 1
4000 0.46
4100 1
4200 0.51
4300 0.54
4400 1
4500 1
4600 0.44
4700 1
4800 1
4900 0.5
5000 0.5
5100 0.47
5200 1
5300 1
5400 1
5500 0.49
5600 0.55
5700 0
5800 1
5900 1
6000 1
6100 1
6200 0.54
6300 0
6400 0.51
6500 0.49
6600 0
6700 0
6800 0.46
6900 0.5
7000 0
7100 0.5
7200 1
7300 0.48
7400 0.48
7500 1
7600 1
7700 1
7800 0
7900 1
8000 1
8100 0.57
8200 0.45
8300 1
8400 1
8500 0.59
8600 1
8700 1
8800 1
8900 1
9000 1
9100 1
9200 1
9300 0.44
9400 1
9500 1
9600 1
9700 1
9800 1
9900 1
10000 1
10100 1
10200 1
10300 1
10400 1
10500 0.46
10600 1
10700 1
10800 1
10900 1
11000 0.52
11100 0.55
11200 1
11300 1
11400 1
11500 0
11600 1
11700 1
11800 1
11900 1
12000 1
12100 1
12200 1
12300 1
12400 1
12500 1
12600 1
12700 0.62
12800 1
12900 0.49
13000 1
13100 0.45
13200 1
13300 1
13400 0.46
13500 1
13600 1
13700 0.55
13800 1
13900 0.45
14000 0.5
14100 0
14200 1
14300 1
14400 1
14500 1
14600 1
14700 1
14800 1
14900 1
15000 1
15100 0.55
15200 1
15300 1
15400 1
15500 1
15600 1
15700 1
15800 0.4
15900 1
16000 1
16100 1
16200 1
16300 1
16400 1
16500 1
16600 1
16700 0.53
16800 1
16900 1
17000 1
17100 1
17200 1
17300 0.52
17400 1
17500 1
17600 1
17700 1
17800 1
17900 1
18000 1
18100 1
18200 1
18300 0.5
18400 1
18500 1
18600 1
18700 1
18800 1
18900 1
19000 1
19100 1
19200 1
19300 1
19400 1
19500 1
19600 1
19700 1
19800 1
19900 1
20000 1
20100 1
20200 1
20300 1
20400 1
20500 0.44
20600 1
20700 1
20800 1
20900 1
21000 1
21100 1
21200 1
21300 1
21400 1
21500 1
21600 1
21700 1
21800 1
21900 1
22000 1
22100 1
22200 1
22300 1
22400 1
22500 1
22600 1
22700 1
22800 1
22900 1
23000 1
23100 1
23200 1
23300 1
23400 1
23500 0.46
23600 1
23700 1
23800 1
23900 1
24000 1
24100 1
24200 1
24300 0.52
24400 1
24500 1
24600 1
24700 1
24800 0.53
24900 1
25000 1
25100 1
25200 1
25300 1
25400 1
25500 1
25600 1
25700 1
25800 1
25900 1
26000 1
26100 1
26200 1
26300 1
26400 1
26500 1
26600 1
26700 1
26800 1
26900 1
27000 1
27100 1
27200 1
27300 1
27400 1
27500 1
27600 1
27700 1
27800 1
27900 1
28000 1
28100 1
28200 1
28300 1
28400 1
28500 1
28600 1
28700 0.45
28800 1
28900 1
29000 1
29100 1
29200 1
29300 0.56
29400 1
29500 1
29600 1
29700 1
29800 1
29900 1
30000 1
30100 1
30200 1
30300 1
30400 1
30500 0.52
30600 1
30700 0.49
30800 1
30900 0.48
31000 1
31100 0.48
31200 0.43
31300 1
31400 1
31500 1
31600 1
31700 1
31800 1
31900 1
32000 0.44
32100 0.52
32200 0
32300 0.43
32400 1
32500 1
32600 1
32700 1
32800 1
32900 1
33000 1
33100 1
33200 1
33300 1
33400 0.52
33500 1
33600 0.47
33700 0.48
33800 1
33900 1
34000 0.44
34100 0.45
34200 1
34300 1
34400 1
34500 1
34600 1
34700 1
34800 1
34900 1
35000 1
35100 1
35200 1
35300 0.52
35400 1
35500 1
35600 1
35700 1
35800 1
35900 1
36000 0.44
36100 1
36200 1
36300 1
36400 1
36500 0.49
36600 1
36700 0.49
36800 1
36900 0.53
37000 1
37100 0.55
37200 1
37300 1
37400 1
37500 1
37600 0.62
37700 1
37800 1
37900 1
38000 1
38100 1
38200 1
38300 1
38400 1
38500 0
38600 1
38700 0
38800 1
38900 1
39000 0.5
39100 0
39200 1
39300 0.52
39400 0.43
39500 1
39600 1
39700 0.53
39800 1
39900 1
40000 1
40100 0.53
40200 0.47
40300 1
40400 0.52
40500 0.51
40600 1
40700 1
40800 0.49
40900 1
41000 1
41100 1
41200 0
41300 0.58
41400 1
41500 1
41600 1
41700 1
41800 1
41900 1
42000 1
42100 1
42200 1
42300 1
42400 0.53
42500 1
42600 1
42700 0.53
42800 1
42900 1
43000 1
43100 1
43200 1
43300 1
43400 1
43500 1
43600 1
43700 1
43800 1
43900 1
44000 1
44100 1
44200 1
44300 1
44400 1
44500 1
44600 1
44700 1
44800 1
44900 1
45000 1
45100 1
45200 1
45300 1
45400 1
45500 1
45600 1
45700 1
45800 0.56
45900 0.45
46000 1
46100 1
46200 1
46300 1
46400 1
46500 0.58
46600 1
46700 0.38
46800 0.48
46900 0.5
47000 0.62
47100 1
47200 0.52
47300 0
47400 0
47500 0
47600 1
47700 1
47800 0.54
47900 0.46
48000 1
48100 0.51
48200 0.45
48300 1
48400 1
48500 1
48600 0.56
48700 0.49
48800 1
48900 0.56
49000 1
49100 0.56
49200 0.52
49300 0.56
49400 0.44
49500 1
49600 1
49700 1
49800 1
49900 1
