100 0
200 0
300 0
400 0
500 0.2
600 0.166667
700 0.285714
800 0.25
900 0.333333
1000 0.4
1100 0.363636
1200 0.380833
1300 0.428462
1400 0.431429
1500 0.437333
1600 0.4725
1700 0.503529
1800 0.531111
1900 0.555789
2000 0.578
2100 0.598095
2200 0.616364
2300 0.633043
2400 0.648333
2500 0.6624
2600 0.675385
2700 0.687407
2800 0.698571
2900 0.708966
3000 0.718667
3100 0.727742
3200 0.73625
3300 0.744242
3400 0.751765
3500 0.758857
3600 0.765556
3700 0.744865
3800 0.751579
3900 0.757949
4000 0.764
4100 0.757561
4200 0.763333
4300 0.768837
4400 0.774091
4500 0.779111
4600 0.783913
4700 0.788511
4800 0.792917
4900 0.797143
5000 0.8012
5100 0.805098
5200 0.808846
5300 0.812453
5400 0.815926
5500 0.819273
5600 0.8225
5700 0.825614
5800 0.828621
5900 0.823729
6000 0.819
6100 0.821967
6200 0.824839
6300 0.827619
6400 0.822031
6500 0.824769
6600 0.820152
6700 0.822836
6800 0.818235
6900 0.82087
7000 0.823429
7100 0.819577
7200 0.822083
7300 0.824521
7400 0.813378
7500 0.808533
7600 0.811053
7700 0.807143
7800 0.809615
7900 0.806456
8000 0.808875
8100 0.811235
8200 0.813537
8300 0.803735
8400 0.80119
8500 0.803529
8600 0.805814
8700 0.808046
8800 0.810227
8900 0.81236
9000 0.814444
9100 0.811538
9200 0.813587
9300 0.815591
9400 0.817553
9500 0.819474
9600 0.821354
9700 0.823196
9800 0.819898
9900 0.821717
10000 0.8135
10100 0.810396
10200 0.812255
10300 0.814078
10400 0.815865
10500 0.817619
10600 0.81934
10700 0.821028
10800 0.822685
10900 0.824312
11000 0.820818
11100 0.822432
11200 0.824018
11300 0.820885
11400 0.817807
11500 0.815043
11600 0.816638
11700 0.818205
11800 0.819746
11900 0.817395
12000 0.815083
12100 0.812893
12200 0.810082
12300 0.811626
12400 0.813145
12500 0.81048
12600 0.811984
12700 0.808898
12800 0.810391
12900 0.81186
13000 0.813308
13100 0.814733
13200 0.816136
13300 0.817519
13400 0.818881
13500 0.820222
13600 0.817941
13700 0.81927
13800 0.82058
13900 0.821871
14000 0.823143
14100 0.824397
14200 0.825634
14300 0.826853
14400 0.828056
14500 0.829241
14600 0.830411
14700 0.831565
14800 0.830068
14900 0.831208
15000 0.8294
15100 0.83053
15200 0.831645
15300 0.832745
15400 0.830779
15500 0.82871
15600 0.829808
15700 0.830892
15800 0.831962
15900 0.833019
16000 0.834063
16100 0.835093
16200 0.836111
16300 0.837117
16400 0.83811
16500 0.839091
16600 0.837229
16700 0.838204
16800 0.839167
16900 0.840118
17000 0.841059
17100 0.841988
17200 0.842907
17300 0.843815
17400 0.844713
17500 0.8456
17600 0.846477
17700 0.847345
17800 0.848202
17900 0.84905
18000 0.849889
18100 0.848232
18200 0.849066
18300 0.849891
18400 0.850707
18500 0.851514
18600 0.852312
18700 0.853102
18800 0.853883
18900 0.854656
19000 0.855421
19100 0.856178
19200 0.856927
19300 0.857668
19400 0.858402
19500 0.859128
19600 0.859847
19700 0.860558
19800 0.858889
19900 0.859598
20000 0.8603
20100 0.860995
20200 0.861683
20300 0.862365
20400 0.863039
20500 0.863707
20600 0.864369
20700 0.865024
20800 0.865673
20900 0.866316
21000 0.866952
21100 0.867583
21200 0.868208
21300 0.868826
21400 0.869439
21500 0.870047
21600 0.868241
21700 0.866544
21800 0.867156
21900 0.867763
22000 0.868364
22100 0.868959
22200 0.86955
22300 0.867937
22400 0.868527
22500 0.869111
22600 0.86969
22700 0.870264
22800 0.868904
22900 0.869476
23000 0.868043
23100 0.868615
23200 0.864871
23300 0.861159
23400 0.861752
23500 0.860085
23600 0.860678
23700 0.859367
23800 0.859958
23900 0.860544
24000 0.861125
24100 0.861701
24200 0.862273
24300 0.860947
24400 0.861516
24500 0.862082
24600 0.862642
24700 0.860931
24800 0.861492
24900 0.86008
25000 0.85844
25100 0.859004
25200 0.859563
25300 0.858024
25400 0.858583
25500 0.859137
25600 0.859688
25700 0.85821
25800 0.85876
25900 0.857413
26000 0.857962
26100 0.856705
26200 0.857252
26300 0.857795
26400 0.858333
26500 0.858868
26600 0.859398
26700 0.859925
26800 0.860448
26900 0.860967
27000 0.859556
27100 0.860074
27200 0.860588
27300 0.859048
27400 0.857628
27500 0.858145
27600 0.858659
27700 0.85917
27800 0.859676
27900 0.858459
28000 0.855393
28100 0.854306
28200 0.854823
28300 0.853569
28400 0.854085
28500 0.852877
28600 0.851643
28700 0.848676
28800 0.8475
28900 0.848028
29000 0.848552
29100 0.849072
29200 0.849589
29300 0.848055
29400 0.84517
29500 0.844305
29600 0.843243
29700 0.841953
29800 0.842483
29900 0.84301
30000 0.842
30100 0.842525
30200 0.843046
30300 0.843564
30400 0.844079
30500 0.84459
30600 0.845098
30700 0.845603
30800 0.846104
30900 0.846602
31000 0.847097
31100 0.847588
31200 0.848077
31300 0.848562
31400 0.849045
31500 0.849524
31600 0.85
31700 0.850473
31800 0.850943
31900 0.851411
32000 0.851875
32100 0.852336
32200 0.852795
32300 0.853251
32400 0.853704
32500 0.854154
32600 0.854601
32700 0.855046
32800 0.855488
32900 0.855927
33000 0.856364
33100 0.856798
33200 0.857229
33300 0.857658
33400 0.858084
33500 0.858507
33600 0.858929
33700 0.859347
33800 0.859763
33900 0.860177
34000 0.860588
34100 0.860997
34200 0.861404
34300 0.861808
34400 0.862209
34500 0.862609
34600 0.863006
34700 0.863401
34800 0.863793
34900 0.864183
35000 0.864571
35100 0.864957
35200 0.865341
35300 0.865722
35400 0.866102
35500 0.866479
35600 0.866854
35700 0.867227
35800 0.867598
35900 0.867967
36000 0.868333
36100 0.868698
36200 0.869061
36300 0.869421
36400 0.86978
36500 0.870137
36600 0.870492
36700 0.870845
36800 0.871196
36900 0.871545
37000 0.871892
37100 0.872237
37200 0.872581
37300 0.872922
37400 0.873262
37500 0.8736
37600 0.873936
37700 0.874271
37800 0.874603
37900 0.873536
38000 0.873868
38100 0.874199
38200 0.874529
38300 0.874856
38400 0.875182
38500 0.875506
38600 0.875829
38700 0.87615
38800 0.876469
38900 0.876787
39000 0.877103
39100 0.876113
39200 0.876429
39300 0.876743
39400 0.874518
39500 0.873595
39600 0.872626
39700 0.872947
39800 0.87191
39900 0.872231
40000 0.87255
40100 0.872868
40200 0.873184
40300 0.873499
40400 0.873812
40500 0.872593
40600 0.872906
40700 0.871867
40800 0.86973
40900 0.870049
41000 0.870366
41100 0.870681
41200 0.870995
41300 0.870145
41400 0.870459
41500 0.869639
41600 0.869952
41700 0.869209
41800 0.868397
41900 0.868711
42000 0.869024
42100 0.869335
42200 0.869645
42300 0.869953
42400 0.870259
42500 0.870565
42600 0.870869
42700 0.871171
42800 0.871472
42900 0.871772
43000 0.87207
43100 0.872367
43200 0.872662
43300 0.872956
43400 0.873249
43500 0.87354
43600 0.87383
43700 0.873066
43800 0.873356
43900 0.873645
44000 0.873932
44100 0.874218
44200 0.874502
44300 0.874786
44400 0.875068
44500 0.875348
44600 0.875628
44700 0.875906
44800 0.876183
44900 0.876459
45000 0.876733
45100 0.877007
45200 0.877279
45300 0.87755
45400 0.877819
45500 0.878088
45600 0.878355
45700 0.878621
45800 0.878886
45900 0.87915
46000 0.879413
46100 0.879675
46200 0.879935
46300 0.880194
46400 0.880453
46500 0.88071
46600 0.880966
46700 0.881221
46800 0.881474
46900 0.881727
47000 0.881979
47100 0.882229
47200 0.882479
47300 0.882727
47400 0.882975
47500 0.883221
47600 0.883466
47700 0.883711
47800 0.883954
47900 0.884196
48000 0.884437
48100 0.884678
48200 0.884917
48300 0.885155
48400 0.885393
48500 0.885629
48600 0.885864
48700 0.886099
48800 0.886332
48900 0.886564
49000 0.886796
49100 0.887026
49200 0.886199
49300 0.885375
49400 0.885607
49500 0.883818
49600 0.883044
49700 0.88328
49800 0.883514
49900 0.883747
