100 0.51
200 0.58
300 0.6
400 0.59
500 0.67
600 0.77
700 0.76
800 0.64
900 0.76
1000 0.56
1100 0.64
1200 0.75
1300 0.75
1400 0.64
1500 0.67
1600 0.71
1700 0.63
1800 0.62
1900 0.64
2000 0.6
2100 0.67
2200 0.72
2300 0.66
2400 0.74
2500 0.81
2600 0.79
2700 0.65
2800 0.74
2900 0.74
3000 0.74
3100 0.78
3200 0.76
3300 0.71
3400 0.64
3500 0.73
3600 0.77
3700 0.71
3800 0.61
3900 0.52
4000 0.7
4100 0.6
4200 0.65
4300 0.6
4400 0.56
4500 0.59
4600 0.61
4700 0.6
4800 0.75
4900 0.7
5000 0.72
5100 0.7
5200 0.77
5300 0.74
5400 0.62
5500 0.63
5600 0.69
5700 0.66
5800 0.81
5900 0.69
6000 0.72
6100 0.71
6200 0.68
6300 0.72
6400 0.68
6500 0.72
6600 0.73
6700 0.72
6800 0.75
6900 0.71
7000 0.73
7100 0.76
7200 0.7
7300 0.77
7400 0.69
7500 0.73
7600 0.69
7700 0.64
7800 0.73
7900 0.69
8000 0.68
8100 0.67
8200 0.64
8300 0.61
8400 0.76
8500 0.7
8600 0.82
8700 0.78
8800 0.79
8900 0.77
9000 0.88
9100 0.72
9200 0.75
9300 0.72
9400 0.76
9500 0.76
9600 0.75
9700 0.77
9800 0.71
9900 0.78
10000 0.78
10100 0.84
10200 0.76
10300 0.72
10400 0.78
10500 0.79
10600 0.79
10700 0.78
10800 0.74
10900 0.79
11000 0.76
11100 0.72
11200 0.75
11300 0.73
11400 0.8
11500 0.76
11600 0.76
11700 0.72
11800 0.74
11900 0.77
12000 0.71
12100 0.79
12200 0.82
12300 0.66
12400 0.71
12500 0.76
12600 0.74
12700 0.81
12800 0.64
12900 0.71
13000 0.73
13100 0.76
13200 0.71
13300 0.75
13400 0.76
13500 0.75
13600 0.71
13700 0.74
13800 0.76
13900 0.76
14000 0.72
14100 0.68
14200 0.7
14300 0.65
14400 0.56
14500 0.61
14600 0.67
14700 0.65
14800 0.79
14900 0.76
15000 0.67
15100 0.76
15200 0.73
15300 0.74
15400 0.72
15500 0.67
15600 0.73
15700 0.72
15800 0.65
15900 0.72
16000 0.77
16100 0.71
16200 0.73
16300 0.59
16400 0.66
16500 0.75
16600 0.69
16700 0.76
16800 0.75
16900 0.69
17000 0.78
17100 0.62
17200 0.63
17300 0.73
17400 0.7
17500 0.71
17600 0.63
17700 0.68
17800 0.79
17900 0.69
18000 0.64
18100 0.62
18200 0.67
18300 0.77
18400 0.67
18500 0.71
18600 0.76
18700 0.75
18800 0.7
18900 0.76
19000 0.7
19100 0.75
19200 0.63
19300 0.69
19400 0.73
19500 0.77
19600 0.73
19700 0.67
19800 0.67
19900 0.73
20000 0.77
20100 0.68
20200 0.74
20300 0.76
20400 0.75
20500 0.67
20600 0.61
20700 0.72
20800 0.7
20900 0.68
21000 0.77
21100 0.73
21200 0.74
21300 0.67
21400 0.83
21500 0.65
21600 0.74
21700 0.74
21800 0.7
21900 0.78
22000 0.77
22100 0.77
22200 0.76
22300 0.71
22400 0.76
22500 0.67
22600 0.81
22700 0.75
22800 0.76
22900 0.65
23000 0.77
23100 0.72
23200 0.78
23300 0.75
23400 0.64
23500 0.8
23600 0.8
23700 0.66
23800 0.73
23900 0.75
24000 0.69
24100 0.79
24200 0.72
24300 0.74
24400 0.78
24500 0.76
24600 0.8
24700 0.65
24800 0.68
24900 0.74
25000 0.73
25100 0.78
25200 0.77
25300 0.76
25400 0.71
25500 0.77
25600 0.69
25700 0.77
25800 0.78
25900 0.78
26000 0.73
26100 0.74
26200 0.73
26300 0.78
26400 0.74
26500 0.75
26600 0.72
26700 0.76
26800 0.69
26900 0.73
27000 0.77
27100 0.86
27200 0.74
27300 0.79
27400 0.83
27500 0.76
27600 0.74
27700 0.81
27800 0.73
27900 0.72
28000 0.72
28100 0.71
28200 0.77
28300 0.75
28400 0.71
28500 0.77
28600 0.73
28700 0.83
28800 0.71
28900 0.73
29000 0.74
29100 0.76
29200 0.81
29300 0.77
29400 0.87
29500 0.75
29600 0.8
29700 0.81
29800 0.77
29900 0.73
30000 0.79
30100 0.75
30200 0.82
30300 0.8
30400 0.71
30500 0.78
30600 0.78
30700 0.81
30800 0.81
30900 0.74
31000 0.84
31100 0.74
31200 0.82
31300 0.74
31400 0.76
31500 0.74
31600 0.79
31700 0.71
31800 0.67
31900 0.75
32000 0.75
32100 0.79
32200 0.66
32300 0.73
32400 0.78
32500 0.72
32600 0.72
32700 0.73
32800 0.65
32900 0.8
33000 0.71
33100 0.79
33200 0.72
33300 0.73
33400 0.76
33500 0.8
33600 0.78
33700 0.84
33800 0.69
33900 0.68
34000 0.68
34100 0.71
34200 0.69
34300 0.82
34400 0.71
34500 0.79
34600 0.75
34700 0.74
34800 0.78
34900 0.74
35000 0.8
35100 0.73
35200 0.77
35300 0.84
35400 0.75
35500 0.85
35600 0.81
35700 0.8
35800 0.7
35900 0.75
36000 0.75
36100 0.78
36200 0.79
36300 0.79
36400 0.83
36500 0.79
36600 0.79
36700 0.66
36800 0.78
36900 0.75
37000 0.78
37100 0.76
37200 0.82
37300 0.73
37400 0.75
37500 0.82
37600 0.72
37700 0.8
37800 0.75
37900 0.75
38000 0.67
38100 0.82
38200 0.79
38300 0.75
38400 0.7
38500 0.72
38600 0.74
38700 0.75
38800 0.73
38900 0.81
39000 0.81
39100 0.77
39200 0.77
39300 0.78
39400 0.78
39500 0.74
39600 0.77
39700 0.84
39800 0.76
39900 0.64
40000 0.67
40100 0.72
40200 0.69
40300 0.66
40400 0.81
40500 0.74
40600 0.79
40700 0.8
40800 0.74
40900 0.81
41000 0.77
41100 0.77
41200 0.81
41300 0.7
41400 0.79
41500 0.83
41600 0.76
41700 0.71
41800 0.79
41900 0.84
42000 0.71
42100 0.7
42200 0.78
42300 0.76
42400 0.72
42500 0.78
42600 0.74
42700 0.67
42800 0.75
42900 0.79
43000 0.81
43100 0.7
43200 0.71
43300 0.76
43400 0.82
43500 0.74
43600 0.77
43700 0.81
43800 0.74
43900 0.81
44000 0.71
44100 0.72
44200 0.77
44300 0.72
44400 0.79
44500 0.81
44600 0.75
44700 0.79
44800 0.72
44900 0.74
45000 0.73
45100 0.7
45200 0.57
45300 0.77
45400 0.74
45500 0.71
45600 0.77
45700 0.73
45800 0.78
45900 0.78
46000 0.8
46100 0.71
46200 0.7
46300 0.76
46400 0.8
46500 0.79
46600 0.8
46700 0.72
46800 0.71
46900 0.53
47000 0.86
47100 0.76
47200 0.69
47300 0.62
47400 0.59
47500 0.78
47600 0.8
47700 0.76
47800 0.78
47900 0.81
48000 0.75
48100 0.76
48200 0.69
48300 0.74
48400 0.8
48500 0.79
48600 0.8
48700 0.83
48800 0.71
48900 0.68
49000 0.62
49100 0.79
49200 0.73
49300 0.77
49400 0.73
49500 0.76
49600 0.7
49700 0.65
49800 0.69
49900 0.76
