100 0.526
200 0.534
300 0.5466666
400 0.5565
500 0.5772
600 0.5873334
700 0.6
800 0.60175
900 0.6091110000000001
1000 0.6075999999999999
1100 0.6132728000000001
1200 0.6226668
1300 0.6249230000000001
1400 0.6297141999999999
1500 0.6290668
1600 0.631125
1700 0.6323527999999999
1800 0.6338889999999999
1900 0.6365262
2000 0.6384000000000001
2100 0.6402857999999999
2200 0.6420908000000001
2300 0.6432173999999999
2400 0.6450002
2500 0.6475199999999999
2600 0.6490769999999999
2700 0.6491852
2800 0.6499286
2900 0.6526898
3000 0.6538
3100 0.6561934
3200 0.657875
3300 0.6573938000000001
3400 0.656647
3500 0.6582856
3600 0.6588332
3700 0.6591351999999999
3800 0.6612104000000001
3900 0.6606152
4000 0.6618
4100 0.6619512000000001
4200 0.6629523999999999
4300 0.663023
4400 0.6630456
4500 0.663289
4600 0.6638262
4700 0.6642977999999999
4800 0.6658332
4900 0.6671020000000001
5000 0.66704
5100 0.667686
5200 0.6685
5300 0.6690944
5400 0.6695556
5500 0.6689454
5600 0.6690716
5700 0.6687368
5800 0.6696207999999999
5900 0.6698644
6000 0.6691999999999999
6100 0.6694756000000001
6200 0.6698064
6300 0.6702857999999999
6400 0.6708437999999999
6500 0.6709229999999999
6600 0.6706365999999999
6700 0.670776
6800 0.671294
6900 0.6718552000000001
7000 0.6721144000000001
7100 0.6730704000000001
7200 0.6737499999999998
7300 0.6743558000000001
7400 0.6744595999999999
7500 0.6749066
7600 0.6754474
7700 0.6758702000000001
7800 0.6752819999999999
7900 0.6754935999999999
8000 0.6759000000000001
8100 0.6763703999999999
8200 0.676878
8300 0.6766264
8400 0.6769286
8500 0.6771528
8600 0.6782790000000001
8700 0.6788276
8800 0.6790682
8900 0.6794832
9000 0.6802444000000001
9100 0.6803958
9200 0.6806956
9300 0.6810107999999999
9400 0.6813828
9500 0.6819580000000001
9600 0.6822710000000001
9700 0.682433
9800 0.6826532000000001
9900 0.6829494
10000 0.6833400000000001
10100 0.6836238000000001
10200 0.6838824
10300 0.6843884
10400 0.6848078
10500 0.6848382000000001
10600 0.6856982
10700 0.6861306
10800 0.6868333999999999
10900 0.6872843999999999
11000 0.6874366
11100 0.6875316
11200 0.6876429999999999
11300 0.687416
11400 0.68807
11500 0.6882782
11600 0.6886378000000001
11700 0.6890258000000001
11800 0.6889829999999999
11900 0.6893276
12000 0.6896500000000001
12100 0.689851
12200 0.6902950000000001
12300 0.6904228
12400 0.690629
12500 0.6908799999999999
12600 0.6911748
12700 0.6914016
12800 0.6915625999999999
12900 0.6917674
13000 0.6921076
13100 0.6921374
13200 0.692303
13300 0.6925414
13400 0.692806
13500 0.6931406
13600 0.6932058
13700 0.6933722
13800 0.6935798000000001
13900 0.6935686000000001
14000 0.6933714
14100 0.6934895999999999
14200 0.6937466000000001
14300 0.6938742
14400 0.6940416
14500 0.6940278
14600 0.6940134
14700 0.6941904
14800 0.6947162
14900 0.6947248000000001
15000 0.6950132
15100 0.6954701999999999
15200 0.6953028
15300 0.6954508
15400 0.6956234
15500 0.695858
15600 0.696
15700 0.6963694
15800 0.6964682
15900 0.6967548
16000 0.6971252
16100 0.6971925999999999
16200 0.6974442
16300 0.6973986
16400 0.6974387999999999
16500 0.6975636
16600 0.6978072
16700 0.6980717999999999
16800 0.6982142
16900 0.6982486
17000 0.6985882000000001
17100 0.6983624
17200 0.6983836
17300 0.6985317999999999
17400 0.6986322
17500 0.6988802
17600 0.6988978
17700 0.6990396000000001
17800 0.6992246
17900 0.6994974
18000 0.6994224
18100 0.699304
18200 0.6995056
18300 0.6997376
18400 0.6998804
18500 0.7001082
18600 0.700258
18700 0.7005026
18800 0.7005852000000001
18900 0.7006666
19000 0.7008424
19100 0.7008586
19200 0.7009168000000001
19300 0.7011293999999999
19400 0.7014022
19500 0.7016924
19600 0.7018572
19700 0.7019797999999999
19800 0.702131
19900 0.702201
20000 0.7023400000000001
20100 0.7023581999999999
20200 0.7025842
20300 0.7027786
20400 0.702951
20500 0.7030928
20600 0.7032622
20700 0.7033814
20800 0.7035576000000001
20900 0.7037894
21000 0.7039332
21100 0.7040474000000001
21200 0.7041226
21300 0.7039905999999999
21400 0.7043269999999999
21500 0.7042698000000001
21600 0.7043980000000001
21700 0.7044702
21800 0.704642
21900 0.7048036
22000 0.7051364
22100 0.7053301999999999
22200 0.7054052
22300 0.705444
22400 0.7055355999999999
22500 0.7053512
22600 0.7053894
22700 0.7055154000000001
22800 0.7055878
22900 0.705476
23000 0.7055566
23100 0.7055064
23200 0.7055861999999999
23300 0.7056224
23400 0.7054016
23500 0.7053618
23600 0.7054918
23700 0.7055274
23800 0.7054958
23900 0.7056904
24000 0.7058418
24100 0.7059086
24200 0.705975
24300 0.7058848
24400 0.7059014
24500 0.7060082000000001
24600 0.7061464
24700 0.7060082
24800 0.705887
24900 0.7059438
25000 0.7059599999999999
25100 0.706048
25200 0.7060872
25300 0.706008
25400 0.7060000000000001
25500 0.7061489999999999
25600 0.706383
25700 0.7064122
25800 0.7065889999999999
25900 0.7066254000000001
26000 0.7066999999999999
26100 0.7069426000000001
26200 0.7070228000000001
26300 0.7071558
26400 0.7071590000000001
26500 0.7073284
26600 0.7073912000000001
26700 0.7074756000000001
26800 0.7075074
26900 0.7074795999999999
27000 0.7075259999999999
27100 0.7076606
27200 0.7077722
27300 0.7077582
27400 0.7077666
27500 0.7079489999999999
27600 0.7080146
27700 0.7080578
27800 0.7080718
27900 0.7080360000000001
28000 0.7081286
28100 0.7080782
28200 0.7081774000000001
28300 0.7082050000000001
28400 0.7082323999999999
28500 0.7083297999999999
28600 0.7084546
28700 0.7085296000000001
28800 0.7085625999999999
28900 0.7086228
29000 0.7086964
29100 0.7086874
29200 0.7088494
29300 0.7090036000000001
29400 0.7091022
29500 0.709234
29600 0.7093444
29700 0.709441
29800 0.7095436
29900 0.7095986
30000 0.7097334
30100 0.7098804000000001
30200 0.7100859999999999
30300 0.7101850000000001
30400 0.7101252
30500 0.7101442
30600 0.7103659999999999
30700 0.7103909999999999
30800 0.7105195999999999
30900 0.7106406
31000 0.7107096
31100 0.710849
31200 0.7110062
31300 0.711029
31400 0.7110762
31500 0.7111872000000001
31600 0.7113862
31700 0.711388
31800 0.711459
31900 0.7114420000000001
32000 0.7115562000000001
32100 0.7116198
32200 0.7116210000000001
32300 0.7116532
32400 0.7116174
32500 0.7117416000000001
32600 0.7116686000000001
32700 0.7116391999999999
32800 0.711634
32900 0.7117324
33000 0.7117758000000001
33100 0.7118672
33200 0.7118916
33300 0.7118618
33400 0.7119637999999999
33500 0.7120596
33600 0.7121548
33700 0.7122728
33800 0.7122721999999999
33900 0.7122360000000001
34000 0.712253
34100 0.7123814
34200 0.7124094000000001
34300 0.712513
34400 0.7125292
34500 0.7125912
34600 0.7126878
34700 0.7126165999999999
34800 0.7126437999999999
34900 0.7126934
35000 0.7128057999999999
35100 0.7128376000000001
35200 0.7129206
35300 0.7130254
35400 0.7131186
35500 0.7132396
35600 0.7133710000000001
35700 0.7135182
35800 0.7135364000000001
35900 0.7136153999999999
36000 0.7136
36100 0.7136898
36200 0.713779
36300 0.7138182
36400 0.7139667999999999
36500 0.714033
36600 0.7141366
36700 0.7141744000000001
36800 0.7142066
36900 0.7142221999999999
37000 0.7143406
37100 0.7143987999999999
37200 0.7145054
37300 0.7145256000000001
37400 0.7146201999999999
37500 0.714768
37600 0.7149042
37700 0.714955
37800 0.7150372
37900 0.7150714
38000 0.7150738000000001
38100 0.7151706
38200 0.7152306
38300 0.7153470000000001
38400 0.7153594000000001
38500 0.7153922
38600 0.7154764
38700 0.7155967999999999
38800 0.7156081999999999
38900 0.7156195999999999
39000 0.7156974
39100 0.7157441999999998
39200 0.7157296
39300 0.7157760000000001
39400 0.715873
39500 0.715919
39600 0.7160301999999998
39700 0.7160856000000001
39800 0.7161206
39900 0.7160451999999999
40000 0.7160150000000001
40100 0.7160746
40200 0.7161194
40300 0.7161687999999999
40400 0.7161336
40500 0.7161284
40600 0.7162267999999999
40700 0.7162752
40800 0.7163088
40900 0.7162982
41000 0.7162828
41100 0.7163501999999999
41200 0.716432
41300 0.7164068
41400 0.7163816
41500 0.716448
41600 0.7163752000000001
41700 0.7164653999999999
41800 0.716512
41900 0.7166012
42000 0.7166714000000001
42100 0.7166508
42200 0.7167062000000001
42300 0.7167186000000001
42400 0.716816
42500 0.7168564
42600 0.7168168
42700 0.7169272
42800 0.717028
42900 0.7171792
43000 0.7172791999999999
43100 0.7174012000000001
43200 0.7174214000000001
43300 0.7174594
43400 0.7175438000000001
43500 0.7175680000000001
43600 0.7175872
43700 0.7176202
43800 0.7176896
43900 0.7178129999999999
44000 0.7178726
44100 0.7180272000000001
44200 0.7180316
44300 0.718113
44400 0.7181712
44500 0.7181841999999999
44600 0.7182734
44700 0.7183178
44800 0.7184194
44900 0.7184275999999999
45000 0.7184
45100 0.7184302
45200 0.7183408
45300 0.7184548000000001
45400 0.7185374
45500 0.7186022
45600 0.7186972
45700 0.7187966
45800 0.7188733999999999
45900 0.7190458000000001
46000 0.7191172
46100 0.7191192
46200 0.7191342
46300 0.7192096
46400 0.7192714
46500 0.7193374
46600 0.7194377999999999
46700 0.7195159999999999
46800 0.7195726
46900 0.7195819999999999
47000 0.7196722
47100 0.7197366000000001
47200 0.7197796000000001
47300 0.7197760000000001
47400 0.7197933999999999
47500 0.7197936
47600 0.719832
47700 0.7198952000000001
47800 0.7198743999999999
47900 0.7199039999999999
48000 0.7199084
48100 0.7199544
48200 0.7200124
48300 0.7200952
48400 0.7201486
48500 0.7202102
48600 0.7202798
48700 0.7203902
48800 0.7203976
48900 0.7204374
49000 0.7204122
49100 0.720497
49200 0.7205486
49300 0.72058
49400 0.7205628
49500 0.7206665999999999
49600 0.7206896
49700 0.7206678
49800 0.7206064000000001
49900 0.7206134000000001
