100 0.49
200 0.57
300 0.5
400 0.5
500 0.54
600 0.63
700 0.45
800 0.55
900 0.52
1000 0.52
1100 0.51
1200 0.55
1300 0.5
1400 0.59
1500 0.53
1600 0.62
1700 0.49
1800 0.55
1900 0.55
2000 0.51
2100 0.5
2200 0.57
2300 0.48
2400 0.48
2500 0.41
2600 0.53
2700 0.44
2800 0.51
2900 0.53
3000 0.48
3100 0.51
3200 0.5
3300 0.63
3400 0.54
3500 0.55
3600 0.55
3700 0.47
3800 0.46
3900 0.54
4000 0.53
4100 0.52
4200 0.54
4300 0.63
4400 0.43
4500 0.52
4600 0.51
4700 0.5
4800 0.59
4900 0.52
5000 0.59
5100 0.53
5200 0.52
5300 0.55
5400 0.46
5500 0.54
5600 0.56
5700 0.52
5800 0.55
5900 0.58
6000 0.54
6100 0.53
6200 0.61
6300 0.58
6400 0.44
6500 0.65
6600 0.62
6700 0.61
6800 0.57
6900 0.52
7000 0.57
7100 0.54
7200 0.56
7300 0.44
7400 0.48
7500 0.6
7600 0.54
7700 0.35
7800 0.55
7900 0.52
8000 0.54
8100 0.51
8200 0.59
8300 0.49
8400 0.56
8500 0.5
8600 0.61
8700 0.52
8800 0.54
8900 0.55
9000 0.56
9100 0.51
9200 0.58
9300 0.49
9400 0.47
9500 0.53
9600 0.55
9700 0.53
9800 0.45
9900 0.5
10000 0.48
10100 0.56
10200 0.44
10300 0.49
10400 0.56
10500 0.47
10600 0.58
10700 0.46
10800 0.46
10900 0.58
11000 0.52
11100 0.43
11200 0.54
11300 0.5
11400 0.55
11500 0.56
11600 0.56
11700 0.57
11800 0.57
11900 0.51
12000 0.52
12100 0.52
12200 0.63
12300 0.5
12400 0.55
12500 0.5
12600 0.44
12700 0.49
12800 0.51
12900 0.52
13000 0.55
13100 0.45
13200 0.55
13300 0.47
13400 0.51
13500 0.51
13600 0.64
13700 0.49
13800 0.48
13900 0.52
14000 0.54
14100 0.51
14200 0.47
14300 0.46
14400 0.53
14500 0.46
14600 0.47
14700 0.56
14800 0.54
14900 0.49
15000 0.49
15100 0.51
15200 0.52
15300 0.55
15400 0.49
15500 0.51
15600 0.48
15700 0.5
15800 0.47
15900 0.52
16000 0.53
16100 0.53
16200 0.57
16300 0.5
16400 0.46
16500 0.57
16600 0.61
16700 0.54
16800 0.57
16900 0.53
17000 0.52
17100 0.53
17200 0.56
17300 0.56
17400 0.46
17500 0.53
17600 0.6
17700 0.48
17800 0.5
17900 0.5
18000 0.58
18100 0.59
18200 0.58
18300 0.47
18400 0.41
18500 0.54
18600 0.53
18700 0.55
18800 0.46
18900 0.52
19000 0.49
19100 0.55
19200 0.52
19300 0.56
19400 0.58
19500 0.52
19600 0.51
19700 0.59
19800 0.53
19900 0.51
20000 0.43
20100 0.5
20200 0.56
20300 0.5
20400 0.54
20500 0.51
20600 0.62
20700 0.48
20800 0.43
20900 0.52
21000 0.55
21100 0.58
21200 0.49
21300 0.53
21400 0.54
21500 0.48
21600 0.57
21700 0.58
21800 0.45
21900 0.5
22000 0.45
22100 0.52
22200 0.45
22300 0.54
22400 0.54
22500 0.53
22600 0.52
22700 0.54
22800 0.5
22900 0.48
23000 0.52
23100 0.49
23200 0.46
23300 0.45
23400 0.61
23500 0.51
23600 0.62
23700 0.54
23800 0.53
23900 0.46
24000 0.51
24100 0.51
24200 0.51
24300 0.61
24400 0.5
24500 0.42
24600 0.46
24700 0.53
24800 0.6
24900 0.45
25000 0.56
25100 0.57
25200 0.48
25300 0.58
25400 0.52
25500 0.51
25600 0.49
25700 0.67
25800 0.42
25900 0.53
26000 0.52
26100 0.58
26200 0.54
26300 0.45
26400 0.44
26500 0.45
26600 0.46
26700 0.53
26800 0.55
26900 0.45
27000 0.58
27100 0.55
27200 0.46
27300 0.53
27400 0.51
27500 0.56
27600 0.48
27700 0.5
27800 0.44
27900 0.51
28000 0.55
28100 0.48
28200 0.49
28300 0.51
28400 0.49
28500 0.54
28600 0.54
28700 0.52
28800 0.64
28900 0.47
29000 0.53
29100 0.5
29200 0.46
29300 0.52
29400 0.54
29500 0.54
29600 0.48
29700 0.5
29800 0.48
29900 0.48
30000 0.58
30100 0.51
30200 0.56
30300 0.49
30400 0.51
30500 0.58
30600 0.46
30700 0.54
30800 0.54
30900 0.46
31000 0.43
31100 0.5
31200 0.44
31300 0.58
31400 0.61
31500 0.47
31600 0.56
31700 0.49
31800 0.49
31900 0.44
32000 0.47
32100 0.46
32200 0.51
32300 0.51
32400 0.52
32500 0.57
32600 0.53
32700 0.52
32800 0.57
32900 0.55
33000 0.59
33100 0.48
33200 0.5
33300 0.43
33400 0.45
33500 0.49
33600 0.61
33700 0.57
33800 0.54
33900 0.5
34000 0.58
34100 0.5
34200 0.56
34300 0.56
34400 0.53
34500 0.56
34600 0.54
34700 0.44
34800 0.5
34900 0.56
35000 0.46
35100 0.52
35200 0.45
35300 0.53
35400 0.53
35500 0.62
35600 0.45
35700 0.61
35800 0.58
35900 0.43
36000 0.52
36100 0.52
36200 0.43
36300 0.45
36400 0.51
36500 0.57
36600 0.51
36700 0.53
36800 0.54
36900 0.6
37000 0.52
37100 0.44
37200 0.36
37300 0.49
37400 0.45
37500 0.5
37600 0.57
37700 0.51
37800 0.47
37900 0.6
38000 0.57
38100 0.53
38200 0.46
38300 0.45
38400 0.58
38500 0.48
38600 0.6
38700 0.58
38800 0.43
38900 0.56
39000 0.47
39100 0.4
39200 0.5
39300 0.49
39400 0.49
39500 0.64
39600 0.48
39700 0.56
39800 0.54
39900 0.54
40000 0.49
40100 0.6
40200 0.5
40300 0.47
40400 0.52
40500 0.5
40600 0.5
40700 0.56
40800 0.46
40900 0.52
41000 0.52
41100 0.54
41200 0.52
41300 0.52
41400 0.45
41500 0.5
41600 0.68
41700 0.53
41800 0.56
41900 0.45
42000 0.55
42100 0.64
42200 0.57
42300 0.55
42400 0.58
42500 0.56
42600 0.51
42700 0.48
42800 0.58
42900 0.42
43000 0.63
43100 0.6
43200 0.59
43300 0.49
43400 0.48
43500 0.53
43600 0.54
43700 0.57
43800 0.52
43900 0.47
44000 0.47
44100 0.51
44200 0.47
44300 0.65
44400 0.54
44500 0.58
44600 0.47
44700 0.58
44800 0.52
44900 0.47
45000 0.64
45100 0.51
45200 0.58
45300 0.58
45400 0.57
45500 0.52
45600 0.49
45700 0.49
45800 0.6
45900 0.45
46000 0.52
46100 0.5
46200 0.52
46300 0.44
46400 0.52
46500 0.53
46600 0.56
46700 0.54
46800 0.49
46900 0.52
47000 0.51
47100 0.54
47200 0.56
47300 0.54
47400 0.55
47500 0.57
47600 0.53
47700 0.62
47800 0.54
47900 0.55
48000 0.52
48100 0.58
48200 0.55
48300 0.51
48400 0.56
48500 0.39
48600 0.54
48700 0.49
48800 0.51
48900 0.49
49000 0.46
49100 0.54
49200 0.48
49300 0.47
49400 0.53
49500 0.51
49600 0.56
