100 0.56
200 0.485
300 0.47
400 0.49
500 0.498
600 0.518333
700 0.507143
800 0.5125
900 0.522222
1000 0.518
1100 0.525455
1200 0.535833
1300 0.532308
1400 0.53
1500 0.535333
1600 0.535625
1700 0.537059
1800 0.540556
1900 0.543158
2000 0.5405
2100 0.54381
2200 0.543182
2300 0.547391
2400 0.547917
2500 0.5484
2600 0.548462
2700 0.55
2800 0.551429
2900 0.552414
3000 0.554667
3100 0.553226
3200 0.549375
3300 0.550303
3400 0.549706
3500 0.552
3600 0.552778
3700 0.553784
3800 0.553684
3900 0.552051
4000 0.552
4100 0.551707
4200 0.551905
4300 0.550698
4400 0.550455
4500 0.550667
4600 0.552391
4700 0.551277
4800 0.55125
4900 0.552857
5000 0.5536
5100 0.552745
5200 0.553077
5300 0.553019
5400 0.551852
5500 0.550182
5600 0.551429
5700 0.551228
5800 0.551379
5900 0.550339
6000 0.550167
6100 0.549836
6200 0.550806
6300 0.549524
6400 0.548594
6500 0.548769
6600 0.549697
6700 0.549701
6800 0.55
6900 0.551449
7000 0.550286
7100 0.550423
7200 0.549722
7300 0.550685
7400 0.551892
7500 0.551733
7600 0.551316
7700 0.550779
7800 0.550769
7900 0.551139
8000 0.55175
8100 0.552963
8200 0.551707
8300 0.551807
8400 0.551071
8500 0.551412
8600 0.551163
8700 0.55092
8800 0.550114
8900 0.550112
9000 0.550778
9100 0.550989
9200 0.551196
9300 0.550645
9400 0.550532
9500 0.550526
9600 0.551146
9700 0.551134
9800 0.550918
9900 0.550808
10000 0.5503
10100 0.550396
10200 0.550882
10300 0.550971
10400 0.55125
10500 0.551333
10600 0.551981
10700 0.552243
10800 0.552315
10900 0.551835
11000 0.551636
11100 0.550811
11200 0.551071
11300 0.551239
11400 0.551667
11500 0.551913
11600 0.551897
11700 0.551966
11800 0.552119
11900 0.551429
12000 0.551083
12100 0.551736
12200 0.551885
12300 0.551951
12400 0.5525
12500 0.5528
12600 0.552778
12700 0.553543
12800 0.553906
12900 0.553333
13000 0.553231
13100 0.553206
13200 0.553939
13300 0.553759
13400 0.553657
13500 0.554222
13600 0.554338
13700 0.554453
13800 0.553913
13900 0.554101
14000 0.554071
14100 0.553972
14200 0.55338
14300 0.553427
14400 0.553264
14500 0.55331
14600 0.553288
14700 0.552993
14800 0.553176
14900 0.553691
15000 0.553133
15100 0.553709
15200 0.553355
15300 0.553333
15400 0.552922
15500 0.553419
15600 0.55391
15700 0.553312
15800 0.553797
15900 0.553585
16000 0.553125
16100 0.553851
16200 0.553642
16300 0.553742
16400 0.553841
16500 0.553697
16600 0.553614
16700 0.553353
16800 0.553333
16900 0.553787
17000 0.553765
17100 0.553509
17200 0.553488
17300 0.553988
17400 0.554023
17500 0.554286
17600 0.554034
17700 0.554407
17800 0.554213
17900 0.554358
18000 0.554167
18100 0.554309
18200 0.55456
18300 0.55459
18400 0.555
18500 0.554757
18600 0.555108
18700 0.554813
18800 0.554734
18900 0.554974
19000 0.555421
19100 0.555288
19200 0.554792
19300 0.555233
19400 0.555412
19500 0.555333
19600 0.555357
19700 0.555584
19800 0.555404
19900 0.554975
20000 0.555
20100 0.555075
20200 0.555396
20300 0.555567
20400 0.555343
20500 0.555512
20600 0.555243
20700 0.555362
20800 0.55524
20900 0.555263
21000 0.555048
21100 0.554834
21200 0.554858
21300 0.55493
21400 0.555047
21500 0.554791
21600 0.55463
21700 0.554332
21800 0.554128
21900 0.554429
22000 0.554136
22100 0.553801
22200 0.553874
22300 0.553812
22400 0.553616
22500 0.553644
22600 0.553717
22700 0.553789
22800 0.553772
22900 0.553886
23000 0.553739
23100 0.55368
23200 0.553707
23300 0.553648
23400 0.553632
23500 0.553404
23600 0.553475
23700 0.553376
23800 0.553193
23900 0.552929
24000 0.553042
24100 0.552863
24200 0.553099
24300 0.553169
24400 0.552992
24500 0.552898
24600 0.552805
24700 0.552915
24800 0.55254
24900 0.55249
25000 0.55276
25100 0.552629
25200 0.552738
25300 0.553162
25400 0.553189
25500 0.553216
25600 0.553086
25700 0.553191
25800 0.553411
25900 0.553591
26000 0.553192
26100 0.55318
26200 0.553511
26300 0.553764
26400 0.553902
26500 0.553962
26600 0.553872
26700 0.554045
26800 0.55403
26900 0.553829
27000 0.553889
27100 0.553948
27200 0.553897
27300 0.5537
27400 0.55365
27500 0.553309
27600 0.553116
27700 0.553321
27800 0.553129
27900 0.553226
28000 0.553107
28100 0.552989
28200 0.553262
28300 0.55318
28400 0.552993
28500 0.552947
28600 0.553042
28700 0.553171
28800 0.553472
28900 0.553668
29000 0.553586
29100 0.553883
29200 0.553938
29300 0.553993
29400 0.554082
29500 0.554475
29600 0.554392
29700 0.554579
29800 0.554497
29900 0.554214
30000 0.554233
30100 0.554219
30200 0.554305
30300 0.554389
30400 0.554638
30500 0.554525
30600 0.554346
30700 0.554625
30800 0.554675
30900 0.554531
31000 0.554677
31100 0.554469
31200 0.554423
31300 0.554249
31400 0.554268
31500 0.554
31600 0.553956
31700 0.554038
31800 0.554151
31900 0.554357
32000 0.554188
32100 0.55433
32200 0.554317
32300 0.554489
32400 0.554568
32500 0.554585
32600 0.554294
32700 0.554465
32800 0.554329
32900 0.554316
33000 0.554152
33100 0.553988
33200 0.553946
33300 0.553844
33400 0.553862
33500 0.553791
33600 0.55375
33700 0.553828
33800 0.553728
33900 0.553687
34000 0.553676
34100 0.553988
34200 0.553947
34300 0.553878
34400 0.553779
34500 0.554116
34600 0.553931
34700 0.55415
34800 0.554224
34900 0.554183
35000 0.554086
35100 0.554046
35200 0.554176
35300 0.554023
35400 0.553814
35500 0.553549
35600 0.553624
35700 0.553501
35800 0.553296
35900 0.553482
36000 0.553194
36100 0.553407
36200 0.553536
36300 0.553664
36400 0.553489
36500 0.553507
36600 0.553661
36700 0.553733
36800 0.553723
36900 0.553686
37000 0.554
37100 0.553935
37200 0.553978
37300 0.554021
37400 0.553797
37500 0.55376
37600 0.55383
37700 0.55382
37800 0.553783
37900 0.553799
38000 0.554132
38100 0.554147
38200 0.554188
38300 0.554151
38400 0.554193
38500 0.554052
38600 0.554041
38700 0.554289
38800 0.554407
38900 0.554524
39000 0.554436
39100 0.554783
39200 0.554592
39300 0.554656
39400 0.554924
39500 0.554987
39600 0.554874
39700 0.554937
39800 0.555126
39900 0.555238
40000 0.55535
40100 0.555411
40200 0.555373
40300 0.555484
40400 0.555619
40500 0.555827
40600 0.555837
40700 0.555823
40800 0.555858
40900 0.555892
41000 0.555951
41100 0.556034
41200 0.555898
41300 0.555714
41400 0.55587
41500 0.55588
41600 0.555913
41700 0.556043
41800 0.5561
41900 0.555967
42000 0.556048
42100 0.556081
42200 0.556114
42300 0.556028
42400 0.55592
42500 0.556024
42600 0.556221
42700 0.556159
42800 0.556238
42900 0.556364
43000 0.556395
43100 0.55652
43200 0.556435
43300 0.556351
43400 0.55629
43500 0.556391
43600 0.556147
43700 0.556224
43800 0.556256
43900 0.556378
44000 0.556182
44100 0.555941
44200 0.55595
44300 0.555959
44400 0.555856
44500 0.555843
44600 0.555673
44700 0.555548
44800 0.555692
44900 0.555724
45000 0.555778
45100 0.555965
45200 0.555996
45300 0.555982
45400 0.556101
45500 0.556132
45600 0.55625
45700 0.556368
45800 0.556376
45900 0.556296
46000 0.556283
46100 0.556182
46200 0.556255
46300 0.556242
46400 0.556164
46500 0.556258
46600 0.556373
46700 0.556167
46800 0.556325
46900 0.556354
47000 0.556532
47100 0.556667
47200 0.55678
47300 0.556765
47400 0.556772
47500 0.5568
47600 0.556786
47700 0.556751
47800 0.556904
47900 0.556994
48000 0.557063
48100 0.557277
48200 0.557303
48300 0.557205
48400 0.557149
48500 0.557258
48600 0.557243
48700 0.557331
48800 0.557336
48900 0.557342
49000 0.557408
49100 0.557373
49200 0.557256
49300 0.557424
49400 0.55751
49500 0.557556
49600 0.55756
