100 0.56
200 0.41
300 0.44
400 0.55
500 0.53
600 0.62
700 0.44
800 0.55
900 0.6
1000 0.48
1100 0.6
1200 0.65
1300 0.49
1400 0.5
1500 0.61
1600 0.54
1700 0.56
1800 0.6
1900 0.59
2000 0.49
2100 0.61
2200 0.53
2300 0.64
2400 0.56
2500 0.56
2600 0.55
2700 0.59
2800 0.59
2900 0.58
3000 0.62
3100 0.51
3200 0.43
3300 0.58
3400 0.53
3500 0.63
3600 0.58
3700 0.59
3800 0.55
3900 0.49
4000 0.55
4100 0.54
4200 0.56
4300 0.5
4400 0.54
4500 0.56
4600 0.63
4700 0.5
4800 0.55
4900 0.63
5000 0.59
5100 0.51
5200 0.57
5300 0.55
5400 0.49
5500 0.46
5600 0.62
5700 0.54
5800 0.56
5900 0.49
6000 0.54
6100 0.53
6200 0.61
6300 0.47
6400 0.49
6500 0.56
6600 0.61
6700 0.55
6800 0.57
6900 0.65
7000 0.47
7100 0.56
7200 0.5
7300 0.62
7400 0.64
7500 0.54
7600 0.52
7700 0.51
7800 0.55
7900 0.58
8000 0.6
8100 0.65
8200 0.45
8300 0.56
8400 0.49
8500 0.58
8600 0.53
8700 0.53
8800 0.48
8900 0.55
9000 0.61
9100 0.57
9200 0.57
9300 0.5
9400 0.54
9500 0.55
9600 0.61
9700 0.55
9800 0.53
9900 0.54
10000 0.5
10100 0.56
10200 0.6
10300 0.56
10400 0.58
10500 0.56
10600 0.62
10700 0.58
10800 0.56
10900 0.5
11000 0.53
11100 0.46
11200 0.58
11300 0.57
11400 0.6
11500 0.58
11600 0.55
11700 0.56
11800 0.57
11900 0.47
12000 0.51
12100 0.63
12200 0.57
12300 0.56
12400 0.62
12500 0.59
12600 0.55
12700 0.65
12800 0.6
12900 0.48
13000 0.54
13100 0.55
13200 0.65
13300 0.53
13400 0.54
13500 0.63
13600 0.57
13700 0.57
13800 0.48
13900 0.58
14000 0.55
14100 0.54
14200 0.47
14300 0.56
14400 0.53
14500 0.56
14600 0.55
14700 0.51
14800 0.58
14900 0.63
15000 0.47
15100 0.64
15200 0.5
15300 0.55
15400 0.49
15500 0.63
15600 0.63
15700 0.46
15800 0.63
15900 0.52
16000 0.48
16100 0.67
16200 0.52
16300 0.57
16400 0.57
16500 0.53
16600 0.54
16700 0.51
16800 0.55
16900 0.63
17000 0.55
17100 0.51
17200 0.55
17300 0.64
17400 0.56
17500 0.6
17600 0.51
17700 0.62
17800 0.52
17900 0.58
18000 0.52
18100 0.58
18200 0.6
18300 0.56
18400 0.63
18500 0.51
18600 0.62
18700 0.5
18800 0.54
18900 0.6
19000 0.64
19100 0.53
19200 0.46
19300 0.64
19400 0.59
19500 0.54
19600 0.56
19700 0.6
19800 0.52
19900 0.47
20000 0.56
20100 0.57
20200 0.62
20300 0.59
20400 0.51
20500 0.59
20600 0.5
20700 0.58
20800 0.53
20900 0.56
21000 0.51
21100 0.51
21200 0.56
21300 0.57
21400 0.58
21500 0.5
21600 0.52
21700 0.49
21800 0.51
21900 0.62
22000 0.49
22100 0.48
22200 0.57
22300 0.54
22400 0.51
22500 0.56
22600 0.57
22700 0.57
22800 0.55
22900 0.58
23000 0.52
23100 0.54
23200 0.56
23300 0.54
23400 0.55
23500 0.5
23600 0.57
23700 0.53
23800 0.51
23900 0.49
24000 0.58
24100 0.51
24200 0.61
24300 0.57
24400 0.51
24500 0.53
24600 0.53
24700 0.58
24800 0.46
24900 0.54
25000 0.62
25100 0.52
25200 0.58
25300 0.66
25400 0.56
25500 0.56
25600 0.52
25700 0.58
25800 0.61
25900 0.6
26000 0.45
26100 0.55
26200 0.64
26300 0.62
26400 0.59
26500 0.57
26600 0.53
26700 0.6
26800 0.55
26900 0.5
27000 0.57
27100 0.57
27200 0.54
27300 0.5
27400 0.54
27500 0.46
27600 0.5
27700 0.61
27800 0.5
27900 0.58
28000 0.52
28100 0.52
28200 0.63
28300 0.53
28400 0.5
28500 0.54
28600 0.58
28700 0.59
28800 0.64
28900 0.61
29000 0.53
29100 0.64
29200 0.57
29300 0.57
29400 0.58
29500 0.67
29600 0.53
29700 0.61
29800 0.53
29900 0.47
30000 0.56
30100 0.55
30200 0.58
30300 0.58
30400 0.63
30500 0.52
30600 0.5
30700 0.64
30800 0.57
30900 0.51
31000 0.6
31100 0.49
31200 0.54
31300 0.5
31400 0.56
31500 0.47
31600 0.54
31700 0.58
31800 0.59
31900 0.62
32000 0.5
32100 0.6
32200 0.55
32300 0.61
32400 0.58
32500 0.56
32600 0.46
32700 0.61
32800 0.51
32900 0.55
33000 0.5
33100 0.5
33200 0.54
33300 0.52
33400 0.56
33500 0.53
33600 0.54
33700 0.58
33800 0.52
33900 0.54
34000 0.55
34100 0.66
34200 0.54
34300 0.53
34400 0.52
34500 0.67
34600 0.49
34700 0.63
34800 0.58
34900 0.54
35000 0.52
35100 0.54
35200 0.6
35300 0.5
35400 0.48
35500 0.46
35600 0.58
35700 0.51
35800 0.48
35900 0.62
36000 0.45
36100 0.63
36200 0.6
36300 0.6
36400 0.49
36500 0.56
36600 0.61
36700 0.58
36800 0.55
36900 0.54
37000 0.67
37100 0.53
37200 0.57
37300 0.57
37400 0.47
37500 0.54
37600 0.58
37700 0.55
37800 0.54
37900 0.56
38000 0.68
38100 0.56
38200 0.57
38300 0.54
38400 0.57
38500 0.5
38600 0.55
38700 0.65
38800 0.6
38900 0.6
39000 0.52
39100 0.69
39200 0.48
39300 0.58
39400 0.66
39500 0.58
39600 0.51
39700 0.58
39800 0.63
39900 0.6
40000 0.6
40100 0.58
40200 0.54
40300 0.6
40400 0.61
40500 0.64
40600 0.56
40700 0.55
40800 0.57
40900 0.57
41000 0.58
41100 0.59
41200 0.5
41300 0.48
41400 0.62
41500 0.56
41600 0.57
41700 0.61
41800 0.58
41900 0.5
42000 0.59
42100 0.57
42200 0.57
42300 0.52
42400 0.51
42500 0.6
42600 0.64
42700 0.53
42800 0.59
42900 0.61
43000 0.57
43100 0.61
43200 0.52
43300 0.52
43400 0.53
43500 0.6
43600 0.45
43700 0.59
43800 0.57
43900 0.61
44000 0.47
44100 0.45
44200 0.56
44300 0.56
44400 0.51
44500 0.55
44600 0.48
44700 0.5
44800 0.62
44900 0.57
45000 0.58
45100 0.64
45200 0.57
45300 0.55
45400 0.61
45500 0.57
45600 0.61
45700 0.61
45800 0.56
45900 0.52
46000 0.55
46100 0.51
46200 0.59
46300 0.55
46400 0.52
46500 0.6
46600 0.61
46700 0.46
46800 0.63
46900 0.57
47000 0.64
47100 0.62
47200 0.61
47300 0.55
47400 0.56
47500 0.57
47600 0.55
47700 0.54
47800 0.63
47900 0.6
48000 0.59
48100 0.66
48200 0.57
48300 0.51
48400 0.53
48500 0.61
48600 0.55
48700 0.6
48800 0.56
48900 0.56
49000 0.59
49100 0.54
49200 0.5
49300 0.64
49400 0.6
49500 0.58
49600 0.56
