100 0.49
200 0.53
300 0.52
400 0.515
500 0.52
600 0.538333
700 0.525714
800 0.52875
900 0.527778
1000 0.527
1100 0.525455
1200 0.5275
1300 0.525385
1400 0.53
1500 0.53
1600 0.535625
1700 0.532941
1800 0.533889
1900 0.534737
2000 0.5335
2100 0.531905
2200 0.533636
2300 0.531304
2400 0.529167
2500 0.5244
2600 0.524615
2700 0.521481
2800 0.521071
2900 0.521379
3000 0.52
3100 0.519677
3200 0.519062
3300 0.522424
3400 0.522941
3500 0.523714
3600 0.524444
3700 0.522973
3800 0.521316
3900 0.521795
4000 0.522
4100 0.521951
4200 0.522381
4300 0.524884
4400 0.522727
4500 0.522667
4600 0.522391
4700 0.521915
4800 0.523333
4900 0.523265
5000 0.5246
5100 0.524706
5200 0.524615
5300 0.525094
5400 0.523889
5500 0.524182
5600 0.524821
5700 0.524737
5800 0.525172
5900 0.526102
6000 0.526333
6100 0.526393
6200 0.527742
6300 0.528571
6400 0.527188
6500 0.529077
6600 0.530455
6700 0.531642
6800 0.532206
6900 0.532029
7000 0.532571
7100 0.532676
7200 0.533056
7300 0.531781
7400 0.531081
7500 0.532
7600 0.532105
7700 0.52974
7800 0.53
7900 0.529873
8000 0.53
8100 0.529753
8200 0.530488
8300 0.53
8400 0.530357
8500 0.53
8600 0.53093
8700 0.530805
8800 0.530909
8900 0.531124
9000 0.531444
9100 0.531209
9200 0.531739
9300 0.53129
9400 0.530638
9500 0.530632
9600 0.530833
9700 0.530825
9800 0.53
9900 0.529697
10000 0.5292
10100 0.529505
10200 0.528627
10300 0.528252
10400 0.528558
10500 0.528
10600 0.528491
10700 0.52785
10800 0.527222
10900 0.527706
11000 0.527636
11100 0.526757
11200 0.526875
11300 0.526637
11400 0.526842
11500 0.52713
11600 0.527414
11700 0.527778
11800 0.528136
11900 0.527983
12000 0.527917
12100 0.527851
12200 0.528689
12300 0.528455
12400 0.528629
12500 0.5284
12600 0.527698
12700 0.527402
12800 0.527266
12900 0.527209
13000 0.527385
13100 0.526794
13200 0.52697
13300 0.526541
13400 0.526418
13500 0.526296
13600 0.527132
13700 0.526861
13800 0.526522
13900 0.526475
14000 0.526571
14100 0.526454
14200 0.526056
14300 0.525594
14400 0.525625
14500 0.525172
14600 0.524795
14700 0.525034
14800 0.525135
14900 0.524899
15000 0.524667
15100 0.52457
15200 0.524539
15300 0.524706
15400 0.524481
15500 0.524387
15600 0.524103
15700 0.523949
15800 0.523608
15900 0.523585
16000 0.523625
16100 0.523665
16200 0.523951
16300 0.523804
16400 0.523415
16500 0.523697
16600 0.524217
16700 0.524311
16800 0.524583
16900 0.524615
17000 0.524588
17100 0.52462
17200 0.524826
17300 0.525029
17400 0.524655
17500 0.524686
17600 0.525114
17700 0.524859
17800 0.524719
17900 0.524581
18000 0.524889
18100 0.525249
18200 0.525549
18300 0.525246
18400 0.52462
18500 0.524703
18600 0.524731
18700 0.524866
18800 0.524521
18900 0.524497
19000 0.524316
19100 0.52445
19200 0.524427
19300 0.524611
19400 0.524897
19500 0.524872
19600 0.524796
19700 0.525127
19800 0.525152
19900 0.525075
20000 0.5246
20100 0.524478
20200 0.524653
20300 0.524532
20400 0.524608
20500 0.524537
20600 0.525
20700 0.524783
20800 0.524327
20900 0.524306
21000 0.524429
21100 0.524692
21200 0.524528
21300 0.524554
21400 0.524626
21500 0.524419
21600 0.52463
21700 0.524885
21800 0.524541
21900 0.524429
22000 0.524091
22100 0.524072
22200 0.523739
22300 0.523812
22400 0.523884
22500 0.523911
22600 0.523894
22700 0.523965
22800 0.52386
22900 0.523668
23000 0.523652
23100 0.523506
23200 0.523233
23300 0.522918
23400 0.523291
23500 0.523234
23600 0.523644
23700 0.523713
23800 0.523739
23900 0.523473
24000 0.523417
24100 0.523361
24200 0.523306
24300 0.523663
24400 0.523566
24500 0.523143
24600 0.522886
24700 0.522915
24800 0.523226
24900 0.522932
25000 0.52308
25100 0.523267
25200 0.523095
25300 0.52332
25400 0.523307
25500 0.523255
25600 0.523125
25700 0.523696
25800 0.523295
25900 0.52332
26000 0.523308
26100 0.523525
26200 0.523588
26300 0.523308
26400 0.522992
26500 0.522717
26600 0.522481
26700 0.522509
26800 0.522612
26900 0.522342
27000 0.522556
27100 0.522657
27200 0.522426
27300 0.522454
27400 0.522409
27500 0.522545
27600 0.522391
27700 0.52231
27800 0.522014
27900 0.521971
28000 0.522071
28100 0.521922
28200 0.521809
28300 0.521767
28400 0.521655
28500 0.521719
28600 0.521783
28700 0.521777
28800 0.522188
28900 0.522007
29000 0.522034
29100 0.521959
29200 0.521747
29300 0.521741
29400 0.521803
29500 0.521864
29600 0.521723
29700 0.52165
29800 0.52151
29900 0.521371
30000 0.521567
30100 0.521528
30200 0.521656
30300 0.521551
30400 0.521513
30500 0.521705
30600 0.521503
30700 0.521564
30800 0.521623
30900 0.521424
31000 0.521129
31100 0.521061
31200 0.520801
31300 0.52099
31400 0.521274
31500 0.521111
31600 0.521234
31700 0.521136
31800 0.521038
31900 0.520784
32000 0.520625
32100 0.520436
32200 0.520404
32300 0.520372
32400 0.52037
32500 0.520523
32600 0.520552
32700 0.52055
32800 0.520701
32900 0.52079
33000 0.521
33100 0.520876
33200 0.520813
33300 0.520541
33400 0.520329
33500 0.520239
33600 0.520506
33700 0.520653
33800 0.52071
33900 0.520649
34000 0.520824
34100 0.520762
34200 0.520877
34300 0.520991
34400 0.521017
34500 0.52113
34600 0.521185
34700 0.520951
34800 0.520891
34900 0.521003
35000 0.520829
35100 0.520826
35200 0.520625
35300 0.520652
35400 0.520678
35500 0.520958
35600 0.520758
35700 0.521008
35800 0.521173
35900 0.520919
36000 0.520917
36100 0.520914
36200 0.520663
36300 0.520468
36400 0.52044
36500 0.520575
36600 0.520546
36700 0.520572
36800 0.520625
36900 0.52084
37000 0.520838
37100 0.52062
37200 0.520188
37300 0.520107
37400 0.51992
37500 0.519867
37600 0.52
37700 0.519973
37800 0.519841
37900 0.520053
38000 0.520184
38100 0.52021
38200 0.520052
38300 0.519869
38400 0.520026
38500 0.519922
38600 0.52013
38700 0.520284
38800 0.520052
38900 0.520154
39000 0.520026
39100 0.519719
39200 0.519668
39300 0.519593
39400 0.519518
39500 0.519823
39600 0.519722
39700 0.519824
39800 0.519874
39900 0.519925
40000 0.51985
40100 0.52005
40200 0.52
40300 0.519876
40400 0.519876
40500 0.519827
40600 0.519778
40700 0.519877
40800 0.51973
40900 0.519731
41000 0.519732
41100 0.519781
41200 0.519782
41300 0.519782
41400 0.519614
41500 0.519566
41600 0.519952
41700 0.519976
41800 0.520072
41900 0.519905
42000 0.519976
42100 0.520261
42200 0.520379
42300 0.520449
42400 0.52059
42500 0.520682
42600 0.520657
42700 0.520562
42800 0.520701
42900 0.520466
43000 0.520721
43100 0.520905
43200 0.521065
43300 0.520993
43400 0.520899
43500 0.52092
43600 0.520963
43700 0.521076
43800 0.521073
43900 0.520957
44000 0.520841
44100 0.520816
44200 0.520701
44300 0.520993
44400 0.521036
44500 0.521169
44600 0.521054
44700 0.521186
44800 0.521183
44900 0.521069
45000 0.521333
45100 0.521308
45200 0.521438
45300 0.521567
45400 0.521674
45500 0.52167
45600 0.521601
45700 0.521532
45800 0.521703
45900 0.521547
46000 0.521543
46100 0.521497
46200 0.521494
46300 0.521317
46400 0.521315
46500 0.521333
46600 0.521416
46700 0.521456
46800 0.521389
46900 0.521386
47000 0.521362
47100 0.521401
47200 0.521483
47300 0.521522
47400 0.521582
47500 0.521684
47600 0.521702
47700 0.521908
47800 0.521946
47900 0.522004
48000 0.522
48100 0.522121
48200 0.522178
48300 0.522153
48400 0.522231
48500 0.521959
48600 0.521996
48700 0.52193
48800 0.521906
48900 0.52184
49000 0.521714
49100 0.521752
49200 0.521667
49300 0.521562
49400 0.521579
49500 0.521556
49600 0.521633
