100 0.59
200 0.56
300 0.6
400 0.58
500 0.74
600 0.62
700 0.58
800 0.59
900 0.63
1000 0.57
1100 0.69
1200 0.51
1300 0.53
1400 0.58
1500 0.63
1600 0.53
1700 0.51
1800 0.53
1900 0.52
2000 0.61
2100 0.59
2200 0.6
2300 0.68
2400 0.61
2500 0.66
2600 0.63
2700 0.54
2800 0.61
2900 0.55
3000 0.53
3100 0.63
3200 0.54
3300 0.67
3400 0.57
3500 0.6
3600 0.53
3700 0.54
3800 0.67
3900 0.66
4000 0.63
4100 0.69
4200 0.6
4300 0.75
4400 0.79
4500 0.57
4600 0.66
4700 0.6
4800 0.55
4900 0.48
5000 0.47
5100 0.51
5200 0.54
5300 0.68
5400 0.61
5500 0.66
5600 0.64
5700 0.57
5800 0.54
5900 0.53
6000 0.59
6100 0.63
6200 0.69
6300 0.59
6400 0.64
6500 0.59
6600 0.66
6700 0.56
6800 0.61
6900 0.66
7000 0.7
7100 0.64
7200 0.59
7300 0.59
7400 0.53
7500 0.61
7600 0.51
7700 0.61
7800 0.49
7900 0.59
8000 0.51
8100 0.55
8200 0.64
8300 0.5
8400 0.48
8500 0.53
8600 0.42
8700 0.6
8800 0.58
8900 0.66
9000 0.52
9100 0.56
9200 0.62
9300 0.61
9400 0.54
9500 0.54
9600 0.65
9700 0.53
9800 0.55
9900 0.55
10000 0.53
10100 0.66
10200 0.56
10300 0.57
10400 0.57
10500 0.63
10600 0.68
10700 0.63
10800 0.46
10900 0.61
11000 0.53
11100 0.67
11200 0.65
11300 0.66
11400 0.6
11500 0.74
11600 0.57
11700 0.63
11800 0.68
11900 0.63
12000 0.65
12100 0.46
12200 0.58
12300 0.61
12400 0.67
12500 0.6
12600 0.47
12700 0.47
12800 0.68
12900 0.62
13000 0.65
13100 0.57
13200 0.69
13300 0.68
13400 0.53
13500 0.66
13600 0.59
13700 0.61
13800 0.65
13900 0.6
14000 0.55
14100 0.6
14200 0.56
14300 0.51
14400 0.58
14500 0.6
14600 0.53
14700 0.61
14800 0.66
14900 0.64
15000 0.68
15100 0.59
15200 0.56
15300 0.58
15400 0.67
15500 0.68
15600 0.65
15700 0.66
15800 0.61
15900 0.57
16000 0.53
16100 0.64
16200 0.75
16300 0.65
16400 0.54
16500 0.64
16600 0.69
16700 0.72
16800 0.53
16900 0.6
17000 0.57
17100 0.68
17200 0.61
17300 0.75
17400 0.58
17500 0.52
17600 0.53
17700 0.57
17800 0.55
17900 0.56
18000 0.59
18100 0.55
18200 0.58
18300 0.54
18400 0.67
18500 0.59
18600 0.62
18700 0.56
18800 0.48
18900 0.5
19000 0.61
19100 0.66
19200 0.44
19300 0.56
19400 0.57
19500 0.76
19600 0.64
19700 0.69
19800 0.61
19900 0.59
20000 0.55
20100 0.47
20200 0.57
20300 0.52
20400 0.59
20500 0.57
20600 0.61
20700 0.55
20800 0.57
20900 0.6
21000 0.51
21100 0.5
21200 0.42
21300 0.54
21400 0.46
21500 0.46
21600 0.46
21700 0.62
21800 0.56
21900 0.53
22000 0.64
22100 0.51
22200 0.51
22300 0.64
22400 0.56
22500 0.44
22600 0.56
22700 0.6
22800 0.59
22900 0.52
23000 0.55
23100 0.57
23200 0.6
23300 0.65
23400 0.61
23500 0.63
23600 0.67
23700 0.65
23800 0.61
23900 0.44
24000 0.58
24100 0.67
24200 0.62
24300 0.68
24400 0.63
24500 0.59
24600 0.65
24700 0.49
24800 0.54
24900 0.54
25000 0.55
25100 0.55
25200 0.64
25300 0.61
25400 0.6
25500 0.43
25600 0.67
25700 0.49
25800 0.57
25900 0.47
26000 0.48
26100 0.49
26200 0.58
26300 0.59
26400 0.56
26500 0.43
26600 0.54
26700 0.49
26800 0.54
26900 0.47
27000 0.63
27100 0.58
27200 0.69
27300 0.53
27400 0.59
27500 0.54
27600 0.45
27700 0.61
27800 0.62
27900 0.62
28000 0.53
28100 0.56
28200 0.7
28300 0.75
28400 0.76
28500 0.7
28600 0.71
28700 0.69
28800 0.72
28900 0.61
29000 0.51
29100 0.65
29200 0.76
29300 0.64
29400 0.68
29500 0.68
29600 0.69
29700 0.55
29800 0.69
29900 0.73
30000 0.59
30100 0.62
30200 0.67
30300 0.64
30400 0.6
30500 0.63
30600 0.54
30700 0.51
30800 0.59
30900 0.53
31000 0.65
31100 0.69
31200 0.64
31300 0.68
31400 0.66
31500 0.7
31600 0.64
31700 0.67
31800 0.74
31900 0.73
32000 0.73
32100 0.72
32200 0.71
32300 0.66
32400 0.67
32500 0.67
32600 0.62
32700 0.73
32800 0.55
32900 0.63
33000 0.61
33100 0.71
33200 0.59
33300 0.58
33400 0.55
33500 0.46
33600 0.56
33700 0.69
33800 0.57
33900 0.55
34000 0.56
34100 0.65
34200 0.66
34300 0.65
34400 0.71
34500 0.74
34600 0.72
34700 0.56
34800 0.67
34900 0.78
35000 0.71
35100 0.81
35200 0.69
35300 0.78
35400 0.55
35500 0.62
35600 0.74
35700 0.72
35800 0.66
35900 0.75
36000 0.71
36100 0.59
36200 0.71
36300 0.59
36400 0.46
36500 0.73
36600 0.7
36700 0.69
36800 0.77
36900 0.71
37000 0.52
37100 0.67
37200 0.67
37300 0.68
37400 0.6
37500 0.6
37600 0.61
37700 0.57
37800 0.51
37900 0.66
38000 0.59
38100 0.61
38200 0.68
38300 0.47
38400 0.63
38500 0.61
38600 0.67
38700 0.68
38800 0.69
38900 0.65
39000 0.54
39100 0.65
39200 0.52
39300 0.74
39400 0.68
39500 0.78
39600 0.76
39700 0.59
39800 0.6
39900 0.62
40000 0.64
40100 0.63
40200 0.59
40300 0.63
40400 0.62
40500 0.6
40600 0.61
40700 0.71
40800 0.58
40900 0.61
41000 0.68
41100 0.69
41200 0.59
41300 0.57
41400 0.65
41500 0.61
41600 0.71
41700 0.67
41800 0.6
41900 0.55
42000 0.56
42100 0.55
42200 0.68
42300 0.69
42400 0.74
42500 0.63
42600 0.74
42700 0.72
42800 0.54
42900 0.53
43000 0.57
43100 0.52
43200 0.66
43300 0.61
43400 0.51
43500 0.61
43600 0.45
43700 0.59
43800 0.46
43900 0.56
44000 0.54
44100 0.58
44200 0.57
44300 0.54
44400 0.54
44500 0.58
44600 0.76
44700 0.63
44800 0.58
44900 0.59
45000 0.61
45100 0.72
45200 0.74
45300 0.78
45400 0.62
45500 0.67
45600 0.62
45700 0.58
45800 0.64
45900 0.64
46000 0.52
46100 0.62
46200 0.61
46300 0.55
46400 0.69
46500 0.6
46600 0.47
46700 0.54
46800 0.52
46900 0.65
47000 0.67
47100 0.61
47200 0.55
47300 0.49
47400 0.65
47500 0.49
47600 0.6
47700 0.74
47800 0.57
47900 0.5
48000 0.56
48100 0.56
48200 0.63
48300 0.51
48400 0.65
48500 0.55
48600 0.53
48700 0.55
48800 0.56
48900 0.63
49000 0.65
49100 0.56
49200 0.49
49300 0.6
49400 0.56
49500 0.55
49600 0.53
49700 0.6
49800 0.7
49900 0.6
