100 0
200 0
300 1
400 1
500 0.48
600 0
700 0
800 0.52
900 0.48
1000 1
1100 0
1200 0.51
1300 0
1400 0.46
1500 0.43
1600 1
1700 1
1800 1
1900 0.53
2000 0.5
2100 0.45
2200 0
2300 0.49
2400 0.55
2500 0
2600 1
2700 1
2800 1
2900 1
3000 1
3100 1
3200 1
3300 0
3400 1
3500 0
3600 0.46
3700 1
3800 0.51
3900 0.49
4000 1
4100 0.53
4200 1
4300 1
4400 0
4500 1
4600 0.5
4700 0.47
4800 0.47
4900 0.53
5000 0
5100 0.49
5200 1
5300 0.48
5400 1
5500 0
5600 0
5700 0
5800 1
5900 1
6000 1
6100 1
6200 0.45
6300 0.56
6400 0.57
6500 0.47
6600 0.55
6700 1
6800 0.51
6900 0
7000 0
7100 1
7200 1
7300 1
7400 1
7500 1
7600 1
7700 1
7800 0.47
7900 1
8000 0
8100 0.47
8200 1
8300 1
8400 0
8500 1
8600 1
8700 0.45
8800 0.41
8900 0.46
9000 1
9100 0.49
9200 0.56
9300 1
9400 1
9500 0.41
9600 1
9700 1
9800 0
9900 0
10000 0.48
10100 0.48
10200 0
10300 1
10400 0
10500 0.47
10600 0.47
10700 0.5
10800 0.46
10900 0.51
11000 1
11100 0
11200 0.51
11300 0
11400 1
11500 1
11600 1
11700 0.47
11800 1
11900 1
12000 0.57
12100 1
12200 1
12300 1
12400 0.54
12500 0
12600 0.56
12700 0.59
12800 0
12900 0.51
13000 1
13100 0.46
13200 0.56
13300 0.47
13400 1
13500 0
13600 0.49
13700 1
13800 0.51
13900 1
14000 0.37
14100 1
14200 0.45
14300 0.57
14400 0.47
14500 0
14600 0.43
14700 0.46
14800 1
14900 1
15000 1
15100 1
15200 0.43
15300 0.59
15400 0.48
15500 1
15600 0.42
15700 1
15800 0.51
15900 1
16000 1
16100 0.53
16200 1
16300 1
16400 0.52
16500 0.51
16600 0.5
16700 1
16800 0.51
16900 0.56
17000 1
17100 1
17200 0.56
17300 0.48
17400 1
17500 0.52
17600 0.44
17700 1
17800 0.43
17900 1
18000 0.43
18100 0.47
18200 0.52
18300 0.48
18400 1
18500 1
18600 0.56
18700 1
18800 1
18900 1
19000 0.55
19100 1
19200 0.51
19300 0.47
19400 0.48
19500 1
19600 0.47
19700 0.44
19800 0.45
19900 0.47
20000 0
20100 0.55
20200 1
20300 0.6
20400 0.54
20500 0.52
20600 0.51
20700 0.48
20800 0.55
20900 0
21000 0
21100 0.47
21200 0
21300 0.51
21400 0.46
21500 1
21600 0.45
21700 0
21800 0
21900 1
22000 0.53
22100 0.51
22200 0
22300 0.48
22400 0.5
22500 0.51
22600 0.51
22700 0.47
22800 0.51
22900 0.47
23000 0.54
23100 1
23200 0
23300 1
23400 0
23500 0.47
23600 1
23700 0.43
23800 0.53
23900 0.53
24000 0.44
24100 0.58
24200 0
24300 0.47
24400 0
24500 0.52
24600 0.51
24700 0.47
24800 0.58
24900 1
25000 0
25100 0.4
25200 0.52
25300 1
25400 0.62
25500 0
25600 1
25700 1
25800 0
25900 0.51
26000 0.48
26100 0.48
26200 0.51
26300 1
26400 0.45
26500 0.54
26600 0.49
26700 0.52
26800 1
26900 0
27000 1
27100 0
27200 1
27300 1
27400 0.5
27500 0
27600 0.52
27700 0.53
27800 1
27900 1
28000 1
28100 0.48
28200 1
28300 0.5
28400 1
28500 0.48
28600 1
28700 1
28800 0
28900 0.53
29000 0
29100 1
29200 0.61
29300 1
29400 1
29500 1
29600 1
29700 1
29800 0.53
29900 1
30000 0.39
30100 0.56
30200 1
30300 0.43
30400 0.38
30500 0.4
30600 0.53
30700 0.53
30800 0.5
30900 0.55
31000 0
31100 0.56
31200 1
31300 0.48
31400 1
31500 1
31600 0.46
31700 0
31800 0.45
31900 0.52
32000 1
32100 1
32200 1
32300 0.56
32400 0.48
32500 1
32600 0
32700 1
32800 0
32900 0.47
33000 1
33100 0.47
33200 1
33300 0.46
33400 0.4
33500 1
33600 1
33700 0.48
33800 0
33900 0.45
34000 1
34100 1
34200 0.49
34300 0.47
34400 0.52
34500 1
34600 1
34700 0
34800 1
34900 0.52
35000 0.5
35100 0.48
35200 0.51
35300 0.47
35400 0
35500 0.48
35600 0.57
35700 0.47
35800 0.41
35900 1
36000 1
36100 0.52
36200 0.49
36300 1
36400 0.59
36500 1
36600 1
36700 0.51
36800 0.51
36900 0
37000 0
37100 1
37200 0
37300 0.57
37400 0.46
37500 0.51
37600 0.53
37700 1
37800 0
37900 0.47
38000 1
38100 0
38200 0.55
38300 1
38400 1
38500 0
38600 0.52
38700 1
38800 1
38900 0.54
39000 0.5
39100 1
39200 0.52
39300 0.53
39400 0.47
39500 1
39600 0.49
39700 0.51
39800 0.45
39900 1
40000 1
40100 0.46
40200 1
40300 1
40400 0.58
40500 1
40600 0.48
40700 0
40800 1
40900 0.48
41000 1
41100 0.57
41200 1
41300 1
41400 0.47
41500 1
41600 1
41700 1
41800 0.45
41900 1
42000 0.53
42100 0.56
42200 1
42300 0.49
42400 0.53
42500 0
42600 1
42700 0.53
42800 0
42900 1
43000 0.52
43100 0.51
43200 1
43300 1
43400 0.48
43500 0.51
43600 1
43700 1
43800 0.49
43900 0.52
44000 1
44100 1
44200 1
44300 0
44400 1
44500 1
44600 0.5
44700 1
44800 1
44900 0.6
45000 0.48
45100 1
45200 1
45300 1
45400 1
45500 0.45
45600 1
45700 0
45800 1
45900 0.56
46000 0.45
46100 0
46200 1
46300 0.49
46400 0.49
46500 1
46600 1
46700 1
46800 0.5
46900 0.56
47000 1
47100 0.53
47200 1
47300 0
47400 0.54
47500 0.51
47600 0
47700 0.48
47800 0
47900 0.51
48000 1
48100 1
48200 0.41
48300 1
48400 0.45
48500 0
48600 0
48700 0
48800 0
48900 0
49000 0.54
49100 0.52
49200 1
49300 1
49400 1
49500 1
49600 1
49700 1
49800 0
49900 0.56
