100 0.59
200 0.575
300 0.583333
400 0.5825
500 0.614
600 0.615
700 0.61
800 0.6075
900 0.61
1000 0.606
1100 0.613636
1200 0.605
1300 0.599231
1400 0.597857
1500 0.6
1600 0.595625
1700 0.590588
1800 0.587222
1900 0.583684
2000 0.585
2100 0.585238
2200 0.585909
2300 0.59
2400 0.590833
2500 0.5936
2600 0.595
2700 0.592963
2800 0.593571
2900 0.592069
3000 0.59
3100 0.59129
3200 0.589688
3300 0.592121
3400 0.591471
3500 0.591714
3600 0.59
3700 0.588649
3800 0.590789
3900 0.592564
4000 0.5935
4100 0.595854
4200 0.595952
4300 0.599535
4400 0.603864
4500 0.603111
4600 0.604348
4700 0.604255
4800 0.603125
4900 0.600612
5000 0.598
5100 0.596275
5200 0.595192
5300 0.596792
5400 0.597037
5500 0.598182
5600 0.598929
5700 0.598421
5800 0.597414
5900 0.596271
6000 0.596167
6100 0.596721
6200 0.598226
6300 0.598095
6400 0.59875
6500 0.598615
6600 0.599545
6700 0.598955
6800 0.599118
6900 0.6
7000 0.601429
7100 0.601972
7200 0.601806
7300 0.601644
7400 0.600676
7500 0.6008
7600 0.599605
7700 0.59974
7800 0.598333
7900 0.598228
8000 0.597125
8100 0.596543
8200 0.597073
8300 0.595904
8400 0.594524
8500 0.593765
8600 0.591744
8700 0.591839
8800 0.591705
8900 0.592472
9000 0.591667
9100 0.591319
9200 0.59163
9300 0.591828
9400 0.591277
9500 0.590737
9600 0.591354
9700 0.590722
9800 0.590306
9900 0.589899
10000 0.5893
10100 0.59
10200 0.589706
10300 0.589515
10400 0.589327
10500 0.589714
10600 0.590566
10700 0.590935
10800 0.589722
10900 0.589908
11000 0.589364
11100 0.59009
11200 0.590625
11300 0.591239
11400 0.591316
11500 0.592609
11600 0.592414
11700 0.592735
11800 0.593475
11900 0.593782
12000 0.59425
12100 0.59314
12200 0.593033
12300 0.593171
12400 0.59379
12500 0.59384
12600 0.592857
12700 0.59189
12800 0.592578
12900 0.592791
13000 0.593231
13100 0.593053
13200 0.593788
13300 0.594436
13400 0.593955
13500 0.594444
13600 0.594412
13700 0.594526
13800 0.594928
13900 0.594964
14000 0.594643
14100 0.594681
14200 0.594437
14300 0.593846
14400 0.59375
14500 0.593793
14600 0.593356
14700 0.593469
14800 0.593919
14900 0.594228
15000 0.5948
15100 0.594768
15200 0.594539
15300 0.594444
15400 0.594935
15500 0.595484
15600 0.595833
15700 0.596242
15800 0.596329
15900 0.596164
16000 0.59575
16100 0.596025
16200 0.596975
16300 0.597301
16400 0.596951
16500 0.597212
16600 0.597771
16700 0.598503
16800 0.598095
16900 0.598107
17000 0.597941
17100 0.598421
17200 0.598488
17300 0.599364
17400 0.599253
17500 0.5988
17600 0.598409
17700 0.598249
17800 0.597978
17900 0.597765
18000 0.597722
18100 0.597459
18200 0.597363
18300 0.597049
18400 0.597446
18500 0.597405
18600 0.597527
18700 0.597326
18800 0.596702
18900 0.59619
19000 0.596263
19100 0.596597
19200 0.595781
19300 0.595596
19400 0.595464
19500 0.596308
19600 0.596531
19700 0.597005
19800 0.597071
19900 0.597035
20000 0.5968
20100 0.596169
20200 0.59604
20300 0.595665
20400 0.595637
20500 0.595512
20600 0.595583
20700 0.595362
20800 0.59524
20900 0.595263
21000 0.594857
21100 0.594408
21200 0.593585
21300 0.593333
21400 0.59271
21500 0.592093
21600 0.591481
21700 0.591613
21800 0.591468
21900 0.591187
22000 0.591409
22100 0.591041
22200 0.590676
22300 0.590897
22400 0.590759
22500 0.590089
22600 0.589956
22700 0.59
22800 0.59
22900 0.589694
23000 0.589522
23100 0.589437
23200 0.589483
23300 0.589742
23400 0.589829
23500 0.59
23600 0.590339
23700 0.590591
23800 0.590672
23900 0.590042
24000 0.59
24100 0.590332
24200 0.590455
24300 0.590823
24400 0.590984
24500 0.59098
24600 0.59122
24700 0.59081
24800 0.590605
24900 0.590402
25000 0.59024
25100 0.59008
25200 0.590278
25300 0.590356
25400 0.590394
25500 0.589765
25600 0.590078
25700 0.589689
25800 0.589612
25900 0.589151
26000 0.588731
26100 0.588352
26200 0.588321
26300 0.588327
26400 0.58822
26500 0.587623
26600 0.587444
26700 0.587079
26800 0.586903
26900 0.586468
27000 0.58663
27100 0.586605
27200 0.586985
27300 0.586777
27400 0.586788
27500 0.586618
27600 0.586123
27700 0.586209
27800 0.586331
27900 0.586452
28000 0.58625
28100 0.586157
28200 0.58656
28300 0.587138
28400 0.587746
28500 0.58814
28600 0.588566
28700 0.58892
28800 0.589375
28900 0.589446
29000 0.589172
29100 0.589381
29200 0.589966
29300 0.590137
29400 0.590442
29500 0.590746
29600 0.591081
29700 0.590943
29800 0.591275
29900 0.591739
30000 0.591733
30100 0.591827
30200 0.592086
30300 0.592244
30400 0.59227
30500 0.592393
30600 0.592222
30700 0.591954
30800 0.591948
30900 0.591748
31000 0.591935
31100 0.592251
31200 0.592404
31300 0.592684
31400 0.592898
31500 0.593238
31600 0.593386
31700 0.593628
31800 0.594088
31900 0.594514
32000 0.594938
32100 0.595327
32200 0.595683
32300 0.595882
32400 0.596111
32500 0.596338
32600 0.596411
32700 0.59682
32800 0.596677
32900 0.596778
33000 0.596818
33100 0.59716
33200 0.597139
33300 0.597087
33400 0.596946
33500 0.596537
33600 0.596429
33700 0.596706
33800 0.596627
33900 0.59649
34000 0.596382
34100 0.59654
34200 0.596725
34300 0.59688
34400 0.597209
34500 0.597623
34600 0.597977
34700 0.597867
34800 0.598075
34900 0.598596
35000 0.598914
35100 0.599516
35200 0.599773
35300 0.600283
35400 0.600141
35500 0.600197
35600 0.60059
35700 0.600924
35800 0.601089
35900 0.601504
36000 0.601806
36100 0.601773
36200 0.602072
36300 0.602039
36400 0.601648
36500 0.602
36600 0.602268
36700 0.602507
36800 0.602962
36900 0.603252
37000 0.603027
37100 0.603208
37200 0.603387
37300 0.603592
37400 0.603583
37500 0.603573
37600 0.60359
37700 0.603501
37800 0.603254
37900 0.603404
38000 0.603368
38100 0.603386
38200 0.603586
38300 0.603238
38400 0.603307
38500 0.603325
38600 0.603497
38700 0.603695
38800 0.603918
38900 0.604036
39000 0.603872
39100 0.60399
39200 0.603776
39300 0.604122
39400 0.604315
39500 0.604759
39600 0.605152
39700 0.605113
39800 0.605101
39900 0.605138
40000 0.605225
40100 0.605287
40200 0.605249
40300 0.60531
40400 0.605347
40500 0.605333
40600 0.605345
40700 0.605602
40800 0.605539
40900 0.60555
41000 0.605732
41100 0.605937
41200 0.605898
41300 0.605811
41400 0.605918
41500 0.605928
41600 0.606178
41700 0.606331
41800 0.606316
41900 0.606181
42000 0.606071
42100 0.605938
42200 0.606114
42300 0.606312
42400 0.606627
42500 0.606682
42600 0.606995
42700 0.60726
42800 0.607103
42900 0.606923
43000 0.606837
43100 0.606636
43200 0.606759
43300 0.606767
43400 0.606544
43500 0.606552
43600 0.606193
43700 0.606156
43800 0.605822
43900 0.605718
44000 0.605568
44100 0.60551
44200 0.60543
44300 0.605282
44400 0.605135
44500 0.605079
44600 0.605426
44700 0.605481
44800 0.605424
44900 0.60539
45000 0.6054
45100 0.605654
45200 0.605951
45300 0.606336
45400 0.606366
45500 0.606505
45600 0.606535
45700 0.606477
45800 0.60655
45900 0.606623
46000 0.606435
46100 0.606464
46200 0.606472
46300 0.60635
46400 0.60653
46500 0.606516
46600 0.606223
46700 0.606081
46800 0.605897
46900 0.605991
47000 0.606128
47100 0.606136
47200 0.606017
47300 0.605772
47400 0.605865
47500 0.605621
47600 0.605609
47700 0.605891
47800 0.605816
47900 0.605595
48000 0.6055
48100 0.605405
48200 0.605456
48300 0.605259
48400 0.605351
48500 0.605237
48600 0.605082
48700 0.604969
48800 0.604877
48900 0.604928
49000 0.60502
49100 0.604929
49200 0.604695
49300 0.604686
49400 0.604595
49500 0.604485
49600 0.604335
49700 0.604326
49800 0.604518
49900 0.604509
