100 0
200 0
300 0.333333
400 0.5
500 0.496
600 0.413333
700 0.354286
800 0.375
900 0.386667
1000 0.448
1100 0.407273
1200 0.415833
1300 0.383846
1400 0.389286
1500 0.392
1600 0.43
1700 0.463529
1800 0.493333
1900 0.495263
2000 0.4955
2100 0.493333
2200 0.470909
2300 0.471739
2400 0.475
2500 0.456
2600 0.476923
2700 0.496296
2800 0.514286
2900 0.531034
3000 0.546667
3100 0.56129
3200 0.575
3300 0.557576
3400 0.570588
3500 0.554286
3600 0.551667
3700 0.563784
3800 0.562368
3900 0.560513
4000 0.5715
4100 0.570488
4200 0.580714
4300 0.590465
4400 0.577045
4500 0.586444
4600 0.584565
4700 0.582128
4800 0.579792
4900 0.578776
5000 0.5672
5100 0.565686
5200 0.574038
5300 0.572264
5400 0.580185
5500 0.569636
5600 0.559464
5700 0.549649
5800 0.557414
5900 0.564915
6000 0.572167
6100 0.57918
6200 0.577097
6300 0.576825
6400 0.576719
6500 0.575077
6600 0.574697
6700 0.581045
6800 0.58
6900 0.571594
7000 0.563429
7100 0.569577
7200 0.575556
7300 0.58137
7400 0.587027
7500 0.592533
7600 0.597895
7700 0.603117
7800 0.60141
7900 0.606456
8000 0.598875
8100 0.597284
8200 0.602195
8300 0.606988
8400 0.599762
8500 0.604471
8600 0.60907
8700 0.607241
8800 0.605
8900 0.603371
9000 0.607778
9100 0.606484
9200 0.605978
9300 0.610215
9400 0.614362
9500 0.612211
9600 0.61625
9700 0.620206
9800 0.613878
9900 0.607677
10000 0.6064
10100 0.605149
10200 0.599216
10300 0.603107
10400 0.597308
10500 0.596095
10600 0.594906
10700 0.594019
10800 0.592778
10900 0.592018
11000 0.595727
11100 0.59036
11200 0.589643
11300 0.584425
11400 0.58807
11500 0.591652
11600 0.595172
11700 0.594103
11800 0.597542
11900 0.600924
12000 0.600667
12100 0.603967
12200 0.607213
12300 0.610407
12400 0.609839
12500 0.60496
12600 0.604603
12700 0.604488
12800 0.599766
12900 0.59907
13000 0.602154
13100 0.601069
13200 0.600758
13300 0.599774
13400 0.602761
13500 0.598296
13600 0.5975
13700 0.600438
13800 0.599783
13900 0.602662
14000 0.601
14100 0.60383
14200 0.602746
14300 0.602517
14400 0.601597
14500 0.597448
14600 0.596301
14700 0.595374
14800 0.598108
14900 0.600805
15000 0.603467
15100 0.606093
15200 0.604934
15300 0.604837
15400 0.604026
15500 0.606581
15600 0.605385
15700 0.607898
15800 0.607278
15900 0.609748
16000 0.612187
16100 0.611677
16200 0.614074
16300 0.616442
16400 0.615854
16500 0.615212
16600 0.614518
16700 0.616826
16800 0.61619
16900 0.615858
17000 0.618118
17100 0.620351
17200 0.62
17300 0.619191
17400 0.621379
17500 0.6208
17600 0.619773
17700 0.621921
17800 0.620843
17900 0.622961
18000 0.621889
18100 0.62105
18200 0.620495
18300 0.619727
18400 0.621793
18500 0.623838
18600 0.623495
18700 0.625508
18800 0.6275
18900 0.629471
19000 0.629053
19100 0.630995
19200 0.630365
19300 0.629534
19400 0.628763
19500 0.630667
19600 0.629847
19700 0.628883
19800 0.62798
19900 0.627186
20000 0.62405
20100 0.623682
20200 0.625545
20300 0.625419
20400 0.625
20500 0.624488
20600 0.623932
20700 0.623237
20800 0.622885
20900 0.619904
21000 0.616952
21100 0.616256
21200 0.613349
21300 0.612864
21400 0.61215
21500 0.613953
21600 0.613194
21700 0.610369
21800 0.607569
21900 0.609361
22000 0.609
22100 0.608552
22200 0.605811
22300 0.605247
22400 0.604777
22500 0.604356
22600 0.603938
22700 0.603348
22800 0.602939
22900 0.602358
23000 0.602087
23100 0.60381
23200 0.601207
23300 0.602918
23400 0.600342
23500 0.599787
23600 0.601483
23700 0.600759
23800 0.600462
23900 0.600167
24000 0.5995
24100 0.599419
24200 0.596942
24300 0.59642
24400 0.593975
24500 0.593673
24600 0.593333
24700 0.592834
24800 0.592782
24900 0.594418
25000 0.59204
25100 0.591275
25200 0.590992
25300 0.592609
25400 0.592717
25500 0.590392
25600 0.591992
25700 0.59358
25800 0.591279
25900 0.590965
26000 0.590538
26100 0.590115
26200 0.589809
26300 0.591369
26400 0.590833
26500 0.590642
26600 0.590263
26700 0.59
26800 0.59153
26900 0.589331
27000 0.590852
27100 0.588672
27200 0.590184
27300 0.591685
27400 0.59135
27500 0.5892
27600 0.588949
27700 0.588736
27800 0.590216
27900 0.591685
28000 0.593143
28100 0.59274
28200 0.594184
28300 0.593852
28400 0.595282
28500 0.594877
28600 0.596294
28700 0.5977
28800 0.595625
28900 0.595398
29000 0.593345
29100 0.594742
29200 0.594795
29300 0.596177
29400 0.597551
29500 0.598915
29600 0.60027
29700 0.601616
29800 0.601376
29900 0.602709
30000 0.602
30100 0.60186
30200 0.603179
30300 0.602607
30400 0.601875
30500 0.601213
30600 0.60098
30700 0.600749
30800 0.600422
30900 0.600259
31000 0.598323
31100 0.598199
31200 0.599487
31300 0.599105
31400 0.600382
31500 0.601651
31600 0.601203
31700 0.599306
31800 0.598836
31900 0.598589
32000 0.599844
32100 0.60109
32200 0.602329
32300 0.602198
32400 0.601821
32500 0.603046
32600 0.601196
32700 0.602416
32800 0.600579
32900 0.600182
33000 0.601394
33100 0.600997
33200 0.602199
33300 0.601772
33400 0.601168
33500 0.602358
33600 0.603542
33700 0.603175
33800 0.601391
33900 0.600944
34000 0.602118
34100 0.603284
34200 0.602953
34300 0.602566
34400 0.602326
34500 0.603478
34600 0.604624
34700 0.602882
34800 0.604023
34900 0.603782
35000 0.603486
35100 0.603134
35200 0.602869
35300 0.602493
35400 0.600791
35500 0.600451
35600 0.600365
35700 0.6
35800 0.599469
35900 0.600585
36000 0.601694
36100 0.601468
36200 0.60116
36300 0.602259
36400 0.602225
36500 0.603315
36600 0.604399
36700 0.604142
36800 0.603886
36900 0.602249
37000 0.600622
37100 0.601698
37200 0.600081
37300 0.6
37400 0.599626
37500 0.599387
37600 0.599202
37700 0.600265
37800 0.598677
37900 0.598338
38000 0.599395
38100 0.597822
38200 0.597696
38300 0.598747
38400 0.599792
38500 0.598234
38600 0.598031
38700 0.59907
38800 0.600103
38900 0.599949
39000 0.599692
39100 0.600716
39200 0.60051
39300 0.600331
39400 0.6
39500 0.601013
39600 0.600732
39700 0.600504
39800 0.600126
39900 0.601128
40000 0.602125
40100 0.601771
40200 0.602761
40300 0.603747
40400 0.603688
40500 0.604667
40600 0.60436
40700 0.602875
40800 0.603848
40900 0.603545
41000 0.604512
41100 0.604428
41200 0.605388
41300 0.606344
41400 0.606014
41500 0.606964
41600 0.607909
41700 0.608849
41800 0.608469
41900 0.609403
42000 0.609214
42100 0.609097
42200 0.610024
42300 0.60974
42400 0.609552
42500 0.608118
42600 0.609038
42700 0.608852
42800 0.60743
42900 0.608345
43000 0.60814
43100 0.607912
43200 0.608819
43300 0.609723
43400 0.609424
43500 0.609195
43600 0.610092
43700 0.610984
43800 0.610708
43900 0.610501
44000 0.611386
44100 0.612268
44200 0.613145
44300 0.611761
44400 0.612635
44500 0.613506
44600 0.613251
44700 0.614116
44800 0.614978
44900 0.614944
45000 0.614644
45100 0.615499
45200 0.61635
45300 0.617196
45400 0.61804
45500 0.61767
45600 0.618509
45700 0.617155
45800 0.617991
45900 0.617865
46000 0.6175
46100 0.616161
46200 0.616991
46300 0.616717
46400 0.616444
46500 0.617269
46600 0.61809
46700 0.618908
46800 0.618654
46900 0.618529
47000 0.61934
47100 0.619151
47200 0.619958
47300 0.618647
47400 0.618481
47500 0.618253
47600 0.616954
47700 0.616667
47800 0.615377
47900 0.615157
48000 0.615958
48100 0.616757
48200 0.616328
48300 0.617122
48400 0.616777
48500 0.615505
48600 0.614239
48700 0.612977
48800 0.611721
48900 0.61047
49000 0.610327
49100 0.610143
49200 0.610935
49300 0.611724
49400 0.61251
49500 0.613293
49600 0.614073
49700 0.614849
49800 0.613614
49900 0.613507
