100 0.48
200 0.45
300 0.53
400 0.66
500 0.58
600 0.63
700 0.51
800 0.61
900 0.55
1000 0.69
1100 0.64
1200 0.67
1300 0.65
1400 0.66
1500 0.6
1600 0.71
1700 0.63
1800 0.64
1900 0.82
2000 0.62
2100 0.57
2200 0.65
2300 0.7
2400 0.64
2500 0.68
2600 0.59
2700 0.75
2800 0.72
2900 0.56
3000 0.69
3100 0.6
3200 0.65
3300 0.64
3400 0.72
3500 0.66
3600 0.71
3700 0.77
3800 0.72
3900 0.63
4000 0.69
4100 0.71
4200 0.68
4300 0.73
4400 0.68
4500 0.65
4600 0.68
4700 0.54
4800 0.77
4900 0.72
5000 0.66
5100 0.8
5200 0.64
5300 0.76
5400 0.7
5500 0.61
5600 0.67
5700 0.67
5800 0.67
5900 0.67
6000 0.72
6100 0.66
6200 0.71
6300 0.74
6400 0.75
6500 0.71
6600 0.78
6700 0.7
6800 0.69
6900 0.63
7000 0.79
7100 0.76
7200 0.74
7300 0.6
7400 0.7
7500 0.68
7600 0.63
7700 0.68
7800 0.63
7900 0.75
8000 0.73
8100 0.56
8200 0.64
8300 0.62
8400 0.58
8500 0.74
8600 0.6
8700 0.6
8800 0.69
8900 0.71
9000 0.62
9100 0.66
9200 0.69
9300 0.68
9400 0.61
9500 0.73
9600 0.64
9700 0.72
9800 0.76
9900 0.68
10000 0.67
10100 0.69
10200 0.71
10300 0.64
10400 0.67
10500 0.73
10600 0.66
10700 0.61
10800 0.68
10900 0.7
11000 0.77
11100 0.7
11200 0.67
11300 0.74
11400 0.72
11500 0.72
11600 0.68
11700 0.75
11800 0.71
11900 0.63
12000 0.71
12100 0.61
12200 0.74
12300 0.73
12400 0.66
12500 0.76
12600 0.74
12700 0.77
12800 0.71
12900 0.71
13000 0.76
13100 0.76
13200 0.73
13300 0.75
13400 0.75
13500 0.76
13600 0.74
13700 0.75
13800 0.8
13900 0.76
14000 0.75
14100 0.74
14200 0.79
14300 0.76
14400 0.8
14500 0.75
14600 0.77
14700 0.74
14800 0.7
14900 0.74
15000 0.67
15100 0.74
15200 0.73
15300 0.72
15400 0.81
15500 0.72
15600 0.75
15700 0.74
15800 0.76
15900 0.78
16000 0.82
16100 0.73
16200 0.73
16300 0.68
16400 0.71
16500 0.76
16600 0.63
16700 0.74
16800 0.74
16900 0.69
17000 0.64
17100 0.58
17200 0.75
17300 0.82
17400 0.77
17500 0.73
17600 0.74
17700 0.78
17800 0.82
17900 0.78
18000 0.73
18100 0.79
18200 0.79
18300 0.7
18400 0.68
18500 0.74
18600 0.84
18700 0.74
18800 0.75
18900 0.78
19000 0.76
19100 0.77
19200 0.75
19300 0.82
19400 0.78
19500 0.76
19600 0.83
19700 0.74
19800 0.74
19900 0.71
20000 0.79
20100 0.74
20200 0.8
20300 0.71
20400 0.74
20500 0.81
20600 0.71
20700 0.75
20800 0.69
20900 0.76
21000 0.71
21100 0.82
21200 0.68
21300 0.66
21400 0.66
21500 0.67
21600 0.78
21700 0.71
21800 0.76
21900 0.66
22000 0.65
22100 0.72
22200 0.67
22300 0.59
22400 0.75
22500 0.63
22600 0.75
22700 0.76
22800 0.84
22900 0.79
23000 0.72
23100 0.79
23200 0.83
23300 0.73
23400 0.8
23500 0.7
23600 0.6
23700 0.79
23800 0.7
23900 0.71
24000 0.73
24100 0.81
24200 0.75
24300 0.69
24400 0.75
24500 0.78
24600 0.74
24700 0.71
24800 0.75
24900 0.82
25000 0.79
25100 0.74
25200 0.74
25300 0.7
25400 0.69
25500 0.71
25600 0.74
25700 0.73
25800 0.76
25900 0.83
26000 0.71
26100 0.83
26200 0.75
26300 0.7
26400 0.79
26500 0.78
26600 0.73
26700 0.74
26800 0.77
26900 0.75
27000 0.74
27100 0.68
27200 0.71
27300 0.77
27400 0.78
27500 0.72
27600 0.7
27700 0.76
27800 0.77
27900 0.72
28000 0.7
28100 0.73
28200 0.73
28300 0.82
28400 0.75
28500 0.72
28600 0.71
28700 0.75
28800 0.69
28900 0.75
29000 0.76
29100 0.7
29200 0.78
29300 0.72
29400 0.68
29500 0.73
29600 0.74
29700 0.82
29800 0.71
29900 0.78
30000 0.77
30100 0.78
30200 0.67
30300 0.72
30400 0.69
30500 0.77
30600 0.84
30700 0.72
30800 0.71
30900 0.68
31000 0.79
31100 0.81
31200 0.7
31300 0.69
31400 0.76
31500 0.69
31600 0.74
31700 0.71
31800 0.71
31900 0.66
32000 0.66
32100 0.69
32200 0.73
32300 0.7
32400 0.82
32500 0.77
32600 0.74
32700 0.63
32800 0.75
32900 0.71
33000 0.78
33100 0.74
33200 0.67
33300 0.71
33400 0.73
33500 0.81
33600 0.76
33700 0.8
33800 0.72
33900 0.73
34000 0.73
34100 0.68
34200 0.71
34300 0.76
34400 0.72
34500 0.76
34600 0.72
34700 0.75
34800 0.74
34900 0.74
35000 0.79
35100 0.8
35200 0.72
35300 0.75
35400 0.77
35500 0.76
35600 0.71
35700 0.7
35800 0.68
35900 0.72
36000 0.74
36100 0.81
36200 0.69
36300 0.6
36400 0.65
36500 0.74
36600 0.72
36700 0.63
36800 0.64
36900 0.67
37000 0.65
37100 0.64
37200 0.73
37300 0.73
37400 0.7
37500 0.65
37600 0.78
37700 0.69
37800 0.74
37900 0.67
38000 0.65
38100 0.78
38200 0.65
38300 0.74
38400 0.72
38500 0.75
38600 0.74
38700 0.74
38800 0.73
38900 0.77
39000 0.75
39100 0.82
39200 0.7
39300 0.78
39400 0.72
39500 0.71
39600 0.7
39700 0.75
39800 0.76
39900 0.79
40000 0.73
40100 0.84
40200 0.74
40300 0.68
40400 0.71
40500 0.64
40600 0.72
40700 0.73
40800 0.63
40900 0.65
41000 0.8
41100 0.68
41200 0.73
41300 0.73
41400 0.74
41500 0.75
41600 0.77
41700 0.69
41800 0.72
41900 0.69
42000 0.63
42100 0.7
42200 0.64
42300 0.77
42400 0.7
42500 0.69
42600 0.76
42700 0.75
42800 0.77
42900 0.82
43000 0.8
43100 0.71
43200 0.71
43300 0.72
43400 0.69
43500 0.71
43600 0.73
43700 0.75
43800 0.76
43900 0.81
44000 0.75
44100 0.75
44200 0.71
44300 0.76
44400 0.76
44500 0.7
44600 0.76
44700 0.78
44800 0.71
44900 0.8
45000 0.68
45100 0.77
45200 0.73
45300 0.72
45400 0.68
45500 0.73
45600 0.72
45700 0.68
45800 0.74
45900 0.76
46000 0.68
46100 0.74
46200 0.7
46300 0.7
46400 0.65
46500 0.62
46600 0.78
46700 0.67
46800 0.69
46900 0.67
47000 0.71
47100 0.7
47200 0.72
47300 0.76
47400 0.74
47500 0.68
47600 0.8
47700 0.81
47800 0.67
47900 0.68
48000 0.7
48100 0.6
48200 0.7
48300 0.74
48400 0.8
48500 0.79
48600 0.73
48700 0.73
48800 0.71
48900 0.76
49000 0.68
49100 0.71
49200 0.69
49300 0.76
49400 0.74
49500 0.75
49600 0.74
49700 0.75
49800 0.77
49900 0.8
