100 0.48
200 0.465
300 0.486667
400 0.53
500 0.54
600 0.555
700 0.548571
800 0.55625
900 0.555556
1000 0.569
1100 0.575455
1200 0.583333
1300 0.588462
1400 0.593571
1500 0.594
1600 0.60125
1700 0.602941
1800 0.605
1900 0.616316
2000 0.6165
2100 0.614286
2200 0.615909
2300 0.619565
2400 0.620417
2500 0.6228
2600 0.621538
2700 0.626296
2800 0.629643
2900 0.627241
3000 0.629333
3100 0.628387
3200 0.629062
3300 0.629394
3400 0.632059
3500 0.632857
3600 0.635
3700 0.638649
3800 0.640789
3900 0.640513
4000 0.64175
4100 0.643415
4200 0.644286
4300 0.646279
4400 0.647045
4500 0.647111
4600 0.647826
4700 0.645532
4800 0.648125
4900 0.649592
5000 0.6498
5100 0.652745
5200 0.6525
5300 0.654528
5400 0.65537
5500 0.654545
5600 0.654821
5700 0.655088
5800 0.655345
5900 0.655593
6000 0.656667
6100 0.656721
6200 0.657581
6300 0.658889
6400 0.660312
6500 0.661077
6600 0.662879
6700 0.663433
6800 0.663824
6900 0.663333
7000 0.665143
7100 0.666479
7200 0.6675
7300 0.666575
7400 0.667027
7500 0.6672
7600 0.666711
7700 0.666883
7800 0.66641
7900 0.667468
8000 0.66825
8100 0.666914
8200 0.666585
8300 0.666024
8400 0.665
8500 0.665882
8600 0.665116
8700 0.664368
8800 0.664659
8900 0.665169
9000 0.664667
9100 0.664615
9200 0.664891
9300 0.665054
9400 0.664468
9500 0.665158
9600 0.664896
9700 0.665464
9800 0.666429
9900 0.666566
10000 0.6666
10100 0.666832
10200 0.667255
10300 0.66699
10400 0.667019
10500 0.667619
10600 0.667547
10700 0.667009
10800 0.66713
10900 0.667431
11000 0.668364
11100 0.668649
11200 0.668661
11300 0.669292
11400 0.669737
11500 0.670174
11600 0.670259
11700 0.67094
11800 0.671271
11900 0.670924
12000 0.67125
12100 0.670744
12200 0.671311
12300 0.671789
12400 0.671694
12500 0.6724
12600 0.672937
12700 0.673701
12800 0.673984
12900 0.674264
13000 0.674923
13100 0.675573
13200 0.675985
13300 0.676541
13400 0.67709
13500 0.677704
13600 0.678162
13700 0.678686
13800 0.679565
13900 0.680144
14000 0.680643
14100 0.681064
14200 0.681831
14300 0.682378
14400 0.683194
14500 0.683655
14600 0.684247
14700 0.684626
14800 0.68473
14900 0.685101
15000 0.685
15100 0.685364
15200 0.685658
15300 0.685882
15400 0.686688
15500 0.686903
15600 0.687308
15700 0.687643
15800 0.688101
15900 0.688679
16000 0.6895
16100 0.689752
16200 0.69
16300 0.689939
16400 0.690061
16500 0.690485
16600 0.69012
16700 0.690419
16800 0.690714
16900 0.69071
17000 0.690412
17100 0.689766
17200 0.690116
17300 0.690867
17400 0.691322
17500 0.691543
17600 0.691818
17700 0.692316
17800 0.693034
17900 0.69352
18000 0.693722
18100 0.694254
18200 0.69478
18300 0.694809
18400 0.694728
18500 0.694973
18600 0.695753
18700 0.695989
18800 0.696277
18900 0.69672
19000 0.697053
19100 0.697435
19200 0.697708
19300 0.698342
19400 0.698763
19500 0.699077
19600 0.699745
19700 0.699949
19800 0.700152
19900 0.700201
20000 0.70065
20100 0.700846
20200 0.701337
20300 0.701379
20400 0.701569
20500 0.702098
20600 0.702136
20700 0.702367
20800 0.702308
20900 0.702584
21000 0.702619
21100 0.703175
21200 0.703066
21300 0.702864
21400 0.702664
21500 0.702512
21600 0.70287
21700 0.702903
21800 0.703165
21900 0.702968
22000 0.702727
22100 0.702805
22200 0.702658
22300 0.702152
22400 0.702366
22500 0.702044
22600 0.702257
22700 0.702511
22800 0.703114
22900 0.703493
23000 0.703565
23100 0.703939
23200 0.704483
23300 0.704592
23400 0.705
23500 0.704979
23600 0.704534
23700 0.704895
23800 0.704874
23900 0.704895
24000 0.705
24100 0.705436
24200 0.70562
24300 0.705556
24400 0.705738
24500 0.706041
24600 0.706179
24700 0.706194
24800 0.706371
24900 0.706827
25000 0.70716
25100 0.707291
25200 0.707421
25300 0.707391
25400 0.707323
25500 0.707333
25600 0.707461
25700 0.707549
25800 0.707752
25900 0.708224
26000 0.708231
26100 0.708697
26200 0.708855
26300 0.708821
26400 0.709129
26500 0.709396
26600 0.709474
26700 0.709588
26800 0.709813
26900 0.709963
27000 0.710074
27100 0.709963
27200 0.709963
27300 0.710183
27400 0.710438
27500 0.710473
27600 0.710435
27700 0.710614
27800 0.710827
27900 0.71086
28000 0.710821
28100 0.71089
28200 0.710957
28300 0.711343
28400 0.711479
28500 0.711509
28600 0.711503
28700 0.711638
28800 0.711562
28900 0.711696
29000 0.711862
29100 0.711821
29200 0.712055
29300 0.712082
29400 0.711973
29500 0.712034
29600 0.712128
29700 0.712492
29800 0.712483
29900 0.712709
30000 0.7129
30100 0.713123
30200 0.71298
30300 0.713003
30400 0.712928
30500 0.713115
30600 0.713529
30700 0.71355
30800 0.713539
30900 0.71343
31000 0.713677
31100 0.713987
31200 0.713942
31300 0.713866
31400 0.714013
31500 0.713937
31600 0.714019
31700 0.714006
31800 0.713994
31900 0.713824
32000 0.713656
32100 0.713583
32200 0.713634
32300 0.713591
32400 0.71392
32500 0.714092
32600 0.714172
32700 0.713914
32800 0.714024
32900 0.714012
33000 0.714212
33100 0.71429
33200 0.714157
33300 0.714144
33400 0.714192
33500 0.714478
33600 0.714613
33700 0.714866
33800 0.714882
33900 0.714926
34000 0.714971
34100 0.714868
34200 0.714854
34300 0.714985
34400 0.715
34500 0.71513
34600 0.715145
34700 0.715245
34800 0.715316
34900 0.715387
35000 0.7156
35100 0.71584
35200 0.715852
35300 0.715949
35400 0.716102
35500 0.716225
35600 0.716208
35700 0.716162
35800 0.716061
35900 0.716072
36000 0.716139
36100 0.716399
36200 0.716326
36300 0.716006
36400 0.715824
36500 0.71589
36600 0.715902
36700 0.715668
36800 0.715462
36900 0.715339
37000 0.715162
37100 0.71496
37200 0.715
37300 0.71504
37400 0.715
37500 0.714827
37600 0.715
37700 0.714934
37800 0.715
37900 0.714881
38000 0.714711
38100 0.714882
38200 0.714712
38300 0.714778
38400 0.714792
38500 0.714883
38600 0.714948
38700 0.715013
38800 0.715052
38900 0.715193
39000 0.715282
39100 0.71555
39200 0.71551
39300 0.715674
39400 0.715685
39500 0.715671
39600 0.715631
39700 0.715718
39800 0.715829
39900 0.716015
40000 0.71605
40100 0.716359
40200 0.716418
40300 0.716328
40400 0.716312
40500 0.716123
40600 0.716133
40700 0.716167
40800 0.715956
40900 0.715795
41000 0.716
41100 0.715912
41200 0.715947
41300 0.715981
41400 0.716039
41500 0.71612
41600 0.71625
41700 0.716187
41800 0.716196
41900 0.716134
42000 0.715929
42100 0.715891
42200 0.715711
42300 0.715839
42400 0.715802
42500 0.715741
42600 0.715845
42700 0.715925
42800 0.716051
42900 0.716294
43000 0.716488
43100 0.716473
43200 0.716458
43300 0.716467
43400 0.716406
43500 0.716391
43600 0.716422
43700 0.716499
43800 0.716598
43900 0.716811
44000 0.716886
44100 0.716961
44200 0.716946
44300 0.717043
44400 0.71714
44500 0.717101
44600 0.717197
44700 0.717338
44800 0.717321
44900 0.717506
45000 0.717422
45100 0.717539
45200 0.717566
45300 0.717572
45400 0.717489
45500 0.717516
45600 0.717522
45700 0.71744
45800 0.717489
45900 0.717582
46000 0.7175
46100 0.717549
46200 0.717511
46300 0.717473
46400 0.717328
46500 0.717118
46600 0.717253
46700 0.717152
46800 0.717094
46900 0.716994
47000 0.716979
47100 0.716943
47200 0.716949
47300 0.71704
47400 0.717089
47500 0.717011
47600 0.717185
47700 0.717379
47800 0.71728
47900 0.717203
48000 0.717167
48100 0.716923
48200 0.716888
48300 0.716936
48400 0.717107
48500 0.717258
48600 0.717284
48700 0.71731
48800 0.717295
48900 0.717382
49000 0.717306
49100 0.717291
49200 0.717236
49300 0.717323
49400 0.717368
49500 0.717434
49600 0.71748
49700 0.717545
49800 0.717651
49900 0.717816
