100 0
200 0.25
300 0.336667
400 0.2525
500 0.312
600 0.341667
700 0.435714
800 0.445
900 0.457778
1000 0.465
1100 0.422727
1200 0.470833
1300 0.472308
1400 0.51
1500 0.542667
1600 0.541875
1700 0.530588
1800 0.527778
1900 0.552632
2000 0.575
2100 0.574762
2200 0.570455
2300 0.58913
2400 0.60625
2500 0.622
2600 0.636538
2700 0.65
2800 0.6625
2900 0.66
3000 0.671333
3100 0.681935
3200 0.675312
3300 0.685152
3400 0.682059
3500 0.691143
3600 0.685
3700 0.693514
3800 0.69
3900 0.685128
4000 0.6805
4100 0.688293
4200 0.695714
4300 0.702791
4400 0.709545
4500 0.716
4600 0.722174
4700 0.706809
4800 0.712917
4900 0.718776
5000 0.7244
5100 0.729804
5200 0.735
5300 0.732453
5400 0.737407
5500 0.742182
5600 0.746786
5700 0.751228
5800 0.755517
5900 0.759661
6000 0.763667
6100 0.767541
6200 0.77129
6300 0.766508
6400 0.762969
6500 0.766615
6600 0.770152
6700 0.773582
6800 0.776912
6900 0.780145
7000 0.783286
7100 0.786338
7200 0.781667
7300 0.776575
7400 0.779595
7500 0.782533
7600 0.785395
7700 0.788182
7800 0.784359
7900 0.787089
8000 0.78975
8100 0.792346
8200 0.794878
8300 0.797349
8400 0.79369
8500 0.796118
8600 0.798488
8700 0.800805
8800 0.803068
8900 0.805281
9000 0.807444
9100 0.80956
9200 0.81163
9300 0.813656
9400 0.815638
9500 0.817579
9600 0.819479
9700 0.82134
9800 0.823163
9900 0.824949
10000 0.8167
10100 0.813762
10200 0.815588
10300 0.811845
10400 0.813654
10500 0.815429
10600 0.81717
10700 0.818879
10800 0.816389
10900 0.818073
11000 0.819727
11100 0.816036
11200 0.817679
11300 0.819292
11400 0.820877
11500 0.822435
11600 0.815345
11700 0.813077
11800 0.814661
11900 0.816218
12000 0.81775
12100 0.819256
12200 0.820738
12300 0.822195
12400 0.823629
12500 0.82504
12600 0.826429
12700 0.827795
12800 0.829141
12900 0.830465
13000 0.831769
13100 0.833053
13200 0.830909
13300 0.83218
13400 0.833433
13500 0.830593
13600 0.831838
13700 0.828832
13800 0.826377
13900 0.823525
14000 0.821714
14100 0.822979
14200 0.824225
14300 0.825455
14400 0.826667
14500 0.827862
14600 0.829041
14700 0.830204
14800 0.831351
14900 0.829329
15000 0.830467
15100 0.831589
15200 0.832697
15300 0.833791
15400 0.83487
15500 0.835935
15600 0.836987
15700 0.835096
15800 0.836139
15900 0.83717
16000 0.835
16100 0.832857
16200 0.833889
16300 0.834908
16400 0.835915
16500 0.836909
16600 0.837892
16700 0.838862
16800 0.839821
16900 0.840769
17000 0.841706
17100 0.842632
17200 0.843547
17300 0.844451
17400 0.845345
17500 0.846229
17600 0.84142
17700 0.842316
17800 0.840449
17900 0.841341
18000 0.842222
18100 0.843094
18200 0.843956
18300 0.844809
18400 0.845652
18500 0.846486
18600 0.847312
18700 0.848128
18800 0.848936
18900 0.849735
19000 0.850526
19100 0.851309
19200 0.852083
19300 0.85285
19400 0.853608
19500 0.854359
19600 0.855102
19700 0.855838
19800 0.856566
19900 0.857286
20000 0.858
20100 0.858706
20200 0.859406
20300 0.858079
20400 0.858775
20500 0.859463
20600 0.860146
20700 0.860821
20800 0.86149
20900 0.862153
21000 0.86281
21100 0.86346
21200 0.864104
21300 0.864742
21400 0.863084
21500 0.863721
21600 0.864352
21700 0.862995
21800 0.863624
21900 0.864247
22000 0.864864
22100 0.865475
22200 0.866081
22300 0.866682
22400 0.867277
22500 0.867867
22600 0.868451
22700 0.869031
22800 0.867412
22900 0.867991
23000 0.868565
23100 0.86684
23200 0.867414
23300 0.867983
23400 0.868547
23500 0.869106
23600 0.869661
23700 0.868059
23800 0.868613
23900 0.869163
24000 0.869708
24100 0.870249
24200 0.870785
24300 0.871317
24400 0.871844
24500 0.872367
24600 0.872886
24700 0.873401
24800 0.873911
24900 0.874418
25000 0.87492
25100 0.875418
25200 0.875913
25300 0.876403
25400 0.87689
25500 0.877373
25600 0.877852
25700 0.878327
25800 0.878798
25900 0.879266
26000 0.879731
26100 0.880192
26200 0.880649
26300 0.881103
26400 0.881553
26500 0.882
26600 0.882444
26700 0.882884
26800 0.883321
26900 0.883755
27000 0.884185
27100 0.884613
27200 0.885037
27300 0.885458
27400 0.885876
27500 0.886291
27600 0.886703
27700 0.887112
27800 0.887518
27900 0.887921
28000 0.888321
28100 0.888719
28200 0.889113
28300 0.889505
28400 0.889894
28500 0.890281
28600 0.890664
28700 0.891045
28800 0.891424
28900 0.891799
29000 0.892172
29100 0.892543
29200 0.892911
29300 0.893276
29400 0.893639
29500 0.894
29600 0.894358
29700 0.894714
29800 0.895067
29900 0.895418
30000 0.895767
30100 0.896113
30200 0.896457
30300 0.896799
30400 0.897138
30500 0.896033
30600 0.896373
30700 0.89671
30800 0.897045
30900 0.897379
31000 0.89771
31100 0.896463
31200 0.896795
31300 0.897125
31400 0.897452
31500 0.897778
31600 0.898101
31700 0.898423
31800 0.898742
31900 0.89906
32000 0.899375
32100 0.899688
32200 0.9
32300 0.90031
32400 0.900617
32500 0.900923
32600 0.901227
32700 0.901529
32800 0.901829
32900 0.902128
33000 0.902424
33100 0.902719
33200 0.901476
33300 0.901772
33400 0.902066
33500 0.902358
33600 0.902649
33700 0.902938
33800 0.901893
33900 0.900531
34000 0.899441
34100 0.89827
34200 0.898567
34300 0.897318
34400 0.897616
34500 0.897913
34600 0.896821
34700 0.895533
34800 0.895833
34900 0.896132
35000 0.894857
35100 0.895157
35200 0.895455
35300 0.894193
35400 0.894492
35500 0.891972
35600 0.892275
35700 0.892577
35800 0.892877
35900 0.893175
36000 0.893472
36100 0.892299
36200 0.889834
36300 0.890138
36400 0.89044
36500 0.89074
36600 0.891038
36700 0.891335
36800 0.89163
36900 0.891924
37000 0.892216
37100 0.892507
37200 0.892796
37300 0.893083
37400 0.893369
37500 0.893653
37600 0.893936
37700 0.894218
37800 0.894497
37900 0.894776
38000 0.895053
38100 0.895328
38200 0.895602
38300 0.895875
38400 0.896146
38500 0.895169
38600 0.89544
38700 0.895711
38800 0.895979
38900 0.896247
39000 0.896513
39100 0.896777
39200 0.897041
39300 0.897303
39400 0.897563
39500 0.897823
39600 0.896591
39700 0.896851
39800 0.897111
39900 0.897368
40000 0.8964
40100 0.895636
40200 0.895896
40300 0.894888
40400 0.895149
40500 0.894099
40600 0.89436
40700 0.892162
40800 0.89125
40900 0.891516
41000 0.890634
41100 0.8909
41200 0.891165
41300 0.891429
41400 0.891691
41500 0.891952
41600 0.892212
41700 0.89247
41800 0.891603
41900 0.891862
42000 0.892119
42100 0.892375
42200 0.89263
42300 0.892884
42400 0.893137
42500 0.893388
42600 0.893638
42700 0.893888
42800 0.894136
42900 0.894382
43000 0.894628
43100 0.894872
43200 0.895116
43300 0.894342
43400 0.894585
43500 0.894828
43600 0.89406
43700 0.894302
43800 0.894543
43900 0.894784
44000 0.895023
44100 0.895261
44200 0.895498
44300 0.895734
44400 0.895968
44500 0.896202
44600 0.895202
44700 0.895436
44800 0.894621
44900 0.893875
45000 0.894111
45100 0.894346
45200 0.893584
45300 0.892627
45400 0.892863
45500 0.893099
45600 0.893333
45700 0.893567
45800 0.893799
45900 0.894031
46000 0.894261
46100 0.89449
46200 0.894719
46300 0.894946
46400 0.895172
46500 0.895398
46600 0.895622
46700 0.895846
46800 0.896068
46900 0.89629
47000 0.896511
47100 0.89673
47200 0.896949
47300 0.897167
47400 0.897384
47500 0.8976
47600 0.897815
47700 0.898029
47800 0.898243
47900 0.898455
48000 0.898667
48100 0.898877
48200 0.899087
48300 0.899296
48400 0.899504
48500 0.899711
48600 0.899918
48700 0.900123
48800 0.900328
48900 0.900532
49000 0.900735
49100 0.900937
49200 0.901138
49300 0.901339
49400 0.901538
49500 0.901737
49600 0.901935
49700 0.902133
49800 0.902329
49900 0.902525
