100 0
200 0.5
300 0.51
400 0
500 0.55
600 0.49
700 1
800 0.51
900 0.56
1000 0.53
1100 0
1200 1
1300 0.49
1400 1
1500 1
1600 0.53
1700 0.35
1800 0.48
1900 1
2000 1
2100 0.57
2200 0.48
2300 1
2400 1
2500 1
2600 1
2700 1
2800 1
2900 0.59
3000 1
3100 1
3200 0.47
3300 1
3400 0.58
3500 1
3600 0.47
3700 1
3800 0.56
3900 0.5
4000 0.5
4100 1
4200 1
4300 1
4400 1
4500 1
4600 1
4700 0
4800 1
4900 1
5000 1
5100 1
5200 1
5300 0.6
5400 1
5500 1
5600 1
5700 1
5800 1
5900 1
6000 1
6100 1
6200 1
6300 0.47
6400 0.54
6500 1
6600 1
6700 1
6800 1
6900 1
7000 1
7100 1
7200 0.45
7300 0.41
7400 1
7500 1
7600 1
7700 1
7800 0.49
7900 1
8000 1
8100 1
8200 1
8300 1
8400 0.49
8500 1
8600 1
8700 1
8800 1
8900 1
9000 1
9100 1
9200 1
9300 1
9400 1
9500 1
9600 1
9700 1
9800 1
9900 1
10000 0
10100 0.52
10200 1
10300 0.43
10400 1
10500 1
10600 1
10700 1
10800 0.55
10900 1
11000 1
11100 0.41
11200 1
11300 1
11400 1
11500 1
11600 0
11700 0.55
11800 1
11900 1
12000 1
12100 1
12200 1
12300 1
12400 1
12500 1
12600 1
12700 1
12800 1
12900 1
13000 1
13100 1
13200 0.55
13300 1
13400 1
13500 0.45
13600 1
13700 0.42
13800 0.49
13900 0.43
14000 0.57
14100 1
14200 1
14300 1
14400 1
14500 1
14600 1
14700 1
14800 1
14900 0.53
15000 1
15100 1
15200 1
15300 1
15400 1
15500 1
15600 1
15700 0.54
15800 1
15900 1
16000 0.49
16100 0.49
16200 1
16300 1
16400 1
16500 1
16600 1
16700 1
16800 1
16900 1
17000 1
17100 1
17200 1
17300 1
17400 1
17500 1
17600 0
17700 1
17800 0.51
17900 1
18000 1
18100 1
18200 1
18300 1
18400 1
18500 1
18600 1
18700 1
18800 1
18900 1
19000 1
19100 1
19200 1
19300 1
19400 1
19500 1
19600 1
19700 1
19800 1
19900 1
20000 1
20100 1
20200 1
20300 0.59
20400 1
20500 1
20600 1
20700 1
20800 1
20900 1
21000 1
21100 1
21200 1
21300 1
21400 0.51
21500 1
21600 1
21700 0.57
21800 1
21900 1
22000 1
22100 1
22200 1
22300 1
22400 1
22500 1
22600 1
22700 1
22800 0.5
22900 1
23000 1
23100 0.47
23200 1
23300 1
23400 1
23500 1
23600 1
23700 0.49
23800 1
23900 1
24000 1
24100 1
24200 1
24300 1
24400 1
24500 1
24600 1
24700 1
24800 1
24900 1
25000 1
25100 1
25200 1
25300 1
25400 1
25500 1
25600 1
25700 1
25800 1
25900 1
26000 1
26100 1
26200 1
26300 1
26400 1
26500 1
26600 1
26700 1
26800 1
26900 1
27000 1
27100 1
27200 1
27300 1
27400 1
27500 1
27600 1
27700 1
27800 1
27900 1
28000 1
28100 1
28200 1
28300 1
28400 1
28500 1
28600 1
28700 1
28800 1
28900 1
29000 1
29100 1
29200 1
29300 1
29400 1
29500 1
29600 1
29700 1
29800 1
29900 1
30000 1
30100 1
30200 1
30300 1
30400 1
30500 0.56
30600 1
30700 1
30800 1
30900 1
31000 1
31100 0.51
31200 1
31300 1
31400 1
31500 1
31600 1
31700 1
31800 1
31900 1
32000 1
32100 1
32200 1
32300 1
32400 1
32500 1
32600 1
32700 1
32800 1
32900 1
33000 1
33100 1
33200 0.49
33300 1
33400 1
33500 1
33600 1
33700 1
33800 0.55
33900 0.44
34000 0.53
34100 0.5
34200 1
34300 0.47
34400 1
34500 1
34600 0.52
34700 0.45
34800 1
34900 1
35000 0.45
35100 1
35200 1
35300 0.45
35400 1
35500 0
35600 1
35700 1
35800 1
35900 1
36000 1
36100 0.47
36200 0
36300 1
36400 1
36500 1
36600 1
36700 1
36800 1
36900 1
37000 1
37100 1
37200 1
37300 1
37400 1
37500 1
37600 1
37700 1
37800 1
37900 1
38000 1
38100 1
38200 1
38300 1
38400 1
38500 0.52
38600 1
38700 1
38800 1
38900 1
39000 1
39100 1
39200 1
39300 1
39400 1
39500 1
39600 0.41
39700 1
39800 1
39900 1
40000 0.51
40100 0.59
40200 1
40300 0.49
40400 1
40500 0.47
40600 1
40700 0
40800 0.52
40900 1
41000 0.53
41100 1
41200 1
41300 1
41400 1
41500 1
41600 1
41700 1
41800 0.53
41900 1
42000 1
42100 1
42200 1
42300 1
42400 1
42500 1
42600 1
42700 1
42800 1
42900 1
43000 1
43100 1
43200 1
43300 0.56
43400 1
43500 1
43600 0.56
43700 1
43800 1
43900 1
44000 1
44100 1
44200 1
44300 1
44400 1
44500 1
44600 0.45
44700 1
44800 0.53
44900 0.56
45000 1
45100 1
45200 0.55
45300 0.46
45400 1
45500 1
45600 1
45700 1
45800 1
45900 1
46000 1
46100 1
46200 1
46300 1
46400 1
46500 1
46600 1
46700 1
46800 1
46900 1
47000 1
47100 1
47200 1
47300 1
47400 1
47500 1
47600 1
47700 1
47800 1
47900 1
48000 1
48100 1
48200 1
48300 1
48400 1
48500 1
48600 1
48700 1
48800 1
48900 1
49000 1
49100 1
49200 1
49300 1
49400 1
49500 1
49600 1
49700 1
49800 1
49900 1
