100 0.55
200 0.56
300 0.66
400 0.65
500 0.47
600 0.62
700 0.62
800 0.63
900 0.39
1000 0.49
1100 0.6
1200 0.56
1300 0.63
1400 0.51
1500 0.5
1600 0.64
1700 0.55
1800 0.41
1900 0.5
2000 0.53
2100 0.63
2200 0.6
2300 0.57
2400 0.57
2500 0.59
2600 0.5
2700 0.67
2800 0.53
2900 0.51
3000 0.64
3100 0.45
3200 0.52
3300 0.51
3400 0.53
3500 0.67
3600 0.57
3700 0.56
3800 0.67
3900 0.48
4000 0.67
4100 0.44
4200 0.62
4300 0.62
4400 0.67
4500 0.56
4600 0.66
4700 0.6
4800 0.58
4900 0.52
5000 0.66
5100 0.58
5200 0.53
5300 0.54
5400 0.64
5500 0.68
5600 0.64
5700 0.7
5800 0.6
5900 0.58
6000 0.55
6100 0.6
6200 0.48
6300 0.62
6400 0.62
6500 0.66
6600 0.64
6700 0.58
6800 0.59
6900 0.48
7000 0.61
7100 0.53
7200 0.51
7300 0.53
7400 0.66
7500 0.61
7600 0.6
7700 0.65
7800 0.67
7900 0.6
8000 0.61
8100 0.59
8200 0.62
8300 0.7
8400 0.66
8500 0.58
8600 0.59
8700 0.57
8800 0.61
8900 0.56
9000 0.63
9100 0.6
9200 0.59
9300 0.62
9400 0.59
9500 0.65
9600 0.52
9700 0.48
9800 0.54
9900 0.56
10000 0.63
10100 0.55
10200 0.69
10300 0.56
10400 0.62
10500 0.56
10600 0.6
10700 0.67
10800 0.48
10900 0.63
11000 0.61
11100 0.51
11200 0.48
11300 0.57
11400 0.65
11500 0.5
11600 0.66
11700 0.63
11800 0.58
11900 0.61
12000 0.64
12100 0.62
12200 0.62
12300 0.59
12400 0.52
12500 0.6
12600 0.58
12700 0.56
12800 0.6
12900 0.62
13000 0.55
13100 0.61
13200 0.6
13300 0.64
13400 0.51
13500 0.6
13600 0.64
13700 0.56
13800 0.59
13900 0.67
14000 0.54
14100 0.6
14200 0.68
14300 0.51
14400 0.64
14500 0.61
14600 0.64
14700 0.57
14800 0.57
14900 0.56
15000 0.52
15100 0.49
15200 0.42
15300 0.57
15400 0.59
15500 0.65
15600 0.56
15700 0.48
15800 0.49
15900 0.51
16000 0.57
16100 0.55
16200 0.63
16300 0.63
16400 0.63
16500 0.59
16600 0.51
16700 0.54
16800 0.5
16900 0.53
17000 0.56
17100 0.44
17200 0.53
17300 0.6
17400 0.54
17500 0.62
17600 0.52
17700 0.59
17800 0.52
17900 0.46
18000 0.46
18100 0.37
18200 0.64
18300 0.5
18400 0.43
18500 0.62
18600 0.55
18700 0.65
18800 0.57
18900 0.58
19000 0.61
19100 0.54
19200 0.46
19300 0.4
19400 0.53
19500 0.45
19600 0.6
19700 0.59
19800 0.5
19900 0.48
20000 0.45
20100 0.44
20200 0.51
20300 0.6
20400 0.45
20500 0.46
20600 0.48
20700 0.43
20800 0.5
20900 0.6
21000 0.55
21100 0.47
21200 0.52
21300 0.49
21400 0.53
21500 0.44
21600 0.47
21700 0.53
21800 0.53
21900 0.53
22000 0.49
22100 0.64
22200 0.54
22300 0.47
22400 0.5
22500 0.52
22600 0.56
22700 0.52
22800 0.58
22900 0.56
23000 0.57
23100 0.64
23200 0.47
23300 0.54
23400 0.43
23500 0.56
23600 0.43
23700 0.52
23800 0.47
23900 0.48
24000 0.47
24100 0.5
24200 0.53
24300 0.5
24400 0.57
24500 0.54
24600 0.51
24700 0.4
24800 0.52
24900 0.56
25000 0.51
25100 0.64
25200 0.57
25300 0.61
25400 0.63
25500 0.61
25600 0.53
25700 0.59
25800 0.63
25900 0.59
26000 0.66
26100 0.61
26200 0.68
26300 0.48
26400 0.71
26500 0.57
26600 0.56
26700 0.54
26800 0.47
26900 0.6
27000 0.59
27100 0.46
27200 0.51
27300 0.55
27400 0.52
27500 0.59
27600 0.5
27700 0.57
27800 0.6
27900 0.59
28000 0.52
28100 0.56
28200 0.63
28300 0.51
28400 0.5
28500 0.51
28600 0.6
28700 0.54
28800 0.54
28900 0.6
29000 0.57
29100 0.55
29200 0.54
29300 0.57
29400 0.64
29500 0.67
29600 0.7
29700 0.56
29800 0.52
29900 0.58
30000 0.55
30100 0.63
30200 0.55
30300 0.45
30400 0.59
30500 0.61
30600 0.59
30700 0.61
30800 0.57
30900 0.51
31000 0.62
31100 0.48
31200 0.61
31300 0.66
31400 0.65
31500 0.61
31600 0.49
31700 0.58
31800 0.64
31900 0.67
32000 0.6
32100 0.54
32200 0.54
32300 0.64
32400 0.49
32500 0.62
32600 0.51
32700 0.63
32800 0.56
32900 0.43
33000 0.48
33100 0.61
33200 0.67
33300 0.59
33400 0.67
33500 0.56
33600 0.56
33700 0.55
33800 0.54
33900 0.55
34000 0.56
34100 0.63
34200 0.55
34300 0.58
34400 0.58
34500 0.68
34600 0.48
34700 0.48
34800 0.47
34900 0.62
35000 0.61
35100 0.57
35200 0.58
35300 0.63
35400 0.54
35500 0.61
35600 0.6
35700 0.52
35800 0.47
35900 0.56
36000 0.53
36100 0.51
36200 0.55
36300 0.6
36400 0.46
36500 0.56
36600 0.53
36700 0.51
36800 0.52
36900 0.54
37000 0.49
37100 0.5
37200 0.58
37300 0.59
37400 0.52
37500 0.52
37600 0.6
37700 0.51
37800 0.63
37900 0.57
38000 0.6
38100 0.57
38200 0.5
38300 0.56
38400 0.59
38500 0.46
38600 0.65
38700 0.59
38800 0.53
38900 0.45
39000 0.49
39100 0.6
39200 0.61
39300 0.72
39400 0.67
39500 0.64
39600 0.57
39700 0.59
39800 0.61
39900 0.53
40000 0.63
40100 0.47
40200 0.59
40300 0.53
40400 0.45
40500 0.66
40600 0.64
40700 0.5
40800 0.61
40900 0.57
41000 0.62
41100 0.49
41200 0.56
41300 0.53
41400 0.43
41500 0.47
41600 0.57
41700 0.51
41800 0.56
41900 0.54
42000 0.46
42100 0.54
42200 0.57
42300 0.51
42400 0.5
42500 0.53
42600 0.57
42700 0.51
42800 0.49
42900 0.52
43000 0.55
43100 0.52
43200 0.52
43300 0.5
43400 0.54
43500 0.44
43600 0.54
43700 0.5
43800 0.51
43900 0.63
44000 0.49
44100 0.54
44200 0.5
44300 0.52
44400 0.58
44500 0.52
44600 0.6
44700 0.51
44800 0.55
44900 0.58
45000 0.44
45100 0.46
45200 0.52
45300 0.39
45400 0.58
45500 0.46
45600 0.5
45700 0.49
45800 0.52
45900 0.57
46000 0.49
46100 0.49
46200 0.55
46300 0.48
46400 0.44
46500 0.46
46600 0.5
46700 0.45
46800 0.53
46900 0.54
47000 0.51
47100 0.42
47200 0.46
47300 0.5
47400 0.58
47500 0.58
47600 0.55
47700 0.54
47800 0.44
47900 0.54
48000 0.59
48100 0.51
48200 0.61
48300 0.57
48400 0.62
48500 0.55
48600 0.58
48700 0.65
48800 0.52
48900 0.58
49000 0.58
49100 0.53
49200 0.61
49300 0.59
49400 0.6
49500 0.6
49600 0.57
49700 0.56
49800 0.53
49900 0.49
