100 1
200 0.57
300 0
400 0.44
500 0.46
600 0.47
700 0.47
800 0
900 0.47
1000 0.47
1100 1
1200 1
1300 0.57
1400 0.49
1500 0
1600 0.53
1700 0.52
1800 0.62
1900 0.48
2000 1
2100 1
2200 1
2300 0.59
2400 1
2500 0.39
2600 1
2700 0.45
2800 0.45
2900 0.56
3000 1
3100 1
3200 0.51
3300 1
3400 0.57
3500 1
3600 1
3700 1
3800 0.51
3900 0.51
4000 0.59
4100 1
4200 0
4300 1
4400 1
4500 1
4600 1
4700 1
4800 1
4900 1
5000 1
5100 1
5200 1
5300 1
5400 1
5500 1
5600 1
5700 1
5800 1
5900 1
6000 1
6100 1
6200 1
6300 1
6400 1
6500 1
6600 1
6700 1
6800 1
6900 1
7000 1
7100 0.49
7200 1
7300 1
7400 1
7500 1
7600 1
7700 0.55
7800 1
7900 1
8000 1
8100 1
8200 1
8300 0.46
8400 0.5
8500 1
8600 1
8700 1
8800 1
8900 1
9000 1
9100 1
9200 1
9300 1
9400 1
9500 1
9600 1
9700 1
9800 1
9900 1
10000 1
10100 1
10200 1
10300 1
10400 1
10500 1
10600 1
10700 1
10800 1
10900 1
11000 0.52
11100 1
11200 0.5
11300 1
11400 0.51
11500 0.47
11600 0.47
11700 1
11800 1
11900 1
12000 1
12100 1
12200 1
12300 1
12400 1
12500 1
12600 1
12700 1
12800 1
12900 1
13000 1
13100 1
13200 1
13300 1
13400 1
13500 1
13600 1
13700 1
13800 1
13900 1
14000 1
14100 1
14200 0.51
14300 1
14400 1
14500 1
14600 1
14700 1
14800 1
14900 1
15000 1
15100 0.49
15200 1
15300 1
15400 1
15500 1
15600 1
15700 1
15800 1
15900 1
16000 0.52
16100 1
16200 1
16300 0.55
16400 0.59
16500 0.54
16600 0.51
16700 0.52
16800 0.52
16900 0.51
17000 0.48
17100 0.52
17200 0.43
17300 0.45
17400 0.49
17500 0.53
17600 0.51
17700 0.54
17800 0.56
17900 0.55
18000 0
18100 0
18200 1
18300 0.45
18400 0
18500 0.54
18600 0.52
18700 0
18800 0.48
18900 1
19000 0
19100 0.5
19200 1
19300 0.45
19400 0.48
19500 0.48
19600 1
19700 0
19800 0
19900 0.45
20000 0.56
20100 0.53
20200 0
20300 0
20400 0.45
20500 0
20600 0.49
20700 0
20800 0.57
20900 0
21000 0
21100 0.59
21200 0
21300 0.48
21400 0.54
21500 0
21600 0
21700 0.48
21800 0
21900 0.45
22000 0.47
22100 0.56
22200 0.57
22300 0.65
22400 0.48
22500 0.51
22600 0.55
22700 0.57
22800 0.49
22900 0.51
23000 0
23100 0
23200 0
23300 0
23400 0
23500 0
23600 0
23700 0
23800 0.56
23900 0.52
24000 0
24100 0.55
24200 0
24300 0
24400 0
24500 0
24600 0.44
24700 0.56
24800 0
24900 1
25000 0.48
25100 1
25200 0.46
25300 0
25400 1
25500 1
25600 1
25700 1
25800 0
25900 0.52
26000 0
26100 0.52
26200 0.54
26300 0.61
26400 0
26500 0.46
26600 0.5
26700 0.54
26800 0.45
26900 1
27000 0
27100 0
27200 0
27300 0
27400 0
27500 0
27600 0
27700 0
27800 0
27900 0
28000 0
28100 0
28200 0
28300 0
28400 0
28500 0
28600 0
28700 0
28800 0
28900 0
29000 0
29100 0
29200 0
29300 0
29400 0
29500 0
29600 0
29700 0
29800 0
29900 0
30000 0
30100 0
30200 0
30300 0
30400 0
30500 0
30600 0
30700 0
30800 0
30900 0
31000 0
31100 0
31200 0
31300 0
31400 0
31500 0
31600 0
31700 0
31800 0
31900 0
32000 0
32100 0
32200 0
32300 0
32400 0
32500 0
32600 0
32700 0
32800 0
32900 0
33000 0
33100 0
33200 0
33300 0
33400 0
33500 0.49
33600 0
33700 0
33800 1
33900 0
34000 0.49
34100 0
34200 0.62
34300 0
34400 0
34500 0
34600 0.61
34700 0
34800 0.46
34900 0
35000 0
35100 0.47
35200 0
35300 0.45
35400 0
35500 0
35600 0
35700 0.4
35800 0
35900 0
36000 0.49
36100 0
36200 0.36
36300 0
36400 0
36500 0.5
36600 0.49
36700 0
36800 0
36900 0
37000 0
37100 0
37200 0
37300 0
37400 0.52
37500 0
37600 0
37700 0
37800 0
37900 0
38000 0
38100 0
38200 0
38300 0
38400 0
38500 0
38600 0
38700 0
38800 0
38900 0
39000 0
39100 0.55
39200 0.5
39300 0.42
39400 0.54
39500 0.5
39600 0.54
39700 1
39800 0.49
39900 0.58
40000 0.49
40100 0.57
40200 0.51
40300 0.36
40400 0.46
40500 0.52
40600 0.47
40700 0.46
40800 0.46
40900 0.52
41000 0.55
41100 0
41200 0
41300 0.55
41400 0
41500 0
41600 0
41700 0
41800 0
41900 0
42000 0
42100 0
42200 0
42300 0
42400 0
42500 0
42600 0
42700 0
42800 0
42900 0
43000 0
43100 0
43200 0
43300 0
43400 0
43500 0
43600 0
43700 0
43800 0
43900 0
44000 0
44100 0
44200 0
44300 0
44400 0
44500 0
44600 0
44700 0
44800 0
44900 0
45000 0
45100 0
45200 0
45300 0
45400 0
45500 0
45600 0
45700 0.55
45800 0.4
45900 0.51
46000 0
46100 0
46200 0
46300 0.54
46400 0
46500 0
46600 0
46700 0
46800 0
46900 0.45
47000 0
47100 0
47200 0
47300 0
47400 0
47500 0
47600 0
47700 0.58
47800 0.45
47900 0.64
48000 0.48
48100 0.48
48200 0.52
48300 0.5
48400 0.56
48500 0.56
48600 0.54
48700 0.46
48800 0.47
48900 0.51
49000 0.48
49100 0.54
49200 0.45
49300 0.55
49400 0.5
49500 0.51
49600 0.46
49700 0.38
49800 0.5
49900 1
