100 1
200 0.785
300 0.523333
400 0.5025
500 0.494
600 0.49
700 0.487143
800 0.42625
900 0.431111
1000 0.435
1100 0.486364
1200 0.529167
1300 0.532308
1400 0.529286
1500 0.494
1600 0.49625
1700 0.497647
1800 0.504444
1900 0.503158
2000 0.528
2100 0.550476
2200 0.570909
2300 0.571739
2400 0.589583
2500 0.5816
2600 0.597692
2700 0.592222
2800 0.587143
2900 0.586207
3000 0.6
3100 0.612903
3200 0.609688
3300 0.621515
3400 0.62
3500 0.630857
3600 0.641111
3700 0.650811
3800 0.647105
3900 0.64359
4000 0.64225
4100 0.650976
4200 0.635476
4300 0.643953
4400 0.652045
4500 0.659778
4600 0.667174
4700 0.674255
4800 0.681042
4900 0.687551
5000 0.6938
5100 0.699804
5200 0.705577
5300 0.711132
5400 0.716481
5500 0.721636
5600 0.726607
5700 0.731404
5800 0.736034
5900 0.740508
6000 0.744833
6100 0.749016
6200 0.753065
6300 0.756984
6400 0.760781
6500 0.764462
6600 0.76803
6700 0.771493
6800 0.774853
6900 0.778116
7000 0.781286
7100 0.777183
7200 0.780278
7300 0.783288
7400 0.786216
7500 0.789067
7600 0.791842
7700 0.788701
7800 0.79141
7900 0.794051
8000 0.796625
8100 0.799136
8200 0.801585
8300 0.79747
8400 0.793929
8500 0.796353
8600 0.798721
8700 0.801034
8800 0.803295
8900 0.805506
9000 0.807667
9100 0.80978
9200 0.811848
9300 0.813871
9400 0.815851
9500 0.817789
9600 0.819688
9700 0.821546
9800 0.823367
9900 0.825152
10000 0.8269
10100 0.828614
10200 0.830294
10300 0.831942
10400 0.833558
10500 0.835143
10600 0.836698
10700 0.838224
10800 0.839722
10900 0.841193
11000 0.838273
11100 0.83973
11200 0.836696
11300 0.838142
11400 0.835263
11500 0.832087
11600 0.828966
11700 0.830427
11800 0.831864
11900 0.833277
12000 0.834667
12100 0.836033
12200 0.837377
12300 0.838699
12400 0.84
12500 0.84128
12600 0.84254
12700 0.84378
12800 0.845
12900 0.846202
13000 0.847385
13100 0.84855
13200 0.849697
13300 0.850827
13400 0.85194
13500 0.853037
13600 0.854118
13700 0.855182
13800 0.856232
13900 0.857266
14000 0.858286
14100 0.859291
14200 0.856831
14300 0.857832
14400 0.858819
14500 0.859793
14600 0.860753
14700 0.861701
14800 0.862635
14900 0.863557
15000 0.864467
15100 0.861987
15200 0.862895
15300 0.863791
15400 0.864675
15500 0.865548
15600 0.86641
15700 0.867261
15800 0.868101
15900 0.868931
16000 0.86675
16100 0.867578
16200 0.868395
16300 0.866442
16400 0.864756
16500 0.862788
16600 0.860663
16700 0.858623
16800 0.856607
16900 0.854556
17000 0.852353
17100 0.850409
17200 0.847965
17300 0.845665
17400 0.843621
17500 0.841829
17600 0.839943
17700 0.838249
17800 0.836685
17900 0.835084
18000 0.830444
18100 0.825856
18200 0.826813
18300 0.824754
18400 0.820272
18500 0.818757
18600 0.817151
18700 0.812781
18800 0.811011
18900 0.812011
19000 0.807737
19100 0.806126
19200 0.807135
19300 0.805285
19400 0.803608
19500 0.801949
19600 0.802959
19700 0.798883
19800 0.794848
19900 0.793116
20000 0.79195
20100 0.790647
20200 0.786733
20300 0.782857
20400 0.781225
20500 0.777415
20600 0.776019
20700 0.772271
20800 0.771298
20900 0.767608
21000 0.763952
21100 0.763128
21200 0.759528
21300 0.758216
21400 0.757196
21500 0.753674
21600 0.750185
21700 0.74894
21800 0.745505
21900 0.744155
22000 0.742909
22100 0.742081
22200 0.741306
22300 0.740897
22400 0.739732
22500 0.738711
22600 0.737876
22700 0.737137
22800 0.736053
22900 0.735066
23000 0.73187
23100 0.728701
23200 0.72556
23300 0.722446
23400 0.719359
23500 0.716298
23600 0.713263
23700 0.710253
23800 0.709622
23900 0.708828
24000 0.705875
24100 0.705228
24200 0.702314
24300 0.699424
24400 0.696557
24500 0.693714
24600 0.692683
24700 0.692146
24800 0.689355
24900 0.690602
25000 0.68976
25100 0.690996
25200 0.690079
25300 0.687352
25400 0.688583
25500 0.689804
25600 0.691016
25700 0.692218
25800 0.689535
25900 0.68888
26000 0.686231
26100 0.685594
26200 0.685038
26300 0.684753
26400 0.682159
26500 0.681321
26600 0.680639
26700 0.680112
26800 0.679254
26900 0.680446
27000 0.677926
27100 0.675424
27200 0.672941
27300 0.670476
27400 0.668029
27500 0.6656
27600 0.663188
27700 0.660794
27800 0.658417
27900 0.656057
28000 0.653714
28100 0.651388
28200 0.649078
28300 0.646784
28400 0.644507
28500 0.642246
28600 0.64
28700 0.63777
28800 0.635556
28900 0.633356
29000 0.631172
29100 0.629003
29200 0.626849
29300 0.62471
29400 0.622585
29500 0.620475
29600 0.618378
29700 0.616296
29800 0.614228
29900 0.612174
30000 0.610133
30100 0.608106
30200 0.606093
30300 0.604092
30400 0.602105
30500 0.600131
30600 0.59817
30700 0.596221
30800 0.594286
30900 0.592362
31000 0.590452
31100 0.588553
31200 0.586667
31300 0.584792
31400 0.58293
31500 0.581079
31600 0.579241
31700 0.577413
31800 0.575597
31900 0.573793
32000 0.572
32100 0.570218
32200 0.568447
32300 0.566687
32400 0.564938
32500 0.5632
32600 0.561472
32700 0.559755
32800 0.558049
32900 0.556353
33000 0.554667
33100 0.552991
33200 0.551325
33300 0.54967
33400 0.548024
33500 0.547851
33600 0.54622
33700 0.544599
33800 0.545947
33900 0.544336
34000 0.544176
34100 0.542581
34200 0.542807
34300 0.541224
34400 0.539651
34500 0.538087
34600 0.538295
34700 0.536744
34800 0.536523
34900 0.534986
35000 0.533457
35100 0.533276
35200 0.531761
35300 0.53153
35400 0.530028
35500 0.528535
35600 0.527051
35700 0.526695
35800 0.525223
35900 0.52376
36000 0.523667
36100 0.522216
36200 0.521768
36300 0.520331
36400 0.518901
36500 0.518849
36600 0.51877
36700 0.517357
36800 0.515951
36900 0.514553
37000 0.513162
37100 0.511779
37200 0.510403
37300 0.509035
37400 0.509064
37500 0.507707
37600 0.506356
37700 0.505013
37800 0.503677
37900 0.502348
38000 0.501026
38100 0.499711
38200 0.498403
38300 0.497102
38400 0.495807
38500 0.494519
38600 0.493238
38700 0.491964
38800 0.490696
38900 0.489434
39000 0.488179
39100 0.488338
39200 0.488367
39300 0.488193
39400 0.488325
39500 0.488354
39600 0.488485
39700 0.489773
39800 0.489774
39900 0.49
40000 0.49
40100 0.4902
40200 0.490249
40300 0.489926
40400 0.489851
40500 0.489926
40600 0.489877
40700 0.489803
40800 0.48973
40900 0.489804
41000 0.489951
41100 0.488759
41200 0.487573
41300 0.487724
41400 0.486546
41500 0.485373
41600 0.484207
41700 0.483046
41800 0.48189
41900 0.48074
42000 0.479595
42100 0.478456
42200 0.477322
42300 0.476194
42400 0.475071
42500 0.473953
42600 0.47284
42700 0.471733
42800 0.470631
42900 0.469534
43000 0.468442
43100 0.467355
43200 0.466273
43300 0.465196
43400 0.464124
43500 0.463057
43600 0.461995
43700 0.460938
43800 0.459886
43900 0.458838
44000 0.457795
44100 0.456757
44200 0.455724
44300 0.454695
44400 0.453671
44500 0.452652
44600 0.451637
44700 0.450626
44800 0.449621
44900 0.448619
45000 0.447622
45100 0.44663
45200 0.445642
45300 0.444658
45400 0.443678
45500 0.442703
45600 0.441732
45700 0.441969
45800 0.441878
45900 0.442026
46000 0.441065
46100 0.440108
46200 0.439156
46300 0.439374
46400 0.438427
46500 0.437484
46600 0.436545
46700 0.43561
46800 0.434679
46900 0.434712
47000 0.433787
47100 0.432866
47200 0.431949
47300 0.431036
47400 0.430127
47500 0.429221
47600 0.428319
47700 0.428637
47800 0.428682
47900 0.429123
48000 0.429229
48100 0.429335
48200 0.429523
48300 0.429669
48400 0.429938
48500 0.430206
48600 0.430432
48700 0.430493
48800 0.430574
48900 0.430736
49000 0.430837
49100 0.431059
49200 0.431098
49300 0.431339
49400 0.431478
49500 0.431636
49600 0.431694
49700 0.43159
49800 0.431727
49900 0.432866
