100 0.55
200 0.555
300 0.59
400 0.605
500 0.578
600 0.585
700 0.59
800 0.595
900 0.572222
1000 0.564
1100 0.567273
1200 0.566667
1300 0.571538
1400 0.567143
1500 0.562667
1600 0.5675
1700 0.566471
1800 0.557778
1900 0.554737
2000 0.5535
2100 0.557143
2200 0.559091
2300 0.559565
2400 0.56
2500 0.5612
2600 0.558846
2700 0.562963
2800 0.561786
2900 0.56
3000 0.562667
3100 0.559032
3200 0.557813
3300 0.556364
3400 0.555588
3500 0.558857
3600 0.559167
3700 0.559189
3800 0.562105
3900 0.56
4000 0.56275
4100 0.559756
4200 0.56119
4300 0.562558
4400 0.565
4500 0.564889
4600 0.566957
4700 0.56766
4800 0.567917
4900 0.566939
5000 0.5688
5100 0.56902
5200 0.568269
5300 0.567736
5400 0.569074
5500 0.571091
5600 0.572321
5700 0.574561
5800 0.575
5900 0.575085
6000 0.574667
6100 0.575082
6200 0.573548
6300 0.574286
6400 0.575
6500 0.576308
6600 0.577273
6700 0.577313
6800 0.5775
6900 0.576087
7000 0.576571
7100 0.575915
7200 0.575
7300 0.574384
7400 0.575541
7500 0.576
7600 0.576316
7700 0.577273
7800 0.578462
7900 0.578734
8000 0.579125
8100 0.579259
8200 0.579756
8300 0.581205
8400 0.582143
8500 0.582118
8600 0.582209
8700 0.582069
8800 0.582386
8900 0.582135
9000 0.582667
9100 0.582857
9200 0.582935
9300 0.583333
9400 0.583404
9500 0.584105
9600 0.583438
9700 0.582371
9800 0.581939
9900 0.581717
10000 0.5822
10100 0.581881
10200 0.582941
10300 0.582718
10400 0.583077
10500 0.582857
10600 0.583019
10700 0.583832
10800 0.58287
10900 0.583303
11000 0.583545
11100 0.582883
11200 0.581964
11300 0.581858
11400 0.582456
11500 0.581739
11600 0.582414
11700 0.582821
11800 0.582797
11900 0.583025
12000 0.5835
12100 0.583802
12200 0.584098
12300 0.584146
12400 0.583629
12500 0.58376
12600 0.58373
12700 0.583543
12800 0.583672
12900 0.583953
13000 0.583692
13100 0.583893
13200 0.584015
13300 0.584436
13400 0.583881
13500 0.584
13600 0.584412
13700 0.584234
13800 0.584275
13900 0.584892
14000 0.584571
14100 0.584681
14200 0.585352
14300 0.584825
14400 0.585208
14500 0.585379
14600 0.585753
14700 0.585646
14800 0.585541
14900 0.585369
15000 0.584933
15100 0.584305
15200 0.583224
15300 0.583137
15400 0.583182
15500 0.583613
15600 0.583462
15700 0.582803
15800 0.582215
15900 0.581761
16000 0.581688
16100 0.581491
16200 0.58179
16300 0.582086
16400 0.582378
16500 0.582424
16600 0.581988
16700 0.581737
16800 0.58125
16900 0.580947
17000 0.580824
17100 0.58
17200 0.579709
17300 0.579827
17400 0.579598
17500 0.579829
17600 0.579489
17700 0.579548
17800 0.579213
17900 0.578547
18000 0.577889
18100 0.57674
18200 0.577088
18300 0.576667
18400 0.57587
18500 0.576108
18600 0.575968
18700 0.576364
18800 0.57633
18900 0.576349
19000 0.576526
19100 0.576335
19200 0.575729
19300 0.574819
19400 0.574588
19500 0.573949
19600 0.574082
19700 0.574162
19800 0.573788
19900 0.573317
20000 0.5727
20100 0.57204
20200 0.571733
20300 0.571872
20400 0.571275
20500 0.570732
20600 0.570291
20700 0.569614
20800 0.569279
20900 0.569426
21000 0.569333
21100 0.568863
21200 0.568632
21300 0.568263
21400 0.568084
21500 0.567488
21600 0.567037
21700 0.566866
21800 0.566697
21900 0.56653
22000 0.566182
22100 0.566516
22200 0.566396
22300 0.565964
22400 0.56567
22500 0.565467
22600 0.565442
22700 0.565242
22800 0.565307
22900 0.565284
23000 0.565304
23100 0.565628
23200 0.565216
23300 0.565107
23400 0.56453
23500 0.564511
23600 0.563941
23700 0.563755
23800 0.563361
23900 0.563013
24000 0.562625
24100 0.562365
24200 0.562231
24300 0.561975
24400 0.562008
24500 0.561918
24600 0.561707
24700 0.561053
24800 0.560887
24900 0.560884
25000 0.56068
25100 0.560996
25200 0.561032
25300 0.561225
25400 0.561496
25500 0.561686
25600 0.561562
25700 0.561673
25800 0.561938
25900 0.562046
26000 0.562423
26100 0.562605
26200 0.563053
26300 0.562738
26400 0.563295
26500 0.563321
26600 0.563308
26700 0.563221
26800 0.562873
26900 0.563011
27000 0.563111
27100 0.562731
27200 0.562537
27300 0.562491
27400 0.562336
27500 0.562436
27600 0.56221
27700 0.562238
27800 0.562374
27900 0.562473
28000 0.562321
28100 0.562313
28200 0.562553
28300 0.562367
28400 0.562148
28500 0.561965
28600 0.562098
28700 0.562021
28800 0.561944
28900 0.562076
29000 0.562103
29100 0.562062
29200 0.561986
29300 0.562014
29400 0.562279
29500 0.562644
29600 0.563108
29700 0.563098
29800 0.562953
29900 0.56301
30000 0.562967
30100 0.563189
30200 0.563146
30300 0.562772
30400 0.562862
30500 0.563016
30600 0.563105
30700 0.563257
30800 0.563279
30900 0.563107
31000 0.56329
31100 0.563023
31200 0.563173
31300 0.563482
31400 0.563758
31500 0.563905
31600 0.563671
31700 0.563722
31800 0.563962
31900 0.564295
32000 0.564406
32100 0.56433
32200 0.564255
32300 0.564489
32400 0.564259
32500 0.564431
32600 0.564264
32700 0.564465
32800 0.564451
32900 0.564043
33000 0.563788
33100 0.563927
33200 0.564247
33300 0.564324
33400 0.564641
33500 0.564627
33600 0.564613
33700 0.56457
33800 0.564497
33900 0.564454
34000 0.564441
34100 0.564633
34200 0.564591
34300 0.564636
34400 0.56468
34500 0.565014
34600 0.564769
34700 0.564524
34800 0.564253
34900 0.564413
35000 0.564543
35100 0.564558
35200 0.564602
35300 0.564788
35400 0.564718
35500 0.564845
35600 0.564944
35700 0.564818
35800 0.564553
35900 0.56454
36000 0.564444
36100 0.564294
36200 0.564254
36300 0.564353
36400 0.564066
36500 0.564055
36600 0.563962
36700 0.563815
36800 0.563696
36900 0.563631
37000 0.563432
37100 0.563261
37200 0.563306
37300 0.563378
37400 0.563262
37500 0.563147
37600 0.563245
37700 0.563103
37800 0.56328
37900 0.563298
38000 0.563395
38100 0.563412
38200 0.563246
38300 0.563238
38400 0.563307
38500 0.563039
38600 0.563264
38700 0.563333
38800 0.563247
38900 0.562956
39000 0.562769
39100 0.562864
39200 0.562985
39300 0.563384
39400 0.563655
39500 0.563848
39600 0.563864
39700 0.563929
39800 0.564045
39900 0.56396
40000 0.564125
40100 0.56389
40200 0.563955
40300 0.563871
40400 0.563589
40500 0.563827
40600 0.564015
40700 0.563857
40800 0.563971
40900 0.563985
41000 0.564122
41100 0.563942
41200 0.563932
41300 0.56385
41400 0.563527
41500 0.563301
41600 0.563317
41700 0.563189
41800 0.563182
41900 0.563126
42000 0.562881
42100 0.562827
42200 0.562844
42300 0.562719
42400 0.562571
42500 0.562494
42600 0.562512
42700 0.562389
42800 0.56222
42900 0.562121
43000 0.562093
43100 0.561995
43200 0.561898
43300 0.561755
43400 0.561705
43500 0.561425
43600 0.561376
43700 0.561236
43800 0.561119
43900 0.561276
44000 0.561114
44100 0.561066
44200 0.560928
44300 0.560835
44400 0.560878
44500 0.560787
44600 0.560874
44700 0.560761
44800 0.560737
44900 0.56078
45000 0.560511
45100 0.560288
45200 0.560199
45300 0.559823
45400 0.559868
45500 0.559648
45600 0.559518
45700 0.559365
45800 0.559279
45900 0.559303
46000 0.559152
46100 0.559002
46200 0.558983
46300 0.558812
46400 0.558556
46500 0.558344
46600 0.558219
46700 0.557987
46800 0.557927
46900 0.557889
47000 0.557787
47100 0.557495
47200 0.557288
47300 0.557167
47400 0.557215
47500 0.557263
47600 0.557248
47700 0.557212
47800 0.556967
47900 0.556931
48000 0.557
48100 0.556902
48200 0.557012
48300 0.557039
48400 0.557169
48500 0.557155
48600 0.557202
48700 0.557392
48800 0.557316
48900 0.557362
49000 0.557408
49100 0.557352
49200 0.557459
49300 0.557525
49400 0.557611
49500 0.557697
49600 0.557722
49700 0.557726
49800 0.557671
49900 0.557535
