100 0.6
200 0.55
300 0.55
400 0.61
500 0.63
600 0.71
700 0.75
800 0.73
900 0.76
1000 0.66
1100 0.58
1200 0.6
1300 0.56
1400 0.71
1500 0.59
1600 0.71
1700 0.66
1800 0.52
1900 0.64
2000 0.69
2100 0.64
2200 0.62
2300 0.57
2400 0.63
2500 0.7
2600 0.65
2700 0.69
2800 0.67
2900 0.69
3000 0.66
3100 0.73
3200 0.63
3300 0.67
3400 0.71
3500 0.65
3600 0.67
3700 0.82
3800 0.66
3900 0.71
4000 0.7
4100 0.65
4200 0.7
4300 0.53
4400 0.61
4500 0.66
4600 0.85
4700 0.76
4800 0.67
4900 0.64
5000 0.72
5100 0.82
5200 0.66
5300 0.7
5400 0.73
5500 0.59
5600 0.63
5700 0.6
5800 0.67
5900 0.68
6000 0.65
6100 0.77
6200 0.65
6300 0.65
6400 0.8
6500 0.59
6600 0.58
6700 0.7
6800 0.77
6900 0.8
7000 0.71
7100 0.68
7200 0.8
7300 0.67
7400 0.68
7500 0.67
7600 0.75
7700 0.71
7800 0.7
7900 0.61
8000 0.69
8100 0.67
8200 0.67
8300 0.63
8400 0.7
8500 0.67
8600 0.74
8700 0.73
8800 0.61
8900 0.73
9000 0.66
9100 0.68
9200 0.66
9300 0.62
9400 0.71
9500 0.65
9600 0.69
9700 0.64
9800 0.57
9900 0.57
10000 0.68
10100 0.79
10200 0.65
10300 0.69
10400 0.71
10500 0.76
10600 0.66
10700 0.74
10800 0.62
10900 0.64
11000 0.69
11100 0.65
11200 0.66
11300 0.68
11400 0.68
11500 0.73
11600 0.7
11700 0.74
11800 0.63
11900 0.66
12000 0.69
12100 0.74
12200 0.68
12300 0.71
12400 0.72
12500 0.69
12600 0.78
12700 0.72
12800 0.72
12900 0.68
13000 0.75
13100 0.75
13200 0.77
13300 0.81
13400 0.69
13500 0.67
13600 0.74
13700 0.65
13800 0.63
13900 0.68
14000 0.71
14100 0.69
14200 0.74
14300 0.78
14400 0.76
14500 0.76
14600 0.64
14700 0.76
14800 0.8
14900 0.78
15000 0.74
15100 0.75
15200 0.76
15300 0.69
15400 0.67
15500 0.72
15600 0.73
15700 0.72
15800 0.78
15900 0.72
16000 0.69
16100 0.73
16200 0.76
16300 0.73
16400 0.67
16500 0.68
16600 0.71
16700 0.75
16800 0.72
16900 0.77
17000 0.73
17100 0.76
17200 0.71
17300 0.62
17400 0.7
17500 0.67
17600 0.62
17700 0.72
17800 0.71
17900 0.68
18000 0.74
18100 0.56
18200 0.66
18300 0.59
18400 0.72
18500 0.7
18600 0.7
18700 0.74
18800 0.79
18900 0.72
19000 0.75
19100 0.66
19200 0.73
19300 0.62
19400 0.73
19500 0.67
19600 0.67
19700 0.72
19800 0.78
19900 0.68
20000 0.71
20100 0.68
20200 0.73
20300 0.68
20400 0.66
20500 0.67
20600 0.68
20700 0.74
20800 0.72
20900 0.66
21000 0.74
21100 0.68
21200 0.77
21300 0.83
21400 0.73
21500 0.83
21600 0.7
21700 0.7
21800 0.77
21900 0.71
22000 0.74
22100 0.74
22200 0.74
22300 0.64
22400 0.7
22500 0.74
22600 0.69
22700 0.69
22800 0.8
22900 0.76
23000 0.67
23100 0.74
23200 0.72
23300 0.73
23400 0.7
23500 0.66
23600 0.67
23700 0.67
23800 0.77
23900 0.69
24000 0.77
24100 0.72
24200 0.62
24300 0.71
24400 0.64
24500 0.72
24600 0.62
24700 0.67
24800 0.66
24900 0.76
25000 0.67
25100 0.73
25200 0.71
25300 0.63
25400 0.83
25500 0.76
25600 0.74
25700 0.81
25800 0.77
25900 0.8
26000 0.79
26100 0.75
26200 0.72
26300 0.78
26400 0.67
26500 0.62
26600 0.75
26700 0.7
26800 0.74
26900 0.58
27000 0.75
27100 0.77
27200 0.79
27300 0.82
27400 0.73
27500 0.81
27600 0.78
27700 0.7
27800 0.71
27900 0.64
28000 0.83
28100 0.73
28200 0.76
28300 0.8
28400 0.81
28500 0.68
28600 0.77
28700 0.7
28800 0.74
28900 0.68
29000 0.7
29100 0.78
29200 0.77
29300 0.75
29400 0.84
29500 0.81
29600 0.8
29700 0.7
29800 0.71
29900 0.63
30000 0.75
30100 0.76
30200 0.68
30300 0.77
30400 0.79
30500 0.7
30600 0.85
30700 0.8
30800 0.7
30900 0.73
31000 0.73
31100 0.8
31200 0.6
31300 0.73
31400 0.84
31500 0.7
31600 0.66
31700 0.75
31800 0.68
31900 0.64
32000 0.65
32100 0.58
32200 0.71
32300 0.75
32400 0.69
32500 0.64
32600 0.65
32700 0.73
32800 0.79
32900 0.75
33000 0.73
33100 0.72
33200 0.66
33300 0.76
33400 0.68
33500 0.71
33600 0.67
33700 0.68
33800 0.75
33900 0.68
34000 0.71
34100 0.77
34200 0.83
34300 0.71
34400 0.84
34500 0.71
34600 0.66
34700 0.62
34800 0.75
34900 0.77
35000 0.74
35100 0.74
35200 0.76
35300 0.8
35400 0.76
35500 0.74
35600 0.83
35700 0.82
35800 0.77
35900 0.72
36000 0.68
36100 0.8
36200 0.83
36300 0.72
36400 0.72
36500 0.76
36600 0.75
36700 0.78
36800 0.63
36900 0.75
37000 0.76
37100 0.74
37200 0.77
37300 0.79
37400 0.6
37500 0.72
37600 0.68
37700 0.77
37800 0.73
37900 0.74
38000 0.75
38100 0.69
38200 0.81
38300 0.73
38400 0.82
38500 0.73
38600 0.73
38700 0.75
38800 0.69
38900 0.77
39000 0.74
39100 0.68
39200 0.78
39300 0.75
39400 0.76
39500 0.76
39600 0.7
39700 0.77
39800 0.76
39900 0.75
40000 0.73
40100 0.7
40200 0.75
40300 0.77
40400 0.82
40500 0.81
40600 0.8
40700 0.66
40800 0.85
40900 0.8
41000 0.73
41100 0.79
41200 0.71
41300 0.84
41400 0.71
41500 0.82
41600 0.77
41700 0.73
41800 0.8
41900 0.78
42000 0.74
42100 0.85
42200 0.68
42300 0.78
42400 0.74
42500 0.78
42600 0.8
42700 0.73
42800 0.77
42900 0.81
43000 0.8
43100 0.73
43200 0.88
43300 0.81
43400 0.73
43500 0.82
43600 0.79
43700 0.64
43800 0.63
43900 0.8
44000 0.74
44100 0.74
44200 0.74
44300 0.81
44400 0.78
44500 0.73
44600 0.82
44700 0.77
44800 0.8
44900 0.77
45000 0.79
45100 0.79
45200 0.77
45300 0.83
45400 0.72
45500 0.77
45600 0.77
45700 0.71
45800 0.72
45900 0.7
46000 0.76
46100 0.68
46200 0.8
46300 0.78
46400 0.76
46500 0.75
46600 0.81
46700 0.77
46800 0.8
46900 0.77
47000 0.8
47100 0.75
47200 0.85
47300 0.82
47400 0.76
47500 0.85
47600 0.77
47700 0.62
47800 0.76
47900 0.68
48000 0.71
48100 0.74
48200 0.68
48300 0.78
48400 0.71
48500 0.75
48600 0.71
48700 0.8
48800 0.82
48900 0.77
49000 0.79
49100 0.76
49200 0.67
49300 0.73
49400 0.81
49500 0.71
49600 0.77
49700 0.79
49800 0.8
49900 0.74
