100 0.54
200 1
300 0
400 0
500 0.54
600 1
700 0.42
800 0.48
900 1
1000 1
1100 1
1200 0.45
1300 0.52
1400 0.48
1500 1
1600 1
1700 1
1800 0.51
1900 1
2000 1
2100 1
2200 1
2300 1
2400 0.53
2500 1
2600 1
2700 1
2800 0.61
2900 1
3000 0.51
3100 1
3200 1
3300 1
3400 1
3500 0
3600 1
3700 1
3800 1
3900 1
4000 1
4100 1
4200 0.47
4300 0.44
4400 0
4500 0.46
4600 1
4700 1
4800 0
4900 1
5000 1
5100 1
5200 0.45
5300 1
5400 0.54
5500 0.39
5600 0.53
5700 0.52
5800 0
5900 0.5
6000 1
6100 0.47
6200 0.56
6300 0.51
6400 1
6500 0.52
6600 1
6700 1
6800 0.44
6900 1
7000 1
7100 0.48
7200 0.51
7300 1
7400 0.59
7500 0.47
7600 1
7700 0.49
7800 1
7900 0.54
8000 1
8100 1
8200 1
8300 0.51
8400 1
8500 1
8600 0.55
8700 0.45
8800 0.46
8900 1
9000 0.47
9100 1
9200 1
9300 0.57
9400 0.49
9500 1
9600 0.52
9700 1
9800 0.56
9900 1
10000 1
10100 1
10200 1
10300 1
10400 1
10500 0.47
10600 1
10700 1
10800 1
10900 1
11000 1
11100 1
11200 1
11300 1
11400 1
11500 1
11600 1
11700 1
11800 0.43
11900 1
12000 1
12100 1
12200 1
12300 1
12400 1
12500 1
12600 0.58
12700 1
12800 1
12900 1
13000 1
13100 1
13200 1
13300 1
13400 1
13500 1
13600 1
13700 1
13800 0.47
13900 0.48
14000 0.5
14100 1
14200 1
14300 1
14400 1
14500 1
14600 1
14700 1
14800 1
14900 1
15000 1
15100 0.5
15200 1
15300 1
15400 1
15500 1
15600 1
15700 1
15800 1
15900 1
16000 1
16100 0.49
16200 1
16300 1
16400 1
16500 1
16600 1
16700 1
16800 1
16900 0.51
17000 1
17100 1
17200 1
17300 0.46
17400 1
17500 1
17600 1
17700 0.53
17800 1
17900 1
18000 1
18100 1
18200 1
18300 1
18400 0.43
18500 1
18600 1
18700 1
18800 1
18900 1
19000 1
19100 1
19200 1
19300 1
19400 0.62
19500 1
19600 1
19700 1
19800 1
19900 1
20000 1
20100 0.42
20200 0.53
20300 0.48
20400 0.48
20500 0.53
20600 1
20700 0.39
20800 0.58
20900 0.51
21000 1
21100 1
21200 1
21300 1
21400 1
21500 1
21600 1
21700 1
21800 1
21900 0.51
22000 1
22100 1
22200 1
22300 0.5
22400 0.53
22500 0.48
22600 1
22700 0.56
22800 1
22900 1
23000 0.58
23100 1
23200 1
23300 1
23400 0.55
23500 1
23600 0.4
23700 1
23800 0.47
23900 0.47
24000 1
24100 0.46
24200 1
24300 1
24400 1
24500 1
24600 1
24700 0
24800 1
24900 0
25000 1
25100 1
25200 1
25300 0.53
25400 0.54
25500 1
25600 0.52
25700 0.54
25800 1
25900 1
26000 1
26100 1
26200 1
26300 1
26400 0.56
26500 1
26600 1
26700 0.57
26800 0.38
26900 1
27000 1
27100 1
27200 1
27300 0.53
27400 1
27500 1
27600 1
27700 1
27800 1
27900 1
28000 1
28100 1
28200 1
28300 1
28400 1
28500 0.49
28600 1
28700 0.49
28800 0.45
28900 1
29000 1
29100 1
29200 1
29300 0.49
29400 1
29500 1
29600 1
29700 0.44
29800 0.51
29900 1
30000 0.49
30100 1
30200 1
30300 1
30400 1
30500 1
30600 1
30700 1
30800 1
30900 1
31000 1
31100 1
31200 0.45
31300 1
31400 1
31500 1
31600 0.52
31700 1
31800 1
31900 1
32000 1
32100 0.59
32200 1
32300 1
32400 0.53
32500 0.57
32600 1
32700 0.48
32800 1
32900 0.56
33000 1
33100 1
33200 1
33300 0.51
33400 1
33500 1
33600 1
33700 1
33800 1
33900 1
34000 1
34100 1
34200 1
34300 1
34400 1
34500 0.46
34600 1
34700 1
34800 1
34900 1
35000 1
35100 0.56
35200 1
35300 1
35400 1
35500 1
35600 1
35700 1
35800 1
35900 1
36000 1
36100 1
36200 0.54
36300 1
36400 1
36500 1
36600 1
36700 1
36800 0.48
36900 1
37000 1
37100 1
37200 1
37300 1
37400 1
37500 1
37600 1
37700 1
37800 1
37900 1
38000 1
38100 1
38200 1
38300 0.45
38400 0.51
38500 0.48
38600 0.51
38700 1
38800 0.41
38900 1
39000 1
39100 1
39200 1
39300 1
39400 0.49
39500 1
39600 1
39700 0.51
39800 1
39900 0.55
40000 1
40100 1
40200 1
40300 1
40400 1
40500 1
40600 1
40700 1
40800 1
40900 1
41000 0.52
41100 1
41200 1
41300 1
41400 1
41500 1
41600 1
41700 1
41800 1
41900 1
42000 1
42100 1
42200 1
42300 1
42400 1
42500 1
42600 1
42700 0.53
42800 1
42900 1
43000 1
43100 1
43200 1
43300 1
43400 1
43500 1
43600 1
43700 0.58
43800 1
43900 1
44000 1
44100 1
44200 1
44300 1
44400 1
44500 1
44600 1
44700 1
44800 1
44900 1
45000 0.51
45100 1
45200 1
45300 1
45400 1
45500 0.49
45600 1
45700 1
45800 1
45900 1
46000 1
46100 1
46200 1
46300 1
46400 0.44
46500 1
46600 1
46700 0.54
46800 1
46900 1
47000 1
47100 1
47200 1
47300 1
47400 1
47500 1
47600 1
47700 1
47800 1
47900 1
48000 1
48100 1
48200 1
48300 1
48400 1
48500 1
48600 1
48700 1
48800 1
48900 1
49000 1
49100 1
49200 1
49300 0.56
49400 0.47
49500 1
49600 1
49700 1
49800 1
49900 1
