100 0.54
200 0.77
300 0.513333
400 0.385
500 0.416
600 0.513333
700 0.5
800 0.4975
900 0.553333
1000 0.598
1100 0.634545
1200 0.619167
1300 0.611538
1400 0.602143
1500 0.628667
1600 0.651875
1700 0.672353
1800 0.663333
1900 0.681053
2000 0.697
2100 0.711429
2200 0.724545
2300 0.736522
2400 0.727917
2500 0.7388
2600 0.748846
2700 0.758148
2800 0.752857
2900 0.761379
3000 0.753
3100 0.760968
3200 0.768437
3300 0.775455
3400 0.782059
3500 0.759714
3600 0.766389
3700 0.772703
3800 0.778684
3900 0.784359
4000 0.78975
4100 0.794878
4200 0.787143
4300 0.77907
4400 0.761364
4500 0.754667
4600 0.76
4700 0.765106
4800 0.749167
4900 0.754286
5000 0.7592
5100 0.763922
5200 0.757885
5300 0.762453
5400 0.758333
5500 0.751636
5600 0.747679
5700 0.743684
5800 0.730862
5900 0.726949
6000 0.7315
6100 0.727213
6200 0.724516
6300 0.721111
6400 0.725469
6500 0.722308
6600 0.726515
6700 0.730597
6800 0.726324
6900 0.73029
7000 0.734143
7100 0.730563
7200 0.7275
7300 0.731233
7400 0.729324
7500 0.725867
7600 0.729474
7700 0.726364
7800 0.729872
7900 0.727468
8000 0.730875
8100 0.734198
8200 0.737439
8300 0.734699
8400 0.737857
8500 0.740941
8600 0.738721
8700 0.735402
8800 0.732273
8900 0.735281
9000 0.732333
9100 0.735275
9200 0.738152
9300 0.736344
9400 0.733723
9500 0.736526
9600 0.734271
9700 0.73701
9800 0.735204
9900 0.737879
10000 0.7405
10100 0.743069
10200 0.745588
10300 0.748058
10400 0.750481
10500 0.74781
10600 0.750189
10700 0.752523
10800 0.754815
10900 0.757064
11000 0.759273
11100 0.761441
11200 0.763571
11300 0.765664
11400 0.767719
11500 0.769739
11600 0.771724
11700 0.773675
11800 0.770763
11900 0.772689
12000 0.774583
12100 0.776446
12200 0.778279
12300 0.780081
12400 0.781855
12500 0.7836
12600 0.781984
12700 0.783701
12800 0.785391
12900 0.787054
13000 0.788692
13100 0.790305
13200 0.791894
13300 0.793459
13400 0.795
13500 0.796519
13600 0.798015
13700 0.799489
13800 0.797101
13900 0.79482
14000 0.792714
14100 0.794184
14200 0.795634
14300 0.797063
14400 0.798472
14500 0.799862
14600 0.801233
14700 0.802585
14800 0.803919
14900 0.805235
15000 0.806533
15100 0.804503
15200 0.805789
15300 0.807059
15400 0.808312
15500 0.809548
15600 0.810769
15700 0.811975
15800 0.813165
15900 0.81434
16000 0.8155
16100 0.813478
16200 0.81463
16300 0.815767
16400 0.81689
16500 0.818
16600 0.819096
16700 0.82018
16800 0.82125
16900 0.819408
17000 0.820471
17100 0.82152
17200 0.822558
17300 0.820462
17400 0.821494
17500 0.822514
17600 0.823523
17700 0.821864
17800 0.822865
17900 0.823855
18000 0.824833
18100 0.825801
18200 0.826758
18300 0.827705
18400 0.825543
18500 0.826486
18600 0.827419
18700 0.828342
18800 0.829255
18900 0.830159
19000 0.831053
19100 0.831937
19200 0.832812
19300 0.833679
19400 0.832577
19500 0.833436
19600 0.834286
19700 0.835127
19800 0.83596
19900 0.836784
20000 0.8376
20100 0.835522
20200 0.83401
20300 0.832266
20400 0.830539
20500 0.829073
20600 0.829903
20700 0.827778
20800 0.826587
20900 0.825072
21000 0.825905
21100 0.82673
21200 0.827547
21300 0.828357
21400 0.829159
21500 0.829953
21600 0.830741
21700 0.831521
21800 0.832294
21900 0.830822
22000 0.831591
22100 0.832353
22200 0.833108
22300 0.831614
22400 0.830268
22500 0.828711
22600 0.829469
22700 0.828282
22800 0.829035
22900 0.829782
23000 0.828696
23100 0.829437
23200 0.830172
23300 0.830901
23400 0.829701
23500 0.830426
23600 0.828602
23700 0.829325
23800 0.827815
23900 0.826318
24000 0.827042
24100 0.825519
24200 0.82624
24300 0.826955
24400 0.827664
24500 0.828367
24600 0.829065
24700 0.825709
24800 0.826411
24900 0.823092
25000 0.8238
25100 0.824502
25200 0.825198
25300 0.824032
25400 0.822913
25500 0.823608
25600 0.822422
25700 0.821323
25800 0.822016
25900 0.822703
26000 0.823385
26100 0.824061
26200 0.824733
26300 0.825399
26400 0.824394
26500 0.825057
26600 0.825714
26700 0.824757
26800 0.823097
26900 0.823755
27000 0.824407
27100 0.825055
27200 0.825699
27300 0.824615
27400 0.825255
27500 0.825891
27600 0.826522
27700 0.827148
27800 0.82777
27900 0.828387
28000 0.829
28100 0.829609
28200 0.830213
28300 0.830813
28400 0.831408
28500 0.830211
28600 0.830804
28700 0.829617
28800 0.828299
28900 0.828893
29000 0.829483
29100 0.830069
29200 0.830651
29300 0.829488
29400 0.830068
29500 0.830644
29600 0.831216
29700 0.829899
29800 0.828826
29900 0.829398
30000 0.828267
30100 0.828837
30200 0.829404
30300 0.829967
30400 0.830526
30500 0.831082
30600 0.831634
30700 0.832182
30800 0.832727
30900 0.833269
31000 0.833806
31100 0.834341
31200 0.833109
31300 0.833642
31400 0.834172
31500 0.834698
31600 0.833703
31700 0.834227
31800 0.834748
31900 0.835266
32000 0.835781
32100 0.835016
32200 0.835528
32300 0.836037
32400 0.835093
32500 0.834277
32600 0.834785
32700 0.8337
32800 0.834207
32900 0.833374
33000 0.833879
33100 0.834381
33200 0.83488
33300 0.833904
33400 0.834401
33500 0.834896
33600 0.835387
33700 0.835875
33800 0.836361
33900 0.836844
34000 0.837324
34100 0.837801
34200 0.838275
34300 0.838746
34400 0.839215
34500 0.838116
34600 0.838584
34700 0.839049
34800 0.839511
34900 0.839971
35000 0.840429
35100 0.83963
35200 0.840085
35300 0.840538
35400 0.840989
35500 0.841437
35600 0.841882
35700 0.842325
35800 0.842765
35900 0.843203
36000 0.843639
36100 0.844072
36200 0.843232
36300 0.843664
36400 0.844093
36500 0.844521
36600 0.844945
36700 0.845368
36800 0.844375
36900 0.844797
37000 0.845216
37100 0.845633
37200 0.846048
37300 0.846461
37400 0.846872
37500 0.84728
37600 0.847686
37700 0.84809
37800 0.848492
37900 0.848892
38000 0.849289
38100 0.849685
38200 0.850079
38300 0.849034
38400 0.848151
38500 0.847195
38600 0.846321
38700 0.846718
38800 0.845593
38900 0.84599
39000 0.846385
39100 0.846777
39200 0.847168
39300 0.847557
39400 0.84665
39500 0.847038
39600 0.847424
39700 0.846574
39800 0.84696
39900 0.846216
40000 0.8466
40100 0.846983
40200 0.847363
40300 0.847742
40400 0.848119
40500 0.848494
40600 0.848867
40700 0.849238
40800 0.849608
40900 0.849976
41000 0.849171
41100 0.849538
41200 0.849903
41300 0.850266
41400 0.850628
41500 0.850988
41600 0.851346
41700 0.851703
41800 0.852057
41900 0.852411
42000 0.852762
42100 0.853112
42200 0.85346
42300 0.853806
42400 0.854151
42500 0.854494
42600 0.854836
42700 0.854075
42800 0.854416
42900 0.854755
43000 0.855093
43100 0.855429
43200 0.855764
43300 0.856097
43400 0.856429
43500 0.856759
43600 0.857087
43700 0.856453
43800 0.856781
43900 0.857107
44000 0.857432
44100 0.857755
44200 0.858077
44300 0.858397
44400 0.858716
44500 0.859034
44600 0.85935
44700 0.859664
44800 0.859978
44900 0.86029
45000 0.859511
45100 0.859823
45200 0.860133
45300 0.860442
45400 0.860749
45500 0.859934
45600 0.860241
45700 0.860547
45800 0.860852
45900 0.861155
46000 0.861457
46100 0.861757
46200 0.862056
46300 0.862354
46400 0.861444
46500 0.861742
46600 0.862039
46700 0.861349
46800 0.861645
46900 0.86194
47000 0.862234
47100 0.862527
47200 0.862818
47300 0.863108
47400 0.863397
47500 0.863684
47600 0.863971
47700 0.864256
47800 0.86454
47900 0.864823
48000 0.865104
48100 0.865385
48200 0.865664
48300 0.865942
48400 0.866219
48500 0.866495
48600 0.86677
48700 0.867043
48800 0.867316
48900 0.867587
49000 0.867857
49100 0.868126
49200 0.868394
49300 0.867769
49400 0.866964
49500 0.867232
49600 0.8675
49700 0.867767
49800 0.868032
49900 0.868297
