100 0.6
200 0.575
300 0.566667
400 0.5775
500 0.588
600 0.608333
700 0.628571
800 0.64125
900 0.654444
1000 0.655
1100 0.648182
1200 0.644167
1300 0.637692
1400 0.642857
1500 0.639333
1600 0.64375
1700 0.644706
1800 0.637778
1900 0.637895
2000 0.6405
2100 0.640476
2200 0.639545
2300 0.636522
2400 0.63625
2500 0.6388
2600 0.639231
2700 0.641111
2800 0.642143
2900 0.643793
3000 0.644333
3100 0.647097
3200 0.646563
3300 0.647273
3400 0.649118
3500 0.649143
3600 0.649722
3700 0.654324
3800 0.654474
3900 0.655897
4000 0.657
4100 0.656829
4200 0.657857
4300 0.654884
4400 0.653864
4500 0.654
4600 0.658261
4700 0.660426
4800 0.660625
4900 0.660204
5000 0.6614
5100 0.66451
5200 0.664423
5300 0.665094
5400 0.666296
5500 0.664909
5600 0.664286
5700 0.663158
5800 0.663276
5900 0.663559
6000 0.663333
6100 0.665082
6200 0.664839
6300 0.664603
6400 0.666719
6500 0.665538
6600 0.664242
6700 0.664776
6800 0.666324
6900 0.668261
7000 0.668857
7100 0.669014
7200 0.670833
7300 0.670822
7400 0.670946
7500 0.670933
7600 0.671974
7700 0.672468
7800 0.672821
7900 0.672025
8000 0.67225
8100 0.672222
8200 0.672195
8300 0.671687
8400 0.672024
8500 0.672
8600 0.672791
8700 0.673448
8800 0.672727
8900 0.673371
9000 0.673222
9100 0.673297
9200 0.673152
9300 0.672581
9400 0.672979
9500 0.672737
9600 0.672917
9700 0.672577
9800 0.671531
9900 0.670505
10000 0.6706
10100 0.671782
10200 0.671569
10300 0.671748
10400 0.672115
10500 0.672952
10600 0.67283
10700 0.673458
10800 0.672963
10900 0.672661
11000 0.672818
11100 0.672613
11200 0.6725
11300 0.672566
11400 0.672632
11500 0.67313
11600 0.673362
11700 0.673932
11800 0.673559
11900 0.673445
12000 0.673583
12100 0.674132
12200 0.67418
12300 0.674472
12400 0.674839
12500 0.67496
12600 0.675794
12700 0.676142
12800 0.676484
12900 0.676512
13000 0.677077
13100 0.677634
13200 0.678333
13300 0.679323
13400 0.679403
13500 0.679333
13600 0.679779
13700 0.679562
13800 0.679203
13900 0.679209
14000 0.679429
14100 0.679504
14200 0.67993
14300 0.680629
14400 0.681181
14500 0.681724
14600 0.681438
14700 0.681973
14800 0.68277
14900 0.683423
15000 0.6838
15100 0.684238
15200 0.684737
15300 0.684771
15400 0.684675
15500 0.684903
15600 0.685192
15700 0.685414
15800 0.686013
15900 0.686226
16000 0.68625
16100 0.686522
16200 0.686975
16300 0.687239
16400 0.687134
16500 0.687091
16600 0.687229
16700 0.687605
16800 0.687798
16900 0.688284
17000 0.688529
17100 0.688947
17200 0.68907
17300 0.688671
17400 0.688736
17500 0.688629
17600 0.688239
17700 0.688418
17800 0.688539
17900 0.688492
18000 0.688778
18100 0.688066
18200 0.687912
18300 0.687377
18400 0.687554
18500 0.687622
18600 0.687688
18700 0.687968
18800 0.688511
18900 0.688677
19000 0.689
19100 0.688848
19200 0.689063
19300 0.688705
19400 0.688918
19500 0.688821
19600 0.688724
19700 0.688883
19800 0.689343
19900 0.689296
20000 0.6894
20100 0.689353
20200 0.689554
20300 0.689507
20400 0.689363
20500 0.689268
20600 0.689223
20700 0.689469
20800 0.689615
20900 0.689474
21000 0.689714
21100 0.689668
21200 0.690047
21300 0.690704
21400 0.690888
21500 0.691535
21600 0.691574
21700 0.691613
21800 0.691972
21900 0.692055
22000 0.692273
22100 0.692489
22200 0.692703
22300 0.692466
22400 0.6925
22500 0.692711
22600 0.692699
22700 0.692687
22800 0.693158
22900 0.69345
23000 0.693348
23100 0.69355
23200 0.693664
23300 0.69382
23400 0.693846
23500 0.693702
23600 0.693602
23700 0.693502
23800 0.693824
23900 0.693808
24000 0.694125
24100 0.694232
24200 0.693926
24300 0.693992
24400 0.69377
24500 0.693878
24600 0.693577
24700 0.693482
24800 0.693347
24900 0.693614
25000 0.69352
25100 0.693665
25200 0.69373
25300 0.693478
25400 0.694016
25500 0.694275
25600 0.694453
25700 0.694903
25800 0.695194
25900 0.695598
26000 0.695962
26100 0.696169
26200 0.69626
26300 0.696578
26400 0.696477
26500 0.696189
26600 0.696391
26700 0.696404
26800 0.696567
26900 0.696134
27000 0.696333
27100 0.696605
27200 0.696949
27300 0.697399
27400 0.697518
27500 0.697927
27600 0.698225
27700 0.698231
27800 0.698273
27900 0.698065
28000 0.698536
28100 0.698648
28200 0.698865
28300 0.699223
28400 0.699613
28500 0.699544
28600 0.69979
28700 0.699791
28800 0.699931
28900 0.699862
29000 0.699862
29100 0.700137
29200 0.700377
29300 0.700546
29400 0.70102
29500 0.70139
29600 0.701723
29700 0.701717
29800 0.701745
29900 0.701505
30000 0.701667
30100 0.70186
30200 0.701788
30300 0.702013
30400 0.702303
30500 0.702295
30600 0.702778
30700 0.703094
30800 0.703084
30900 0.703172
31000 0.703258
31100 0.703569
31200 0.703237
31300 0.703323
31400 0.703758
31500 0.703746
31600 0.703608
31700 0.703754
31800 0.703679
31900 0.70348
32000 0.703313
32100 0.702928
32200 0.70295
32300 0.703096
32400 0.703056
32500 0.702862
32600 0.702699
32700 0.702783
32800 0.703049
32900 0.703191
33000 0.703273
33100 0.703323
33200 0.703193
33300 0.703363
33400 0.703293
33500 0.703313
33600 0.703214
33700 0.703145
33800 0.703284
33900 0.703215
34000 0.703235
34100 0.703431
34200 0.703801
34300 0.703819
34400 0.704215
34500 0.704232
34600 0.704104
34700 0.703862
34800 0.703994
34900 0.704183
35000 0.704286
35100 0.704387
35200 0.704545
35300 0.704816
35400 0.704972
35500 0.70507
35600 0.705421
35700 0.705742
35800 0.705922
35900 0.705961
36000 0.705889
36100 0.70615
36200 0.706492
36300 0.706529
36400 0.706566
36500 0.706712
36600 0.706831
36700 0.70703
36800 0.706821
36900 0.706938
37000 0.707081
37100 0.70717
37200 0.707339
37300 0.70756
37400 0.707273
37500 0.707307
37600 0.707234
37700 0.707401
37800 0.70746
37900 0.707546
38000 0.707658
38100 0.707612
38200 0.70788
38300 0.707937
38400 0.708229
38500 0.708286
38600 0.708342
38700 0.70845
38800 0.708402
38900 0.70856
39000 0.708641
39100 0.708568
39200 0.70875
39300 0.708855
39400 0.708985
39500 0.709114
39600 0.709091
39700 0.709244
39800 0.709372
39900 0.709474
40000 0.709525
40100 0.709501
40200 0.709602
40300 0.709752
40400 0.710025
40500 0.710272
40600 0.710493
40700 0.710369
40800 0.710711
40900 0.710929
41000 0.710976
41100 0.711168
41200 0.711165
41300 0.711477
41400 0.711473
41500 0.711735
41600 0.711875
41700 0.711918
41800 0.712129
41900 0.712291
42000 0.712357
42100 0.712684
42200 0.712607
42300 0.712766
42400 0.71283
42500 0.712988
42600 0.713192
42700 0.713232
42800 0.713364
42900 0.71359
43000 0.713791
43100 0.713828
43200 0.714213
43300 0.714434
43400 0.71447
43500 0.714713
43600 0.714885
43700 0.714714
43800 0.714521
43900 0.714715
44000 0.714773
44100 0.71483
44200 0.714887
44300 0.715102
44400 0.715248
44500 0.715281
44600 0.715516
44700 0.715638
44800 0.715826
44900 0.715947
45000 0.716111
45100 0.716275
45200 0.716394
45300 0.716645
45400 0.716652
45500 0.716769
45600 0.716886
45700 0.716871
45800 0.716878
45900 0.716841
46000 0.716935
46100 0.716855
46200 0.717035
46300 0.717171
46400 0.717263
46500 0.717333
46600 0.717532
46700 0.717645
46800 0.717821
46900 0.717932
47000 0.718106
47100 0.718174
47200 0.718453
47300 0.718668
47400 0.718755
47500 0.719032
47600 0.719139
47700 0.718931
47800 0.719017
47900 0.718935
48000 0.718917
48100 0.71896
48200 0.71888
48300 0.719006
48400 0.718988
48500 0.719052
48600 0.719033
48700 0.719199
48800 0.719406
48900 0.719509
49000 0.719653
49100 0.719735
49200 0.719634
49300 0.719655
49400 0.719838
49500 0.719818
49600 0.719919
49700 0.72006
49800 0.720221
49900 0.720261
