100 0
200 0.44
300 0.57
400 0
500 0.46
600 0.6
700 0.58
800 1
900 1
1000 0.51
1100 0.48
1200 0.49
1300 0.56
1400 0
1500 1
1600 0.49
1700 0.52
1800 1
1900 0.47
2000 1
2100 1
2200 1
2300 1
2400 1
2500 0.53
2600 0.43
2700 0.57
2800 0.5
2900 1
3000 0.48
3100 1
3200 1
3300 0.53
3400 1
3500 1
3600 1
3700 0
3800 0.45
3900 1
4000 0.54
4100 1
4200 0.44
4300 1
4400 1
4500 1
4600 0.53
4700 0.52
4800 1
4900 1
5000 0.43
5100 0
5200 1
5300 0.54
5400 0.47
5500 0.51
5600 0.48
5700 1
5800 1
5900 1
6000 1
6100 0.53
6200 0.57
6300 0.47
6400 0.49
6500 1
6600 0.53
6700 0.48
6800 1
6900 0.36
7000 1
7100 1
7200 0.47
7300 0.47
7400 1
7500 0.59
7600 1
7700 1
7800 1
7900 1
8000 1
8100 1
8200 0
8300 0
8400 1
8500 0.51
8600 1
8700 1
8800 1
8900 0.52
9000 1
9100 1
9200 1
9300 1
9400 1
9500 1
9600 1
9700 1
9800 1
9900 0.49
10000 1
10100 1
10200 1
10300 1
10400 1
10500 1
10600 1
10700 1
10800 1
10900 1
11000 1
11100 1
11200 1
11300 0.44
11400 0.52
11500 1
11600 1
11700 1
11800 1
11900 1
12000 1
12100 1
12200 1
12300 1
12400 1
12500 1
12600 1
12700 1
12800 1
12900 1
13000 1
13100 1
13200 0.49
13300 0.58
13400 0.55
13500 1
13600 0.38
13700 1
13800 1
13900 1
14000 1
14100 1
14200 0.42
14300 1
14400 1
14500 1
14600 0.49
14700 1
14800 1
14900 1
15000 1
15100 0.4
15200 1
15300 1
15400 1
15500 1
15600 1
15700 1
15800 1
15900 1
16000 1
16100 1
16200 1
16300 1
16400 1
16500 1
16600 1
16700 1
16800 1
16900 1
17000 1
17100 1
17200 1
17300 1
17400 1
17500 1
17600 1
17700 0.51
17800 1
17900 1
18000 1
18100 1
18200 1
18300 1
18400 1
18500 0.48
18600 0.53
18700 0.53
18800 1
18900 1
19000 1
19100 1
19200 1
19300 1
19400 1
19500 1
19600 1
19700 1
19800 1
19900 1
20000 1
20100 1
20200 1
20300 1
20400 1
20500 1
20600 1
20700 1
20800 1
20900 1
21000 1
21100 1
21200 1
21300 1
21400 1
21500 1
21600 1
21700 1
21800 1
21900 0.59
22000 1
22100 1
22200 1
22300 1
22400 1
22500 1
22600 1
22700 1
22800 1
22900 1
23000 1
23100 1
23200 1
23300 1
23400 1
23500 1
23600 1
23700 1
23800 1
23900 1
24000 1
24100 1
24200 1
24300 0.63
24400 0.54
24500 1
24600 1
24700 1
24800 1
24900 1
25000 1
25100 1
25200 1
25300 1
25400 1
25500 1
25600 1
25700 1
25800 1
25900 1
26000 1
26100 1
26200 1
26300 1
26400 1
26500 1
26600 1
26700 1
26800 1
26900 1
27000 1
27100 1
27200 0.42
27300 1
27400 0.5
27500 1
27600 0.41
27700 1
27800 1
27900 1
28000 1
28100 1
28200 1
28300 0.4
28400 1
28500 1
28600 1
28700 1
28800 1
28900 1
29000 1
29100 1
29200 1
29300 1
29400 1
29500 1
29600 1
29700 1
29800 1
29900 0.51
30000 0.49
30100 1
30200 0.47
30300 1
30400 0.51
30500 0.49
30600 0.53
30700 0.51
30800 1
30900 0.46
31000 0.49
31100 1
31200 1
31300 1
31400 1
31500 1
31600 1
31700 1
31800 1
31900 0.54
32000 1
32100 1
32200 1
32300 1
32400 1
32500 1
32600 1
32700 1
32800 1
32900 1
33000 1
33100 1
33200 1
33300 1
33400 1
33500 1
33600 0.54
33700 1
33800 1
33900 1
34000 1
34100 1
34200 1
34300 1
34400 1
34500 0.55
34600 1
34700 1
34800 1
34900 1
35000 1
35100 1
35200 1
35300 1
35400 1
35500 1
35600 1
35700 1
35800 1
35900 1
36000 1
36100 0.55
36200 1
36300 0
36400 0
36500 1
36600 1
36700 1
36800 1
36900 1
37000 0.47
37100 1
37200 1
37300 1
37400 1
37500 0.56
37600 1
37700 0
37800 0.45
37900 1
38000 0.51
38100 1
38200 1
38300 0.54
38400 1
38500 0.53
38600 1
38700 1
38800 1
38900 1
39000 1
39100 0.52
39200 1
39300 1
39400 1
39500 0.49
39600 1
39700 1
39800 1
39900 1
40000 1
40100 0.43
40200 1
40300 1
40400 1
40500 1
40600 1
40700 1
40800 1
40900 1
41000 1
41100 1
41200 1
41300 1
41400 1
41500 1
41600 1
41700 1
41800 1
41900 1
42000 1
42100 1
42200 1
42300 1
42400 1
42500 1
42600 0.56
42700 1
42800 1
42900 1
43000 1
43100 1
43200 1
43300 1
43400 1
43500 1
43600 1
43700 1
43800 1
43900 1
44000 1
44100 1
44200 1
44300 1
44400 0.54
44500 1
44600 1
44700 0.51
44800 1
44900 0.48
45000 1
45100 1
45200 0.61
45300 1
45400 1
45500 0.5
45600 0.42
45700 1
45800 1
45900 1
46000 1
46100 1
46200 1
46300 1
46400 1
46500 1
46600 1
46700 1
46800 1
46900 1
47000 1
47100 1
47200 1
47300 1
47400 1
47500 1
47600 1
47700 1
47800 1
47900 0.45
48000 1
48100 1
48200 1
48300 1
48400 1
48500 1
48600 1
48700 1
48800 1
48900 1
49000 1
49100 1
49200 1
49300 1
49400 1
49500 1
49600 1
49700 1
49800 1
49900 1
