100 0.57
200 0.485
300 0.513333
400 0.535
500 0.538
600 0.555
700 0.554286
800 0.56
900 0.568889
1000 0.583
1100 0.591818
1200 0.595
1300 0.603077
1400 0.605714
1500 0.608667
1600 0.61125
1700 0.618235
1800 0.629444
1900 0.631053
2000 0.6375
2100 0.639524
2200 0.644545
2300 0.645217
2400 0.650417
2500 0.6516
2600 0.655385
2700 0.660741
2800 0.661786
2900 0.664828
3000 0.665667
3100 0.666774
3200 0.67
3300 0.672121
3400 0.674118
3500 0.677714
3600 0.6775
3700 0.679189
3800 0.680263
3900 0.680769
4000 0.68325
4100 0.683171
4200 0.684762
4300 0.684651
4400 0.686136
4500 0.687333
4600 0.687826
4700 0.688936
4800 0.69
4900 0.69
5000 0.6906
5100 0.691176
5200 0.691923
5300 0.691509
5400 0.689815
5500 0.688909
5600 0.688929
5700 0.687719
5800 0.686724
5900 0.684746
6000 0.685667
6100 0.685902
6200 0.686935
6300 0.68746
6400 0.687187
6500 0.686923
6600 0.686818
6700 0.685672
6800 0.685294
6900 0.684058
7000 0.684429
7100 0.685352
7200 0.684722
7300 0.686849
7400 0.687838
7500 0.6884
7600 0.688289
7700 0.688571
7800 0.689359
7900 0.68962
8000 0.689875
8100 0.691605
8200 0.691098
8300 0.691928
8400 0.692381
8500 0.693412
8600 0.693837
8700 0.692759
8800 0.693182
8900 0.692584
9000 0.692778
9100 0.692967
9200 0.693478
9300 0.694839
9400 0.695213
9500 0.695789
9600 0.696562
9700 0.697732
9800 0.697959
9900 0.698687
10000 0.6987
10100 0.698416
10200 0.699314
10300 0.698447
10400 0.698173
10500 0.699143
10600 0.699623
10700 0.69972
10800 0.69963
10900 0.700092
11000 0.700909
11100 0.701892
11200 0.701964
11300 0.70292
11400 0.704298
11500 0.704609
11600 0.704397
11700 0.704786
11800 0.705
11900 0.705546
12000 0.70575
12100 0.705702
12200 0.706311
12300 0.706504
12400 0.707258
12500 0.7068
12600 0.70619
12700 0.706378
12800 0.706016
12900 0.706279
13000 0.706538
13100 0.707481
13200 0.707955
13300 0.708271
13400 0.70806
13500 0.708815
13600 0.708824
13700 0.709562
13800 0.709855
13900 0.71
14000 0.710143
14100 0.710638
14200 0.711056
14300 0.711538
14400 0.711389
14500 0.711793
14600 0.71226
14700 0.712245
14800 0.712568
14900 0.712617
15000 0.712333
15100 0.712318
15200 0.712961
15300 0.71268
15400 0.712987
15500 0.713419
15600 0.713846
15700 0.714013
15800 0.713671
15900 0.713774
16000 0.714
16100 0.713851
16200 0.714074
16300 0.714049
16400 0.71439
16500 0.714667
16600 0.715
16700 0.71521
16800 0.715536
16900 0.715503
17000 0.716059
17100 0.716374
17200 0.716221
17300 0.715896
17400 0.715977
17500 0.715314
17600 0.715682
17700 0.71565
17800 0.715
17900 0.715475
18000 0.715278
18100 0.715525
18200 0.715824
18300 0.715574
18400 0.715978
18500 0.716541
18600 0.716667
18700 0.717166
18800 0.71734
18900 0.717672
19000 0.717579
19100 0.717487
19200 0.717448
19300 0.717409
19400 0.717423
19500 0.71759
19600 0.717449
19700 0.717462
19800 0.717677
19900 0.717739
20000 0.7179
20100 0.71801
20200 0.718416
20300 0.718424
20400 0.718578
20500 0.718683
20600 0.719417
20700 0.719855
20800 0.720192
20900 0.720335
21000 0.720667
21100 0.720995
21200 0.721179
21300 0.72169
21400 0.721682
21500 0.721581
21600 0.721667
21700 0.721797
21800 0.722064
21900 0.722237
22000 0.722455
22100 0.722534
22200 0.722748
22300 0.722466
22400 0.722411
22500 0.722533
22600 0.722699
22700 0.722291
22800 0.722456
22900 0.723013
23000 0.723391
23100 0.723506
23200 0.723621
23300 0.723648
23400 0.724188
23500 0.724255
23600 0.724322
23700 0.724515
23800 0.724622
23900 0.724644
24000 0.724583
24100 0.724274
24200 0.724545
24300 0.724239
24400 0.724098
24500 0.723837
24600 0.723984
24700 0.724049
24800 0.724194
24900 0.724337
25000 0.72424
25100 0.724502
25200 0.724722
25300 0.724901
25400 0.725197
25500 0.725333
25600 0.725469
25700 0.725331
25800 0.725039
25900 0.725174
26000 0.724923
26100 0.725134
26200 0.725344
26300 0.725209
26400 0.725265
26500 0.725208
26600 0.725338
26700 0.725468
26800 0.725299
26900 0.72487
27000 0.724889
27100 0.724613
27200 0.724191
27300 0.724322
27400 0.72427
27500 0.724218
27600 0.724239
27700 0.724152
27800 0.723813
27900 0.723405
28000 0.72325
28100 0.723274
28200 0.723404
28300 0.72318
28400 0.722676
28500 0.722491
28600 0.722483
28700 0.722334
28800 0.722118
28900 0.722215
29000 0.722103
29100 0.722165
29200 0.722295
29300 0.722116
29400 0.722109
29500 0.722102
29600 0.722061
29700 0.722155
29800 0.722047
29900 0.721505
30000 0.721333
30100 0.721395
30200 0.721391
30300 0.72132
30400 0.721086
30500 0.721148
30600 0.720915
30700 0.720945
30800 0.720909
30900 0.72068
31000 0.72071
31100 0.720579
31200 0.720769
31300 0.720863
31400 0.720573
31500 0.720381
31600 0.720316
31700 0.720347
31800 0.720377
31900 0.720188
32000 0.720219
32100 0.720405
32200 0.720466
32300 0.720588
32400 0.720617
32500 0.720585
32600 0.720368
32700 0.720245
32800 0.720274
32900 0.719878
33000 0.719727
33100 0.719607
33200 0.719488
33300 0.719249
33400 0.719281
33500 0.719463
33600 0.719405
33700 0.719288
33800 0.719408
33900 0.719469
34000 0.719412
34100 0.719472
34200 0.719678
34300 0.719329
34400 0.719419
34500 0.719275
34600 0.719191
34700 0.719193
34800 0.719167
34900 0.719312
35000 0.719343
35100 0.71943
35200 0.719261
35300 0.719433
35400 0.719463
35500 0.71938
35600 0.719438
35700 0.719188
35800 0.719134
35900 0.719025
36000 0.719056
36100 0.719114
36200 0.718812
36300 0.71865
36400 0.718489
36500 0.718411
36600 0.718443
36700 0.718474
36800 0.718261
36900 0.718184
37000 0.718324
37100 0.718248
37200 0.718118
37300 0.718097
37400 0.717861
37500 0.717733
37600 0.717846
37700 0.717772
37800 0.717884
37900 0.717916
38000 0.717868
38100 0.717953
38200 0.718089
38300 0.717833
38400 0.717812
38500 0.71761
38600 0.717694
38700 0.717209
38800 0.716881
38900 0.716607
39000 0.716333
39100 0.716164
39200 0.716199
39300 0.716081
39400 0.716066
39500 0.715924
39600 0.715682
39700 0.715592
39800 0.715503
39900 0.715539
40000 0.7154
40100 0.715312
40200 0.715373
40300 0.715261
40400 0.715347
40500 0.715309
40600 0.715148
40700 0.714914
40800 0.714926
40900 0.714817
41000 0.714585
41100 0.714428
41200 0.714442
41300 0.714358
41400 0.714203
41500 0.714024
41600 0.714087
41700 0.714149
41800 0.714067
41900 0.714081
42000 0.713976
42100 0.714133
42200 0.714076
42300 0.714113
42400 0.714057
42500 0.714094
42600 0.713967
42700 0.714286
42800 0.714065
42900 0.713823
43000 0.713791
43100 0.713852
43200 0.713796
43300 0.713811
43400 0.713802
43500 0.713793
43600 0.713876
43700 0.713913
43800 0.71395
43900 0.713759
44000 0.713545
44100 0.713401
44200 0.713348
44300 0.713251
44400 0.713243
44500 0.713281
44600 0.713161
44700 0.713154
44800 0.713013
44900 0.712873
45000 0.7126
45100 0.712439
45200 0.712124
45300 0.71223
45400 0.712026
45500 0.712132
45600 0.711908
45700 0.711904
45800 0.711856
45900 0.71183
46000 0.711696
46100 0.711584
46200 0.711342
46300 0.711404
46400 0.711509
46500 0.711484
46600 0.711395
46700 0.711478
46800 0.711603
46900 0.711727
47000 0.711638
47100 0.711465
47200 0.711568
47300 0.711691
47400 0.711751
47500 0.711432
47600 0.711408
47700 0.711488
47800 0.711674
47900 0.711628
48000 0.711604
48100 0.711476
48200 0.711452
48300 0.711511
48400 0.711426
48500 0.711423
48600 0.711543
48700 0.711684
48800 0.711803
48900 0.711881
49000 0.711837
49100 0.711813
49200 0.711768
49300 0.711866
49400 0.711883
49500 0.711778
49600 0.711835
49700 0.71173
49800 0.711767
49900 0.711784
