100 0
200 0.22
300 0.336667
400 0.2525
500 0.294
600 0.345
700 0.378571
800 0.45625
900 0.516667
1000 0.516
1100 0.512727
1200 0.510833
1300 0.514615
1400 0.477857
1500 0.512667
1600 0.51125
1700 0.511765
1800 0.538889
1900 0.535263
2000 0.5585
2100 0.579524
2200 0.598636
2300 0.616087
2400 0.632083
2500 0.628
2600 0.620385
2700 0.618519
2800 0.614286
2900 0.627586
3000 0.622667
3100 0.634839
3200 0.64625
3300 0.642727
3400 0.653235
3500 0.663143
3600 0.6725
3700 0.654324
3800 0.648947
3900 0.657949
4000 0.655
4100 0.663415
4200 0.658095
4300 0.666047
4400 0.673636
4500 0.680889
4600 0.677609
4700 0.674255
4800 0.681042
4900 0.687551
5000 0.6824
5100 0.66902
5200 0.675385
5300 0.67283
5400 0.669074
5500 0.666182
5600 0.662857
5700 0.668772
5800 0.674483
5900 0.68
6000 0.685333
6100 0.682787
6200 0.680968
6300 0.677619
6400 0.674687
6500 0.679692
6600 0.677424
6700 0.674478
6800 0.679265
6900 0.674638
7000 0.679286
7100 0.683803
7200 0.680833
7300 0.677945
7400 0.682297
7500 0.681067
7600 0.685263
7700 0.689351
7800 0.693333
7900 0.697215
8000 0.701
8100 0.704691
8200 0.696098
8300 0.687711
8400 0.691429
8500 0.689294
8600 0.692907
8700 0.696437
8800 0.699886
8900 0.697865
9000 0.701222
9100 0.704505
9200 0.707717
9300 0.71086
9400 0.713936
9500 0.716947
9600 0.719896
9700 0.722784
9800 0.725612
9900 0.723232
10000 0.726
10100 0.728713
10200 0.731373
10300 0.733981
10400 0.736538
10500 0.739048
10600 0.741509
10700 0.743925
10800 0.746296
10900 0.748624
11000 0.750909
11100 0.753153
11200 0.755357
11300 0.752566
11400 0.750526
11500 0.752696
11600 0.754828
11700 0.756923
11800 0.758983
11900 0.761008
12000 0.763
12100 0.764959
12200 0.766885
12300 0.76878
12400 0.770645
12500 0.77248
12600 0.774286
12700 0.776063
12800 0.777813
12900 0.779535
13000 0.781231
13100 0.782901
13200 0.780682
13300 0.779173
13400 0.777463
13500 0.779111
13600 0.776176
13700 0.77781
13800 0.77942
13900 0.781007
14000 0.782571
14100 0.784113
14200 0.781549
14300 0.783077
14400 0.784583
14500 0.786069
14600 0.784041
14700 0.78551
14800 0.786959
14900 0.788389
15000 0.7898
15100 0.787219
15200 0.788618
15300 0.79
15400 0.791364
15500 0.79271
15600 0.794038
15700 0.79535
15800 0.796646
15900 0.797925
16000 0.799188
16100 0.800435
16200 0.801667
16300 0.802883
16400 0.804085
16500 0.805273
16600 0.806446
16700 0.807605
16800 0.80875
16900 0.809882
17000 0.811
17100 0.812105
17200 0.813198
17300 0.814277
17400 0.815345
17500 0.8164
17600 0.817443
17700 0.815706
17800 0.816742
17900 0.817765
18000 0.818778
18100 0.819779
18200 0.820769
18300 0.821749
18400 0.822717
18500 0.820865
18600 0.819301
18700 0.817754
18800 0.818723
18900 0.819683
19000 0.820632
19100 0.821571
19200 0.8225
19300 0.82342
19400 0.82433
19500 0.825231
19600 0.826122
19700 0.827005
19800 0.827879
19900 0.828744
20000 0.8296
20100 0.830448
20200 0.831287
20300 0.832118
20400 0.832941
20500 0.833756
20600 0.834563
20700 0.835362
20800 0.836154
20900 0.836938
21000 0.837714
21100 0.838483
21200 0.839245
21300 0.84
21400 0.840748
21500 0.841488
21600 0.842222
21700 0.842949
21800 0.84367
21900 0.842511
22000 0.843227
22100 0.843937
22200 0.84464
22300 0.845336
22400 0.846027
22500 0.846711
22600 0.847389
22700 0.848062
22800 0.848728
22900 0.849389
23000 0.850043
23100 0.850693
23200 0.851336
23300 0.851974
23400 0.852607
23500 0.853234
23600 0.853856
23700 0.854473
23800 0.855084
23900 0.85569
24000 0.856292
24100 0.856888
24200 0.857479
24300 0.856543
24400 0.855246
24500 0.855837
24600 0.856423
24700 0.857004
24800 0.857581
24900 0.858153
25000 0.85872
25100 0.859283
25200 0.859841
25300 0.860395
25400 0.860945
25500 0.86149
25600 0.862031
25700 0.862568
25800 0.863101
25900 0.863629
26000 0.864154
26100 0.864674
26200 0.865191
26300 0.865703
26400 0.866212
26500 0.866717
26600 0.867218
26700 0.867715
26800 0.868209
26900 0.868699
27000 0.869185
27100 0.869668
27200 0.868015
27300 0.868498
27400 0.867153
27500 0.867636
27600 0.865978
27700 0.866462
27800 0.866942
27900 0.867419
28000 0.867893
28100 0.868363
28200 0.86883
28300 0.867173
28400 0.867641
28500 0.868105
28600 0.868566
28700 0.869024
28800 0.869479
28900 0.869931
29000 0.870379
29100 0.870825
29200 0.871267
29300 0.871706
29400 0.872143
29500 0.872576
29600 0.873007
29700 0.873434
29800 0.873859
29900 0.872642
30000 0.871367
30100 0.871794
30200 0.870464
30300 0.870891
30400 0.869704
30500 0.868459
30600 0.867353
30700 0.866189
30800 0.866623
30900 0.865307
31000 0.864097
31100 0.864534
31200 0.864968
31300 0.865399
31400 0.865828
31500 0.866254
31600 0.866677
31700 0.867098
31800 0.867516
31900 0.866489
32000 0.866906
32100 0.867321
32200 0.867733
32300 0.868142
32400 0.868549
32500 0.868954
32600 0.869356
32700 0.869755
32800 0.870152
32900 0.870547
33000 0.870939
33100 0.871329
33200 0.871717
33300 0.872102
33400 0.872485
33500 0.872866
33600 0.871875
33700 0.872255
33800 0.872633
33900 0.873009
34000 0.873382
34100 0.873754
34200 0.874123
34300 0.87449
34400 0.874855
34500 0.873913
34600 0.874277
34700 0.87464
34800 0.875
34900 0.875358
35000 0.875714
35100 0.876068
35200 0.87642
35300 0.876771
35400 0.877119
35500 0.877465
35600 0.877809
35700 0.878151
35800 0.878492
35900 0.87883
36000 0.879167
36100 0.878255
36200 0.878591
36300 0.876171
36400 0.873764
36500 0.87411
36600 0.874454
36700 0.874796
36800 0.875136
36900 0.875474
37000 0.874378
37100 0.874717
37200 0.875054
37300 0.875389
37400 0.875722
37500 0.87488
37600 0.875213
37700 0.872891
37800 0.871772
37900 0.872111
38000 0.871158
38100 0.871496
38200 0.871832
38300 0.870966
38400 0.871302
38500 0.870416
38600 0.870751
38700 0.871085
38800 0.871418
38900 0.871748
39000 0.872077
39100 0.871176
39200 0.871505
39300 0.871832
39400 0.872157
39500 0.87119
39600 0.871515
39700 0.871839
39800 0.872161
39900 0.872481
40000 0.8728
40100 0.871696
40200 0.872015
40300 0.872333
40400 0.872649
40500 0.872963
40600 0.873276
40700 0.873587
40800 0.873897
40900 0.874205
41000 0.874512
41100 0.874818
41200 0.875121
41300 0.875424
41400 0.875725
41500 0.876024
41600 0.876322
41700 0.876619
41800 0.876914
41900 0.877208
42000 0.8775
42100 0.877791
42200 0.878081
42300 0.878369
42400 0.878656
42500 0.878941
42600 0.878192
42700 0.878478
42800 0.878762
42900 0.879044
43000 0.879326
43100 0.879606
43200 0.879884
43300 0.880162
43400 0.880438
43500 0.880713
43600 0.880986
43700 0.881259
43800 0.88153
43900 0.8818
44000 0.882068
44100 0.882336
44200 0.882602
44300 0.882867
44400 0.882095
44500 0.88236
44600 0.882623
44700 0.88179
44800 0.882054
44900 0.881158
45000 0.881422
45100 0.881685
45200 0.881084
45300 0.881347
45400 0.881608
45500 0.880769
45600 0.879759
45700 0.880022
45800 0.880284
45900 0.880545
46000 0.880804
46100 0.881063
46200 0.88132
46300 0.881577
46400 0.881832
46500 0.882086
46600 0.882339
46700 0.882591
46800 0.882842
46900 0.883092
47000 0.88334
47100 0.883588
47200 0.883835
47300 0.88408
47400 0.884325
47500 0.884568
47600 0.884811
47700 0.885052
47800 0.885293
47900 0.884384
48000 0.884625
48100 0.884865
48200 0.885104
48300 0.885342
48400 0.885579
48500 0.885814
48600 0.886049
48700 0.886283
48800 0.886516
48900 0.886748
49000 0.88698
49100 0.88721
49200 0.887439
49300 0.887667
49400 0.887895
49500 0.888121
49600 0.888347
49700 0.888571
49800 0.888795
49900 0.889018
