100 0.57
200 0.4
300 0.57
400 0.6
500 0.55
600 0.64
700 0.55
800 0.6
900 0.64
1000 0.71
1100 0.68
1200 0.63
1300 0.7
1400 0.64
1500 0.65
1600 0.65
1700 0.73
1800 0.82
1900 0.66
2000 0.76
2100 0.68
2200 0.75
2300 0.66
2400 0.77
2500 0.68
2600 0.75
2700 0.8
2800 0.69
2900 0.75
3000 0.69
3100 0.7
3200 0.77
3300 0.74
3400 0.74
3500 0.8
3600 0.67
3700 0.74
3800 0.72
3900 0.7
4000 0.78
4100 0.68
4200 0.75
4300 0.68
4400 0.75
4500 0.74
4600 0.71
4700 0.74
4800 0.74
4900 0.69
5000 0.72
5100 0.72
5200 0.73
5300 0.67
5400 0.6
5500 0.64
5600 0.69
5700 0.62
5800 0.63
5900 0.57
6000 0.74
6100 0.7
6200 0.75
6300 0.72
6400 0.67
6500 0.67
6600 0.68
6700 0.61
6800 0.66
6900 0.6
7000 0.71
7100 0.75
7200 0.64
7300 0.84
7400 0.76
7500 0.73
7600 0.68
7700 0.71
7800 0.75
7900 0.71
8000 0.71
8100 0.83
8200 0.65
8300 0.76
8400 0.73
8500 0.78
8600 0.73
8700 0.6
8800 0.73
8900 0.64
9000 0.71
9100 0.71
9200 0.74
9300 0.82
9400 0.73
9500 0.75
9600 0.77
9700 0.81
9800 0.72
9900 0.77
10000 0.7
10100 0.67
10200 0.79
10300 0.61
10400 0.67
10500 0.8
10600 0.75
10700 0.71
10800 0.69
10900 0.75
11000 0.79
11100 0.81
11200 0.71
11300 0.81
11400 0.86
11500 0.74
11600 0.68
11700 0.75
11800 0.73
11900 0.77
12000 0.73
12100 0.7
12200 0.78
12300 0.73
12400 0.8
12500 0.65
12600 0.63
12700 0.73
12800 0.66
12900 0.74
13000 0.74
13100 0.83
13200 0.77
13300 0.75
13400 0.68
13500 0.81
13600 0.71
13700 0.81
13800 0.75
13900 0.73
14000 0.73
14100 0.78
14200 0.77
14300 0.78
14400 0.69
14500 0.77
14600 0.78
14700 0.71
14800 0.76
14900 0.72
15000 0.67
15100 0.71
15200 0.81
15300 0.67
15400 0.76
15500 0.78
15600 0.78
15700 0.74
15800 0.66
15900 0.73
16000 0.75
16100 0.69
16200 0.75
16300 0.71
16400 0.77
16500 0.76
16600 0.77
16700 0.75
16800 0.77
16900 0.71
17000 0.81
17100 0.77
17200 0.69
17300 0.66
17400 0.73
17500 0.6
17600 0.78
17700 0.71
17800 0.6
17900 0.8
18000 0.68
18100 0.76
18200 0.77
18300 0.67
18400 0.79
18500 0.82
18600 0.74
18700 0.81
18800 0.75
18900 0.78
19000 0.7
19100 0.7
19200 0.71
19300 0.71
19400 0.72
19500 0.75
19600 0.69
19700 0.72
19800 0.76
19900 0.73
20000 0.75
20100 0.74
20200 0.8
20300 0.72
20400 0.75
20500 0.74
20600 0.87
20700 0.81
20800 0.79
20900 0.75
21000 0.79
21100 0.79
21200 0.76
21300 0.83
21400 0.72
21500 0.7
21600 0.74
21700 0.75
21800 0.78
21900 0.76
22000 0.77
22100 0.74
22200 0.77
22300 0.66
22400 0.71
22500 0.75
22600 0.76
22700 0.63
22800 0.76
22900 0.85
23000 0.81
23100 0.75
23200 0.75
23300 0.73
23400 0.85
23500 0.74
23600 0.74
23700 0.77
23800 0.75
23900 0.73
24000 0.71
24100 0.65
24200 0.79
24300 0.65
24400 0.69
24500 0.66
24600 0.76
24700 0.74
24800 0.76
24900 0.76
25000 0.7
25100 0.79
25200 0.78
25300 0.77
25400 0.8
25500 0.76
25600 0.76
25700 0.69
25800 0.65
25900 0.76
26000 0.66
26100 0.78
26200 0.78
26300 0.69
26400 0.74
26500 0.71
26600 0.76
26700 0.76
26800 0.68
26900 0.61
27000 0.73
27100 0.65
27200 0.61
27300 0.76
27400 0.71
27500 0.71
27600 0.73
27700 0.7
27800 0.63
27900 0.61
28000 0.68
28100 0.73
28200 0.76
28300 0.66
28400 0.58
28500 0.67
28600 0.72
28700 0.68
28800 0.66
28900 0.75
29000 0.69
29100 0.74
29200 0.76
29300 0.67
29400 0.72
29500 0.72
29600 0.71
29700 0.75
29800 0.69
29900 0.56
30000 0.67
30100 0.74
30200 0.72
30300 0.7
30400 0.65
30500 0.74
30600 0.65
30700 0.73
30800 0.71
30900 0.65
31000 0.73
31100 0.68
31200 0.78
31300 0.75
31400 0.63
31500 0.66
31600 0.7
31700 0.73
31800 0.73
31900 0.66
32000 0.73
32100 0.78
32200 0.74
32300 0.76
32400 0.73
32500 0.71
32600 0.65
32700 0.68
32800 0.73
32900 0.59
33000 0.67
33100 0.68
33200 0.68
33300 0.64
33400 0.73
33500 0.78
33600 0.7
33700 0.68
33800 0.76
33900 0.74
34000 0.7
34100 0.74
34200 0.79
34300 0.6
34400 0.75
34500 0.67
34600 0.69
34700 0.72
34800 0.71
34900 0.77
35000 0.73
35100 0.75
35200 0.66
35300 0.78
35400 0.73
35500 0.69
35600 0.74
35700 0.63
35800 0.7
35900 0.68
36000 0.73
36100 0.74
36200 0.61
36300 0.66
36400 0.66
36500 0.69
36600 0.73
36700 0.73
36800 0.64
36900 0.69
37000 0.77
37100 0.69
37200 0.67
37300 0.71
37400 0.63
37500 0.67
37600 0.76
37700 0.69
37800 0.76
37900 0.73
38000 0.7
38100 0.75
38200 0.77
38300 0.62
38400 0.71
38500 0.64
38600 0.75
38700 0.53
38800 0.59
38900 0.61
39000 0.61
39100 0.65
39200 0.73
39300 0.67
39400 0.71
39500 0.66
39600 0.62
39700 0.68
39800 0.68
39900 0.73
40000 0.66
40100 0.68
40200 0.74
40300 0.67
40400 0.75
40500 0.7
40600 0.65
40700 0.62
40800 0.72
40900 0.67
41000 0.62
41100 0.65
41200 0.72
41300 0.68
41400 0.65
41500 0.64
41600 0.74
41700 0.74
41800 0.68
41900 0.72
42000 0.67
42100 0.78
42200 0.69
42300 0.73
42400 0.69
42500 0.73
42600 0.66
42700 0.85
42800 0.62
42900 0.61
43000 0.7
43100 0.74
43200 0.69
43300 0.72
43400 0.71
43500 0.71
43600 0.75
43700 0.73
43800 0.73
43900 0.63
44000 0.62
44100 0.65
44200 0.69
44300 0.67
44400 0.71
44500 0.73
44600 0.66
44700 0.71
44800 0.65
44900 0.65
45000 0.59
45100 0.64
45200 0.57
45300 0.76
45400 0.62
45500 0.76
45600 0.61
45700 0.71
45800 0.69
45900 0.7
46000 0.65
46100 0.66
46200 0.6
46300 0.74
46400 0.76
46500 0.7
46600 0.67
46700 0.75
46800 0.77
46900 0.77
47000 0.67
47100 0.63
47200 0.76
47300 0.77
47400 0.74
47500 0.56
47600 0.7
47700 0.75
47800 0.8
47900 0.69
48000 0.7
48100 0.65
48200 0.7
48300 0.74
48400 0.67
48500 0.71
48600 0.77
48700 0.78
48800 0.77
48900 0.75
49000 0.69
49100 0.7
49200 0.69
49300 0.76
49400 0.72
49500 0.66
49600 0.74
49700 0.66
49800 0.73
49900 0.72
