100 0
200 0.23
300 0.326667
400 0.38
500 0.39
600 0.325
700 0.421429
800 0.4325
900 0.438889
1000 0.445
1100 0.453636
1200 0.499167
1300 0.537692
1400 0.528571
1500 0.526
1600 0.52
1700 0.518824
1800 0.49
1900 0.488947
2000 0.5145
2100 0.537619
2200 0.558636
2300 0.577826
2400 0.595417
2500 0.6116
2600 0.626538
2700 0.64037
2800 0.636429
2900 0.631379
3000 0.643667
3100 0.655161
3200 0.634687
3300 0.645758
3400 0.656176
3500 0.666
3600 0.675278
3700 0.684054
3800 0.692368
3900 0.674615
4000 0.68275
4100 0.690488
4200 0.68619
4300 0.693488
4400 0.700455
4500 0.707111
4600 0.691739
4700 0.698298
4800 0.704583
4900 0.710612
5000 0.7064
5100 0.701765
5200 0.688269
5300 0.685094
5400 0.690926
5500 0.696545
5600 0.701964
5700 0.697193
5800 0.702414
5900 0.700678
6000 0.705667
6100 0.710492
6200 0.715161
6300 0.719683
6400 0.724063
6500 0.728308
6600 0.723636
6700 0.720299
6800 0.7175
6900 0.715507
7000 0.712571
7100 0.71662
7200 0.720556
7300 0.724384
7400 0.728108
7500 0.726133
7600 0.729737
7700 0.733247
7800 0.736667
7900 0.734304
8000 0.737625
8100 0.734444
8200 0.737683
8300 0.740843
8400 0.737619
8500 0.734118
8600 0.737209
8700 0.74023
8800 0.743182
8900 0.746067
9000 0.748889
9100 0.751648
9200 0.749022
9300 0.75172
9400 0.754362
9500 0.756947
9600 0.759479
9700 0.761959
9800 0.764388
9900 0.766768
10000 0.7691
10100 0.771386
10200 0.76902
10300 0.771262
10400 0.773462
10500 0.775619
10600 0.773019
10700 0.77514
10800 0.777222
10900 0.774404
11000 0.771
11100 0.773063
11200 0.775089
11300 0.77708
11400 0.779035
11500 0.780957
11600 0.782845
11700 0.784701
11800 0.786525
11900 0.779916
12000 0.78175
12100 0.783554
12200 0.785328
12300 0.783415
12400 0.785161
12500 0.78688
12600 0.788571
12700 0.790236
12800 0.791875
12900 0.793488
13000 0.795077
13100 0.796641
13200 0.798182
13300 0.799699
13400 0.801194
13500 0.802667
13600 0.804118
13700 0.805547
13800 0.806957
13900 0.808345
14000 0.809714
14100 0.811064
14200 0.812394
14300 0.813706
14400 0.815
14500 0.816276
14600 0.817534
14700 0.818776
14800 0.82
14900 0.821208
15000 0.8224
15100 0.823576
15200 0.824737
15300 0.822157
15400 0.823312
15500 0.824452
15600 0.822756
15700 0.820446
15800 0.821582
15900 0.822704
16000 0.823812
16100 0.818696
16200 0.816481
16300 0.814479
16400 0.813049
16500 0.811273
16600 0.808795
16700 0.807305
16800 0.805595
16900 0.803609
17000 0.804765
17100 0.805906
17200 0.804186
17300 0.805318
17400 0.806437
17500 0.807543
17600 0.805795
17700 0.804181
17800 0.802978
17900 0.804078
18000 0.805167
18100 0.806243
18200 0.807308
18300 0.80541
18400 0.806467
18500 0.807514
18600 0.80629
18700 0.807326
18800 0.805372
18900 0.806402
19000 0.807421
19100 0.805602
19200 0.806615
19300 0.805596
19400 0.804485
19500 0.802923
19600 0.801071
19700 0.799543
19800 0.798081
19900 0.799095
20000 0.8001
20100 0.801095
20200 0.802079
20300 0.803054
20400 0.80402
20500 0.804976
20600 0.803252
20700 0.804203
20800 0.805144
20900 0.806077
21000 0.807
21100 0.805261
21200 0.806179
21300 0.807089
21400 0.807991
21500 0.806233
21600 0.805324
21700 0.803963
21800 0.802339
21900 0.803242
22000 0.804136
22100 0.803032
22200 0.803919
22300 0.804798
22400 0.803795
22500 0.804667
22600 0.80323
22700 0.804097
22800 0.804956
22900 0.803886
23000 0.802217
23100 0.800693
23200 0.799397
23300 0.797897
23400 0.798761
23500 0.797702
23600 0.796398
23700 0.797257
23800 0.798109
23900 0.798954
24000 0.797458
24100 0.798299
24200 0.799132
24300 0.799959
24400 0.800779
24500 0.801592
24600 0.802398
24700 0.803198
24800 0.803992
24900 0.804779
25000 0.80556
25100 0.804223
25200 0.803373
25300 0.80415
25400 0.804921
25500 0.805686
25600 0.806445
25700 0.805525
25800 0.806279
25900 0.807027
26000 0.807769
26100 0.808506
26200 0.809237
26300 0.809962
26400 0.810682
26500 0.811396
26600 0.812105
26700 0.812809
26800 0.813507
26900 0.814201
27000 0.814889
27100 0.815572
27200 0.814118
27300 0.814799
27400 0.815474
27500 0.816145
27600 0.815036
27700 0.813935
27800 0.814604
27900 0.813405
28000 0.814071
28100 0.812954
28200 0.811915
28300 0.81258
28400 0.811655
28500 0.811018
28600 0.811678
28700 0.812334
28800 0.811215
28900 0.811869
29000 0.812517
29100 0.811581
29200 0.81089
29300 0.810102
29400 0.807347
29500 0.806136
29600 0.806791
29700 0.807441
29800 0.806242
29900 0.80689
30000 0.807533
30100 0.808173
30200 0.808808
30300 0.809439
30400 0.810066
30500 0.810689
30600 0.811307
30700 0.811922
30800 0.812532
30900 0.813139
31000 0.813742
31100 0.814341
31200 0.814936
31300 0.815527
31400 0.816115
31500 0.816698
31600 0.817278
31700 0.817855
31800 0.818428
31900 0.818997
32000 0.819562
32100 0.820125
32200 0.820683
32300 0.821238
32400 0.82179
32500 0.822338
32600 0.822883
32700 0.823425
32800 0.823963
32900 0.824498
33000 0.82503
33100 0.825559
33200 0.826084
33300 0.826607
33400 0.825689
33500 0.826209
33600 0.826726
33700 0.82724
33800 0.827751
33900 0.82826
34000 0.828765
34100 0.829267
34200 0.829766
34300 0.830262
34400 0.829273
34500 0.829768
34600 0.83026
34700 0.830749
34800 0.831236
34900 0.831719
35000 0.830486
35100 0.829487
35200 0.828352
35300 0.827365
35400 0.826328
35500 0.826817
35600 0.825843
35700 0.826331
35800 0.826816
35900 0.825738
36000 0.826222
36100 0.826704
36200 0.827182
36300 0.826226
36400 0.826703
36500 0.827178
36600 0.82765
36700 0.825395
36800 0.82587
36900 0.826341
37000 0.825351
37100 0.825822
37200 0.823602
37300 0.822574
37400 0.820374
37500 0.8196
37600 0.818564
37700 0.819045
37800 0.819524
37900 0.82
38000 0.820474
38100 0.820945
38200 0.821414
38300 0.82188
38400 0.822344
38500 0.822805
38600 0.823264
38700 0.823721
38800 0.824175
38900 0.824627
39000 0.825077
39100 0.825524
39200 0.825969
39300 0.826412
39400 0.82566
39500 0.826101
39600 0.82654
39700 0.826977
39800 0.827412
39900 0.826792
40000 0.827225
40100 0.827656
40200 0.828085
40300 0.828511
40400 0.828936
40500 0.829358
40600 0.829778
40700 0.830197
40800 0.830613
40900 0.831027
41000 0.831439
41100 0.831849
41200 0.832257
41300 0.831743
41400 0.83215
41500 0.832554
41600 0.831562
41700 0.831966
41800 0.832368
41900 0.832768
42000 0.832095
42100 0.832494
42200 0.830521
42300 0.830922
42400 0.831321
42500 0.831718
42600 0.832113
42700 0.832506
42800 0.832897
42900 0.833287
43000 0.833674
43100 0.83406
43200 0.834444
43300 0.834827
43400 0.835207
43500 0.835586
43600 0.835963
43700 0.836339
43800 0.835639
43900 0.836014
44000 0.835023
44100 0.835397
44200 0.834367
44300 0.83474
44400 0.835113
44500 0.835483
44600 0.835852
44700 0.836219
44800 0.836585
44900 0.836949
45000 0.837311
45100 0.837672
45200 0.838031
45300 0.838389
45400 0.838744
45500 0.839099
45600 0.839452
45700 0.839803
45800 0.840153
45900 0.840501
46000 0.839913
46100 0.84026
46200 0.839502
46300 0.839849
46400 0.840194
46500 0.840538
46600 0.839828
46700 0.840171
46800 0.83938
46900 0.839723
47000 0.840064
47100 0.840403
47200 0.840742
47300 0.841078
47400 0.840359
47500 0.839621
47600 0.838803
47700 0.83914
47800 0.839477
47900 0.839812
48000 0.839146
48100 0.83948
48200 0.839813
48300 0.840145
48400 0.840475
48500 0.840804
48600 0.841132
48700 0.840452
48800 0.840779
48900 0.841104
49000 0.841429
49100 0.841752
49200 0.842073
49300 0.841217
49400 0.841538
49500 0.841859
49600 0.842177
49700 0.842495
49800 0.842811
49900 0.843126
