100 0.69
200 0.57
300 0.606667
400 0.6225
500 0.62
600 0.613333
700 0.608571
800 0.615
900 0.621111
1000 0.616
1100 0.626364
1200 0.6225
1300 0.623077
1400 0.635
1500 0.632667
1600 0.640625
1700 0.647647
1800 0.651111
1900 0.656842
2000 0.6515
2100 0.646667
2200 0.648182
2300 0.65087
2400 0.64875
2500 0.6468
2600 0.646538
2700 0.647778
2800 0.650357
2900 0.650345
3000 0.651
3100 0.652581
3200 0.649062
3300 0.649697
3400 0.647647
3500 0.651429
3600 0.6525
3700 0.653514
3800 0.652105
3900 0.651282
4000 0.6515
4100 0.651951
4200 0.652143
4300 0.653488
4400 0.653409
4500 0.652889
4600 0.651304
4700 0.654043
4800 0.654375
4900 0.654898
5000 0.6548
5100 0.657255
5200 0.658462
5300 0.659057
5400 0.657778
5500 0.658364
5600 0.659643
5700 0.660175
5800 0.659828
5900 0.660847
6000 0.662667
6100 0.662295
6200 0.663387
6300 0.663175
6400 0.66375
6500 0.665385
6600 0.664697
6700 0.666269
6800 0.667794
6900 0.668406
7000 0.669571
7100 0.671549
7200 0.670972
7300 0.672603
7400 0.673514
7500 0.673467
7600 0.674868
7700 0.673506
7800 0.674359
7900 0.675316
8000 0.676375
8100 0.676667
8200 0.677317
8300 0.678072
8400 0.677976
8500 0.678118
8600 0.678256
8700 0.679655
8800 0.679318
8900 0.679663
9000 0.680889
9100 0.681648
9200 0.6825
9300 0.682043
9400 0.681489
9500 0.681158
9600 0.68125
9700 0.681959
9800 0.682041
9900 0.682727
10000 0.6832
10100 0.682871
10200 0.683039
10300 0.683398
10400 0.683269
10500 0.682762
10600 0.681698
10700 0.681589
10800 0.682593
10900 0.683578
11000 0.684727
11100 0.685045
11200 0.685357
11300 0.685487
11400 0.685088
11500 0.685217
11600 0.686034
11700 0.685897
11800 0.686017
11900 0.686134
12000 0.6865
12100 0.68595
12200 0.686557
12300 0.686829
12400 0.687581
12500 0.68744
12600 0.687143
12700 0.686929
12800 0.686484
12900 0.686977
13000 0.687308
13100 0.687252
13200 0.687652
13300 0.688045
13400 0.688433
13500 0.688963
13600 0.689632
13700 0.689708
13800 0.689565
13900 0.690072
14000 0.690786
14100 0.691277
14200 0.691549
14300 0.691888
14400 0.692222
14500 0.692207
14600 0.692671
14700 0.692653
14800 0.692432
14900 0.692886
15000 0.693133
15100 0.693377
15200 0.693487
15300 0.693987
15400 0.69487
15500 0.695484
15600 0.695897
15700 0.696242
15800 0.696582
15900 0.697044
16000 0.697187
16100 0.696708
16200 0.696914
16300 0.696748
16400 0.696951
16500 0.697394
16600 0.69741
16700 0.697485
16800 0.69744
16900 0.697574
17000 0.698176
17100 0.698246
17200 0.698721
17300 0.699133
17400 0.699138
17500 0.699314
17600 0.699602
17700 0.699605
17800 0.699607
17900 0.699609
18000 0.699944
18100 0.70011
18200 0.70033
18300 0.70082
18400 0.701522
18500 0.701514
18600 0.701828
18700 0.702086
18800 0.702447
18900 0.70254
19000 0.702842
19100 0.703194
19200 0.70349
19300 0.703938
19400 0.704175
19500 0.704256
19600 0.704643
19700 0.704822
19800 0.705152
19900 0.705327
20000 0.7055
20100 0.706119
20200 0.705842
20300 0.706305
20400 0.706275
20500 0.70639
20600 0.706602
20700 0.706908
20800 0.707019
20900 0.707177
21000 0.707048
21100 0.707109
21200 0.707028
21300 0.70723
21400 0.707523
21500 0.707721
21600 0.707222
21700 0.707419
21800 0.707248
21900 0.707123
22000 0.707227
22100 0.707602
22200 0.707523
22300 0.707892
22400 0.708259
22500 0.708267
22600 0.708584
22700 0.70859
22800 0.708772
22900 0.709345
23000 0.709435
23100 0.709697
23200 0.709784
23300 0.710343
23400 0.71047
23500 0.710426
23600 0.710678
23700 0.710717
23800 0.71105
23900 0.711172
24000 0.711083
24100 0.711411
24200 0.711653
24300 0.711975
24400 0.712295
24500 0.712571
24600 0.712561
24700 0.712834
24800 0.712742
24900 0.713012
25000 0.713
25100 0.713147
25200 0.712897
25300 0.713202
25400 0.712795
25500 0.71302
25600 0.713359
25700 0.713541
25800 0.713837
25900 0.714208
26000 0.714231
26100 0.714368
26200 0.714504
26300 0.714829
26400 0.714848
26500 0.715057
26600 0.715038
26700 0.715281
26800 0.715448
26900 0.715576
27000 0.715815
27100 0.715867
27200 0.715846
27300 0.715971
27400 0.716241
27500 0.716182
27600 0.716196
27700 0.716101
27800 0.716295
27900 0.716667
28000 0.716893
28100 0.716726
28200 0.716489
28300 0.716219
28400 0.716056
28500 0.71614
28600 0.716014
28700 0.715819
28800 0.715833
28900 0.715917
29000 0.716069
29100 0.716254
29200 0.716267
29300 0.716382
29400 0.716327
29500 0.716102
29600 0.716318
29700 0.716566
29800 0.716711
29900 0.716957
30000 0.717067
30100 0.71711
30200 0.717219
30300 0.717393
30400 0.717303
30500 0.717344
30600 0.717222
30700 0.717134
30800 0.71724
30900 0.717282
31000 0.717419
31100 0.717621
31200 0.717724
31300 0.7177
31400 0.717739
31500 0.717841
31600 0.717848
31700 0.718076
31800 0.718333
31900 0.718464
32000 0.718625
32100 0.718505
32200 0.718509
32300 0.718359
32400 0.718241
32500 0.718308
32600 0.718528
32700 0.718502
32800 0.718598
32900 0.718723
33000 0.718939
33100 0.718973
33200 0.719127
33300 0.719039
33400 0.719251
33500 0.719552
33600 0.719643
33700 0.719466
33800 0.719586
33900 0.719617
34000 0.719647
34100 0.719677
34200 0.719766
34300 0.720087
34400 0.719913
34500 0.720145
34600 0.720029
34700 0.720086
34800 0.720144
34900 0.720201
35000 0.7202
35100 0.720028
35200 0.720028
35300 0.720142
35400 0.720367
35500 0.720366
35600 0.720562
35700 0.720588
35800 0.720587
35900 0.720836
36000 0.72075
36100 0.721136
36200 0.721188
36300 0.72135
36400 0.721181
36500 0.720986
36600 0.720984
36700 0.720817
36800 0.720489
36900 0.720461
37000 0.720216
37100 0.720458
37200 0.720538
37300 0.720724
37400 0.720749
37500 0.720667
37600 0.720346
37700 0.720504
37800 0.720688
37900 0.720897
38000 0.720737
38100 0.720814
38200 0.720733
38300 0.720836
38400 0.721042
38500 0.721195
38600 0.721269
38700 0.721189
38800 0.721237
38900 0.721337
39000 0.721615
39100 0.721688
39200 0.721862
39300 0.721578
39400 0.721675
39500 0.722025
39600 0.722146
39700 0.722393
39800 0.722487
39900 0.722506
40000 0.72255
40100 0.722693
40200 0.722786
40300 0.722953
40400 0.723168
40500 0.723235
40600 0.723276
40700 0.723415
40800 0.723431
40900 0.72335
41000 0.723561
41100 0.72382
41200 0.724029
41300 0.723801
41400 0.724058
41500 0.724072
41600 0.723894
41700 0.724077
41800 0.724091
41900 0.724248
42000 0.724357
42100 0.724537
42200 0.724716
42300 0.724775
42400 0.724882
42500 0.724871
42600 0.725094
42700 0.725222
42800 0.725374
42900 0.725408
43000 0.725535
43100 0.725661
43200 0.725764
43300 0.725912
43400 0.725922
43500 0.726069
43600 0.726124
43700 0.726247
43800 0.726324
43900 0.726424
44000 0.726364
44100 0.726417
44200 0.726199
44300 0.726208
44400 0.726059
44500 0.726022
44600 0.726099
44700 0.726018
44800 0.726004
44900 0.726102
45000 0.726222
45100 0.726297
45200 0.72635
45300 0.726269
45400 0.726189
45500 0.726242
45600 0.726425
45700 0.726346
45800 0.726419
45900 0.726536
46000 0.726696
46100 0.726768
46200 0.726905
46300 0.727063
46400 0.727069
46500 0.727183
46600 0.727082
46700 0.726938
46800 0.727051
46900 0.726994
47000 0.727298
47100 0.727452
47200 0.727564
47300 0.727294
47400 0.727278
47500 0.727474
47600 0.727416
47700 0.727505
47800 0.727427
47900 0.727244
48000 0.727417
48100 0.72763
48200 0.727635
48300 0.727723
48400 0.727872
48500 0.728
48600 0.728045
48700 0.728111
48800 0.728115
48900 0.728037
49000 0.728163
49100 0.728187
49200 0.728374
49300 0.728316
49400 0.728219
49500 0.728303
49600 0.727944
49700 0.727827
49800 0.727972
49900 0.728076
