100 0.69
200 0.45
300 0.68
400 0.67
500 0.61
600 0.58
700 0.58
800 0.66
900 0.67
1000 0.57
1100 0.73
1200 0.58
1300 0.63
1400 0.79
1500 0.6
1600 0.76
1700 0.76
1800 0.71
1900 0.76
2000 0.55
2100 0.55
2200 0.68
2300 0.71
2400 0.6
2500 0.6
2600 0.64
2700 0.68
2800 0.72
2900 0.65
3000 0.67
3100 0.7
3200 0.54
3300 0.67
3400 0.58
3500 0.78
3600 0.69
3700 0.69
3800 0.6
3900 0.62
4000 0.66
4100 0.67
4200 0.66
4300 0.71
4400 0.65
4500 0.63
4600 0.58
4700 0.78
4800 0.67
4900 0.68
5000 0.65
5100 0.78
5200 0.72
5300 0.69
5400 0.59
5500 0.69
5600 0.73
5700 0.69
5800 0.64
5900 0.72
6000 0.77
6100 0.64
6200 0.73
6300 0.65
6400 0.7
6500 0.77
6600 0.62
6700 0.77
6800 0.77
6900 0.71
7000 0.75
7100 0.81
7200 0.63
7300 0.79
7400 0.74
7500 0.67
7600 0.78
7700 0.57
7800 0.74
7900 0.75
8000 0.76
8100 0.7
8200 0.73
8300 0.74
8400 0.67
8500 0.69
8600 0.69
8700 0.8
8800 0.65
8900 0.71
9000 0.79
9100 0.75
9200 0.76
9300 0.64
9400 0.63
9500 0.65
9600 0.69
9700 0.75
9800 0.69
9900 0.75
10000 0.73
10100 0.65
10200 0.7
10300 0.72
10400 0.67
10500 0.63
10600 0.57
10700 0.67
10800 0.79
10900 0.79
11000 0.81
11100 0.72
11200 0.72
11300 0.7
11400 0.64
11500 0.7
11600 0.78
11700 0.67
11800 0.7
11900 0.7
12000 0.73
12100 0.62
12200 0.76
12300 0.72
12400 0.78
12500 0.67
12600 0.65
12700 0.66
12800 0.63
12900 0.75
13000 0.73
13100 0.68
13200 0.74
13300 0.74
13400 0.74
13500 0.76
13600 0.78
13700 0.7
13800 0.67
13900 0.76
14000 0.79
14100 0.76
14200 0.73
14300 0.74
14400 0.74
14500 0.69
14600 0.76
14700 0.69
14800 0.66
14900 0.76
15000 0.73
15100 0.73
15200 0.71
15300 0.77
15400 0.83
15500 0.79
15600 0.76
15700 0.75
15800 0.75
15900 0.77
16000 0.72
16100 0.62
16200 0.73
16300 0.67
16400 0.73
16500 0.77
16600 0.7
16700 0.71
16800 0.69
16900 0.72
17000 0.8
17100 0.71
17200 0.78
17300 0.77
17400 0.7
17500 0.73
17600 0.75
17700 0.7
17800 0.7
17900 0.7
18000 0.76
18100 0.73
18200 0.74
18300 0.79
18400 0.83
18500 0.7
18600 0.76
18700 0.75
18800 0.77
18900 0.72
19000 0.76
19100 0.77
19200 0.76
19300 0.79
19400 0.75
19500 0.72
19600 0.78
19700 0.74
19800 0.77
19900 0.74
20000 0.74
20100 0.83
20200 0.65
20300 0.8
20400 0.7
20500 0.73
20600 0.75
20700 0.77
20800 0.73
20900 0.74
21000 0.68
21100 0.72
21200 0.69
21300 0.75
21400 0.77
21500 0.75
21600 0.6
21700 0.75
21800 0.67
21900 0.68
22000 0.73
22100 0.79
22200 0.69
22300 0.79
22400 0.79
22500 0.71
22600 0.78
22700 0.71
22800 0.75
22900 0.84
23000 0.73
23100 0.77
23200 0.73
23300 0.84
23400 0.74
23500 0.7
23600 0.77
23700 0.72
23800 0.79
23900 0.74
24000 0.69
24100 0.79
24200 0.77
24300 0.79
24400 0.79
24500 0.78
24600 0.71
24700 0.78
24800 0.69
24900 0.78
25000 0.71
25100 0.75
25200 0.65
25300 0.79
25400 0.61
25500 0.77
25600 0.8
25700 0.76
25800 0.79
25900 0.81
26000 0.72
26100 0.75
26200 0.75
26300 0.8
26400 0.72
26500 0.77
26600 0.71
26700 0.78
26800 0.76
26900 0.75
27000 0.78
27100 0.73
27200 0.71
27300 0.75
27400 0.79
27500 0.7
27600 0.72
27700 0.69
27800 0.77
27900 0.82
28000 0.78
28100 0.67
28200 0.65
28300 0.64
28400 0.67
28500 0.74
28600 0.68
28700 0.66
28800 0.72
28900 0.74
29000 0.76
29100 0.77
29200 0.72
29300 0.75
29400 0.7
29500 0.65
29600 0.78
29700 0.79
29800 0.76
29900 0.79
30000 0.75
30100 0.73
30200 0.75
30300 0.77
30400 0.69
30500 0.73
30600 0.68
30700 0.69
30800 0.75
30900 0.73
31000 0.76
31100 0.78
31200 0.75
31300 0.71
31400 0.73
31500 0.75
31600 0.72
31700 0.79
31800 0.8
31900 0.76
32000 0.77
32100 0.68
32200 0.72
32300 0.67
32400 0.68
32500 0.74
32600 0.79
32700 0.71
32800 0.75
32900 0.76
33000 0.79
33100 0.73
33200 0.77
33300 0.69
33400 0.79
33500 0.82
33600 0.75
33700 0.66
33800 0.76
33900 0.73
34000 0.73
34100 0.73
34200 0.75
34300 0.83
34400 0.66
34500 0.8
34600 0.68
34700 0.74
34800 0.74
34900 0.74
35000 0.72
35100 0.66
35200 0.72
35300 0.76
35400 0.8
35500 0.72
35600 0.79
35700 0.73
35800 0.72
35900 0.81
36000 0.69
36100 0.86
36200 0.74
36300 0.78
36400 0.66
36500 0.65
36600 0.72
36700 0.66
36800 0.6
36900 0.71
37000 0.63
37100 0.81
37200 0.75
37300 0.79
37400 0.73
37500 0.69
37600 0.6
37700 0.78
37800 0.79
37900 0.8
38000 0.66
38100 0.75
38200 0.69
38300 0.76
38400 0.8
38500 0.78
38600 0.75
38700 0.69
38800 0.74
38900 0.76
39000 0.83
39100 0.75
39200 0.79
39300 0.61
39400 0.76
39500 0.86
39600 0.77
39700 0.82
39800 0.76
39900 0.73
40000 0.74
40100 0.78
40200 0.76
40300 0.79
40400 0.81
40500 0.75
40600 0.74
40700 0.78
40800 0.73
40900 0.69
41000 0.81
41100 0.83
41200 0.81
41300 0.63
41400 0.83
41500 0.73
41600 0.65
41700 0.8
41800 0.73
41900 0.79
42000 0.77
42100 0.8
42200 0.8
42300 0.75
42400 0.77
42500 0.72
42600 0.82
42700 0.78
42800 0.79
42900 0.74
43000 0.78
43100 0.78
43200 0.77
43300 0.79
43400 0.73
43500 0.79
43600 0.75
43700 0.78
43800 0.76
43900 0.77
44000 0.7
44100 0.75
44200 0.63
44300 0.73
44400 0.66
44500 0.71
44600 0.76
44700 0.69
44800 0.72
44900 0.77
45000 0.78
45100 0.76
45200 0.75
45300 0.69
45400 0.69
45500 0.75
45600 0.81
45700 0.69
45800 0.76
45900 0.78
46000 0.8
46100 0.76
46200 0.79
46300 0.8
46400 0.73
46500 0.78
46600 0.68
46700 0.66
46800 0.78
46900 0.7
47000 0.87
47100 0.8
47200 0.78
47300 0.6
47400 0.72
47500 0.82
47600 0.7
47700 0.77
47800 0.69
47900 0.64
48000 0.81
48100 0.83
48200 0.73
48300 0.77
48400 0.8
48500 0.79
48600 0.75
48700 0.76
48800 0.73
48900 0.69
49000 0.79
49100 0.74
49200 0.82
49300 0.7
49400 0.68
49500 0.77
49600 0.55
49700 0.67
49800 0.8
49900 0.78
