100 0
200 0.46
300 0.52
400 0.54
500 0.43
600 0
700 1
800 0.51
900 0.49
1000 0.5
1100 0.54
1200 1
1300 1
1400 0.41
1500 0.49
1600 0.43
1700 0.5
1800 0
1900 0.47
2000 1
2100 1
2200 1
2300 1
2400 1
2500 1
2600 1
2700 1
2800 0.53
2900 0.49
3000 1
3100 1
3200 0
3300 1
3400 1
3500 1
3600 1
3700 1
3800 1
3900 0
4000 1
4100 1
4200 0.51
4300 1
4400 1
4500 1
4600 0
4700 1
4800 1
4900 1
5000 0.5
5100 0.47
5200 0
5300 0.52
5400 1
5500 1
5600 1
5700 0.43
5800 1
5900 0.6
6000 1
6100 1
6200 1
6300 1
6400 1
6500 1
6600 0.42
6700 0.5
6800 0.53
6900 0.58
7000 0.51
7100 1
7200 1
7300 1
7400 1
7500 0.58
7600 1
7700 1
7800 1
7900 0.55
8000 1
8100 0.48
8200 1
8300 1
8400 0.47
8500 0.44
8600 1
8700 1
8800 1
8900 1
9000 1
9100 1
9200 0.51
9300 1
9400 1
9500 1
9600 1
9700 1
9800 1
9900 1
10000 1
10100 1
10200 0.53
10300 1
10400 1
10500 1
10600 0.5
10700 1
10800 1
10900 0.47
11000 0.4
11100 1
11200 1
11300 1
11400 1
11500 1
11600 1
11700 1
11800 1
11900 0
12000 1
12100 1
12200 1
12300 0.55
12400 1
12500 1
12600 1
12700 1
12800 1
12900 1
13000 1
13100 1
13200 1
13300 1
13400 1
13500 1
13600 1
13700 1
13800 1
13900 1
14000 1
14100 1
14200 1
14300 1
14400 1
14500 1
14600 1
14700 1
14800 1
14900 1
15000 1
15100 1
15200 1
15300 0.43
15400 1
15500 1
15600 0.56
15700 0.46
15800 1
15900 1
16000 1
16100 0
16200 0.46
16300 0.49
16400 0.58
16500 0.52
16600 0.4
16700 0.56
16800 0.52
16900 0.47
17000 1
17100 1
17200 0.51
17300 1
17400 1
17500 1
17600 0.5
17700 0.52
17800 0.59
17900 1
18000 1
18100 1
18200 1
18300 0.46
18400 1
18500 1
18600 0.58
18700 1
18800 0.44
18900 1
19000 1
19100 0.46
19200 1
19300 0.61
19400 0.59
19500 0.5
19600 0.44
19700 0.5
19800 0.51
19900 1
20000 1
20100 1
20200 1
20300 1
20400 1
20500 1
20600 0.45
20700 1
20800 1
20900 1
21000 1
21100 0.44
21200 1
21300 1
21400 1
21500 0.43
21600 0.61
21700 0.51
21800 0.45
21900 1
22000 1
22100 0.56
22200 1
22300 1
22400 0.58
22500 1
22600 0.48
22700 1
22800 1
22900 0.56
23000 0.42
23100 0.45
23200 0.5
23300 0.45
23400 1
23500 0.55
23600 0.49
23700 1
23800 1
23900 1
24000 0.44
24100 1
24200 1
24300 1
24400 1
24500 1
24600 1
24700 1
24800 1
24900 1
25000 1
25100 0.47
25200 0.59
25300 1
25400 1
25500 1
25600 1
25700 0.57
25800 1
25900 1
26000 1
26100 1
26200 1
26300 1
26400 1
26500 1
26600 1
26700 1
26800 1
26900 1
27000 1
27100 1
27200 0.42
27300 1
27400 1
27500 1
27600 0.51
27700 0.51
27800 1
27900 0.48
28000 1
28100 0.5
28200 0.52
28300 1
28400 0.55
28500 0.63
28600 1
28700 1
28800 0.49
28900 1
29000 1
29100 0.54
29200 0.61
29300 0.58
29400 0
29500 0.45
29600 1
29700 1
29800 0.45
29900 1
30000 1
30100 1
30200 1
30300 1
30400 1
30500 1
30600 1
30700 1
30800 1
30900 1
31000 1
31100 1
31200 1
31300 1
31400 1
31500 1
31600 1
31700 1
31800 1
31900 1
32000 1
32100 1
32200 1
32300 1
32400 1
32500 1
32600 1
32700 1
32800 1
32900 1
33000 1
33100 1
33200 1
33300 1
33400 0.52
33500 1
33600 1
33700 1
33800 1
33900 1
34000 1
34100 1
34200 1
34300 1
34400 0.49
34500 1
34600 1
34700 1
34800 1
34900 1
35000 0.4
35100 0.48
35200 0.43
35300 0.48
35400 0.46
35500 1
35600 0.48
35700 1
35800 1
35900 0.44
36000 1
36100 1
36200 1
36300 0.48
36400 1
36500 1
36600 1
36700 0
36800 1
36900 1
37000 0.46
37100 1
37200 0
37300 0.44
37400 0
37500 0.53
37600 0.43
37700 1
37800 1
37900 1
38000 1
38100 1
38200 1
38300 1
38400 1
38500 1
38600 1
38700 1
38800 1
38900 1
39000 1
39100 1
39200 1
39300 1
39400 0.53
39500 1
39600 1
39700 1
39800 1
39900 0.58
40000 1
40100 1
40200 1
40300 1
40400 1
40500 1
40600 1
40700 1
40800 1
40900 1
41000 1
41100 1
41200 1
41300 0.62
41400 1
41500 1
41600 0.42
41700 1
41800 1
41900 1
42000 0.55
42100 1
42200 0
42300 1
42400 1
42500 1
42600 1
42700 1
42800 1
42900 1
43000 1
43100 1
43200 1
43300 1
43400 1
43500 1
43600 1
43700 1
43800 0.53
43900 1
44000 0.4
44100 1
44200 0.38
44300 1
44400 1
44500 1
44600 1
44700 1
44800 1
44900 1
45000 1
45100 1
45200 1
45300 1
45400 1
45500 1
45600 1
45700 1
45800 1
45900 1
46000 0.57
46100 1
46200 0.49
46300 1
46400 1
46500 1
46600 0.51
46700 1
46800 0.47
46900 1
47000 1
47100 1
47200 1
47300 1
47400 0.5
47500 0.49
47600 0.45
47700 1
47800 1
47900 1
48000 0.52
48100 1
48200 1
48300 1
48400 1
48500 1
48600 1
48700 0.51
48800 1
48900 1
49000 1
49100 1
49200 1
49300 0.42
49400 1
49500 1
49600 1
49700 1
49800 1
49900 1
