100 0.58
200 0.68
300 0.59
400 0.75
500 0.75
600 0.67
700 0.72
800 0.71
900 0.75
1000 0.72
1100 0.78
1200 0.71
1300 0.78
1400 0.7
1500 0.79
1600 0.79
1700 0.8
1800 0.78
1900 0.74
2000 0.72
2100 0.73
2200 0.73
2300 0.74
2400 0.69
2500 0.72
2600 0.72
2700 0.65
2800 0.65
2900 0.74
3000 0.72
3100 0.75
3200 0.73
3300 0.74
3400 0.66
3500 0.74
3600 0.67
3700 0.7
3800 0.79
3900 0.72
4000 0.76
4100 0.71
4200 0.69
4300 0.67
4400 0.67
4500 0.77
4600 0.75
4700 0.72
4800 0.76
4900 0.66
5000 0.64
5100 0.76
5200 0.76
5300 0.7
5400 0.73
5500 0.74
5600 0.64
5700 0.7
5800 0.68
5900 0.68
6000 0.71
6100 0.69
6200 0.66
6300 0.67
6400 0.73
6500 0.73
6600 0.66
6700 0.67
6800 0.75
6900 0.79
7000 0.74
7100 0.72
7200 0.74
7300 0.68
7400 0.7
7500 0.71
7600 0.74
7700 0.81
7800 0.77
7900 0.7
8000 0.68
8100 0.72
8200 0.72
8300 0.7
8400 0.75
8500 0.71
8600 0.73
8700 0.64
8800 0.71
8900 0.75
9000 0.8
9100 0.7
9200 0.71
9300 0.7
9400 0.76
9500 0.62
9600 0.68
9700 0.71
9800 0.7
9900 0.69
10000 0.67
10100 0.7
10200 0.72
10300 0.72
10400 0.76
10500 0.68
10600 0.69
10700 0.71
10800 0.69
10900 0.77
11000 0.81
11100 0.71
11200 0.72
11300 0.79
11400 0.62
11500 0.74
11600 0.65
11700 0.74
11800 0.76
11900 0.72
12000 0.77
12100 0.66
12200 0.71
12300 0.62
12400 0.71
12500 0.66
12600 0.74
12700 0.7
12800 0.76
12900 0.74
13000 0.75
13100 0.67
13200 0.69
13300 0.75
13400 0.67
13500 0.73
13600 0.7
13700 0.77
13800 0.75
13900 0.75
14000 0.73
14100 0.73
14200 0.76
14300 0.69
14400 0.76
14500 0.69
14600 0.72
14700 0.78
14800 0.64
14900 0.79
15000 0.71
15100 0.75
15200 0.7
15300 0.68
15400 0.69
15500 0.75
15600 0.74
15700 0.78
15800 0.7
15900 0.75
16000 0.68
16100 0.69
16200 0.69
16300 0.73
16400 0.73
16500 0.64
16600 0.72
16700 0.76
16800 0.73
16900 0.73
17000 0.64
17100 0.74
17200 0.66
17300 0.72
17400 0.67
17500 0.75
17600 0.72
17700 0.66
17800 0.79
17900 0.7
18000 0.75
18100 0.73
18200 0.67
18300 0.68
18400 0.72
18500 0.62
18600 0.73
18700 0.72
18800 0.7
18900 0.78
19000 0.71
19100 0.7
19200 0.78
19300 0.64
19400 0.82
19500 0.7
19600 0.65
19700 0.69
19800 0.76
19900 0.72
20000 0.71
20100 0.71
20200 0.7
20300 0.69
20400 0.66
20500 0.7
20600 0.75
20700 0.7
20800 0.71
20900 0.72
21000 0.67
21100 0.74
21200 0.72
21300 0.74
21400 0.79
21500 0.64
21600 0.71
21700 0.69
21800 0.72
21900 0.75
22000 0.72
22100 0.74
22200 0.72
22300 0.7
22400 0.73
22500 0.69
22600 0.65
22700 0.77
22800 0.73
22900 0.73
23000 0.72
23100 0.66
23200 0.68
23300 0.73
23400 0.77
23500 0.68
23600 0.71
23700 0.61
23800 0.73
23900 0.63
24000 0.76
24100 0.69
24200 0.76
24300 0.71
24400 0.65
24500 0.73
24600 0.72
24700 0.77
24800 0.69
24900 0.79
25000 0.72
25100 0.75
25200 0.73
25300 0.73
25400 0.66
25500 0.67
25600 0.75
25700 0.77
25800 0.64
25900 0.72
26000 0.7
26100 0.69
26200 0.76
26300 0.68
26400 0.73
26500 0.8
26600 0.69
26700 0.69
26800 0.72
26900 0.68
27000 0.65
27100 0.69
27200 0.74
27300 0.72
27400 0.67
27500 0.68
27600 0.71
27700 0.67
27800 0.7
27900 0.69
28000 0.77
28100 0.75
28200 0.73
28300 0.73
28400 0.74
28500 0.71
28600 0.66
28700 0.65
28800 0.73
28900 0.71
29000 0.75
29100 0.73
29200 0.76
29300 0.7
29400 0.68
29500 0.63
29600 0.73
29700 0.71
29800 0.77
29900 0.79
30000 0.7
30100 0.69
30200 0.67
30300 0.73
30400 0.71
30500 0.76
30600 0.79
30700 0.81
30800 0.72
30900 0.73
31000 0.7
31100 0.71
31200 0.76
31300 0.72
31400 0.79
31500 0.71
31600 0.72
31700 0.75
31800 0.75
31900 0.73
32000 0.75
32100 0.7
32200 0.7
32300 0.72
32400 0.76
32500 0.66
32600 0.67
32700 0.68
32800 0.7
32900 0.83
33000 0.73
33100 0.71
33200 0.67
33300 0.72
33400 0.78
33500 0.74
33600 0.7
33700 0.67
33800 0.71
33900 0.68
34000 0.72
34100 0.67
34200 0.84
34300 0.66
34400 0.71
34500 0.67
34600 0.73
34700 0.71
34800 0.68
34900 0.62
35000 0.75
35100 0.71
35200 0.61
35300 0.68
35400 0.74
35500 0.64
35600 0.79
35700 0.71
35800 0.76
35900 0.68
36000 0.77
36100 0.67
36200 0.75
36300 0.85
36400 0.62
36500 0.64
36600 0.69
36700 0.72
36800 0.7
36900 0.67
37000 0.7
37100 0.7
37200 0.69
37300 0.69
37400 0.67
37500 0.78
37600 0.68
37700 0.68
37800 0.68
37900 0.73
38000 0.64
38100 0.73
38200 0.75
38300 0.67
38400 0.75
38500 0.7
38600 0.64
38700 0.69
38800 0.69
38900 0.69
39000 0.64
39100 0.7
39200 0.71
39300 0.74
39400 0.67
39500 0.71
39600 0.78
39700 0.75
39800 0.73
39900 0.67
40000 0.7
40100 0.7
40200 0.74
40300 0.71
40400 0.74
40500 0.77
40600 0.74
40700 0.72
40800 0.75
40900 0.72
41000 0.7
41100 0.66
41200 0.62
41300 0.75
41400 0.73
41500 0.7
41600 0.74
41700 0.68
41800 0.69
41900 0.73
42000 0.7
42100 0.68
42200 0.69
42300 0.75
42400 0.63
42500 0.77
42600 0.79
42700 0.66
42800 0.67
42900 0.77
43000 0.77
43100 0.75
43200 0.7
43300 0.67
43400 0.68
43500 0.77
43600 0.78
43700 0.68
43800 0.7
43900 0.74
44000 0.68
44100 0.66
44200 0.72
44300 0.6
44400 0.74
44500 0.72
44600 0.69
44700 0.68
44800 0.72
44900 0.72
45000 0.74
45100 0.69
45200 0.72
45300 0.73
45400 0.71
45500 0.69
45600 0.75
45700 0.74
45800 0.77
45900 0.73
46000 0.79
46100 0.78
46200 0.71
46300 0.68
46400 0.73
46500 0.61
46600 0.69
46700 0.7
46800 0.7
46900 0.68
47000 0.71
47100 0.72
47200 0.66
47300 0.65
47400 0.76
47500 0.68
47600 0.75
47700 0.76
47800 0.68
47900 0.76
48000 0.74
48100 0.71
48200 0.75
48300 0.75
48400 0.69
48500 0.69
48600 0.67
48700 0.71
48800 0.67
48900 0.67
49000 0.68
49100 0.75
49200 0.65
49300 0.69
49400 0.7
49500 0.68
49600 0.68
49700 0.75
49800 0.69
49900 0.82
