100 0.58
200 0.63
300 0.616667
400 0.65
500 0.67
600 0.67
700 0.677143
800 0.68125
900 0.688889
1000 0.692
1100 0.7
1200 0.700833
1300 0.706923
1400 0.706429
1500 0.712
1600 0.716875
1700 0.721765
1800 0.725
1900 0.725789
2000 0.7255
2100 0.725714
2200 0.725909
2300 0.726522
2400 0.725
2500 0.7248
2600 0.724615
2700 0.721852
2800 0.719286
2900 0.72
3000 0.72
3100 0.720968
3200 0.72125
3300 0.721818
3400 0.72
3500 0.720571
3600 0.719167
3700 0.718649
3800 0.720526
3900 0.720513
4000 0.7215
4100 0.72122
4200 0.720476
4300 0.719302
4400 0.718182
4500 0.719333
4600 0.72
4700 0.72
4800 0.720833
4900 0.719592
5000 0.718
5100 0.718824
5200 0.719615
5300 0.719245
5400 0.719444
5500 0.719818
5600 0.718393
5700 0.71807
5800 0.717414
5900 0.71678
6000 0.716667
6100 0.71623
6200 0.715323
6300 0.714603
6400 0.714844
6500 0.715077
6600 0.714242
6700 0.713582
6800 0.714118
6900 0.715217
7000 0.715571
7100 0.715634
7200 0.715972
7300 0.715479
7400 0.71527
7500 0.7152
7600 0.715526
7700 0.716753
7800 0.717436
7900 0.717215
8000 0.71675
8100 0.71679
8200 0.716829
8300 0.716627
8400 0.717024
8500 0.716941
8600 0.717093
8700 0.716207
8800 0.716136
8900 0.716517
9000 0.717444
9100 0.717253
9200 0.717174
9300 0.716989
9400 0.717447
9500 0.716421
9600 0.716042
9700 0.715979
9800 0.715816
9900 0.715556
10000 0.7151
10100 0.71495
10200 0.715
10300 0.715049
10400 0.715481
10500 0.715143
10600 0.714906
10700 0.71486
10800 0.71463
10900 0.715138
11000 0.716
11100 0.715946
11200 0.715982
11300 0.716637
11400 0.715789
11500 0.716
11600 0.715431
11700 0.715641
11800 0.716017
11900 0.71605
12000 0.7165
12100 0.716033
12200 0.715984
12300 0.715203
12400 0.715161
12500 0.71472
12600 0.714921
12700 0.714803
12800 0.715156
12900 0.715349
13000 0.715615
13100 0.715267
13200 0.715076
13300 0.715338
13400 0.715
13500 0.715111
13600 0.715
13700 0.715401
13800 0.715652
13900 0.715899
14000 0.716
14100 0.716099
14200 0.716408
14300 0.716224
14400 0.716528
14500 0.716345
14600 0.71637
14700 0.716803
14800 0.716284
14900 0.716779
15000 0.716733
15100 0.716954
15200 0.716842
15300 0.716601
15400 0.716429
15500 0.716645
15600 0.716795
15700 0.717197
15800 0.717089
15900 0.717296
16000 0.717063
16100 0.716894
16200 0.716728
16300 0.71681
16400 0.71689
16500 0.716424
16600 0.716446
16700 0.716707
16800 0.716786
16900 0.716864
17000 0.716412
17100 0.71655
17200 0.716221
17300 0.716243
17400 0.715977
17500 0.716171
17600 0.716193
17700 0.715876
17800 0.716292
17900 0.716201
18000 0.716389
18100 0.716464
18200 0.716209
18300 0.716011
18400 0.716033
18500 0.715514
18600 0.715591
18700 0.715615
18800 0.715532
18900 0.715873
19000 0.715842
19100 0.715759
19200 0.716094
19300 0.715699
19400 0.716237
19500 0.716154
19600 0.715816
19700 0.715685
19800 0.715909
19900 0.71593
20000 0.7159
20100 0.715871
20200 0.715792
20300 0.715665
20400 0.715392
20500 0.715317
20600 0.715485
20700 0.715411
20800 0.715385
20900 0.715407
21000 0.71519
21100 0.715308
21200 0.71533
21300 0.715446
21400 0.715794
21500 0.715442
21600 0.715417
21700 0.7153
21800 0.715321
21900 0.715479
22000 0.7155
22100 0.715611
22200 0.715631
22300 0.715561
22400 0.715625
22500 0.715511
22600 0.715221
22700 0.715463
22800 0.715526
22900 0.71559
23000 0.715609
23100 0.715368
23200 0.715216
23300 0.715279
23400 0.715513
23500 0.715362
23600 0.715339
23700 0.714895
23800 0.714958
23900 0.714603
24000 0.714792
24100 0.714689
24200 0.714876
24300 0.714856
24400 0.71459
24500 0.714653
24600 0.714675
24700 0.714899
24800 0.714798
24900 0.7151
25000 0.71512
25100 0.715259
25200 0.715317
25300 0.715375
25400 0.715157
25500 0.71498
25600 0.715117
25700 0.715331
25800 0.715039
25900 0.715058
26000 0.715
26100 0.714904
26200 0.715076
26300 0.714943
26400 0.715
26500 0.715321
26600 0.715226
26700 0.715131
26800 0.715149
26900 0.715019
27000 0.714778
27100 0.714686
27200 0.714779
27300 0.714799
27400 0.714635
27500 0.714509
27600 0.714493
27700 0.714332
27800 0.714281
27900 0.714194
28000 0.714393
28100 0.71452
28200 0.714574
28300 0.714629
28400 0.714718
28500 0.714702
28600 0.71451
28700 0.714286
28800 0.71434
28900 0.714325
29000 0.714448
29100 0.714502
29200 0.714658
29300 0.714608
29400 0.71449
29500 0.714203
29600 0.714257
29700 0.714242
29800 0.71443
29900 0.714682
30000 0.714633
30100 0.714551
30200 0.714404
30300 0.714455
30400 0.714441
30500 0.71459
30600 0.714837
30700 0.715147
30800 0.715162
30900 0.71521
31000 0.715161
31100 0.715145
31200 0.715288
31300 0.715304
31400 0.715541
31500 0.715524
31600 0.715538
31700 0.715647
31800 0.715755
31900 0.715799
32000 0.715906
32100 0.715857
32200 0.715807
32300 0.71582
32400 0.715957
32500 0.715785
32600 0.715644
32700 0.715535
32800 0.715488
32900 0.715836
33000 0.715879
33100 0.715861
33200 0.715723
33300 0.715736
33400 0.715928
33500 0.716
33600 0.715952
33700 0.715816
33800 0.715799
33900 0.715693
34000 0.715706
34100 0.715572
34200 0.715936
34300 0.715773
34400 0.715756
34500 0.715623
34600 0.715665
34700 0.715648
34800 0.715546
34900 0.715272
35000 0.715371
35100 0.715356
35200 0.715057
35300 0.714958
35400 0.715028
35500 0.714817
35600 0.715028
35700 0.715014
35800 0.71514
35900 0.715042
36000 0.715194
36100 0.715069
36200 0.715166
36300 0.715537
36400 0.715275
36500 0.715068
36600 0.715
36700 0.715014
36800 0.714973
36900 0.714851
37000 0.714811
37100 0.714771
37200 0.714704
37300 0.714638
37400 0.714519
37500 0.714693
37600 0.714601
37700 0.714509
37800 0.714418
37900 0.714459
38000 0.714263
38100 0.714304
38200 0.714398
38300 0.714282
38400 0.714375
38500 0.714338
38600 0.714145
38700 0.714083
38800 0.714021
38900 0.713959
39000 0.713769
39100 0.713734
39200 0.713724
39300 0.713791
39400 0.71368
39500 0.713671
39600 0.713838
39700 0.713929
39800 0.71397
39900 0.71386
40000 0.713825
40100 0.713791
40200 0.713856
40300 0.713846
40400 0.713911
40500 0.714049
40600 0.714113
40700 0.714128
40800 0.714216
40900 0.71423
41000 0.714195
41100 0.714063
41200 0.713835
41300 0.713923
41400 0.713961
41500 0.713928
41600 0.71399
41700 0.713909
41800 0.713852
41900 0.71389
42000 0.713857
42100 0.713777
42200 0.71372
42300 0.713806
42400 0.713608
42500 0.713741
42600 0.71392
42700 0.713794
42800 0.713692
42900 0.713823
43000 0.713953
43100 0.714037
43200 0.714005
43300 0.713903
43400 0.713825
43500 0.713954
43600 0.714106
43700 0.714027
43800 0.713995
43900 0.714055
44000 0.713977
44100 0.713855
44200 0.713869
44300 0.713612
44400 0.713671
44500 0.713685
44600 0.713632
44700 0.713557
44800 0.713571
44900 0.713586
45000 0.713644
45100 0.713592
45200 0.713606
45300 0.713642
45400 0.713634
45500 0.713582
45600 0.713662
45700 0.71372
45800 0.713843
45900 0.713878
46000 0.714043
46100 0.714187
46200 0.714177
46300 0.714104
46400 0.714138
46500 0.713914
46600 0.713863
46700 0.713833
46800 0.713803
46900 0.713731
47000 0.713723
47100 0.713737
47200 0.713623
47300 0.713488
47400 0.713586
47500 0.713516
47600 0.713592
47700 0.71369
47800 0.713619
47900 0.713716
48000 0.713771
48100 0.713763
48200 0.713838
48300 0.713913
48400 0.713864
48500 0.713814
48600 0.713724
48700 0.713717
48800 0.713627
48900 0.713538
49000 0.713469
49100 0.713544
49200 0.713415
49300 0.713367
49400 0.71334
49500 0.713273
49600 0.713206
49700 0.71328
49800 0.713233
49900 0.713447
