100 0.68
200 0.705
300 0.733333
400 0.7525
500 0.714
600 0.721667
700 0.747143
800 0.77375
900 0.795556
1000 0.807
1100 0.818182
1200 0.825833
1300 0.835385
1400 0.842857
1500 0.838667
1600 0.843125
1700 0.845294
1800 0.845556
1900 0.848947
2000 0.85
2100 0.854762
2200 0.860455
2300 0.86
2400 0.864583
2500 0.868
2600 0.871154
2700 0.872222
2800 0.876429
2900 0.878276
3000 0.88
3100 0.880645
3200 0.882188
3300 0.881515
3400 0.882353
3500 0.883714
3600 0.885
3700 0.885676
3800 0.885789
3900 0.886923
4000 0.88875
4100 0.890732
4200 0.89119
4300 0.892558
4400 0.893636
4500 0.895111
4600 0.896522
4700 0.898723
4800 0.900417
4900 0.901224
5000 0.903
5100 0.904118
5200 0.905577
5300 0.906981
5400 0.908333
5500 0.909818
5600 0.910179
5700 0.910877
5800 0.911379
5900 0.912034
6000 0.912833
6100 0.913934
6200 0.914839
6300 0.916032
6400 0.917188
6500 0.918154
6600 0.919091
6700 0.92
6800 0.921176
6900 0.922029
7000 0.922857
7100 0.923662
7200 0.924583
7300 0.925479
7400 0.926486
7500 0.927333
7600 0.928026
7700 0.928831
7800 0.929231
7900 0.93
8000 0.930625
8100 0.930864
8200 0.931585
8300 0.932289
8400 0.932619
8500 0.933059
8600 0.933721
8700 0.934368
8800 0.935114
8900 0.935618
9000 0.936333
9100 0.936813
9200 0.937283
9300 0.937419
9400 0.938085
9500 0.938632
9600 0.939167
9700 0.939794
9800 0.940204
9900 0.940707
10000 0.9411
10100 0.941584
10200 0.942059
10300 0.942621
10400 0.943173
10500 0.943619
10600 0.943962
10700 0.944299
10800 0.944815
10900 0.945046
11000 0.945364
11100 0.945766
11200 0.946161
11300 0.946637
11400 0.94693
11500 0.947391
11600 0.947586
11700 0.948034
11800 0.948475
11900 0.948908
12000 0.94925
12100 0.949669
12200 0.95
12300 0.950407
12400 0.950726
12500 0.95088
12600 0.951032
12700 0.951339
12800 0.951719
12900 0.952093
13000 0.952385
13100 0.952672
13200 0.952879
13300 0.953233
13400 0.953358
13500 0.95363
13600 0.953824
13700 0.954161
13800 0.95442
13900 0.954748
14000 0.955071
14100 0.955248
14200 0.955563
14300 0.955734
14400 0.955972
14500 0.956138
14600 0.956233
14700 0.956463
14800 0.956757
14900 0.957047
15000 0.9572
15100 0.957483
15200 0.957632
15300 0.957908
15400 0.958182
15500 0.958387
15600 0.958654
15700 0.95879
15800 0.958987
15900 0.959119
16000 0.95925
16100 0.959503
16200 0.959691
16300 0.959939
16400 0.960122
16500 0.960364
16600 0.960542
16700 0.960719
16800 0.960952
16900 0.961183
17000 0.961353
17100 0.961462
17200 0.961628
17300 0.961792
17400 0.961954
17500 0.962171
17600 0.96233
17700 0.962486
17800 0.962697
17900 0.962905
18000 0.963056
18100 0.962983
18200 0.963187
18300 0.963388
18400 0.963587
18500 0.96373
18600 0.963925
18700 0.964118
18800 0.964309
18900 0.964444
19000 0.964474
19100 0.96466
19200 0.96474
19300 0.964922
19400 0.965052
19500 0.965128
19600 0.965255
19700 0.96533
19800 0.965404
19900 0.965528
20000 0.9657
20100 0.965771
20200 0.965891
20300 0.96601
20400 0.966127
20500 0.966293
20600 0.966408
20700 0.966425
20800 0.966587
20900 0.966651
21000 0.966762
21100 0.966825
21200 0.966934
21300 0.967042
21400 0.967196
21500 0.967209
21600 0.967269
21700 0.967327
21800 0.967385
21900 0.967534
22000 0.967591
22100 0.967738
22200 0.967883
22300 0.967982
22400 0.96808
22500 0.968222
22600 0.968274
22700 0.968326
22800 0.968421
22900 0.968472
23000 0.968565
23100 0.968701
23200 0.968836
23300 0.968927
23400 0.968974
23500 0.969064
23600 0.969153
23700 0.969283
23800 0.96937
23900 0.969456
24000 0.969542
24100 0.969585
24200 0.969711
24300 0.969835
24400 0.969959
24500 0.970082
24600 0.970163
24700 0.970243
24800 0.970282
24900 0.970361
25000 0.9704
25100 0.970438
25200 0.970516
25300 0.970553
25400 0.970669
25500 0.970784
25600 0.970859
25700 0.970934
25800 0.970853
25900 0.970927
26000 0.971
26100 0.970996
26200 0.970954
26300 0.970951
26400 0.971023
26500 0.971094
26600 0.971203
26700 0.971311
26800 0.971343
26900 0.97145
27000 0.971444
27100 0.97155
27200 0.971654
27300 0.971722
27400 0.971825
27500 0.971927
27600 0.972029
27700 0.972058
27800 0.972158
27900 0.972258
28000 0.972321
28100 0.972384
28200 0.972447
28300 0.972509
28400 0.972535
28500 0.972526
28600 0.972622
28700 0.972718
28800 0.972743
28900 0.972768
29000 0.972828
29100 0.972921
29200 0.973014
29300 0.973072
29400 0.973163
29500 0.973254
29600 0.973345
29700 0.973401
29800 0.973456
29900 0.973512
30000 0.973567
30100 0.973654
30200 0.973742
30300 0.973795
30400 0.973882
30500 0.973967
30600 0.974052
30700 0.974137
30800 0.974156
30900 0.974207
31000 0.974226
31100 0.974277
31200 0.974327
31300 0.974377
31400 0.974459
31500 0.974508
31600 0.974589
31700 0.974574
31800 0.97456
31900 0.974608
32000 0.974625
32100 0.974704
32200 0.974752
32300 0.974799
32400 0.974877
32500 0.974954
32600 0.975031
32700 0.975107
32800 0.975122
32900 0.975198
33000 0.975273
33100 0.975347
33200 0.975361
33300 0.975435
33400 0.975419
33500 0.975433
33600 0.975476
33700 0.975549
33800 0.975621
33900 0.975693
34000 0.975706
34100 0.975718
34200 0.975789
34300 0.975831
34400 0.975843
34500 0.975855
34600 0.975896
34700 0.975937
34800 0.975977
34900 0.976046
35000 0.976114
35100 0.976154
35200 0.976193
35300 0.976232
35400 0.976271
35500 0.976282
35600 0.976292
35700 0.976359
35800 0.976341
35900 0.976407
36000 0.976472
36100 0.976537
36200 0.976575
36300 0.976639
36400 0.976676
36500 0.976685
36600 0.976694
36700 0.97673
36800 0.976739
36900 0.976775
37000 0.976838
37100 0.976819
37200 0.976855
37300 0.976863
37400 0.976898
37500 0.97696
37600 0.977021
37700 0.977029
37800 0.977063
37900 0.977098
38000 0.977132
38100 0.977165
38200 0.977199
38300 0.977232
38400 0.977292
38500 0.977325
38600 0.977306
38700 0.977364
38800 0.977423
38900 0.977455
39000 0.977487
39100 0.977468
39200 0.977449
39300 0.977506
39400 0.977538
39500 0.977595
39600 0.977626
39700 0.977657
39800 0.977688
39900 0.977694
40000 0.977725
40100 0.977756
40200 0.977761
40300 0.977792
40400 0.977797
40500 0.977852
40600 0.977882
40700 0.977912
40800 0.977941
40900 0.977971
41000 0.978024
41100 0.978054
41200 0.978058
41300 0.978087
41400 0.978116
41500 0.978145
41600 0.978173
41700 0.978225
41800 0.978254
41900 0.978305
42000 0.978286
42100 0.978337
42200 0.978365
42300 0.978392
42400 0.978443
42500 0.978494
42600 0.978545
42700 0.978548
42800 0.978505
42900 0.978555
43000 0.978581
43100 0.978608
43200 0.978657
43300 0.978707
43400 0.978664
43500 0.978667
43600 0.978716
43700 0.978741
43800 0.978767
43900 0.978815
44000 0.978864
44100 0.978844
44200 0.978869
44300 0.978894
44400 0.978851
44500 0.978899
44600 0.978946
44700 0.978971
44800 0.978973
44900 0.978976
45000 0.978978
45100 0.97898
45200 0.979004
45300 0.979051
45400 0.979097
45500 0.979099
45600 0.979145
45700 0.97919
45800 0.979192
45900 0.979194
46000 0.979196
46100 0.979241
46200 0.979264
46300 0.979309
46400 0.979267
46500 0.979269
46600 0.979292
46700 0.979293
46800 0.979316
46900 0.979318
47000 0.97934
47100 0.979363
47200 0.979386
47300 0.979387
47400 0.979409
47500 0.979432
47600 0.979433
47700 0.979476
47800 0.979519
47900 0.979562
48000 0.979563
48100 0.979584
48200 0.979627
48300 0.979648
48400 0.979628
48500 0.979629
48600 0.979609
48700 0.97963
48800 0.979652
48900 0.979632
49000 0.979653
49100 0.979695
49200 0.979695
49300 0.979716
49400 0.979757
49500 0.979798
49600 0.979839
49700 0.979859
49800 0.979859
49900 0.97988
