100 0.68
200 0.73
300 0.79
400 0.81
500 0.56
600 0.76
700 0.9
800 0.96
900 0.97
1000 0.91
1100 0.93
1200 0.91
1300 0.95
1400 0.94
1500 0.78
1600 0.91
1700 0.88
1800 0.85
1900 0.91
2000 0.87
2100 0.95
2200 0.98
2300 0.85
2400 0.97
2500 0.95
2600 0.95
2700 0.9
2800 0.99
2900 0.93
3000 0.93
3100 0.9
3200 0.93
3300 0.86
3400 0.91
3500 0.93
3600 0.93
3700 0.91
3800 0.89
3900 0.93
4000 0.96
4100 0.97
4200 0.91
4300 0.95
4400 0.94
4500 0.96
4600 0.96
4700 1
4800 0.98
4900 0.94
5000 0.99
5100 0.96
5200 0.98
5300 0.98
5400 0.98
5500 0.99
5600 0.93
5700 0.95
5800 0.94
5900 0.95
6000 0.96
6100 0.98
6200 0.97
6300 0.99
6400 0.99
6500 0.98
6600 0.98
6700 0.98
6800 1
6900 0.98
7000 0.98
7100 0.98
7200 0.99
7300 0.99
7400 1
7500 0.99
7600 0.98
7700 0.99
7800 0.96
7900 0.99
8000 0.98
8100 0.95
8200 0.99
8300 0.99
8400 0.96
8500 0.97
8600 0.99
8700 0.99
8800 1
8900 0.98
9000 1
9100 0.98
9200 0.98
9300 0.95
9400 1
9500 0.99
9600 0.99
9700 1
9800 0.98
9900 0.99
10000 0.98
10100 0.99
10200 0.99
10300 1
10400 1
10500 0.99
10600 0.98
10700 0.98
10800 1
10900 0.97
11000 0.98
11100 0.99
11200 0.99
11300 1
11400 0.98
11500 1
11600 0.97
11700 1
11800 1
11900 1
12000 0.99
12100 1
12200 0.99
12300 1
12400 0.99
12500 0.97
12600 0.97
12700 0.99
12800 1
12900 1
13000 0.99
13100 0.99
13200 0.98
13300 1
13400 0.97
13500 0.99
13600 0.98
13700 1
13800 0.99
13900 1
14000 1
14100 0.98
14200 1
14300 0.98
14400 0.99
14500 0.98
14600 0.97
14700 0.99
14800 1
14900 1
15000 0.98
15100 1
15200 0.98
15300 1
15400 1
15500 0.99
15600 1
15700 0.98
15800 0.99
15900 0.98
16000 0.98
16100 1
16200 0.99
16300 1
16400 0.99
16500 1
16600 0.99
16700 0.99
16800 1
16900 1
17000 0.99
17100 0.98
17200 0.99
17300 0.99
17400 0.99
17500 1
17600 0.99
17700 0.99
17800 1
17900 1
18000 0.99
18100 0.95
18200 1
18300 1
18400 1
18500 0.99
18600 1
18700 1
18800 1
18900 0.99
19000 0.97
19100 1
19200 0.98
19300 1
19400 0.99
19500 0.98
19600 0.99
19700 0.98
19800 0.98
19900 0.99
20000 1
20100 0.98
20200 0.99
20300 0.99
20400 0.99
20500 1
20600 0.99
20700 0.97
20800 1
20900 0.98
21000 0.99
21100 0.98
21200 0.99
21300 0.99
21400 1
21500 0.97
21600 0.98
21700 0.98
21800 0.98
21900 1
22000 0.98
22100 1
22200 1
22300 0.99
22400 0.99
22500 1
22600 0.98
22700 0.98
22800 0.99
22900 0.98
23000 0.99
23100 1
23200 1
23300 0.99
23400 0.98
23500 0.99
23600 0.99
23700 1
23800 0.99
23900 0.99
24000 0.99
24100 0.98
24200 1
24300 1
24400 1
24500 1
24600 0.99
24700 0.99
24800 0.98
24900 0.99
25000 0.98
25100 0.98
25200 0.99
25300 0.98
25400 1
25500 1
25600 0.99
25700 0.99
25800 0.95
25900 0.99
26000 0.99
26100 0.97
26200 0.96
26300 0.97
26400 0.99
26500 0.99
26600 1
26700 1
26800 0.98
26900 1
27000 0.97
27100 1
27200 1
27300 0.99
27400 1
27500 1
27600 1
27700 0.98
27800 1
27900 1
28000 0.99
28100 0.99
28200 0.99
28300 0.99
28400 0.98
28500 0.97
28600 1
28700 1
28800 0.98
28900 0.98
29000 0.99
29100 1
29200 1
29300 0.99
29400 1
29500 1
29600 1
29700 0.99
29800 0.99
29900 0.99
30000 0.99
30100 1
30200 1
30300 0.99
30400 1
30500 1
30600 1
30700 1
30800 0.98
30900 0.99
31000 0.98
31100 0.99
31200 0.99
31300 0.99
31400 1
31500 0.99
31600 1
31700 0.97
31800 0.97
31900 0.99
32000 0.98
32100 1
32200 0.99
32300 0.99
32400 1
32500 1
32600 1
32700 1
32800 0.98
32900 1
33000 1
33100 1
33200 0.98
33300 1
33400 0.97
33500 0.98
33600 0.99
33700 1
33800 1
33900 1
34000 0.98
34100 0.98
34200 1
34300 0.99
34400 0.98
34500 0.98
34600 0.99
34700 0.99
34800 0.99
34900 1
35000 1
35100 0.99
35200 0.99
35300 0.99
35400 0.99
35500 0.98
35600 0.98
35700 1
35800 0.97
35900 1
36000 1
36100 1
36200 0.99
36300 1
36400 0.99
36500 0.98
36600 0.98
36700 0.99
36800 0.98
36900 0.99
37000 1
37100 0.97
37200 0.99
37300 0.98
37400 0.99
37500 1
37600 1
37700 0.98
37800 0.99
37900 0.99
38000 0.99
38100 0.99
38200 0.99
38300 0.99
38400 1
38500 0.99
38600 0.97
38700 1
38800 1
38900 0.99
39000 0.99
39100 0.97
39200 0.97
39300 1
39400 0.99
39500 1
39600 0.99
39700 0.99
39800 0.99
39900 0.98
40000 0.99
40100 0.99
40200 0.98
40300 0.99
40400 0.98
40500 1
40600 0.99
40700 0.99
40800 0.99
40900 0.99
41000 1
41100 0.99
41200 0.98
41300 0.99
41400 0.99
41500 0.99
41600 0.99
41700 1
41800 0.99
41900 1
42000 0.97
42100 1
42200 0.99
42300 0.99
42400 1
42500 1
42600 1
42700 0.98
42800 0.96
42900 1
43000 0.99
43100 0.99
43200 1
43300 1
43400 0.96
43500 0.98
43600 1
43700 0.99
43800 0.99
43900 1
44000 1
44100 0.97
44200 0.99
44300 0.99
44400 0.96
44500 1
44600 1
44700 0.99
44800 0.98
44900 0.98
45000 0.98
45100 0.98
45200 0.99
45300 1
45400 1
45500 0.98
45600 1
45700 1
45800 0.98
45900 0.98
46000 0.98
46100 1
46200 0.99
46300 1
46400 0.96
46500 0.98
46600 0.99
46700 0.98
46800 0.99
46900 0.98
47000 0.99
47100 0.99
47200 0.99
47300 0.98
47400 0.99
47500 0.99
47600 0.98
47700 1
47800 1
47900 1
48000 0.98
48100 0.99
48200 1
48300 0.99
48400 0.97
48500 0.98
48600 0.97
48700 0.99
48800 0.99
48900 0.97
49000 0.99
49100 1
49200 0.98
49300 0.99
49400 1
49500 1
49600 1
49700 0.99
49800 0.98
49900 0.99
