100 0.71
200 0.75
300 0.753333
400 0.7425
500 0.746
600 0.746667
700 0.748571
800 0.75
900 0.748889
1000 0.74
1100 0.730909
1200 0.729167
1300 0.732308
1400 0.725714
1500 0.721333
1600 0.714375
1700 0.71
1800 0.701667
1900 0.696316
2000 0.6885
2100 0.687143
2200 0.681818
2300 0.676957
2400 0.674167
2500 0.6736
2600 0.669615
2700 0.667407
2800 0.666071
2900 0.664138
3000 0.663
3100 0.661935
3200 0.659062
3300 0.658182
3400 0.656765
3500 0.657714
3600 0.657222
3700 0.656757
3800 0.657368
3900 0.657692
4000 0.659
4100 0.659512
4200 0.659286
4300 0.658605
4400 0.658409
4500 0.658
4600 0.658478
4700 0.660851
4800 0.660208
4900 0.65898
5000 0.6564
5100 0.655686
5200 0.654615
5300 0.653585
5400 0.652222
5500 0.650727
5600 0.650536
5700 0.650526
5800 0.65069
5900 0.650678
6000 0.649167
6100 0.648033
6200 0.648548
6300 0.648571
6400 0.649844
6500 0.649385
6600 0.648333
6700 0.647612
6800 0.647794
6900 0.647681
7000 0.646714
7100 0.646338
7200 0.645694
7300 0.64589
7400 0.64473
7500 0.644
7600 0.644079
7700 0.642987
7800 0.642692
7900 0.642278
8000 0.641375
8100 0.641235
8200 0.64122
8300 0.641807
8400 0.642143
8500 0.642706
8600 0.643372
8700 0.643678
8800 0.643409
8900 0.643371
9000 0.643556
9100 0.643297
9200 0.643261
9300 0.642796
9400 0.64266
9500 0.642947
9600 0.642604
9700 0.642165
9800 0.642857
9900 0.64303
10000 0.6428
10100 0.642475
10200 0.642255
10300 0.641748
10400 0.641442
10500 0.64181
10600 0.641698
10700 0.641869
10800 0.641481
10900 0.64211
11000 0.641545
11100 0.641622
11200 0.640804
11300 0.640708
11400 0.639912
11500 0.639217
11600 0.638879
11700 0.639145
11800 0.638729
11900 0.638824
12000 0.63875
12100 0.638182
12200 0.638279
12300 0.637967
12400 0.637581
12500 0.63696
12600 0.636984
12700 0.637244
12800 0.637188
12900 0.636822
13000 0.636846
13100 0.63687
13200 0.637197
13300 0.636992
13400 0.636791
13500 0.637259
13600 0.6375
13700 0.638102
13800 0.638333
13900 0.637626
14000 0.637714
14100 0.638227
14200 0.63831
14300 0.637483
14400 0.637292
14500 0.636966
14600 0.636781
14700 0.636463
14800 0.636419
14900 0.63651
15000 0.6364
15100 0.63649
15200 0.636579
15300 0.636209
15400 0.635974
15500 0.635484
15600 0.635321
15700 0.635159
15800 0.634937
15900 0.635157
16000 0.635375
16100 0.635714
16200 0.635309
16300 0.635521
16400 0.635488
16500 0.634545
16600 0.634277
16700 0.634311
16800 0.633631
16900 0.633728
17000 0.633882
17100 0.633801
17200 0.633895
17300 0.634393
17400 0.634253
17500 0.634229
17600 0.634318
17700 0.633672
17800 0.633539
17900 0.633799
18000 0.634389
18100 0.634309
18200 0.634121
18300 0.634153
18400 0.634402
18500 0.634432
18600 0.634247
18700 0.633957
18800 0.634309
18900 0.634074
19000 0.634211
19100 0.63445
19200 0.634375
19300 0.634352
19400 0.634433
19500 0.634256
19600 0.63398
19700 0.634162
19800 0.634192
19900 0.634523
20000 0.6345
20100 0.634378
20200 0.634109
20300 0.634236
20400 0.633971
20500 0.633756
20600 0.633495
20700 0.633671
20800 0.633365
20900 0.633014
21000 0.633
21100 0.633318
21200 0.633349
21300 0.633099
21400 0.632664
21500 0.632512
21600 0.632546
21700 0.632442
21800 0.632661
21900 0.632466
22000 0.632636
22100 0.632398
22200 0.632568
22300 0.63287
22400 0.632812
22500 0.633022
22600 0.632876
22700 0.632555
22800 0.6325
22900 0.632227
23000 0.632696
23100 0.632554
23200 0.631897
23300 0.631931
23400 0.631966
23500 0.631745
23600 0.631525
23700 0.631477
23800 0.631597
23900 0.631381
24000 0.631625
24100 0.631784
24200 0.63186
24300 0.631893
24400 0.632213
24500 0.632041
24600 0.632154
24700 0.632227
24800 0.631976
24900 0.631566
25000 0.63164
25100 0.631554
25200 0.631587
25300 0.631897
25400 0.632047
25500 0.632157
25600 0.632188
25700 0.632218
25800 0.631938
25900 0.631853
26000 0.631692
26100 0.631533
26200 0.631183
26300 0.631103
26400 0.630947
26500 0.631132
26600 0.630977
26700 0.631086
26800 0.631157
26900 0.631227
27000 0.631259
27100 0.631181
27200 0.631397
27300 0.631465
27400 0.631387
27500 0.631164
27600 0.631304
27700 0.631047
27800 0.630755
27900 0.630932
28000 0.631321
28100 0.631423
28200 0.631454
28300 0.631767
28400 0.631796
28500 0.63186
28600 0.631923
28700 0.631986
28800 0.631944
28900 0.632111
29000 0.632103
29100 0.632131
29200 0.631986
29300 0.631945
29400 0.631837
29500 0.631492
29600 0.631318
29700 0.631246
29800 0.631208
29900 0.631371
30000 0.6316
30100 0.631528
30200 0.631656
30300 0.631815
30400 0.631809
30500 0.631639
30600 0.631699
30700 0.631824
30800 0.631818
30900 0.631521
31000 0.631323
31100 0.631447
31200 0.631282
31300 0.631054
31400 0.631083
31500 0.63127
31600 0.631329
31700 0.631262
31800 0.631195
31900 0.631348
32000 0.631313
32100 0.631308
32200 0.631304
32300 0.631393
32400 0.631204
32500 0.631169
32600 0.630706
32700 0.630581
32800 0.630701
32900 0.630729
33000 0.630667
33100 0.630574
33200 0.630512
33300 0.63048
33400 0.630509
33500 0.630746
33600 0.630625
33700 0.630682
33800 0.63068
33900 0.630442
34000 0.630441
34100 0.630323
34200 0.630088
34300 0.629883
34400 0.62968
34500 0.629652
34600 0.629653
34700 0.629597
34800 0.629655
34900 0.629828
35000 0.630086
35100 0.629943
35200 0.629943
35300 0.629858
35400 0.63
35500 0.630113
35600 0.630112
35700 0.630336
35800 0.630112
35900 0.630111
36000 0.629833
36100 0.629917
36200 0.629807
36300 0.629642
36400 0.629396
36500 0.629178
36600 0.628934
36700 0.62891
36800 0.629076
36900 0.628862
37000 0.628919
37100 0.628679
37200 0.62871
37300 0.628686
37400 0.628877
37500 0.628853
37600 0.628777
37700 0.6287
37800 0.628862
37900 0.629103
38000 0.629079
38100 0.62916
38200 0.629162
38300 0.629243
38400 0.629193
38500 0.629377
38600 0.629352
38700 0.629096
38800 0.628866
38900 0.628792
39000 0.628795
39100 0.628721
39200 0.628827
39300 0.628804
39400 0.628807
39500 0.628709
39600 0.628737
39700 0.628892
39800 0.628819
39900 0.628847
40000 0.6288
40100 0.628953
40200 0.629229
40300 0.629206
40400 0.629332
40500 0.629235
40600 0.628941
40700 0.628919
40800 0.629118
40900 0.62912
41000 0.629073
41100 0.629075
41200 0.629126
41300 0.629201
41400 0.6293
41500 0.629277
41600 0.629183
41700 0.628897
41800 0.629163
41900 0.629212
42000 0.629214
42100 0.62886
42200 0.628886
42300 0.628865
42400 0.628939
42500 0.628824
42600 0.628944
42700 0.628899
42800 0.629019
42900 0.628998
43000 0.62893
43100 0.629002
43200 0.628981
43300 0.62903
43400 0.628802
43500 0.62892
43600 0.628853
43700 0.628879
43800 0.62895
43900 0.629043
44000 0.628682
44100 0.628776
44200 0.628801
44300 0.628894
44400 0.629077
44500 0.629213
44600 0.629283
44700 0.629284
44800 0.629397
44900 0.629332
45000 0.629289
45100 0.629157
45200 0.628938
45300 0.628896
45400 0.628987
45500 0.629011
45600 0.629013
45700 0.629015
45800 0.628974
45900 0.62902
46000 0.629022
46100 0.629111
46200 0.629069
46300 0.629201
46400 0.629246
46500 0.629269
46600 0.629185
46700 0.629379
46800 0.629359
46900 0.629232
47000 0.62917
47100 0.629193
47200 0.629216
47300 0.629281
47400 0.629325
47500 0.629389
47600 0.629454
47700 0.629455
47800 0.629519
47900 0.629436
48000 0.629375
48100 0.629252
48200 0.629274
48300 0.629317
48400 0.629421
48500 0.629464
48600 0.629383
48700 0.629405
48800 0.629467
48900 0.62955
49000 0.629653
49100 0.629695
49200 0.629837
49300 0.629858
49400 0.62996
49500 0.629859
49600 0.629738
49700 0.629879
49800 0.629759
49900 0.629739
