100 0.71
200 0.79
300 0.76
400 0.71
500 0.76
600 0.75
700 0.76
800 0.76
900 0.74
1000 0.66
1100 0.64
1200 0.71
1300 0.77
1400 0.64
1500 0.66
1600 0.61
1700 0.64
1800 0.56
1900 0.6
2000 0.54
2100 0.66
2200 0.57
2300 0.57
2400 0.61
2500 0.66
2600 0.57
2700 0.61
2800 0.63
2900 0.61
3000 0.63
3100 0.63
3200 0.57
3300 0.63
3400 0.61
3500 0.69
3600 0.64
3700 0.64
3800 0.68
3900 0.67
4000 0.71
4100 0.68
4200 0.65
4300 0.63
4400 0.65
4500 0.64
4600 0.68
4700 0.77
4800 0.63
4900 0.6
5000 0.53
5100 0.62
5200 0.6
5300 0.6
5400 0.58
5500 0.57
5600 0.64
5700 0.65
5800 0.66
5900 0.65
6000 0.56
6100 0.58
6200 0.68
6300 0.65
6400 0.73
6500 0.62
6600 0.58
6700 0.6
6800 0.66
6900 0.64
7000 0.58
7100 0.62
7200 0.6
7300 0.66
7400 0.56
7500 0.59
7600 0.65
7700 0.56
7800 0.62
7900 0.61
8000 0.57
8100 0.63
8200 0.64
8300 0.69
8400 0.67
8500 0.69
8600 0.7
8700 0.67
8800 0.62
8900 0.64
9000 0.66
9100 0.62
9200 0.64
9300 0.6
9400 0.63
9500 0.67
9600 0.61
9700 0.6
9800 0.71
9900 0.66
10000 0.62
10100 0.61
10200 0.62
10300 0.59
10400 0.61
10500 0.68
10600 0.63
10700 0.66
10800 0.6
10900 0.71
11000 0.58
11100 0.65
11200 0.55
11300 0.63
11400 0.55
11500 0.56
11600 0.6
11700 0.67
11800 0.59
11900 0.65
12000 0.63
12100 0.57
12200 0.65
12300 0.6
12400 0.59
12500 0.56
12600 0.64
12700 0.67
12800 0.63
12900 0.59
13000 0.64
13100 0.64
13200 0.68
13300 0.61
13400 0.61
13500 0.7
13600 0.67
13700 0.72
13800 0.67
13900 0.54
14000 0.65
14100 0.71
14200 0.65
14300 0.52
14400 0.61
14500 0.59
14600 0.61
14700 0.59
14800 0.63
14900 0.65
15000 0.62
15100 0.65
15200 0.65
15300 0.58
15400 0.6
15500 0.56
15600 0.61
15700 0.61
15800 0.6
15900 0.67
16000 0.67
16100 0.69
16200 0.57
16300 0.67
16400 0.63
16500 0.48
16600 0.59
16700 0.64
16800 0.52
16900 0.65
17000 0.66
17100 0.62
17200 0.65
17300 0.72
17400 0.61
17500 0.63
17600 0.65
17700 0.52
17800 0.61
17900 0.68
18000 0.74
18100 0.62
18200 0.6
18300 0.64
18400 0.68
18500 0.64
18600 0.6
18700 0.58
18800 0.7
18900 0.59
19000 0.66
19100 0.68
19200 0.62
19300 0.63
19400 0.65
19500 0.6
19600 0.58
19700 0.67
19800 0.64
19900 0.7
20000 0.63
20100 0.61
20200 0.58
20300 0.66
20400 0.58
20500 0.59
20600 0.58
20700 0.67
20800 0.57
20900 0.56
21000 0.63
21100 0.7
21200 0.64
21300 0.58
21400 0.54
21500 0.6
21600 0.64
21700 0.61
21800 0.68
21900 0.59
22000 0.67
22100 0.58
22200 0.67
22300 0.7
22400 0.62
22500 0.68
22600 0.6
22700 0.56
22800 0.62
22900 0.57
23000 0.74
23100 0.6
23200 0.48
23300 0.64
23400 0.64
23500 0.58
23600 0.58
23700 0.62
23800 0.66
23900 0.58
24000 0.69
24100 0.67
24200 0.65
24300 0.64
24400 0.71
24500 0.59
24600 0.66
24700 0.65
24800 0.57
24900 0.53
25000 0.65
25100 0.61
25200 0.64
25300 0.71
25400 0.67
25500 0.66
25600 0.64
25700 0.64
25800 0.56
25900 0.61
26000 0.59
26100 0.59
26200 0.54
26300 0.61
26400 0.59
26500 0.68
26600 0.59
26700 0.66
26800 0.65
26900 0.65
27000 0.64
27100 0.61
27200 0.69
27300 0.65
27400 0.61
27500 0.57
27600 0.67
27700 0.56
27800 0.55
27900 0.68
28000 0.74
28100 0.66
28200 0.64
28300 0.72
28400 0.64
28500 0.65
28600 0.65
28700 0.65
28800 0.62
28900 0.68
29000 0.63
29100 0.64
29200 0.59
29300 0.62
29400 0.6
29500 0.53
29600 0.58
29700 0.61
29800 0.62
29900 0.68
30000 0.7
30100 0.61
30200 0.67
30300 0.68
30400 0.63
30500 0.58
30600 0.65
30700 0.67
30800 0.63
30900 0.54
31000 0.57
31100 0.67
31200 0.58
31300 0.56
31400 0.64
31500 0.69
31600 0.65
31700 0.61
31800 0.61
31900 0.68
32000 0.62
32100 0.63
32200 0.63
32300 0.66
32400 0.57
32500 0.62
32600 0.48
32700 0.59
32800 0.67
32900 0.64
33000 0.61
33100 0.6
33200 0.61
33300 0.62
33400 0.64
33500 0.71
33600 0.59
33700 0.65
33800 0.63
33900 0.55
34000 0.63
34100 0.59
34200 0.55
34300 0.56
34400 0.56
34500 0.62
34600 0.63
34700 0.61
34800 0.65
34900 0.69
35000 0.72
35100 0.58
35200 0.63
35300 0.6
35400 0.68
35500 0.67
35600 0.63
35700 0.71
35800 0.55
35900 0.63
36000 0.53
36100 0.66
36200 0.59
36300 0.57
36400 0.54
36500 0.55
36600 0.54
36700 0.62
36800 0.69
36900 0.55
37000 0.65
37100 0.54
37200 0.64
37300 0.62
37400 0.7
37500 0.62
37600 0.6
37700 0.6
37800 0.69
37900 0.72
38000 0.62
38100 0.66
38200 0.63
38300 0.66
38400 0.61
38500 0.7
38600 0.62
38700 0.53
38800 0.54
38900 0.6
39000 0.63
39100 0.6
39200 0.67
39300 0.62
39400 0.63
39500 0.59
39600 0.64
39700 0.69
39800 0.6
39900 0.64
40000 0.61
40100 0.69
40200 0.74
40300 0.62
40400 0.68
40500 0.59
40600 0.51
40700 0.62
40800 0.71
40900 0.63
41000 0.61
41100 0.63
41200 0.65
41300 0.66
41400 0.67
41500 0.62
41600 0.59
41700 0.51
41800 0.74
41900 0.65
42000 0.63
42100 0.48
42200 0.64
42300 0.62
42400 0.66
42500 0.58
42600 0.68
42700 0.61
42800 0.68
42900 0.62
43000 0.6
43100 0.66
43200 0.62
43300 0.65
43400 0.53
43500 0.68
43600 0.6
43700 0.64
43800 0.66
43900 0.67
44000 0.47
44100 0.67
44200 0.64
44300 0.67
44400 0.71
44500 0.69
44600 0.66
44700 0.63
44800 0.68
44900 0.6
45000 0.61
45100 0.57
45200 0.53
45300 0.61
45400 0.67
45500 0.64
45600 0.63
45700 0.63
45800 0.61
45900 0.65
46000 0.63
46100 0.67
46200 0.61
46300 0.69
46400 0.65
46500 0.64
46600 0.59
46700 0.72
46800 0.62
46900 0.57
47000 0.6
47100 0.64
47200 0.64
47300 0.66
47400 0.65
47500 0.66
47600 0.66
47700 0.63
47800 0.66
47900 0.59
48000 0.6
48100 0.57
48200 0.64
48300 0.65
48400 0.68
48500 0.65
48600 0.59
48700 0.64
48800 0.66
48900 0.67
49000 0.68
49100 0.65
49200 0.7
49300 0.64
49400 0.68
49500 0.58
49600 0.57
49700 0.7
49800 0.57
49900 0.62
