100 0.6
200 0.65
300 0.38
400 0.49
500 0.59
600 0.47
700 0.48
800 0.4
900 0.36
1000 0.76
1100 0.7
1200 0.87
1300 0.8
1400 0.93
1500 0.86
1600 0.8
1700 0.91
1800 0.86
1900 0.9
2000 0.93
2100 0.95
2200 0.94
2300 0.91
2400 0.96
2500 0.92
2600 0.96
2700 0.93
2800 0.97
2900 0.98
3000 0.97
3100 0.93
3200 0.96
3300 0.92
3400 0.93
3500 0.87
3600 0.95
3700 0.94
3800 0.96
3900 0.89
4000 0.94
4100 0.9
4200 0.88
4300 0.88
4400 0.92
4500 0.9
4600 0.88
4700 0.85
4800 0.88
4900 0.91
5000 0.81
5100 0.84
5200 0.8
5300 0.88
5400 0.93
5500 0.86
5600 0.83
5700 0.92
5800 0.89
5900 0.86
6000 0.89
6100 0.84
6200 0.83
6300 0.81
6400 0.87
6500 0.83
6600 0.85
6700 0.84
6800 0.9
6900 0.89
7000 0.88
7100 0.84
7200 0.85
7300 0.81
7400 0.9
7500 0.88
7600 0.86
7700 0.82
7800 0.9
7900 0.8
8000 0.85
8100 0.81
8200 0.77
8300 0.8
8400 0.8
8500 0.85
8600 0.87
8700 0.86
8800 0.87
8900 0.93
9000 0.79
9100 0.91
9200 0.88
9300 0.95
9400 0.84
9500 0.8
9600 0.88
9700 0.91
9800 0.87
9900 0.86
10000 0.79
10100 0.86
10200 0.81
10300 0.84
10400 0.82
10500 0.93
10600 0.82
10700 0.84
10800 0.93
10900 0.86
11000 0.81
11100 0.87
11200 0.87
11300 0.88
11400 0.84
11500 0.85
11600 0.92
11700 0.89
11800 0.91
11900 0.92
12000 0.84
12100 0.89
12200 0.89
12300 0.91
12400 0.87
12500 0.93
12600 0.92
12700 0.88
12800 0.83
12900 0.9
13000 0.92
13100 0.9
13200 0.85
13300 0.83
13400 0.94
13500 0.91
13600 0.88
13700 0.89
13800 0.93
13900 0.9
14000 0.91
14100 0.84
14200 0.83
14300 0.86
14400 0.94
14500 0.88
14600 0.92
14700 0.93
14800 0.91
14900 0.95
15000 0.89
15100 0.9
15200 0.93
15300 0.91
15400 0.93
15500 0.8
15600 0.92
15700 0.87
15800 0.87
15900 0.9
16000 0.92
16100 0.87
16200 0.9
16300 0.89
16400 0.91
16500 0.9
16600 0.9
16700 0.92
16800 0.9
16900 0.82
17000 0.88
17100 0.84
17200 0.95
17300 0.92
17400 0.9
17500 0.88
17600 0.91
17700 0.93
17800 0.88
17900 0.89
18000 0.9
18100 0.85
18200 0.86
18300 0.9
18400 0.89
18500 0.94
18600 0.88
18700 0.81
18800 0.89
18900 0.89
19000 0.92
19100 0.88
19200 0.89
19300 0.85
19400 0.85
19500 0.92
19600 0.92
19700 0.88
19800 0.91
19900 0.87
20000 0.87
20100 0.9
20200 0.83
20300 0.86
20400 0.9
20500 0.89
20600 0.84
20700 0.93
20800 0.9
20900 0.89
21000 0.8
21100 0.91
21200 0.9
21300 0.9
21400 0.9
21500 0.9
21600 0.82
21700 0.92
21800 0.96
21900 0.9
22000 0.92
22100 0.9
22200 0.92
22300 0.92
22400 0.92
22500 0.92
22600 0.9
22700 0.87
22800 0.91
22900 0.88
23000 0.91
23100 0.9
23200 0.9
23300 0.97
23400 0.88
23500 0.92
23600 0.94
23700 0.93
23800 0.91
23900 0.88
24000 0.91
24100 0.93
24200 0.93
24300 0.92
24400 0.9
24500 0.93
24600 0.89
24700 0.97
24800 0.94
24900 0.93
25000 0.94
25100 0.92
25200 0.88
25300 0.95
25400 0.91
25500 0.96
25600 0.91
25700 0.94
25800 0.89
25900 0.91
26000 0.92
26100 0.84
26200 0.94
26300 0.96
26400 0.93
26500 0.91
26600 0.96
26700 0.95
26800 0.89
26900 0.94
27000 0.91
27100 0.92
27200 0.93
27300 0.9
27400 0.94
27500 0.93
27600 0.95
27700 0.92
27800 0.88
27900 0.92
28000 0.91
28100 0.95
28200 0.93
28300 0.93
28400 0.88
28500 0.89
28600 0.88
28700 0.91
28800 0.92
28900 0.85
29000 0.92
29100 0.91
29200 0.96
29300 0.95
29400 0.89
29500 0.9
29600 0.89
29700 0.88
29800 0.97
29900 0.88
30000 0.92
30100 0.85
30200 0.88
30300 0.91
30400 0.91
30500 0.96
30600 0.95
30700 0.94
30800 0.88
30900 0.91
31000 0.9
31100 0.91
31200 0.87
31300 0.9
31400 0.94
31500 0.92
31600 0.88
31700 0.9
31800 0.95
31900 0.89
32000 0.9
32100 0.92
32200 0.91
32300 0.86
32400 0.86
32500 0.93
32600 0.91
32700 0.87
32800 0.94
32900 0.91
33000 0.9
33100 0.89
33200 0.89
33300 0.9
33400 0.91
33500 0.91
33600 0.92
33700 0.95
33800 0.9
33900 0.91
34000 0.87
34100 0.92
34200 0.89
34300 0.92
34400 0.91
34500 0.93
34600 0.92
34700 0.92
34800 0.91
34900 0.91
35000 0.91
35100 0.91
35200 0.9
35300 0.9
35400 0.91
35500 0.92
35600 0.94
35700 0.92
35800 0.89
35900 0.94
36000 0.95
36100 0.89
36200 0.92
36300 0.93
36400 0.92
36500 0.87
36600 0.9
36700 0.88
36800 0.89
36900 0.87
37000 0.9
37100 0.92
37200 0.89
37300 0.92
37400 0.92
37500 0.86
37600 0.9
37700 0.92
37800 0.9
37900 0.93
38000 0.91
38100 0.87
38200 0.89
38300 0.9
38400 0.9
38500 0.93
38600 0.96
38700 0.88
38800 0.93
38900 0.92
39000 0.92
39100 0.94
39200 0.9
39300 0.89
39400 0.89
39500 0.91
39600 0.9
39700 0.89
39800 0.92
39900 0.92
40000 0.9
40100 0.91
40200 0.85
40300 0.93
40400 0.9
40500 0.85
40600 0.89
40700 0.88
40800 0.9
40900 0.93
41000 0.89
41100 0.88
41200 0.94
41300 0.85
41400 0.94
41500 0.86
41600 0.89
41700 0.91
41800 0.96
41900 0.87
42000 0.87
42100 0.95
42200 0.92
42300 0.93
42400 0.89
42500 0.91
42600 0.9
42700 0.92
42800 0.96
42900 0.95
43000 0.91
43100 0.95
43200 0.89
43300 0.93
43400 0.89
43500 0.92
43600 0.92
43700 0.83
43800 0.87
43900 0.92
44000 0.9
44100 0.97
44200 0.92
44300 0.93
44400 0.91
44500 0.91
44600 0.9
44700 0.9
44800 0.93
44900 0.93
45000 0.92
45100 0.94
45200 0.92
45300 0.95
45400 0.89
45500 0.95
45600 0.96
45700 0.92
45800 0.96
45900 0.91
46000 0.93
46100 0.89
46200 0.94
46300 0.88
46400 0.9
46500 0.87
46600 0.94
46700 0.91
46800 0.93
46900 0.93
47000 0.9
47100 0.93
47200 0.93
47300 0.9
47400 0.87
47500 0.92
47600 0.94
47700 0.89
47800 0.92
47900 0.9
48000 0.88
48100 0.89
48200 0.88
48300 0.86
48400 0.93
48500 0.92
48600 0.88
48700 0.89
48800 0.95
48900 0.94
49000 0.88
49100 0.91
49200 0.88
49300 0.86
49400 0.9
49500 0.91
49600 0.84
49700 0.95
49800 0.92
49900 0.88
