100 0.6
200 0.625
300 0.543333
400 0.53
500 0.542
600 0.53
700 0.522857
800 0.5075
900 0.491111
1000 0.518
1100 0.534545
1200 0.5625
1300 0.580769
1400 0.605714
1500 0.622667
1600 0.63375
1700 0.65
1800 0.661667
1900 0.674211
2000 0.687
2100 0.699524
2200 0.710455
2300 0.71913
2400 0.729167
2500 0.7368
2600 0.745385
2700 0.752222
2800 0.76
2900 0.767586
3000 0.774333
3100 0.779355
3200 0.785
3300 0.789091
3400 0.793235
3500 0.795429
3600 0.799722
3700 0.803514
3800 0.807632
3900 0.809744
4000 0.813
4100 0.815122
4200 0.816667
4300 0.81814
4400 0.820455
4500 0.822222
4600 0.823478
4700 0.824043
4800 0.825208
4900 0.826939
5000 0.8266
5100 0.826863
5200 0.826346
5300 0.827358
5400 0.829259
5500 0.829818
5600 0.829821
5700 0.831404
5800 0.832414
5900 0.832881
6000 0.833833
6100 0.833934
6200 0.833871
6300 0.833492
6400 0.834063
6500 0.834
6600 0.834242
6700 0.834328
6800 0.835294
6900 0.836087
7000 0.836714
7100 0.836761
7200 0.836944
7300 0.836575
7400 0.837432
7500 0.838
7600 0.838289
7700 0.838052
7800 0.838846
7900 0.838354
8000 0.8385
8100 0.838148
8200 0.837317
8300 0.836867
8400 0.836429
8500 0.836588
8600 0.836977
8700 0.837241
8800 0.837614
8900 0.838652
9000 0.838111
9100 0.838901
9200 0.839348
9300 0.840538
9400 0.840532
9500 0.840105
9600 0.840521
9700 0.841237
9800 0.841531
9900 0.841717
10000 0.8412
10100 0.841386
10200 0.841078
10300 0.841068
10400 0.840865
10500 0.841714
10600 0.841509
10700 0.841495
10800 0.842315
10900 0.842477
11000 0.842182
11100 0.842432
11200 0.842679
11300 0.843009
11400 0.842982
11500 0.843043
11600 0.843707
11700 0.844103
11800 0.844661
11900 0.845294
12000 0.84525
12100 0.84562
12200 0.845984
12300 0.846504
12400 0.846694
12500 0.84736
12600 0.847937
12700 0.848189
12800 0.848047
12900 0.84845
13000 0.849
13100 0.849389
13200 0.849394
13300 0.849248
13400 0.849925
13500 0.85037
13600 0.850588
13700 0.850876
13800 0.851449
13900 0.851799
14000 0.852214
14100 0.852128
14200 0.851972
14300 0.852028
14400 0.852639
14500 0.852828
14600 0.853288
14700 0.85381
14800 0.854189
14900 0.854832
15000 0.855067
15100 0.855364
15200 0.855855
15300 0.856209
15400 0.856688
15500 0.856323
15600 0.856731
15700 0.856815
15800 0.856899
15900 0.85717
16000 0.857563
16100 0.85764
16200 0.857901
16300 0.858098
16400 0.858415
16500 0.858667
16600 0.858916
16700 0.859281
16800 0.859524
16900 0.85929
17000 0.859412
17100 0.859298
17200 0.859826
17300 0.860173
17400 0.860402
17500 0.860514
17600 0.860795
17700 0.861186
17800 0.861292
17900 0.861453
18000 0.861667
18100 0.861602
18200 0.861593
18300 0.861803
18400 0.861957
18500 0.862378
18600 0.862473
18700 0.862193
18800 0.86234
18900 0.862487
19000 0.862789
19100 0.86288
19200 0.863021
19300 0.862953
19400 0.862887
19500 0.863179
19600 0.863469
19700 0.863553
19800 0.863788
19900 0.863819
20000 0.86385
20100 0.86403
20200 0.863861
20300 0.863842
20400 0.86402
20500 0.864146
20600 0.864029
20700 0.864348
20800 0.864519
20900 0.864641
21000 0.864333
21100 0.86455
21200 0.864717
21300 0.864883
21400 0.865047
21500 0.865209
21600 0.865
21700 0.865253
21800 0.865688
21900 0.865845
22000 0.866091
22100 0.866244
22200 0.866486
22300 0.866726
22400 0.866964
22500 0.8672
22600 0.867345
22700 0.867357
22800 0.867544
22900 0.867598
23000 0.867783
23100 0.867922
23200 0.86806
23300 0.868498
23400 0.868547
23500 0.868766
23600 0.869068
23700 0.869325
23800 0.869496
23900 0.86954
24000 0.869708
24100 0.869959
24200 0.870207
24300 0.870412
24400 0.870533
24500 0.870776
24600 0.870854
24700 0.871255
24800 0.871532
24900 0.871767
25000 0.87204
25100 0.872231
25200 0.872262
25300 0.872569
25400 0.872717
25500 0.873059
25600 0.873203
25700 0.873463
25800 0.873527
25900 0.873668
26000 0.873846
26100 0.873716
26200 0.873969
26300 0.874297
26400 0.874508
26500 0.874642
26600 0.874962
26700 0.875243
26800 0.875299
26900 0.875539
27000 0.875667
27100 0.87583
27200 0.876029
27300 0.876117
27400 0.87635
27500 0.876545
27600 0.876812
27700 0.876968
27800 0.876978
27900 0.877133
28000 0.87725
28100 0.877509
28200 0.877695
28300 0.87788
28400 0.877887
28500 0.87793
28600 0.877937
28700 0.878049
28800 0.878194
28900 0.878097
29000 0.878241
29100 0.878351
29200 0.87863
29300 0.878874
29400 0.878912
29500 0.878983
29600 0.87902
29700 0.879024
29800 0.879329
29900 0.879331
30000 0.879467
30100 0.879369
30200 0.879371
30300 0.879472
30400 0.879572
30500 0.879836
30600 0.880065
30700 0.880261
30800 0.88026
30900 0.880356
31000 0.880419
31100 0.880514
31200 0.880481
31300 0.880543
31400 0.880732
31500 0.880857
31600 0.880854
31700 0.880915
31800 0.881132
31900 0.88116
32000 0.881219
32100 0.88134
32200 0.881429
32300 0.881362
32400 0.881296
32500 0.881446
32600 0.881534
32700 0.881498
32800 0.881677
32900 0.881763
33000 0.881818
33100 0.881843
33200 0.881867
33300 0.881922
33400 0.882006
33500 0.88209
33600 0.882202
33700 0.882404
33800 0.882456
33900 0.882537
34000 0.8825
34100 0.88261
34200 0.882632
34300 0.882741
34400 0.88282
34500 0.882957
34600 0.883064
34700 0.88317
34800 0.883247
34900 0.883324
35000 0.8834
35100 0.883476
35200 0.883523
35300 0.883569
35400 0.883644
35500 0.883746
35600 0.883904
35700 0.884006
35800 0.884022
35900 0.884178
36000 0.884361
36100 0.884377
36200 0.884475
36300 0.884601
36400 0.884698
36500 0.884658
36600 0.884699
36700 0.884687
36800 0.884701
36900 0.884661
37000 0.884703
37100 0.884798
37200 0.884812
37300 0.884906
37400 0.885
37500 0.884933
37600 0.884973
37700 0.885066
37800 0.885106
37900 0.885224
38000 0.885289
38100 0.885249
38200 0.885262
38300 0.8853
38400 0.885339
38500 0.885455
38600 0.885648
38700 0.885633
38800 0.885747
38900 0.885835
39000 0.885923
39100 0.886061
39200 0.886097
39300 0.886107
39400 0.886117
39500 0.886177
39600 0.886212
39700 0.886222
39800 0.886307
39900 0.886391
40000 0.886425
40100 0.886484
40200 0.886393
40300 0.886501
40400 0.886535
40500 0.886444
40600 0.886453
40700 0.886437
40800 0.886471
40900 0.886577
41000 0.886585
41100 0.886569
41200 0.886699
41300 0.88661
41400 0.886739
41500 0.886675
41600 0.886683
41700 0.886739
41800 0.886914
41900 0.886874
42000 0.886833
42100 0.886983
42200 0.887062
42300 0.887163
42400 0.88717
42500 0.887224
42600 0.887254
42700 0.88733
42800 0.8875
42900 0.887646
43000 0.887698
43100 0.887842
43200 0.887847
43300 0.887945
43400 0.887949
43500 0.888023
43600 0.888096
43700 0.887963
43800 0.887922
43900 0.887995
44000 0.888023
44100 0.888209
44200 0.888281
44300 0.888375
44400 0.888423
44500 0.888472
44600 0.888498
44700 0.888523
44800 0.888616
44900 0.888708
45000 0.888778
45100 0.888891
45200 0.88896
45300 0.889095
45400 0.889097
45500 0.889231
45600 0.889386
45700 0.889453
45800 0.889607
45900 0.889651
46000 0.889739
46100 0.88974
46200 0.889848
46300 0.889827
46400 0.889849
46500 0.889806
46600 0.889914
46700 0.889957
46800 0.890043
46900 0.890128
47000 0.890149
47100 0.890234
47200 0.890318
47300 0.890338
47400 0.890295
47500 0.890358
47600 0.890462
47700 0.890461
47800 0.890523
47900 0.890543
48000 0.890521
48100 0.89052
48200 0.890498
48300 0.890435
48400 0.890517
48500 0.890577
48600 0.890556
48700 0.890554
48800 0.890676
48900 0.890777
49000 0.890755
49100 0.890794
49200 0.890772
49300 0.89071
49400 0.890729
49500 0.890768
49600 0.890665
49700 0.890785
49800 0.890843
49900 0.890822
