100 0.57
200 0.76
300 0.756667
400 0.7825
500 0.8
600 0.82
700 0.835714
800 0.8525
900 0.86
1000 0.864
1100 0.873636
1200 0.878333
1300 0.882308
1400 0.883571
1500 0.884667
1600 0.885625
1700 0.887647
1800 0.885
1900 0.878947
2000 0.876
2100 0.870952
2200 0.868636
2300 0.866957
2400 0.86125
2500 0.86
2600 0.859231
2700 0.857407
2800 0.854643
2900 0.850345
3000 0.849667
3100 0.846452
3200 0.842812
3300 0.841212
3400 0.840588
3500 0.839714
3600 0.839444
3700 0.839189
3800 0.838684
3900 0.839487
4000 0.839
4100 0.836341
4200 0.835714
4300 0.835581
4400 0.835
4500 0.834222
4600 0.833913
4700 0.835106
4800 0.835833
4900 0.835714
5000 0.8368
5100 0.836275
5200 0.835962
5300 0.834906
5400 0.835926
5500 0.836364
5600 0.836786
5700 0.837895
5800 0.839138
5900 0.839492
6000 0.841333
6100 0.842623
6200 0.843065
6300 0.843175
6400 0.843906
6500 0.845077
6600 0.846212
6700 0.847164
6800 0.847647
6900 0.848696
7000 0.849571
7100 0.850563
7200 0.851806
7300 0.852877
7400 0.853649
7500 0.854133
7600 0.854737
7700 0.855714
7800 0.856923
7900 0.857848
8000 0.85825
8100 0.857901
8200 0.858293
8300 0.859036
8400 0.859762
8500 0.860706
8600 0.861163
8700 0.861724
8800 0.862727
8900 0.863483
9000 0.863222
9100 0.864066
9200 0.86413
9300 0.864409
9400 0.865
9500 0.865263
9600 0.865208
9700 0.865464
9800 0.86602
9900 0.866061
10000 0.8664
10100 0.865743
10200 0.866471
10300 0.866893
10400 0.867404
10500 0.867714
10600 0.868302
10700 0.869159
10800 0.869537
10900 0.870092
11000 0.870455
11100 0.870901
11200 0.87125
11300 0.871593
11400 0.871842
11500 0.872261
11600 0.872586
11700 0.872479
11800 0.872712
11900 0.873361
12000 0.8735
12100 0.873802
12200 0.873934
12300 0.874553
12400 0.874839
12500 0.87504
12600 0.875238
12700 0.875354
12800 0.875078
12900 0.875116
13000 0.874923
13100 0.874656
13200 0.874318
13300 0.874361
13400 0.874328
13500 0.874519
13600 0.874412
13700 0.874599
13800 0.874783
13900 0.874892
14000 0.874857
14100 0.875106
14200 0.875423
14300 0.875035
14400 0.875069
14500 0.875172
14600 0.875068
14700 0.875238
14800 0.875135
14900 0.874966
15000 0.875067
15100 0.875166
15200 0.875329
15300 0.874967
15400 0.875065
15500 0.874968
15600 0.874936
15700 0.874841
15800 0.87519
15900 0.875597
16000 0.875437
16100 0.875528
16200 0.875432
16300 0.875337
16400 0.875549
16500 0.875697
16600 0.875602
16700 0.875569
16800 0.875774
16900 0.875621
17000 0.875471
17100 0.875439
17200 0.875698
17300 0.875896
17400 0.876379
17500 0.876629
17600 0.876591
17700 0.876836
17800 0.876966
17900 0.876983
18000 0.876833
18100 0.876961
18200 0.877143
18300 0.87694
18400 0.876848
18500 0.877027
18600 0.877097
18700 0.877273
18800 0.877394
18900 0.877513
19000 0.877579
19100 0.877749
19200 0.877812
19300 0.878031
19400 0.877835
19500 0.877436
19600 0.877551
19700 0.877411
19800 0.877172
19900 0.877286
20000 0.87745
20100 0.877363
20200 0.877525
20300 0.877488
20400 0.877402
20500 0.877415
20600 0.87733
20700 0.877681
20800 0.877596
20900 0.877799
21000 0.878048
21100 0.878389
21200 0.878443
21300 0.878404
21400 0.878364
21500 0.878558
21600 0.878796
21700 0.879078
21800 0.879174
21900 0.878858
22000 0.879
22100 0.879186
22200 0.879234
22300 0.879327
22400 0.879375
22500 0.879467
22600 0.879469
22700 0.879648
22800 0.879781
22900 0.879956
23000 0.880087
23100 0.880303
23200 0.880431
23300 0.880515
23400 0.880598
23500 0.880809
23600 0.881017
23700 0.881181
23800 0.881303
23900 0.881381
24000 0.881583
24100 0.881826
24200 0.88186
24300 0.881811
24400 0.882049
24500 0.882122
24600 0.882195
24700 0.882308
24800 0.882339
24900 0.88245
25000 0.8826
25100 0.882709
25200 0.882976
25300 0.883083
25400 0.883031
25500 0.883176
25600 0.883281
25700 0.883346
25800 0.883333
25900 0.883436
26000 0.883462
26100 0.883602
26200 0.883588
26300 0.883536
26400 0.883598
26500 0.883623
26600 0.883759
26700 0.884007
26800 0.884104
26900 0.884052
27000 0.884111
27100 0.884391
27200 0.884485
27300 0.884652
27400 0.884635
27500 0.884727
27600 0.884855
27700 0.884982
27800 0.885108
27900 0.885197
28000 0.885286
28100 0.885445
28200 0.885461
28300 0.885371
28400 0.885423
28500 0.885614
28600 0.885664
28700 0.885679
28800 0.885694
28900 0.885882
29000 0.885793
29100 0.885808
29200 0.885788
29300 0.88587
29400 0.885918
29500 0.886136
29600 0.886182
29700 0.886128
29800 0.886107
29900 0.886187
30000 0.8862
30100 0.886346
30200 0.886424
30300 0.886469
30400 0.886447
30500 0.886492
30600 0.886634
30700 0.886547
30800 0.886688
30900 0.886699
31000 0.886774
31100 0.886913
31200 0.887115
31300 0.887125
31400 0.887197
31500 0.887111
31600 0.887215
31700 0.887224
31800 0.887233
31900 0.887367
32000 0.887437
32100 0.887632
32200 0.887702
32300 0.887678
32400 0.8875
32500 0.887538
32600 0.887485
32700 0.887523
32800 0.887652
32900 0.88772
33000 0.887788
33100 0.887674
33200 0.887711
33300 0.887838
33400 0.887994
33500 0.88803
33600 0.888244
33700 0.88816
33800 0.888166
33900 0.888289
34000 0.888353
34100 0.888475
34200 0.888596
34300 0.888688
34400 0.888692
34500 0.888841
34600 0.88896
34700 0.888991
34800 0.88908
34900 0.889112
35000 0.889343
35100 0.88943
35200 0.889517
35300 0.889518
35400 0.889492
35500 0.889577
35600 0.889663
35700 0.889664
35800 0.889581
35900 0.889721
36000 0.889778
36100 0.889668
36200 0.889669
36300 0.889669
36400 0.88967
36500 0.889616
36600 0.889727
36700 0.889837
36800 0.88981
36900 0.889756
37000 0.889865
37100 0.889892
37200 0.889946
37300 0.89
37400 0.89016
37500 0.890187
37600 0.890239
37700 0.890186
37800 0.890317
37900 0.890475
38000 0.890474
38100 0.890656
38200 0.890785
38300 0.890783
38400 0.890781
38500 0.890883
38600 0.890907
38700 0.890956
38800 0.891031
38900 0.891054
39000 0.890897
39100 0.890895
39200 0.890689
39300 0.890738
39400 0.890812
39500 0.890962
39600 0.891086
39700 0.891058
39800 0.891156
39900 0.891253
40000 0.8913
40100 0.891421
40200 0.891418
40300 0.891414
40400 0.891485
40500 0.891457
40600 0.891502
40700 0.891597
40800 0.89152
40900 0.891663
41000 0.891732
41100 0.891776
41200 0.891796
41300 0.891816
41400 0.891836
41500 0.89188
41600 0.891851
41700 0.89199
41800 0.892057
41900 0.892196
42000 0.892238
42100 0.892304
42200 0.892204
42300 0.892246
42400 0.892217
42500 0.892329
42600 0.8923
42700 0.892272
42800 0.892407
42900 0.892611
43000 0.892651
43100 0.892691
43200 0.892778
43300 0.892818
43400 0.89288
43500 0.89292
43600 0.892913
43700 0.892998
43800 0.893082
43900 0.893166
44000 0.893114
44100 0.893016
44200 0.892986
44300 0.893002
44400 0.893041
44500 0.892989
44600 0.893049
44700 0.893087
44800 0.89317
44900 0.893296
45000 0.893333
45100 0.893304
45200 0.893385
45300 0.893422
45400 0.893392
45500 0.893407
45600 0.893355
45700 0.893326
45800 0.893275
45900 0.893268
46000 0.893348
46100 0.893406
46200 0.893333
46300 0.893348
46400 0.893297
46500 0.893376
46600 0.893433
46700 0.89349
46800 0.89344
46900 0.893348
47000 0.893298
47100 0.893163
47200 0.893157
47300 0.893171
47400 0.893228
47500 0.893221
47600 0.893256
47700 0.89327
47800 0.893201
47900 0.893194
48000 0.893292
48100 0.893264
48200 0.893361
48300 0.893416
48400 0.893368
48500 0.893402
48600 0.893395
48700 0.893429
48800 0.89334
48900 0.893415
49000 0.893449
49100 0.893381
49200 0.893476
49300 0.893509
49400 0.893482
49500 0.893556
49600 0.893548
49700 0.893521
49800 0.893474
49900 0.893527
