100 0.67
200 0.75
300 0.75
400 0.74
500 0.89
600 0.9
700 0.77
800 0.81
900 0.79
1000 0.85
1100 0.82
1200 0.79
1300 0.77
1400 0.79
1500 0.73
1600 0.79
1700 0.72
1800 0.77
1900 0.82
2000 0.72
2100 0.76
2200 0.76
2300 0.79
2400 0.7
2500 0.85
2600 0.81
2700 0.74
2800 0.67
2900 0.7
3000 0.74
3100 0.75
3200 0.67
3300 0.73
3400 0.74
3500 0.82
3600 0.79
3700 0.66
3800 0.7
3900 0.72
4000 0.7
4100 0.74
4200 0.75
4300 0.72
4400 0.68
4500 0.81
4600 0.66
4700 0.7
4800 0.8
4900 0.66
5000 0.72
5100 0.72
5200 0.73
5300 0.72
5400 0.75
5500 0.73
5600 0.71
5700 0.78
5800 0.77
5900 0.8
6000 0.71
6100 0.76
6200 0.71
6300 0.73
6400 0.74
6500 0.76
6600 0.8
6700 0.74
6800 0.75
6900 0.73
7000 0.7
7100 0.73
7200 0.73
7300 0.67
7400 0.67
7500 0.74
7600 0.74
7700 0.75
7800 0.68
7900 0.74
8000 0.81
8100 0.73
8200 0.71
8300 0.82
8400 0.78
8500 0.81
8600 0.77
8700 0.7
8800 0.79
8900 0.78
9000 0.79
9100 0.79
9200 0.69
9300 0.73
9400 0.76
9500 0.7
9600 0.78
9700 0.81
9800 0.78
9900 0.77
10000 0.72
10100 0.72
10200 0.81
10300 0.67
10400 0.75
10500 0.74
10600 0.71
10700 0.79
10800 0.71
10900 0.71
11000 0.68
11100 0.79
11200 0.79
11300 0.78
11400 0.8
11500 0.76
11600 0.82
11700 0.7
11800 0.68
11900 0.72
12000 0.75
12100 0.73
12200 0.71
12300 0.69
12400 0.78
12500 0.74
12600 0.74
12700 0.85
12800 0.76
12900 0.75
13000 0.73
13100 0.66
13200 0.8
13300 0.76
13400 0.8
13500 0.68
13600 0.74
13700 0.73
13800 0.7
13900 0.84
14000 0.7
14100 0.72
14200 0.75
14300 0.79
14400 0.83
14500 0.75
14600 0.75
14700 0.69
14800 0.74
14900 0.77
15000 0.76
15100 0.78
15200 0.81
15300 0.66
15400 0.76
15500 0.71
15600 0.75
15700 0.73
15800 0.73
15900 0.78
16000 0.79
16100 0.79
16200 0.76
16300 0.85
16400 0.76
16500 0.81
16600 0.69
16700 0.78
16800 0.77
16900 0.79
17000 0.74
17100 0.8
17200 0.68
17300 0.77
17400 0.73
17500 0.77
17600 0.76
17700 0.68
17800 0.73
17900 0.8
18000 0.8
18100 0.73
18200 0.73
18300 0.78
18400 0.7
18500 0.76
18600 0.71
18700 0.78
18800 0.72
18900 0.72
19000 0.71
19100 0.77
19200 0.76
19300 0.76
19400 0.79
19500 0.69
19600 0.72
19700 0.73
19800 0.8
19900 0.78
20000 0.79
20100 0.67
20200 0.77
20300 0.75
20400 0.76
20500 0.75
20600 0.74
20700 0.76
20800 0.78
20900 0.84
21000 0.83
21100 0.81
21200 0.77
21300 0.72
21400 0.71
21500 0.75
21600 0.81
21700 0.74
21800 0.86
21900 0.75
22000 0.77
22100 0.82
22200 0.74
22300 0.75
22400 0.79
22500 0.78
22600 0.71
22700 0.71
22800 0.67
22900 0.77
23000 0.81
23100 0.75
23200 0.75
23300 0.75
23400 0.75
23500 0.74
23600 0.68
23700 0.68
23800 0.73
23900 0.7
24000 0.75
24100 0.72
24200 0.77
24300 0.75
24400 0.71
24500 0.71
24600 0.77
24700 0.81
24800 0.75
24900 0.78
25000 0.81
25100 0.78
25200 0.73
25300 0.73
25400 0.74
25500 0.69
25600 0.74
25700 0.76
25800 0.75
25900 0.78
26000 0.79
26100 0.71
26200 0.73
26300 0.76
26400 0.7
26500 0.72
26600 0.8
26700 0.75
26800 0.74
26900 0.73
27000 0.82
27100 0.76
27200 0.82
27300 0.77
27400 0.72
27500 0.73
27600 0.74
27700 0.74
27800 0.78
27900 0.8
28000 0.78
28100 0.8
28200 0.77
28300 0.82
28400 0.76
28500 0.79
28600 0.75
28700 0.74
28800 0.67
28900 0.74
29000 0.74
29100 0.75
29200 0.78
29300 0.83
29400 0.72
29500 0.7
29600 0.87
29700 0.76
29800 0.77
29900 0.74
30000 0.66
30100 0.77
30200 0.81
30300 0.8
30400 0.75
30500 0.75
30600 0.84
30700 0.79
30800 0.77
30900 0.73
31000 0.7
31100 0.72
31200 0.73
31300 0.8
31400 0.73
31500 0.7
31600 0.82
31700 0.68
31800 0.83
31900 0.77
32000 0.79
32100 0.61
32200 0.81
32300 0.74
32400 0.79
32500 0.71
32600 0.74
32700 0.76
32800 0.81
32900 0.83
33000 0.71
33100 0.71
33200 0.73
33300 0.77
33400 0.7
33500 0.83
33600 0.84
33700 0.76
33800 0.8
33900 0.7
34000 0.74
34100 0.74
34200 0.77
34300 0.71
34400 0.75
34500 0.82
34600 0.72
34700 0.83
34800 0.65
34900 0.71
35000 0.74
35100 0.78
35200 0.83
35300 0.76
35400 0.79
35500 0.78
35600 0.71
35700 0.81
35800 0.69
35900 0.66
36000 0.8
36100 0.72
36200 0.71
36300 0.77
36400 0.84
36500 0.77
36600 0.76
36700 0.74
36800 0.67
36900 0.81
37000 0.74
37100 0.77
37200 0.8
37300 0.7
37400 0.77
37500 0.78
37600 0.72
37700 0.76
37800 0.78
37900 0.76
38000 0.71
38100 0.8
38200 0.72
38300 0.73
38400 0.76
38500 0.73
38600 0.73
38700 0.82
38800 0.73
38900 0.75
39000 0.78
39100 0.69
39200 0.76
39300 0.78
39400 0.75
39500 0.76
39600 0.76
39700 0.77
39800 0.82
39900 0.78
40000 0.66
40100 0.75
40200 0.74
40300 0.8
40400 0.69
40500 0.78
40600 0.73
40700 0.74
40800 0.78
40900 0.78
41000 0.73
41100 0.71
41200 0.74
41300 0.8
41400 0.75
41500 0.77
41600 0.78
41700 0.77
41800 0.71
41900 0.74
42000 0.73
42100 0.78
42200 0.77
42300 0.73
42400 0.73
42500 0.74
42600 0.73
42700 0.72
42800 0.77
42900 0.77
43000 0.75
43100 0.76
43200 0.77
43300 0.77
43400 0.75
43500 0.77
43600 0.76
43700 0.77
43800 0.76
43900 0.76
44000 0.81
44100 0.76
44200 0.7
44300 0.77
44400 0.76
44500 0.71
44600 0.72
44700 0.84
44800 0.76
44900 0.77
45000 0.82
45100 0.74
45200 0.71
45300 0.8
45400 0.65
45500 0.81
45600 0.72
45700 0.79
45800 0.73
45900 0.78
46000 0.69
46100 0.69
46200 0.77
46300 0.73
46400 0.83
46500 0.75
46600 0.77
46700 0.77
46800 0.78
46900 0.7
47000 0.77
47100 0.75
47200 0.76
47300 0.73
47400 0.72
47500 0.74
47600 0.79
47700 0.76
47800 0.72
47900 0.73
48000 0.75
48100 0.81
48200 0.65
48300 0.73
48400 0.73
48500 0.76
48600 0.65
48700 0.73
48800 0.71
48900 0.81
49000 0.7
49100 0.82
49200 0.8
49300 0.82
49400 0.75
49500 0.77
49600 0.78
49700 0.73
49800 0.72
49900 0.8
