100 0.67
200 0.71
300 0.723333
400 0.7275
500 0.76
600 0.783333
700 0.781429
800 0.785
900 0.785556
1000 0.792
1100 0.794545
1200 0.794167
1300 0.792308
1400 0.792143
1500 0.788
1600 0.788125
1700 0.784118
1800 0.783333
1900 0.785263
2000 0.782
2100 0.780952
2200 0.78
2300 0.780435
2400 0.777083
2500 0.78
2600 0.781154
2700 0.77963
2800 0.775714
2900 0.773103
3000 0.772
3100 0.77129
3200 0.768125
3300 0.76697
3400 0.766176
3500 0.767714
3600 0.768333
3700 0.765405
3800 0.763684
3900 0.762564
4000 0.761
4100 0.760488
4200 0.760238
4300 0.759302
4400 0.7575
4500 0.758667
4600 0.756522
4700 0.755319
4800 0.75625
4900 0.754286
5000 0.7536
5100 0.752941
5200 0.7525
5300 0.751887
5400 0.751852
5500 0.751455
5600 0.750714
5700 0.751228
5800 0.751552
5900 0.752373
6000 0.751667
6100 0.751803
6200 0.751129
6300 0.750794
6400 0.750625
6500 0.750769
6600 0.751515
6700 0.751343
6800 0.751324
6900 0.751014
7000 0.750286
7100 0.75
7200 0.749722
7300 0.74863
7400 0.747568
7500 0.747467
7600 0.747368
7700 0.747403
7800 0.746538
7900 0.746456
8000 0.74725
8100 0.747037
8200 0.746585
8300 0.74747
8400 0.747857
8500 0.748588
8600 0.748837
8700 0.748276
8800 0.74875
8900 0.749101
9000 0.749556
9100 0.75
9200 0.749348
9300 0.74914
9400 0.749255
9500 0.748737
9600 0.749062
9700 0.749691
9800 0.75
9900 0.750202
10000 0.7499
10100 0.749604
10200 0.750196
10300 0.749417
10400 0.749423
10500 0.749333
10600 0.748962
10700 0.749346
10800 0.748981
10900 0.748624
11000 0.748
11100 0.748378
11200 0.74875
11300 0.749027
11400 0.749474
11500 0.749565
11600 0.750172
11700 0.749744
11800 0.749153
11900 0.748908
12000 0.748917
12100 0.74876
12200 0.748443
12300 0.747967
12400 0.748226
12500 0.74816
12600 0.748095
12700 0.748898
12800 0.748984
12900 0.748992
13000 0.748846
13100 0.748168
13200 0.748561
13300 0.748647
13400 0.74903
13500 0.748519
13600 0.748456
13700 0.748321
13800 0.747971
13900 0.748633
14000 0.748286
14100 0.748085
14200 0.748099
14300 0.748392
14400 0.748958
14500 0.748966
14600 0.748973
14700 0.748571
14800 0.748514
14900 0.748658
15000 0.748733
15100 0.74894
15200 0.749342
15300 0.748758
15400 0.748831
15500 0.748581
15600 0.74859
15700 0.748471
15800 0.748354
15900 0.748553
16000 0.748812
16100 0.749068
16200 0.749136
16300 0.749755
16400 0.749817
16500 0.750182
16600 0.749819
16700 0.75
16800 0.750119
16900 0.750355
17000 0.750294
17100 0.750585
17200 0.750174
17300 0.750289
17400 0.750172
17500 0.750286
17600 0.750341
17700 0.749944
17800 0.749831
17900 0.750112
18000 0.750389
18100 0.750276
18200 0.750165
18300 0.750328
18400 0.750054
18500 0.750108
18600 0.749892
18700 0.750053
18800 0.749894
18900 0.749735
19000 0.749526
19100 0.749634
19200 0.749687
19300 0.749741
19400 0.749948
19500 0.749641
19600 0.74949
19700 0.749391
19800 0.749646
19900 0.749799
20000 0.75
20100 0.749602
20200 0.749703
20300 0.749704
20400 0.749755
20500 0.749756
20600 0.749709
20700 0.749758
20800 0.749904
20900 0.750335
21000 0.750714
21100 0.750995
21200 0.751085
21300 0.750939
21400 0.750748
21500 0.750744
21600 0.751019
21700 0.750968
21800 0.751468
21900 0.751461
22000 0.751545
22100 0.751855
22200 0.751802
22300 0.751794
22400 0.751964
22500 0.752089
22600 0.751903
22700 0.751718
22800 0.75136
22900 0.751441
23000 0.751696
23100 0.751688
23200 0.751681
23300 0.751674
23400 0.751667
23500 0.751617
23600 0.751314
23700 0.751013
23800 0.750924
23900 0.750711
24000 0.750708
24100 0.750581
24200 0.750661
24300 0.750658
24400 0.750492
24500 0.750327
24600 0.750407
24700 0.750648
24800 0.750645
24900 0.750763
25000 0.751
25100 0.751116
25200 0.751032
25300 0.750949
25400 0.750906
25500 0.750667
25600 0.750625
25700 0.750661
25800 0.750659
25900 0.750772
26000 0.750923
26100 0.750766
26200 0.750687
26300 0.750722
26400 0.75053
26500 0.750415
26600 0.750602
26700 0.750599
26800 0.75056
26900 0.750483
27000 0.750741
27100 0.750775
27200 0.751029
27300 0.751099
27400 0.750985
27500 0.750909
27600 0.75087
27700 0.75083
27800 0.750935
27900 0.751111
28000 0.751214
28100 0.751388
28200 0.751454
28300 0.751696
28400 0.751725
28500 0.75186
28600 0.751853
28700 0.751812
28800 0.751528
28900 0.751488
29000 0.751448
29100 0.751443
29200 0.751541
29300 0.751809
29400 0.751701
29500 0.751525
29600 0.751926
29700 0.751953
29800 0.752013
29900 0.751973
30000 0.751667
30100 0.751728
30200 0.751921
30300 0.752079
30400 0.752072
30500 0.752066
30600 0.752353
30700 0.752476
30800 0.752532
30900 0.75246
31000 0.75229
31100 0.752186
31200 0.752115
31300 0.752268
31400 0.752197
31500 0.752032
31600 0.752247
31700 0.752019
31800 0.752264
31900 0.75232
32000 0.752437
32100 0.751994
32200 0.752174
32300 0.752136
32400 0.752253
32500 0.752123
32600 0.752086
32700 0.75211
32800 0.752287
32900 0.752523
33000 0.752394
33100 0.752266
33200 0.752199
33300 0.752252
33400 0.752096
33500 0.752328
33600 0.752589
33700 0.752611
33800 0.752751
33900 0.752596
34000 0.752559
34100 0.752522
34200 0.752573
34300 0.752449
34400 0.752442
34500 0.752638
34600 0.752543
34700 0.752767
34800 0.752471
34900 0.75235
35000 0.752314
35100 0.752393
35200 0.752614
35300 0.752635
35400 0.75274
35500 0.752817
35600 0.752697
35700 0.752857
35800 0.752682
35900 0.752423
36000 0.752556
36100 0.752465
36200 0.752348
36300 0.752397
36400 0.752637
36500 0.752685
36600 0.752705
36700 0.75267
36800 0.752446
36900 0.752602
37000 0.752568
37100 0.752615
37200 0.752742
37300 0.752601
37400 0.752647
37500 0.75272
37600 0.752633
37700 0.752653
37800 0.752725
37900 0.752744
38000 0.752632
38100 0.752756
38200 0.75267
38300 0.752611
38400 0.75263
38500 0.752571
38600 0.752513
38700 0.752687
38800 0.752629
38900 0.752622
39000 0.752692
39100 0.752532
39200 0.752551
39300 0.752621
39400 0.752614
39500 0.752633
39600 0.752652
39700 0.752695
39800 0.752864
39900 0.752932
40000 0.7527
40100 0.752693
40200 0.752662
40300 0.752779
40400 0.752624
40500 0.752691
40600 0.752635
40700 0.752604
40800 0.752672
40900 0.752738
41000 0.752683
41100 0.752579
41200 0.752549
41300 0.752663
41400 0.752657
41500 0.752699
41600 0.752764
41700 0.752806
41800 0.752703
41900 0.752673
42000 0.752619
42100 0.752684
42200 0.752725
42300 0.752671
42400 0.752618
42500 0.752588
42600 0.752535
42700 0.752459
42800 0.7525
42900 0.752541
43000 0.752535
43100 0.752552
43200 0.752593
43300 0.752633
43400 0.752627
43500 0.752667
43600 0.752683
43700 0.752723
43800 0.75274
43900 0.752756
44000 0.752886
44100 0.752902
44200 0.752783
44300 0.752822
44400 0.752838
44500 0.752742
44600 0.752668
44700 0.752864
44800 0.752879
44900 0.752918
45000 0.753067
45100 0.753038
45200 0.752942
45300 0.753046
45400 0.752819
45500 0.752945
45600 0.752873
45700 0.752954
45800 0.752904
45900 0.752963
46000 0.752826
46100 0.75269
46200 0.752727
46300 0.752678
46400 0.752845
46500 0.752839
46600 0.752876
46700 0.752912
46800 0.75297
46900 0.752857
47000 0.752894
47100 0.752887
47200 0.752903
47300 0.752854
47400 0.752785
47500 0.752758
47600 0.752836
47700 0.752851
47800 0.752782
47900 0.752735
48000 0.752729
48100 0.752848
48200 0.752635
48300 0.752588
48400 0.752541
48500 0.752557
48600 0.752346
48700 0.7523
48800 0.752213
48900 0.752331
49000 0.752224
49100 0.752363
49200 0.752459
49300 0.752596
49400 0.752591
49500 0.752626
49600 0.752681
49700 0.752636
49800 0.75257
49900 0.752665
