100 0.57
200 0.95
300 0.75
400 0.86
500 0.87
600 0.92
700 0.93
800 0.97
900 0.92
1000 0.9
1100 0.97
1200 0.93
1300 0.93
1400 0.9
1500 0.9
1600 0.9
1700 0.92
1800 0.84
1900 0.77
2000 0.82
2100 0.77
2200 0.82
2300 0.83
2400 0.73
2500 0.83
2600 0.84
2700 0.81
2800 0.78
2900 0.73
3000 0.83
3100 0.75
3200 0.73
3300 0.79
3400 0.82
3500 0.81
3600 0.83
3700 0.83
3800 0.82
3900 0.87
4000 0.82
4100 0.73
4200 0.81
4300 0.83
4400 0.81
4500 0.8
4600 0.82
4700 0.89
4800 0.87
4900 0.83
5000 0.89
5100 0.81
5200 0.82
5300 0.78
5400 0.89
5500 0.86
5600 0.86
5700 0.9
5800 0.91
5900 0.86
6000 0.95
6100 0.92
6200 0.87
6300 0.85
6400 0.89
6500 0.92
6600 0.92
6700 0.91
6800 0.88
6900 0.92
7000 0.91
7100 0.92
7200 0.94
7300 0.93
7400 0.91
7500 0.89
7600 0.9
7700 0.93
7800 0.95
7900 0.93
8000 0.89
8100 0.83
8200 0.89
8300 0.92
8400 0.92
8500 0.94
8600 0.9
8700 0.91
8800 0.95
8900 0.93
9000 0.84
9100 0.94
9200 0.87
9300 0.89
9400 0.92
9500 0.89
9600 0.86
9700 0.89
9800 0.92
9900 0.87
10000 0.9
10100 0.8
10200 0.94
10300 0.91
10400 0.92
10500 0.9
10600 0.93
10700 0.96
10800 0.91
10900 0.93
11000 0.91
11100 0.92
11200 0.91
11300 0.91
11400 0.9
11500 0.92
11600 0.91
11700 0.86
11800 0.9
11900 0.95
12000 0.89
12100 0.91
12200 0.89
12300 0.95
12400 0.91
12500 0.9
12600 0.9
12700 0.89
12800 0.84
12900 0.88
13000 0.85
13100 0.84
13200 0.83
13300 0.88
13400 0.87
13500 0.9
13600 0.86
13700 0.9
13800 0.9
13900 0.89
14000 0.87
14100 0.91
14200 0.92
14300 0.82
14400 0.88
14500 0.89
14600 0.86
14700 0.9
14800 0.86
14900 0.85
15000 0.89
15100 0.89
15200 0.9
15300 0.82
15400 0.89
15500 0.86
15600 0.87
15700 0.86
15800 0.93
15900 0.94
16000 0.85
16100 0.89
16200 0.86
16300 0.86
16400 0.91
16500 0.9
16600 0.86
16700 0.87
16800 0.91
16900 0.85
17000 0.85
17100 0.87
17200 0.92
17300 0.91
17400 0.96
17500 0.92
17600 0.87
17700 0.92
17800 0.9
17900 0.88
18000 0.85
18100 0.9
18200 0.91
18300 0.84
18400 0.86
18500 0.91
18600 0.89
18700 0.91
18800 0.9
18900 0.9
19000 0.89
19100 0.91
19200 0.89
19300 0.92
19400 0.84
19500 0.8
19600 0.9
19700 0.85
19800 0.83
19900 0.9
20000 0.91
20100 0.86
20200 0.91
20300 0.87
20400 0.86
20500 0.88
20600 0.86
20700 0.95
20800 0.86
20900 0.92
21000 0.93
21100 0.95
21200 0.89
21300 0.87
21400 0.87
21500 0.92
21600 0.93
21700 0.94
21800 0.9
21900 0.81
22000 0.91
22100 0.92
22200 0.89
22300 0.9
22400 0.89
22500 0.9
22600 0.88
22700 0.92
22800 0.91
22900 0.92
23000 0.91
23100 0.93
23200 0.91
23300 0.9
23400 0.9
23500 0.93
23600 0.93
23700 0.92
23800 0.91
23900 0.9
24000 0.93
24100 0.94
24200 0.89
24300 0.87
24400 0.94
24500 0.9
24600 0.9
24700 0.91
24800 0.89
24900 0.91
25000 0.92
25100 0.91
25200 0.95
25300 0.91
25400 0.87
25500 0.92
25600 0.91
25700 0.9
25800 0.88
25900 0.91
26000 0.89
26100 0.92
26200 0.88
26300 0.87
26400 0.9
26500 0.89
26600 0.92
26700 0.95
26800 0.91
26900 0.87
27000 0.9
27100 0.96
27200 0.91
27300 0.93
27400 0.88
27500 0.91
27600 0.92
27700 0.92
27800 0.92
27900 0.91
28000 0.91
28100 0.93
28200 0.89
28300 0.86
28400 0.9
28500 0.94
28600 0.9
28700 0.89
28800 0.89
28900 0.94
29000 0.86
29100 0.89
29200 0.88
29300 0.91
29400 0.9
29500 0.95
29600 0.9
29700 0.87
29800 0.88
29900 0.91
30000 0.89
30100 0.93
30200 0.91
30300 0.9
30400 0.88
30500 0.9
30600 0.93
30700 0.86
30800 0.93
30900 0.89
31000 0.91
31100 0.93
31200 0.95
31300 0.89
31400 0.91
31500 0.86
31600 0.92
31700 0.89
31800 0.89
31900 0.93
32000 0.91
32100 0.95
32200 0.91
32300 0.88
32400 0.83
32500 0.9
32600 0.87
32700 0.9
32800 0.93
32900 0.91
33000 0.91
33100 0.85
33200 0.9
33300 0.93
33400 0.94
33500 0.9
33600 0.96
33700 0.86
33800 0.89
33900 0.93
34000 0.91
34100 0.93
34200 0.93
34300 0.92
34400 0.89
34500 0.94
34600 0.93
34700 0.9
34800 0.92
34900 0.9
35000 0.97
35100 0.92
35200 0.92
35300 0.89
35400 0.88
35500 0.92
35600 0.92
35700 0.89
35800 0.86
35900 0.94
36000 0.91
36100 0.85
36200 0.89
36300 0.89
36400 0.89
36500 0.87
36600 0.93
36700 0.93
36800 0.88
36900 0.87
37000 0.93
37100 0.9
37200 0.91
37300 0.91
37400 0.95
37500 0.9
37600 0.91
37700 0.87
37800 0.94
37900 0.95
38000 0.89
38100 0.96
38200 0.94
38300 0.89
38400 0.89
38500 0.93
38600 0.9
38700 0.91
38800 0.92
38900 0.9
39000 0.83
39100 0.89
39200 0.81
39300 0.91
39400 0.92
39500 0.95
39600 0.94
39700 0.88
39800 0.93
39900 0.93
40000 0.91
40100 0.94
40200 0.89
40300 0.89
40400 0.92
40500 0.88
40600 0.91
40700 0.93
40800 0.86
40900 0.95
41000 0.92
41100 0.91
41200 0.9
41300 0.9
41400 0.9
41500 0.91
41600 0.88
41700 0.95
41800 0.92
41900 0.95
42000 0.91
42100 0.92
42200 0.85
42300 0.91
42400 0.88
42500 0.94
42600 0.88
42700 0.88
42800 0.95
42900 0.98
43000 0.91
43100 0.91
43200 0.93
43300 0.91
43400 0.92
43500 0.91
43600 0.89
43700 0.93
43800 0.93
43900 0.93
44000 0.87
44100 0.85
44200 0.88
44300 0.9
44400 0.91
44500 0.87
44600 0.92
44700 0.91
44800 0.93
44900 0.95
45000 0.91
45100 0.88
45200 0.93
45300 0.91
45400 0.88
45500 0.9
45600 0.87
45700 0.88
45800 0.87
45900 0.89
46000 0.93
46100 0.92
46200 0.86
46300 0.9
46400 0.87
46500 0.93
46600 0.92
46700 0.92
46800 0.87
46900 0.85
47000 0.87
47100 0.83
47200 0.89
47300 0.9
47400 0.92
47500 0.89
47600 0.91
47700 0.9
47800 0.86
47900 0.89
48000 0.94
48100 0.88
48200 0.94
48300 0.92
48400 0.87
48500 0.91
48600 0.89
48700 0.91
48800 0.85
48900 0.93
49000 0.91
49100 0.86
49200 0.94
49300 0.91
49400 0.88
49500 0.93
49600 0.89
49700 0.88
49800 0.87
49900 0.92
