100 0.83
200 0.705
300 0.783333
400 0.785
500 0.728
600 0.646667
700 0.608571
800 0.60125
900 0.607778
1000 0.615
1100 0.603636
1200 0.609167
1300 0.610769
1400 0.615714
1500 0.612667
1600 0.609375
1700 0.609412
1800 0.608889
1900 0.61
2000 0.61
2100 0.612857
2200 0.615
2300 0.616087
2400 0.6175
2500 0.6228
2600 0.629615
2700 0.633704
2800 0.6375
2900 0.642414
3000 0.647333
3100 0.652903
3200 0.659062
3300 0.661818
3400 0.663235
3500 0.666571
3600 0.6675
3700 0.667297
3800 0.670789
3900 0.672308
4000 0.67475
4100 0.676098
4200 0.676905
4300 0.679302
4400 0.680682
4500 0.683333
4600 0.684783
4700 0.686383
4800 0.688125
4900 0.689388
5000 0.6924
5100 0.692745
5200 0.693269
5300 0.693585
5400 0.695556
5500 0.698182
5600 0.700357
5700 0.70193
5800 0.702759
5900 0.704576
6000 0.705667
6100 0.706721
6200 0.709355
6300 0.710635
6400 0.710156
6500 0.712
6600 0.71303
6700 0.713433
6800 0.715735
6900 0.716377
7000 0.717714
7100 0.718169
7200 0.718194
7300 0.719726
7400 0.721622
7500 0.722267
7600 0.724079
7700 0.724675
7800 0.723974
7900 0.72481
8000 0.72575
8100 0.725926
8200 0.725366
8300 0.726627
8400 0.726786
8500 0.727294
8600 0.72686
8700 0.727011
8800 0.727273
8900 0.727079
9000 0.726444
9100 0.727143
9200 0.727174
9300 0.727742
9400 0.728191
9500 0.728211
9600 0.728125
9700 0.72866
9800 0.72898
9900 0.728889
10000 0.7291
10100 0.729307
10200 0.73
10300 0.73068
10400 0.731442
10500 0.731429
10600 0.731509
10700 0.731402
10800 0.731389
10900 0.73156
11000 0.731909
11100 0.732342
11200 0.732589
11300 0.732832
11400 0.732632
11500 0.733478
11600 0.734224
11700 0.734444
11800 0.734661
11900 0.733866
12000 0.73325
12100 0.733223
12200 0.733197
12300 0.733252
12400 0.733145
12500 0.73264
12600 0.732619
12700 0.732913
12800 0.732734
12900 0.732248
13000 0.732769
13100 0.732443
13200 0.7325
13300 0.732481
13400 0.732985
13500 0.732815
13600 0.732794
13700 0.732701
13800 0.732971
13900 0.733022
14000 0.732929
14100 0.733191
14200 0.733239
14300 0.733357
14400 0.733472
14500 0.734207
14600 0.734384
14700 0.734422
14800 0.734392
14900 0.734094
15000 0.734
15100 0.733907
15200 0.733618
15300 0.733922
15400 0.734351
15500 0.734516
15600 0.734103
15700 0.734204
15800 0.734241
15900 0.73434
16000 0.734688
16100 0.735031
16200 0.735247
16300 0.735031
16400 0.734756
16500 0.734788
16600 0.735
16700 0.73497
16800 0.73506
16900 0.735325
17000 0.735471
17100 0.735673
17200 0.735291
17300 0.735549
17400 0.735805
17500 0.735943
17600 0.736023
17700 0.735876
17800 0.736067
17900 0.736145
18000 0.7365
18100 0.736354
18200 0.736538
18300 0.736612
18400 0.736848
18500 0.736919
18600 0.737312
18700 0.737433
18800 0.737287
18900 0.737302
19000 0.737474
19100 0.737435
19200 0.737604
19300 0.73772
19400 0.738093
19500 0.738
19600 0.737755
19700 0.73802
19800 0.738283
19900 0.738543
20000 0.73875
20100 0.739403
20200 0.73995
20300 0.740197
20400 0.740441
20500 0.740829
20600 0.740922
20700 0.741256
20800 0.741442
20900 0.741627
21000 0.741762
21100 0.741896
21200 0.742028
21300 0.741972
21400 0.741916
21500 0.742186
21600 0.742361
21700 0.742304
21800 0.742064
21900 0.741963
22000 0.742
22100 0.741855
22200 0.742162
22300 0.742242
22400 0.742411
22500 0.742844
22600 0.743009
22700 0.743216
22800 0.743246
22900 0.743362
23000 0.743174
23100 0.743074
23200 0.743319
23300 0.743133
23400 0.74312
23500 0.743362
23600 0.743602
23700 0.743502
23800 0.743908
23900 0.744059
24000 0.744292
24100 0.744357
24200 0.744298
24300 0.744486
24400 0.744672
24500 0.744816
24600 0.745163
24700 0.745344
24800 0.745323
24900 0.745542
25000 0.74548
25100 0.745737
25200 0.745675
25300 0.745731
25400 0.745669
25500 0.745804
25600 0.745742
25700 0.745759
25800 0.745775
25900 0.74583
26000 0.745692
26100 0.745556
26200 0.74584
26300 0.746122
26400 0.746136
26500 0.746264
26600 0.746429
26700 0.746367
26800 0.746418
26900 0.746245
27000 0.746444
27100 0.746605
27200 0.746544
27300 0.746557
27400 0.746533
27500 0.746582
27600 0.746522
27700 0.746895
27800 0.746799
27900 0.747168
28000 0.747321
28100 0.747153
28200 0.747163
28300 0.747208
28400 0.747324
28500 0.747333
28600 0.747552
28700 0.7477
28800 0.747743
28900 0.747958
29000 0.748241
29100 0.748454
29200 0.748493
29300 0.748908
29400 0.749014
29500 0.749085
29600 0.749291
29700 0.749428
29800 0.749664
29900 0.749666
30000 0.749633
30100 0.749767
30200 0.749834
30300 0.749967
30400 0.750164
30500 0.75023
30600 0.750229
30700 0.750521
30800 0.750584
30900 0.75068
31000 0.750677
31100 0.751029
31200 0.750897
31300 0.750895
31400 0.750796
31500 0.750698
31600 0.750506
31700 0.75041
31800 0.750472
31900 0.750439
32000 0.750531
32100 0.750405
32200 0.750435
32300 0.750557
32400 0.75071
32500 0.750892
32600 0.751258
32700 0.75156
32800 0.751494
32900 0.751702
33000 0.751727
33100 0.751722
33200 0.751867
33300 0.751892
33400 0.751707
33500 0.751791
33600 0.751815
33700 0.75181
33800 0.751775
33900 0.751799
34000 0.751882
34100 0.751906
34200 0.751901
34300 0.751924
34400 0.752035
34500 0.752087
34600 0.751994
34700 0.751931
34800 0.752184
34900 0.752206
35000 0.752257
35100 0.752279
35200 0.752443
35300 0.752493
35400 0.752316
35500 0.752479
35600 0.75264
35700 0.752717
35800 0.752765
35900 0.752953
36000 0.753278
36100 0.75338
36200 0.753315
36300 0.753388
36400 0.753681
36500 0.753753
36600 0.754044
36700 0.754087
36800 0.75394
36900 0.754255
37000 0.754432
37100 0.754636
37200 0.754758
37300 0.754772
37400 0.754786
37500 0.754933
37600 0.755053
37700 0.755066
37800 0.755
37900 0.755198
38000 0.755368
38100 0.755459
38200 0.755576
38300 0.755509
38400 0.755651
38500 0.755844
38600 0.755725
38700 0.755711
38800 0.755773
38900 0.75581
39000 0.755769
39100 0.756113
39200 0.756173
39300 0.756234
39400 0.756396
39500 0.756633
39600 0.756566
39700 0.756776
39800 0.756884
39900 0.757093
40000 0.756975
40100 0.757132
40200 0.75704
40300 0.756948
40400 0.756955
40500 0.756988
40600 0.756995
40700 0.756904
40800 0.756716
40900 0.756773
41000 0.756878
41100 0.757056
41200 0.757257
41300 0.757312
41400 0.757174
41500 0.757325
41600 0.757548
41700 0.757698
41800 0.75756
41900 0.757613
42000 0.757524
42100 0.757435
42200 0.75737
42300 0.757565
42400 0.757547
42500 0.7576
42600 0.757676
42700 0.757845
42800 0.757874
42900 0.757995
43000 0.758116
43100 0.758283
43200 0.75838
43300 0.758152
43400 0.758341
43500 0.758161
43600 0.758211
43700 0.757986
43800 0.757922
43900 0.757927
44000 0.757909
44100 0.75771
44200 0.757919
44300 0.758036
44400 0.758086
44500 0.758022
44600 0.757937
44700 0.75783
44800 0.757857
44900 0.757773
45000 0.757733
45100 0.757849
45200 0.757854
45300 0.757947
45400 0.758018
45500 0.75811
45600 0.758004
45700 0.757921
45800 0.758013
45900 0.758017
46000 0.758065
46100 0.758156
46200 0.758312
46300 0.758423
46400 0.758491
46500 0.758495
46600 0.758584
46700 0.758522
46800 0.75859
46900 0.75855
47000 0.758766
47100 0.758769
47200 0.758877
47300 0.758879
47400 0.758797
47500 0.758737
47600 0.758718
47700 0.758742
47800 0.758745
47900 0.758894
48000 0.758979
48100 0.759127
48200 0.75917
48300 0.759151
48400 0.759256
48500 0.759134
48600 0.759115
48700 0.759076
48800 0.758975
48900 0.758937
49000 0.75898
49100 0.758941
49200 0.759004
49300 0.758966
49400 0.759008
49500 0.759131
49600 0.759274
49700 0.759235
49800 0.759257
49900 0.759299
