100 0.65
200 0.71
300 0.75
400 0.71
500 0.77
600 0.7
700 0.76
800 0.72
900 0.67
1000 0.71
1100 0.75
1200 0.68
1300 0.73
1400 0.59
1500 0.73
1600 0.62
1700 0.6
1800 0.72
1900 0.64
2000 0.66
2100 0.7
2200 0.61
2300 0.59
2400 0.67
2500 0.57
2600 0.7
2700 0.59
2800 0.6
2900 0.58
3000 0.58
3100 0.65
3200 0.65
3300 0.61
3400 0.59
3500 0.62
3600 0.67
3700 0.65
3800 0.64
3900 0.57
4000 0.65
4100 0.64
4200 0.55
4300 0.62
4400 0.64
4500 0.66
4600 0.59
4700 0.56
4800 0.57
4900 0.65
5000 0.57
5100 0.61
5200 0.66
5300 0.58
5400 0.72
5500 0.55
5600 0.6
5700 0.66
5800 0.65
5900 0.57
6000 0.69
6100 0.59
6200 0.65
6300 0.63
6400 0.58
6500 0.76
6600 0.64
6700 0.66
6800 0.62
6900 0.74
7000 0.66
7100 0.69
7200 0.65
7300 0.65
7400 0.68
7500 0.64
7600 0.64
7700 0.57
7800 0.6
7900 0.72
8000 0.71
8100 0.6
8200 0.76
8300 0.66
8400 0.62
8500 0.61
8600 0.59
8700 0.65
8800 0.76
8900 0.54
9000 0.56
9100 0.65
9200 0.62
9300 0.68
9400 0.55
9500 0.57
9600 0.63
9700 0.69
9800 0.62
9900 0.58
10000 0.65
10100 0.69
10200 0.67
10300 0.66
10400 0.61
10500 0.59
10600 0.64
10700 0.72
10800 0.6
10900 0.6
11000 0.62
11100 0.74
11200 0.57
11300 0.59
11400 0.63
11500 0.67
11600 0.64
11700 0.56
11800 0.61
11900 0.59
12000 0.66
12100 0.63
12200 0.59
12300 0.66
12400 0.59
12500 0.69
12600 0.64
12700 0.63
12800 0.65
12900 0.68
13000 0.62
13100 0.61
13200 0.65
13300 0.66
13400 0.6
13500 0.66
13600 0.67
13700 0.52
13800 0.59
13900 0.61
14000 0.67
14100 0.63
14200 0.68
14300 0.69
14400 0.65
14500 0.6
14600 0.68
14700 0.58
14800 0.69
14900 0.6
15000 0.58
15100 0.61
15200 0.7
15300 0.56
15400 0.68
15500 0.64
15600 0.7
15700 0.64
15800 0.72
15900 0.49
16000 0.58
16100 0.6
16200 0.64
16300 0.68
16400 0.71
16500 0.72
16600 0.49
16700 0.7
16800 0.66
16900 0.62
17000 0.58
17100 0.63
17200 0.66
17300 0.63
17400 0.58
17500 0.62
17600 0.62
17700 0.72
17800 0.73
17900 0.74
18000 0.63
18100 0.6
18200 0.6
18300 0.78
18400 0.63
18500 0.71
18600 0.57
18700 0.61
18800 0.63
18900 0.55
19000 0.6
19100 0.52
19200 0.6
19300 0.58
19400 0.61
19500 0.62
19600 0.59
19700 0.6
19800 0.64
19900 0.54
20000 0.65
20100 0.57
20200 0.66
20300 0.62
20400 0.62
20500 0.65
20600 0.64
20700 0.73
20800 0.64
20900 0.69
21000 0.67
21100 0.68
21200 0.58
21300 0.61
21400 0.62
21500 0.7
21600 0.61
21700 0.61
21800 0.57
21900 0.7
22000 0.66
22100 0.67
22200 0.56
22300 0.5
22400 0.59
22500 0.67
22600 0.71
22700 0.61
22800 0.58
22900 0.72
23000 0.65
23100 0.73
23200 0.66
23300 0.7
23400 0.62
23500 0.69
23600 0.66
23700 0.63
23800 0.66
23900 0.62
24000 0.6
24100 0.71
24200 0.69
24300 0.6
24400 0.65
24500 0.56
24600 0.62
24700 0.58
24800 0.67
24900 0.64
25000 0.62
25100 0.63
25200 0.58
25300 0.63
25400 0.65
25500 0.63
25600 0.61
25700 0.63
25800 0.66
25900 0.56
26000 0.63
26100 0.65
26200 0.62
26300 0.63
26400 0.61
26500 0.67
26600 0.59
26700 0.55
26800 0.67
26900 0.63
27000 0.71
27100 0.68
27200 0.65
27300 0.63
27400 0.7
27500 0.62
27600 0.68
27700 0.6
27800 0.6
27900 0.58
28000 0.71
28100 0.54
28200 0.64
28300 0.67
28400 0.69
28500 0.65
28600 0.72
28700 0.6
28800 0.65
28900 0.68
29000 0.68
29100 0.61
29200 0.64
29300 0.67
29400 0.56
29500 0.65
29600 0.75
29700 0.66
29800 0.66
29900 0.66
30000 0.58
30100 0.6
30200 0.64
30300 0.59
30400 0.69
30500 0.62
30600 0.61
30700 0.62
30800 0.6
30900 0.65
31000 0.66
31100 0.52
31200 0.66
31300 0.51
31400 0.66
31500 0.63
31600 0.61
31700 0.63
31800 0.57
31900 0.65
32000 0.62
32100 0.66
32200 0.67
32300 0.65
32400 0.59
32500 0.61
32600 0.56
32700 0.55
32800 0.54
32900 0.69
33000 0.68
33100 0.65
33200 0.69
33300 0.61
33400 0.73
33500 0.54
33600 0.67
33700 0.61
33800 0.57
33900 0.64
34000 0.6
34100 0.64
34200 0.66
34300 0.71
34400 0.63
34500 0.51
34600 0.62
34700 0.66
34800 0.66
34900 0.63
35000 0.65
35100 0.58
35200 0.58
35300 0.65
35400 0.58
35500 0.74
35600 0.67
35700 0.63
35800 0.59
35900 0.57
36000 0.75
36100 0.71
36200 0.67
36300 0.62
36400 0.57
36500 0.63
36600 0.57
36700 0.67
36800 0.7
36900 0.58
37000 0.62
37100 0.64
37200 0.69
37300 0.65
37400 0.64
37500 0.6
37600 0.58
37700 0.56
37800 0.56
37900 0.63
38000 0.66
38100 0.64
38200 0.66
38300 0.6
38400 0.57
38500 0.49
38600 0.65
38700 0.75
38800 0.57
38900 0.68
39000 0.77
39100 0.62
39200 0.65
39300 0.66
39400 0.6
39500 0.65
39600 0.67
39700 0.65
39800 0.65
39900 0.59
40000 0.69
40100 0.59
40200 0.65
40300 0.65
40400 0.68
40500 0.68
40600 0.6
40700 0.71
40800 0.67
40900 0.58
41000 0.63
41100 0.59
41200 0.61
41300 0.71
41400 0.64
41500 0.6
41600 0.65
41700 0.64
41800 0.64
41900 0.65
42000 0.62
42100 0.64
42200 0.66
42300 0.58
42400 0.66
42500 0.62
42600 0.59
42700 0.69
42800 0.62
42900 0.68
43000 0.67
43100 0.61
43200 0.64
43300 0.6
43400 0.66
43500 0.72
43600 0.67
43700 0.69
43800 0.62
43900 0.63
44000 0.61
44100 0.65
44200 0.67
44300 0.61
44400 0.63
44500 0.66
44600 0.61
44700 0.62
44800 0.62
44900 0.6
45000 0.6
45100 0.63
45200 0.63
45300 0.65
45400 0.68
45500 0.67
45600 0.71
45700 0.67
45800 0.55
45900 0.65
46000 0.6
46100 0.65
46200 0.59
46300 0.64
46400 0.59
46500 0.66
46600 0.64
46700 0.68
46800 0.75
46900 0.64
47000 0.58
47100 0.56
47200 0.65
47300 0.61
47400 0.64
47500 0.58
47600 0.69
47700 0.68
47800 0.63
47900 0.67
48000 0.58
48100 0.66
48200 0.68
48300 0.61
48400 0.65
48500 0.67
48600 0.64
48700 0.63
48800 0.67
48900 0.66
49000 0.63
49100 0.63
49200 0.68
49300 0.65
49400 0.67
49500 0.67
49600 0.64
49700 0.63
49800 0.59
49900 0.59
