100 0.83
200 0.58
300 0.94
400 0.79
500 0.5
600 0.24
700 0.38
800 0.55
900 0.66
1000 0.68
1100 0.49
1200 0.67
1300 0.63
1400 0.68
1500 0.57
1600 0.56
1700 0.61
1800 0.6
1900 0.63
2000 0.61
2100 0.67
2200 0.66
2300 0.64
2400 0.65
2500 0.75
2600 0.8
2700 0.74
2800 0.74
2900 0.78
3000 0.79
3100 0.82
3200 0.85
3300 0.75
3400 0.71
3500 0.78
3600 0.7
3700 0.66
3800 0.8
3900 0.73
4000 0.77
4100 0.73
4200 0.71
4300 0.78
4400 0.74
4500 0.8
4600 0.75
4700 0.76
4800 0.77
4900 0.75
5000 0.84
5100 0.71
5200 0.72
5300 0.71
5400 0.8
5500 0.84
5600 0.82
5700 0.79
5800 0.75
5900 0.81
6000 0.77
6100 0.77
6200 0.87
6300 0.79
6400 0.68
6500 0.83
6600 0.78
6700 0.74
6800 0.87
6900 0.76
7000 0.81
7100 0.75
7200 0.72
7300 0.83
7400 0.86
7500 0.77
7600 0.86
7700 0.77
7800 0.67
7900 0.79
8000 0.8
8100 0.74
8200 0.68
8300 0.83
8400 0.74
8500 0.77
8600 0.69
8700 0.74
8800 0.75
8900 0.71
9000 0.67
9100 0.79
9200 0.73
9300 0.78
9400 0.77
9500 0.73
9600 0.72
9700 0.78
9800 0.76
9900 0.72
10000 0.75
10100 0.75
10200 0.8
10300 0.8
10400 0.81
10500 0.73
10600 0.74
10700 0.72
10800 0.73
10900 0.75
11000 0.77
11100 0.78
11200 0.76
11300 0.76
11400 0.71
11500 0.83
11600 0.82
11700 0.76
11800 0.76
11900 0.64
12000 0.66
12100 0.73
12200 0.73
12300 0.74
12400 0.72
12500 0.67
12600 0.73
12700 0.77
12800 0.71
12900 0.67
13000 0.8
13100 0.69
13200 0.74
13300 0.73
13400 0.8
13500 0.71
13600 0.73
13700 0.72
13800 0.77
13900 0.74
14000 0.72
14100 0.77
14200 0.74
14300 0.75
14400 0.75
14500 0.84
14600 0.76
14700 0.74
14800 0.73
14900 0.69
15000 0.72
15100 0.72
15200 0.69
15300 0.78
15400 0.8
15500 0.76
15600 0.67
15700 0.75
15800 0.74
15900 0.75
16000 0.79
16100 0.79
16200 0.77
16300 0.7
16400 0.69
16500 0.74
16600 0.77
16700 0.73
16800 0.75
16900 0.78
17000 0.76
17100 0.77
17200 0.67
17300 0.78
17400 0.78
17500 0.76
17600 0.75
17700 0.71
17800 0.77
17900 0.75
18000 0.8
18100 0.71
18200 0.77
18300 0.75
18400 0.78
18500 0.75
18600 0.81
18700 0.76
18800 0.71
18900 0.74
19000 0.77
19100 0.73
19200 0.77
19300 0.76
19400 0.81
19500 0.72
19600 0.69
19700 0.79
19800 0.79
19900 0.79
20000 0.78
20100 0.87
20200 0.85
20300 0.79
20400 0.79
20500 0.82
20600 0.76
20700 0.81
20800 0.78
20900 0.78
21000 0.77
21100 0.77
21200 0.77
21300 0.73
21400 0.73
21500 0.8
21600 0.78
21700 0.73
21800 0.69
21900 0.72
22000 0.75
22100 0.71
22200 0.81
22300 0.76
22400 0.78
22500 0.84
22600 0.78
22700 0.79
22800 0.75
22900 0.77
23000 0.7
23100 0.72
23200 0.8
23300 0.7
23400 0.74
23500 0.8
23600 0.8
23700 0.72
23800 0.84
23900 0.78
24000 0.8
24100 0.76
24200 0.73
24300 0.79
24400 0.79
24500 0.78
24600 0.83
24700 0.79
24800 0.74
24900 0.8
25000 0.73
25100 0.81
25200 0.73
25300 0.76
25400 0.73
25500 0.78
25600 0.73
25700 0.75
25800 0.75
25900 0.76
26000 0.71
26100 0.71
26200 0.82
26300 0.82
26400 0.75
26500 0.78
26600 0.79
26700 0.73
26800 0.76
26900 0.7
27000 0.8
27100 0.79
27200 0.73
27300 0.75
27400 0.74
27500 0.76
27600 0.73
27700 0.85
27800 0.72
27900 0.85
28000 0.79
28100 0.7
28200 0.75
28300 0.76
28400 0.78
28500 0.75
28600 0.81
28700 0.79
28800 0.76
28900 0.81
29000 0.83
29100 0.81
29200 0.76
29300 0.87
29400 0.78
29500 0.77
29600 0.81
29700 0.79
29800 0.82
29900 0.75
30000 0.74
30100 0.79
30200 0.77
30300 0.79
30400 0.81
30500 0.77
30600 0.75
30700 0.84
30800 0.77
30900 0.78
31000 0.75
31100 0.86
31200 0.71
31300 0.75
31400 0.72
31500 0.72
31600 0.69
31700 0.72
31800 0.77
31900 0.74
32000 0.78
32100 0.71
32200 0.76
32300 0.79
32400 0.8
32500 0.81
32600 0.87
32700 0.85
32800 0.73
32900 0.82
33000 0.76
33100 0.75
33200 0.8
33300 0.76
33400 0.69
33500 0.78
33600 0.76
33700 0.75
33800 0.74
33900 0.76
34000 0.78
34100 0.76
34200 0.75
34300 0.76
34400 0.79
34500 0.77
34600 0.72
34700 0.73
34800 0.84
34900 0.76
35000 0.77
35100 0.76
35200 0.81
35300 0.77
35400 0.69
35500 0.81
35600 0.81
35700 0.78
35800 0.77
35900 0.82
36000 0.87
36100 0.79
36200 0.73
36300 0.78
36400 0.86
36500 0.78
36600 0.86
36700 0.77
36800 0.7
36900 0.87
37000 0.82
37100 0.83
37200 0.8
37300 0.76
37400 0.76
37500 0.81
37600 0.8
37700 0.76
37800 0.73
37900 0.83
38000 0.82
38100 0.79
38200 0.8
38300 0.73
38400 0.81
38500 0.83
38600 0.71
38700 0.75
38800 0.78
38900 0.77
39000 0.74
39100 0.89
39200 0.78
39300 0.78
39400 0.82
39500 0.85
39600 0.73
39700 0.84
39800 0.8
39900 0.84
40000 0.71
40100 0.82
40200 0.72
40300 0.72
40400 0.76
40500 0.77
40600 0.76
40700 0.72
40800 0.68
40900 0.78
41000 0.8
41100 0.83
41200 0.84
41300 0.78
41400 0.7
41500 0.82
41600 0.85
41700 0.82
41800 0.7
41900 0.78
42000 0.72
42100 0.72
42200 0.73
42300 0.84
42400 0.75
42500 0.78
42600 0.79
42700 0.83
42800 0.77
42900 0.81
43000 0.81
43100 0.83
43200 0.8
43300 0.66
43400 0.84
43500 0.68
43600 0.78
43700 0.66
43800 0.73
43900 0.76
44000 0.75
44100 0.67
44200 0.85
44300 0.81
44400 0.78
44500 0.73
44600 0.72
44700 0.71
44800 0.77
44900 0.72
45000 0.74
45100 0.81
45200 0.76
45300 0.8
45400 0.79
45500 0.8
45600 0.71
45700 0.72
45800 0.8
45900 0.76
46000 0.78
46100 0.8
46200 0.83
46300 0.81
46400 0.79
46500 0.76
46600 0.8
46700 0.73
46800 0.79
46900 0.74
47000 0.86
47100 0.76
47200 0.81
47300 0.76
47400 0.72
47500 0.73
47600 0.75
47700 0.77
47800 0.76
47900 0.83
48000 0.8
48100 0.83
48200 0.78
48300 0.75
48400 0.81
48500 0.7
48600 0.75
48700 0.74
48800 0.71
48900 0.74
49000 0.78
49100 0.74
49200 0.79
49300 0.74
49400 0.78
49500 0.82
49600 0.83
49700 0.74
49800 0.77
49900 0.78
