100 0.65
200 0.68
300 0.703333
400 0.705
500 0.718
600 0.715
700 0.721429
800 0.72125
900 0.715556
1000 0.715
1100 0.718182
1200 0.715
1300 0.716154
1400 0.707143
1500 0.708667
1600 0.703125
1700 0.697059
1800 0.698333
1900 0.695263
2000 0.6935
2100 0.69381
2200 0.69
2300 0.685652
2400 0.685
2500 0.6804
2600 0.681154
2700 0.677778
2800 0.675
2900 0.671724
3000 0.668667
3100 0.668065
3200 0.6675
3300 0.665758
3400 0.663529
3500 0.662286
3600 0.6625
3700 0.662162
3800 0.661579
3900 0.659231
4000 0.659
4100 0.658537
4200 0.655952
4300 0.655116
4400 0.654773
4500 0.654889
4600 0.653478
4700 0.651489
4800 0.649792
4900 0.649796
5000 0.6482
5100 0.647451
5200 0.647692
5300 0.646415
5400 0.647778
5500 0.646
5600 0.645179
5700 0.645439
5800 0.645517
5900 0.644237
6000 0.645
6100 0.644098
6200 0.644194
6300 0.643968
6400 0.642969
6500 0.644769
6600 0.644697
6700 0.644925
6800 0.644559
6900 0.645942
7000 0.646143
7100 0.646761
7200 0.646806
7300 0.646849
7400 0.647297
7500 0.6472
7600 0.647105
7700 0.646104
7800 0.645513
7900 0.646456
8000 0.64725
8100 0.646667
8200 0.648049
8300 0.648193
8400 0.647857
8500 0.647412
8600 0.646744
8700 0.646782
8800 0.648068
8900 0.646854
9000 0.645889
9100 0.645934
9200 0.645652
9300 0.646022
9400 0.645
9500 0.644211
9600 0.644062
9700 0.644536
9800 0.644286
9900 0.643636
10000 0.6437
10100 0.644158
10200 0.644412
10300 0.644563
10400 0.644231
10500 0.643714
10600 0.643679
10700 0.644393
10800 0.643981
10900 0.643578
11000 0.643364
11100 0.644234
11200 0.643571
11300 0.643097
11400 0.642982
11500 0.643217
11600 0.64319
11700 0.642479
11800 0.642203
11900 0.641765
12000 0.641917
12100 0.641818
12200 0.641393
12300 0.641545
12400 0.641129
12500 0.64152
12600 0.641508
12700 0.641417
12800 0.641484
12900 0.641783
13000 0.641615
13100 0.641374
13200 0.641439
13300 0.641579
13400 0.641269
13500 0.641407
13600 0.641618
13700 0.64073
13800 0.640362
13900 0.640144
14000 0.640357
14100 0.640284
14200 0.640563
14300 0.640909
14400 0.640972
14500 0.64069
14600 0.640959
14700 0.640544
14800 0.640878
14900 0.640604
15000 0.6402
15100 0.64
15200 0.640395
15300 0.639869
15400 0.64013
15500 0.640129
15600 0.640513
15700 0.64051
15800 0.641013
15900 0.640063
16000 0.639687
16100 0.639441
16200 0.639444
16300 0.639693
16400 0.640122
16500 0.640606
16600 0.639699
16700 0.64006
16800 0.640179
16900 0.640059
17000 0.639706
17100 0.639649
17200 0.639767
17300 0.639711
17400 0.639368
17500 0.639257
17600 0.639148
17700 0.639605
17800 0.640112
17900 0.64067
18000 0.640611
18100 0.640387
18200 0.640165
18300 0.640929
18400 0.64087
18500 0.641243
18600 0.64086
18700 0.640695
18800 0.640638
18900 0.640159
19000 0.639947
19100 0.639319
19200 0.639115
19300 0.638808
19400 0.63866
19500 0.638564
19600 0.638316
19700 0.638122
19800 0.638131
19900 0.637638
20000 0.6377
20100 0.637363
20200 0.637475
20300 0.637389
20400 0.637304
20500 0.637366
20600 0.637379
20700 0.637826
20800 0.637837
20900 0.638086
21000 0.638238
21100 0.638436
21200 0.63816
21300 0.638028
21400 0.637944
21500 0.638233
21600 0.638102
21700 0.637972
21800 0.637661
21900 0.637945
22000 0.638045
22100 0.63819
22200 0.637838
22300 0.63722
22400 0.637009
22500 0.637156
22600 0.637478
22700 0.637357
22800 0.637105
22900 0.637467
23000 0.637522
23100 0.637922
23200 0.638017
23300 0.638283
23400 0.638205
23500 0.638426
23600 0.638517
23700 0.638481
23800 0.638571
23900 0.638494
24000 0.638333
24100 0.638631
24200 0.638843
24300 0.638683
24400 0.63873
24500 0.638408
24600 0.638333
24700 0.638097
24800 0.638226
24900 0.638233
25000 0.63816
25100 0.638127
25200 0.637897
25300 0.637866
25400 0.637913
25500 0.637882
25600 0.637773
25700 0.637743
25800 0.637829
25900 0.637529
26000 0.6375
26100 0.637548
26200 0.637481
26300 0.637452
26400 0.637348
26500 0.637472
26600 0.637293
26700 0.636966
26800 0.63709
26900 0.637063
27000 0.637333
27100 0.637491
27200 0.637537
27300 0.637509
27400 0.637737
27500 0.637673
27600 0.637826
27700 0.63769
27800 0.637554
27900 0.637348
28000 0.637607
28100 0.63726
28200 0.63727
28300 0.637385
28400 0.63757
28500 0.637614
28600 0.637902
28700 0.63777
28800 0.637813
28900 0.637958
29000 0.638103
29100 0.638007
29200 0.638014
29300 0.638123
29400 0.637857
29500 0.637898
29600 0.638277
29700 0.63835
29800 0.638423
29900 0.638495
30000 0.6383
30100 0.638173
30200 0.638179
30300 0.63802
30400 0.638191
30500 0.638131
30600 0.638039
30700 0.63798
30800 0.637857
30900 0.637896
31000 0.637968
31100 0.637588
31200 0.63766
31300 0.637252
31400 0.637325
31500 0.637302
31600 0.637215
31700 0.637192
31800 0.636981
31900 0.637022
32000 0.636969
32100 0.63704
32200 0.637143
32300 0.637183
32400 0.637037
32500 0.636954
32600 0.636718
32700 0.636453
32800 0.636159
32900 0.636322
33000 0.636455
33100 0.636495
33200 0.636657
33300 0.636577
33400 0.636856
33500 0.636567
33600 0.636667
33700 0.636588
33800 0.636391
33900 0.636401
34000 0.636294
34100 0.636305
34200 0.636374
34300 0.636589
34400 0.63657
34500 0.636203
34600 0.636156
34700 0.636225
34800 0.636293
34900 0.636275
35000 0.636314
35100 0.636154
35200 0.635994
35300 0.636034
35400 0.635876
35500 0.636169
35600 0.636264
35700 0.636246
35800 0.636117
35900 0.635933
36000 0.63625
36100 0.636454
36200 0.636547
36300 0.636501
36400 0.636319
36500 0.636301
36600 0.63612
36700 0.636213
36800 0.636386
36900 0.636233
37000 0.636189
37100 0.636199
37200 0.636344
37300 0.636381
37400 0.63639
37500 0.636293
37600 0.636144
37700 0.635942
37800 0.635741
37900 0.635726
38000 0.635789
38100 0.635801
38200 0.635864
38300 0.63577
38400 0.635599
38500 0.635221
38600 0.635259
38700 0.635556
38800 0.635387
38900 0.635501
39000 0.635846
39100 0.635806
39200 0.635842
39300 0.635903
39400 0.635812
39500 0.635848
39600 0.635934
39700 0.63597
39800 0.636005
39900 0.63589
40000 0.636025
40100 0.63591
40200 0.635945
40300 0.63598
40400 0.636089
40500 0.636198
40600 0.636108
40700 0.63629
40800 0.636373
40900 0.636235
41000 0.63622
41100 0.636107
41200 0.636044
41300 0.636223
41400 0.636232
41500 0.636145
41600 0.636178
41700 0.636187
41800 0.636196
41900 0.636229
42000 0.63619
42100 0.6362
42200 0.636256
42300 0.636123
42400 0.636179
42500 0.636141
42600 0.636033
42700 0.636159
42800 0.636121
42900 0.636224
43000 0.636302
43100 0.636241
43200 0.63625
43300 0.636166
43400 0.636221
43500 0.636414
43600 0.636491
43700 0.636613
43800 0.636575
43900 0.63656
44000 0.6365
44100 0.636531
44200 0.636606
44300 0.636546
44400 0.636532
44500 0.636584
44600 0.636525
44700 0.636488
44800 0.636451
44900 0.63637
45000 0.636289
45100 0.636275
45200 0.636261
45300 0.636291
45400 0.636388
45500 0.636462
45600 0.636623
45700 0.636696
45800 0.636507
45900 0.636536
46000 0.636457
46100 0.636486
46200 0.636385
46300 0.636393
46400 0.636293
46500 0.636344
46600 0.636352
46700 0.636445
46800 0.636688
46900 0.636695
47000 0.636574
47100 0.636412
47200 0.636441
47300 0.636385
47400 0.636392
47500 0.636274
47600 0.636387
47700 0.636478
47800 0.636464
47900 0.636534
48000 0.636417
48100 0.636466
48200 0.636556
48300 0.636501
48400 0.636529
48500 0.636598
48600 0.636605
48700 0.636591
48800 0.63666
48900 0.636708
49000 0.636694
49100 0.63668
49200 0.636768
49300 0.636795
49400 0.636862
49500 0.636929
49600 0.636935
49700 0.636922
49800 0.636827
49900 0.636733
