100 0
200 1
300 0.48
400 0
500 0.46
600 0.51
700 0
800 0.53
900 1
1000 0.46
1100 1
1200 0.52
1300 0.6
1400 0.49
1500 0.49
1600 0.53
1700 0.42
1800 0.43
1900 1
2000 0.44
2100 0.61
2200 1
2300 0.5
2400 1
2500 1
2600 0
2700 1
2800 0.58
2900 0.47
3000 0
3100 0.51
3200 0
3300 1
3400 1
3500 0.51
3600 1
3700 0.49
3800 1
3900 0.47
4000 1
4100 0.49
4200 0.49
4300 0.48
4400 1
4500 0
4600 0
4700 0.51
4800 0.47
4900 0.49
5000 1
5100 0.47
5200 1
5300 0
5400 0
5500 0.41
5600 0.42
5700 0.54
5800 0.51
5900 0.5
6000 1
6100 0.52
6200 1
6300 0.48
6400 0.46
6500 0
6600 0
6700 0.53
6800 1
6900 1
7000 1
7100 1
7200 0.48
7300 0.46
7400 1
7500 0
7600 0
7700 1
7800 1
7900 0
8000 1
8100 0.5
8200 0.49
8300 1
8400 1
8500 1
8600 1
8700 1
8800 1
8900 1
9000 1
9100 1
9200 1
9300 1
9400 0.57
9500 0.52
9600 1
9700 0.53
9800 1
9900 1
10000 1
10100 1
10200 1
10300 1
10400 1
10500 0.48
10600 1
10700 1
10800 1
10900 0.54
11000 1
11100 1
11200 1
11300 0.55
11400 1
11500 1
11600 1
11700 0.56
11800 0.48
11900 1
12000 1
12100 0.45
12200 1
12300 1
12400 1
12500 1
12600 1
12700 1
12800 0.47
12900 1
13000 1
13100 0.44
13200 0.56
13300 0.56
13400 1
13500 1
13600 0.41
13700 1
13800 0.53
13900 1
14000 1
14100 0.54
14200 0.44
14300 0.46
14400 1
14500 0.48
14600 1
14700 1
14800 0
14900 1
15000 1
15100 1
15200 0.54
15300 0.53
15400 0.53
15500 0.61
15600 0.56
15700 0.46
15800 0.53
15900 0.61
16000 1
16100 0.48
16200 0.41
16300 0.51
16400 1
16500 1
16600 0.5
16700 0.51
16800 1
16900 1
17000 1
17100 0.55
17200 1
17300 1
17400 1
17500 1
17600 0
17700 1
17800 1
17900 0
18000 1
18100 0
18200 1
18300 1
18400 0.53
18500 0.48
18600 1
18700 1
18800 0.45
18900 1
19000 1
19100 0.51
19200 0.48
19300 1
19400 0.43
19500 1
19600 1
19700 1
19800 1
19900 1
20000 0.53
20100 1
20200 1
20300 1
20400 1
20500 0.51
20600 1
20700 0.52
20800 1
20900 1
21000 1
21100 0.51
21200 1
21300 0.43
21400 0
21500 1
21600 0.5
21700 1
21800 0.46
21900 0.5
22000 0.5
22100 1
22200 0.46
22300 0.45
22400 1
22500 1
22600 1
22700 1
22800 0.52
22900 0.49
23000 1
23100 1
23200 1
23300 1
23400 1
23500 1
23600 1
23700 1
23800 1
23900 1
24000 1
24100 1
24200 1
24300 0.63
24400 0.56
24500 1
24600 0.47
24700 0.56
24800 0.49
24900 1
25000 0
25100 1
25200 0.43
25300 0.53
25400 0.59
25500 1
25600 1
25700 1
25800 1
25900 1
26000 1
26100 0.51
26200 1
26300 1
26400 1
26500 1
26600 1
26700 1
26800 1
26900 1
27000 1
27100 1
27200 1
27300 1
27400 0.51
27500 1
27600 1
27700 0.44
27800 1
27900 1
28000 0.5
28100 0.47
28200 1
28300 0.57
28400 1
28500 0
28600 1
28700 0.57
28800 1
28900 1
29000 1
29100 1
29200 1
29300 0.59
29400 0.5
29500 0.5
29600 1
29700 0.49
29800 1
29900 0
30000 0.48
30100 0
30200 1
30300 0.55
30400 0.64
30500 0.51
30600 0.49
30700 0
30800 0.46
30900 0.54
31000 0.58
31100 0
31200 1
31300 1
31400 0.49
31500 1
31600 0
31700 0.5
31800 0.54
31900 0.49
32000 1
32100 0.46
32200 1
32300 0
32400 0.47
32500 1
32600 1
32700 1
32800 0.46
32900 1
33000 1
33100 0.53
33200 1
33300 0.49
33400 0.54
33500 0
33600 0.49
33700 0.47
33800 0.52
33900 1
34000 0.57
34100 0.52
34200 1
34300 1
34400 1
34500 0.49
34600 1
34700 0.46
34800 0.54
34900 0
35000 0
35100 0.58
35200 0.57
35300 0.55
35400 0
35500 0
35600 1
35700 1
35800 0.56
35900 1
36000 0
36100 1
36200 0
36300 0.49
36400 1
36500 0.47
36600 0.5
36700 0.49
36800 0.51
36900 0
37000 0
37100 0.44
37200 0.52
37300 1
37400 1
37500 0.44
37600 1
37700 1
37800 0.51
37900 1
38000 1
38100 1
38200 1
38300 1
38400 1
38500 0.52
38600 1
38700 0.51
38800 0.43
38900 0
39000 0.49
39100 1
39200 0
39300 1
39400 0
39500 0.46
39600 1
39700 1
39800 1
39900 0.52
40000 0.47
40100 0.5
40200 1
40300 1
40400 0.45
40500 1
40600 0.5
40700 1
40800 0.48
40900 1
41000 1
41100 1
41200 1
41300 0.47
41400 0.43
41500 0
41600 1
41700 1
41800 1
41900 1
42000 1
42100 1
42200 0.48
42300 1
42400 1
42500 0.48
42600 1
42700 1
42800 1
42900 1
43000 1
43100 1
43200 1
43300 1
43400 0
43500 1
43600 0.43
43700 0
43800 0
43900 0.42
44000 0.52
44100 1
44200 0
44300 0.49
44400 0.56
44500 0
44600 0.59
44700 0
44800 1
44900 0.47
45000 0.56
45100 1
45200 1
45300 1
45400 1
45500 1
45600 0.58
45700 1
45800 1
45900 0.52
46000 0.55
46100 0.38
46200 1
46300 1
46400 0.42
46500 1
46600 0.49
46700 0.51
46800 1
46900 1
47000 0.47
47100 1
47200 1
47300 1
47400 1
47500 1
47600 1
47700 1
47800 1
47900 1
48000 0.47
48100 0.55
48200 0
48300 1
48400 0.46
48500 1
48600 1
48700 1
48800 0.5
48900 1
49000 0.46
49100 1
49200 0
49300 0.58
49400 1
49500 1
49600 1
49700 1
49800 0.48
49900 1
