0 0.94
100 0.5
200 0.6
300 0.66
400 0.75
500 0.65
600 0.68
700 0.6
800 0.62
900 0.64
1000 0.74
1100 0.72
1200 0.8
1300 0.67
1400 0.74
1500 0.65
1600 0.66
1700 0.61
1800 0.61
1900 0.69
2000 0.65
2100 0.57
2200 0.64
2300 0.64
2400 0.72
2500 0.64
2600 0.63
2700 0.71
2800 0.72
2900 0.64
3000 0.67
3100 0.63
3200 0.65
3300 0.71
3400 0.59
3500 0.6
3600 0.63
3700 0.68
3800 0.61
3900 0.7
4000 0.67
4100 0.71
4200 0.72
4300 0.68
4400 0.61
4500 0.66
4600 0.72
4700 0.59
4800 0.64
4900 0.62
5000 0.65
5100 0.6
5200 0.64
5300 0.76
5400 0.62
5500 0.6
5600 0.69
5700 0.69
5800 0.66
5900 0.7
6000 0.68
6100 0.64
6200 0.7
6300 0.62
6400 0.74
6500 0.75
6600 0.71
6700 0.67
6800 0.68
6900 0.73
7000 0.7
7100 0.62
7200 0.66
7300 0.6
7400 0.77
7500 0.65
7600 0.66
7700 0.6
7800 0.71
7900 0.7
8000 0.71
8100 0.71
8200 0.74
8300 0.69
8400 0.75
8500 0.74
8600 0.86
8700 0.77
8800 0.79
8900 0.75
9000 0.72
9100 0.73
9200 0.74
9300 0.69
9400 0.62
9500 0.7
9600 0.67
9700 0.75
9800 0.72
9900 0.77
10000 0.7
10100 0.72
10200 0.74
10300 0.69
10400 0.64
10500 0.66
10600 0.7
10700 0.78
10800 0.64
10900 0.67
11000 0.72
11100 0.65
11200 0.78
11300 0.66
11400 0.79
11500 0.64
11600 0.74
11700 0.61
11800 0.7
11900 0.65
12000 0.74
12100 0.6
12200 0.68
12300 0.72
12400 0.72
12500 0.66
12600 0.65
12700 0.76
12800 0.75
12900 0.86
13000 0.71
13100 0.75
13200 0.68
13300 0.75
13400 0.78
13500 0.8
13600 0.76
13700 0.67
13800 0.6
13900 0.71
14000 0.71
14100 0.72
14200 0.8
14300 0.72
14400 0.72
14500 0.7
14600 0.69
14700 0.75
14800 0.66
14900 0.63
15000 0.73
15100 0.74
15200 0.69
15300 0.7
15400 0.68
15500 0.67
15600 0.77
15700 0.76
15800 0.72
15900 0.7
16000 0.7
16100 0.76
16200 0.59
16300 0.74
16400 0.72
16500 0.64
16600 0.69
16700 0.74
16800 0.75
16900 0.73
17000 0.54
17100 0.71
17200 0.76
17300 0.73
17400 0.74
17500 0.6
17600 0.68
17700 0.7
17800 0.67
17900 0.67
18000 0.69
18100 0.78
18200 0.81
18300 0.59
18400 0.69
18500 0.78
18600 0.67
18700 0.66
18800 0.64
18900 0.65
19000 0.64
19100 0.64
19200 0.67
19300 0.66
19400 0.57
19500 0.77
19600 0.75
19700 0.77
19800 0.72
19900 0.74
20000 0.71
20100 0.73
20200 0.7
20300 0.7
20400 0.7
20500 0.64
20600 0.74
20700 0.73
20800 0.71
20900 0.72
21000 0.67
21100 0.71
21200 0.72
21300 0.69
21400 0.69
21500 0.78
21600 0.67
21700 0.73
21800 0.74
21900 0.67
22000 0.78
22100 0.63
22200 0.67
22300 0.62
22400 0.62
22500 0.68
22600 0.76
22700 0.77
22800 0.72
22900 0.77
23000 0.73
23100 0.73
23200 0.78
23300 0.88
23400 0.82
23500 0.78
23600 0.74
23700 0.77
23800 0.76
23900 0.65
24000 0.8
24100 0.64
24200 0.81
24300 0.7
24400 0.7
24500 0.68
24600 0.7
24700 0.71
24800 0.71
24900 0.6
25000 0.71
25100 0.73
25200 0.7
25300 0.67
25400 0.57
25500 0.75
25600 0.68
25700 0.7
25800 0.67
25900 0.72
26000 0.66
26100 0.73
26200 0.79
26300 0.6
26400 0.75
26500 0.63
26600 0.75
26700 0.67
26800 0.73
26900 0.72
27000 0.7
27100 0.67
27200 0.62
27300 0.69
27400 0.64
27500 0.67
27600 0.74
27700 0.73
27800 0.73
27900 0.68
28000 0.72
28100 0.74
28200 0.71
28300 0.72
28400 0.57
28500 0.73
28600 0.74
28700 0.77
28800 0.64
28900 0.68
29000 0.73
29100 0.72
29200 0.75
29300 0.64
29400 0.76
29500 0.7
29600 0.7
29700 0.76
29800 0.7
29900 0.71
30000 0.69
30100 0.66
30200 0.77
30300 0.72
30400 0.75
30500 0.7
30600 0.69
30700 0.72
30800 0.67
30900 0.76
31000 0.69
31100 0.63
31200 0.65
31300 0.74
31400 0.69
31500 0.79
31600 0.66
31700 0.63
31800 0.79
31900 0.7
32000 0.73
32100 0.68
32200 0.67
32300 0.73
32400 0.77
32500 0.72
32600 0.64
32700 0.72
32800 0.7
32900 0.68
33000 0.82
33100 0.67
33200 0.71
33300 0.71
33400 0.79
33500 0.76
33600 0.71
33700 0.75
33800 0.81
33900 0.75
34000 0.65
34100 0.78
34200 0.63
34300 0.65
34400 0.73
34500 0.79
34600 0.68
34700 0.8
34800 0.81
34900 0.73
35000 0.61
35100 0.77
35200 0.83
35300 0.75
35400 0.75
35500 0.7
35600 0.81
35700 0.85
35800 0.78
35900 0.69
36000 0.77
36100 0.75
36200 0.82
36300 0.68
36400 0.74
36500 0.73
36600 0.72
36700 0.61
36800 0.71
36900 0.75
37000 0.66
37100 0.89
37200 0.77
37300 0.56
37400 0.73
37500 0.8
37600 0.7
37700 0.72
37800 0.64
37900 0.71
38000 0.82
38100 0.7
38200 0.74
38300 0.75
38400 0.67
38500 0.61
38600 0.67
38700 0.69
38800 0.74
38900 0.63
39000 0.63
39100 0.75
39200 0.73
39300 0.81
39400 0.75
39500 0.62
39600 0.73
39700 0.75
39800 0.78
39900 0.77
40000 0.8
40100 0.76
40200 0.69
40300 0.74
40400 0.64
40500 0.64
40600 0.76
40700 0.81
40800 0.76
40900 0.63
41000 0.77
41100 0.74
41200 0.8
41300 0.73
41400 0.66
41500 0.74
41600 0.78
41700 0.74
41800 0.71
41900 0.79
42000 0.69
42100 0.76
42200 0.62
42300 0.72
42400 0.66
42500 0.68
42600 0.63
42700 0.66
42800 0.71
42900 0.73
43000 0.67
43100 0.72
43200 0.69
43300 0.66
43400 0.69
43500 0.64
43600 0.66
43700 0.65
43800 0.72
43900 0.62
44000 0.48
44100 0.68
44200 0.74
44300 0.68
44400 0.7
44500 0.66
44600 0.66
44700 0.72
44800 0.7
44900 0.71
45000 0.67
45100 0.73
45200 0.71
45300 0.7
45400 0.67
45500 0.71
45600 0.62
45700 0.74
45800 0.68
45900 0.59
46000 0.63
46100 0.66
46200 0.71
46300 0.69
46400 0.69
46500 0.7
46600 0.65
46700 0.72
46800 0.68
46900 0.64
47000 0.66
47100 0.76
47200 0.65
47300 0.71
47400 0.72
47500 0.74
47600 0.64
47700 0.76
47800 0.7
47900 0.73
48000 0.78
48100 0.65
48200 0.62
48300 0.59
48400 0.6
48500 0.65
48600 0.63
48700 0.59
48800 0.72
48900 0.7
49000 0.65
49100 0.71
49200 0.6
49300 0.62
49400 0.63
49500 0.65
49600 0.65
49700 0.67
49800 0.66
49900 0.6
