0 0.94
100 0.72
200 0.68
300 0.675
400 0.69
500 0.683333
600 0.682857
700 0.6725
800 0.666667
900 0.664
1000 0.670909
1100 0.675
1200 0.684615
1300 0.683571
1400 0.687333
1500 0.685
1600 0.683529
1700 0.679444
1800 0.675789
1900 0.6765
2000 0.675238
2100 0.670455
2200 0.66913
2300 0.667917
2400 0.67
2500 0.668846
2600 0.667407
2700 0.668929
2800 0.67069
2900 0.669667
3000 0.669677
3100 0.668438
3200 0.667879
3300 0.669118
3400 0.666857
3500 0.665
3600 0.664054
3700 0.664474
3800 0.663077
3900 0.664
4000 0.664146
4100 0.665238
4200 0.666512
4300 0.666818
4400 0.665556
4500 0.665435
4600 0.666596
4700 0.665
4800 0.66449
4900 0.6636
5000 0.663333
5100 0.662115
5200 0.661698
5300 0.663519
5400 0.662727
5500 0.661607
5600 0.662105
5700 0.662586
5800 0.662542
5900 0.663167
6000 0.663443
6100 0.663065
6200 0.663651
6300 0.662969
6400 0.664154
6500 0.665455
6600 0.666119
6700 0.666176
6800 0.666377
6900 0.667286
7000 0.667746
7100 0.667083
7200 0.666986
7300 0.666081
7400 0.667467
7500 0.667237
7600 0.667143
7700 0.666282
7800 0.666835
7900 0.66725
8000 0.667778
8100 0.668293
8200 0.669157
8300 0.669405
8400 0.670353
8500 0.671163
8600 0.673333
8700 0.674432
8800 0.67573
8900 0.676556
9000 0.677033
9100 0.677609
9200 0.67828
9300 0.678404
9400 0.677789
9500 0.678021
9600 0.677938
9700 0.678673
9800 0.679091
9900 0.68
10000 0.680198
10100 0.680588
10200 0.681165
10300 0.68125
10400 0.680857
10500 0.68066
10600 0.680841
10700 0.681759
10800 0.681376
10900 0.681273
11000 0.681622
11100 0.681339
11200 0.682212
11300 0.682018
11400 0.682957
11500 0.682586
11600 0.683077
11700 0.682458
11800 0.682605
11900 0.682333
12000 0.68281
12100 0.682131
12200 0.682114
12300 0.682419
12400 0.68272
12500 0.68254
12600 0.682283
12700 0.682891
12800 0.683411
12900 0.684769
13000 0.684962
13100 0.685455
13200 0.685414
13300 0.685896
13400 0.686593
13500 0.687426
13600 0.687956
13700 0.687826
13800 0.687194
13900 0.687357
14000 0.687518
14100 0.687746
14200 0.688531
14300 0.68875
14400 0.688966
14500 0.689041
14600 0.689048
14700 0.689459
14800 0.689262
14900 0.688867
15000 0.689139
15100 0.689474
15200 0.689477
15300 0.689545
15400 0.689484
15500 0.689359
15600 0.689873
15700 0.690316
15800 0.690503
15900 0.690562
16000 0.690621
16100 0.691049
16200 0.690429
16300 0.690732
16400 0.690909
16500 0.690602
16600 0.690599
16700 0.690893
16800 0.691243
16900 0.691471
17000 0.690585
17100 0.690698
17200 0.691098
17300 0.691322
17400 0.6916
17500 0.69108
17600 0.691017
17700 0.691067
17800 0.69095
17900 0.690833
18000 0.690829
18100 0.691319
18200 0.691967
18300 0.691413
18400 0.691405
18500 0.691882
18600 0.691765
18700 0.691596
18800 0.691323
18900 0.691105
19000 0.690838
19100 0.690573
19200 0.690466
19300 0.690309
19400 0.689692
19500 0.690102
19600 0.690406
19700 0.690808
19800 0.690955
19900 0.6912
20000 0.691294
20100 0.691485
20200 0.691527
20300 0.691569
20400 0.69161
20500 0.691359
20600 0.691594
20700 0.691779
20800 0.691866
20900 0.692
21000 0.691896
21100 0.691981
21200 0.692113
21300 0.692103
21400 0.692093
21500 0.6925
21600 0.692396
21700 0.692569
21800 0.692785
21900 0.692682
22000 0.693077
22100 0.692793
22200 0.692691
22300 0.692366
22400 0.692044
22500 0.691991
22600 0.692291
22700 0.692632
22800 0.692751
22900 0.693087
23000 0.693247
23100 0.693405
23200 0.693777
23300 0.694573
23400 0.695106
23500 0.695466
23600 0.695654
23700 0.695966
23800 0.696234
23900 0.696042
24000 0.696473
24100 0.69624
24200 0.696708
24300 0.696721
24400 0.696735
24500 0.696667
24600 0.69668
24700 0.696734
24800 0.696787
24900 0.6964
25000 0.696454
25100 0.696587
25200 0.696601
25300 0.696496
25400 0.696
25500 0.696211
25600 0.696148
25700 0.696163
25800 0.696062
25900 0.696154
26000 0.696015
26100 0.696145
26200 0.696502
26300 0.696136
26400 0.69634
26500 0.69609
26600 0.696292
26700 0.696194
26800 0.69632
26900 0.696407
27000 0.696421
27100 0.696324
27200 0.696044
27300 0.696022
27400 0.695818
27500 0.695725
27600 0.695884
27700 0.696007
27800 0.696129
27900 0.696071
28000 0.696157
28100 0.696312
28200 0.69636
28300 0.696444
28400 0.696
28500 0.696119
28600 0.696272
28700 0.696528
28800 0.696332
28900 0.696276
29000 0.696392
29100 0.696473
29200 0.696655
29300 0.696463
29400 0.696678
29500 0.696689
29600 0.6967
29700 0.696913
29800 0.696923
29900 0.696967
30000 0.696944
30100 0.696821
30200 0.697063
30300 0.697138
30400 0.697311
30500 0.69732
30600 0.697296
30700 0.69737
30800 0.697282
30900 0.697484
31000 0.69746
31100 0.697244
31200 0.697093
31300 0.697229
31400 0.697206
31500 0.6975
31600 0.697382
31700 0.69717
31800 0.697461
31900 0.697469
32000 0.69757
32100 0.697516
32200 0.69743
32300 0.697531
32400 0.697754
32500 0.697822
32600 0.697645
32700 0.697713
32800 0.69772
32900 0.697667
33000 0.698036
33100 0.697952
33200 0.697988
33300 0.698024
33400 0.698299
33500 0.698482
33600 0.698516
33700 0.698669
33800 0.698997
33900 0.699147
34000 0.699003
34100 0.69924
34200 0.699038
34300 0.698895
34400 0.698986
34500 0.699249
34600 0.699193
34700 0.699483
34800 0.699799
34900 0.699886
35000 0.69963
35100 0.69983
35200 0.700198
35300 0.700339
35400 0.700479
35500 0.700478
35600 0.700784
35700 0.701201
35800 0.701421
35900 0.701389
36000 0.701579
36100 0.701713
36200 0.702039
36300 0.701978
36400 0.702082
36500 0.702158
36600 0.702207
36700 0.701957
36800 0.701978
36900 0.702108
37000 0.701995
37100 0.7025
37200 0.702681
37300 0.702299
37400 0.702373
37500 0.702633
37600 0.702626
37700 0.702672
37800 0.702507
37900 0.702526
38000 0.702835
38100 0.702827
38200 0.702924
38300 0.703047
38400 0.702961
38500 0.70272
38600 0.702636
38700 0.702603
38800 0.702699
38900 0.702513
39000 0.702327
39100 0.702449
39200 0.702519
39300 0.702792
39400 0.702911
39500 0.702702
39600 0.702771
39700 0.702889
39800 0.703083
39900 0.70325
40000 0.703491
40100 0.703632
40200 0.703598
40300 0.703688
40400 0.703531
40500 0.703374
40600 0.703514
40700 0.703775
40800 0.703912
40900 0.703732
41000 0.703893
41100 0.703981
41200 0.704213
41300 0.704275
41400 0.704169
41500 0.704255
41600 0.704436
41700 0.704522
41800 0.704535
41900 0.704738
42000 0.704703
42100 0.704834
42200 0.704634
42300 0.70467
42400 0.704565
42500 0.704507
42600 0.704333
42700 0.704229
42800 0.704242
42900 0.704302
43000 0.704223
43100 0.704259
43200 0.704226
43300 0.704124
43400 0.704092
43500 0.703945
43600 0.703844
43700 0.703721
43800 0.703759
43900 0.703568
44000 0.703061
44100 0.703009
44200 0.703093
44300 0.703041
44400 0.703034
44500 0.702937
44600 0.702841
44700 0.702879
44800 0.702873
44900 0.702889
45000 0.702816
45100 0.702876
45200 0.702892
45300 0.702885
45400 0.702813
45500 0.702829
45600 0.702648
45700 0.702729
45800 0.70268
45900 0.702435
46000 0.702278
46100 0.702186
46200 0.702203
46300 0.702177
46400 0.702151
46500 0.702146
46600 0.702034
46700 0.702073
46800 0.702026
46900 0.701894
47000 0.701805
47100 0.701928
47200 0.701818
47300 0.701835
47400 0.701874
47500 0.701954
47600 0.701824
47700 0.701946
47800 0.701942
47900 0.702
48000 0.702162
48100 0.702054
48200 0.701884
48300 0.701653
48400 0.701443
48500 0.701337
48600 0.701191
48700 0.700963
48800 0.701002
48900 0.701
49000 0.700896
49100 0.700915
49200 0.70071
49300 0.700547
49400 0.700404
49500 0.700302
49600 0.700201
49700 0.700141
49800 0.70006
49900 0.69986
