100 0.6
200 0.69
300 0.646667
400 0.695
500 0.744
600 0.77
700 0.788571
800 0.76875
900 0.754444
1000 0.761
1100 0.747273
1200 0.745833
1300 0.734615
1400 0.728571
1500 0.724
1600 0.715
1700 0.701765
1800 0.688889
1900 0.682105
2000 0.669
2100 0.658095
2200 0.646818
2300 0.636522
2400 0.631667
2500 0.6232
2600 0.616154
2700 0.610741
2800 0.603571
2900 0.593103
3000 0.584667
3100 0.579677
3200 0.575625
3300 0.569394
3400 0.565882
3500 0.560571
3600 0.554444
3700 0.549189
3800 0.542895
3900 0.541282
4000 0.538
4100 0.536098
4200 0.534762
4300 0.530233
4400 0.527045
4500 0.525111
4600 0.522391
4700 0.519787
4800 0.515833
4900 0.513469
5000 0.5108
5100 0.507647
5200 0.504615
5300 0.503019
5400 0.501296
5500 0.499455
5600 0.496964
5700 0.495439
5800 0.494655
5900 0.492712
6000 0.490333
6100 0.488852
6200 0.487419
6300 0.485873
6400 0.485625
6500 0.485385
6600 0.484545
6700 0.483284
6800 0.482941
6900 0.482464
7000 0.481143
7100 0.480282
7200 0.479722
7300 0.477945
7400 0.477432
7500 0.475333
7600 0.474211
7700 0.473377
7800 0.472692
7900 0.471139
8000 0.469625
8100 0.468642
8200 0.468049
8300 0.467229
8400 0.465595
8500 0.465059
8600 0.464186
8700 0.463908
8800 0.463068
8900 0.462472
9000 0.462
9100 0.460659
9200 0.460543
9300 0.459677
9400 0.459787
9500 0.459895
9600 0.459479
9700 0.459588
9800 0.459286
9900 0.458788
10000 0.4579
10100 0.458317
10200 0.458431
10300 0.458155
10400 0.458173
10500 0.45819
10600 0.458113
10700 0.458131
10800 0.457222
10900 0.457064
11000 0.457182
11100 0.456757
11200 0.456786
11300 0.45646
11400 0.455789
11500 0.455478
11600 0.456207
11700 0.456581
11800 0.456441
11900 0.456134
12000 0.455833
12100 0.456033
12200 0.455738
12300 0.456016
12400 0.455806
12500 0.45488
12600 0.455476
12700 0.455512
12800 0.455234
12900 0.454651
13000 0.454615
13100 0.454656
13200 0.454621
13300 0.454436
13400 0.454627
13500 0.454519
13600 0.454191
13700 0.453723
13800 0.453333
13900 0.453309
14000 0.453643
14100 0.453617
14200 0.45331
14300 0.453147
14400 0.453264
14500 0.453379
14600 0.453288
14700 0.453469
14800 0.453649
14900 0.453423
15000 0.453533
15100 0.453576
15200 0.453355
15300 0.453791
15400 0.453377
15500 0.45329
15600 0.45359
15700 0.453439
15800 0.453481
15900 0.453711
16000 0.4535
16100 0.453416
16200 0.452963
16300 0.452454
16400 0.452866
16500 0.452909
16600 0.452952
16700 0.452874
16800 0.452857
16900 0.45284
17000 0.453235
17100 0.452865
17200 0.452616
17300 0.452775
17400 0.452759
17500 0.453029
17600 0.452955
17700 0.452599
17800 0.452753
17900 0.452793
18000 0.452944
18100 0.452873
18200 0.452527
18300 0.452623
18400 0.452337
18500 0.452595
18600 0.452581
18700 0.452834
18800 0.452713
18900 0.452963
19000 0.453263
19100 0.453141
19200 0.453542
19300 0.453834
19400 0.454485
19500 0.454821
19600 0.455255
19700 0.455431
19800 0.455101
19900 0.454975
20000 0.4551
20100 0.454776
20200 0.455198
20300 0.455567
20400 0.45549
20500 0.455659
20600 0.455777
20700 0.456087
20800 0.456298
20900 0.456172
21000 0.456048
21100 0.455924
21200 0.455943
21300 0.455587
21400 0.455607
21500 0.455628
21600 0.455741
21700 0.456175
21800 0.456835
21900 0.456986
22000 0.457
22100 0.457195
22200 0.457162
22300 0.457668
22400 0.457723
22500 0.457511
22600 0.457522
22700 0.457885
22800 0.457807
22900 0.458341
23000 0.458304
23100 0.458571
23200 0.458707
23300 0.459013
23400 0.45906
23500 0.459106
23600 0.459746
23700 0.459916
23800 0.46
23900 0.460628
24000 0.460792
24100 0.46112
24200 0.461488
24300 0.461564
24400 0.461434
24500 0.461633
24600 0.46187
24700 0.461903
24800 0.462137
24900 0.46245
25000 0.46216
25100 0.462191
25200 0.462341
25300 0.462411
25400 0.462008
25500 0.462078
25600 0.462461
25700 0.46249
25800 0.462946
25900 0.462973
26000 0.462654
26100 0.462567
26200 0.462672
26300 0.46289
26400 0.462614
26500 0.462491
26600 0.462932
26700 0.462921
26800 0.462761
26900 0.462714
27000 0.463037
27100 0.463137
27200 0.463235
27300 0.46337
27400 0.463613
27500 0.463745
27600 0.463659
27700 0.463899
27800 0.464317
27900 0.464695
28000 0.464893
28100 0.465018
28200 0.465142
28300 0.465194
28400 0.465106
28500 0.465088
28600 0.465035
28700 0.464948
28800 0.465
28900 0.465121
29000 0.465138
29100 0.465155
29200 0.465308
29300 0.465222
29400 0.465544
29500 0.465593
29600 0.465811
29700 0.465892
29800 0.46604
29900 0.465652
30000 0.466
30100 0.465814
30200 0.465728
30300 0.466271
30400 0.466414
30500 0.466721
30600 0.466634
30700 0.466645
30800 0.466753
30900 0.466828
31000 0.466968
31100 0.467074
31200 0.467212
31300 0.467157
31400 0.466975
31500 0.467111
31600 0.466867
31700 0.466877
31800 0.466887
31900 0.467273
32000 0.467469
32100 0.46729
32200 0.467547
32300 0.467492
32400 0.467994
32500 0.468185
32600 0.468344
32700 0.468287
32800 0.468232
32900 0.468298
33000 0.468303
33100 0.468308
33200 0.468313
33300 0.468559
33400 0.468802
33500 0.468866
33600 0.46878
33700 0.468576
33800 0.46855
33900 0.468584
34000 0.468735
34100 0.468827
34200 0.469064
34300 0.469155
34400 0.46939
34500 0.46942
34600 0.469509
34700 0.469856
34800 0.469885
34900 0.469943
35000 0.470029
35100 0.469858
35200 0.470057
35300 0.469972
35400 0.469887
35500 0.469831
35600 0.470028
35700 0.469944
35800 0.47
35900 0.47
36000 0.470167
36100 0.470083
36200 0.469945
36300 0.469807
36400 0.47
36500 0.47011
36600 0.470219
36700 0.470354
36800 0.470571
36900 0.470515
37000 0.470811
37100 0.47097
37200 0.470995
37300 0.471072
37400 0.471203
37500 0.47128
37600 0.471303
37700 0.471432
37800 0.471667
37900 0.471715
38000 0.471763
38100 0.471601
38200 0.471885
38300 0.47201
38400 0.471849
38500 0.47187
38600 0.471891
38700 0.471964
38800 0.47183
38900 0.472134
39000 0.472154
39100 0.472123
39200 0.472321
39300 0.472392
39400 0.472563
39500 0.472709
39600 0.472727
39700 0.472897
39800 0.473015
39900 0.473308
40000 0.473325
40100 0.473516
40200 0.473582
40300 0.473797
40400 0.473936
40500 0.474222
40600 0.474384
40700 0.474472
40800 0.474559
40900 0.474743
41000 0.47461
41100 0.474599
41200 0.47466
41300 0.474673
41400 0.474783
41500 0.47506
41600 0.475288
41700 0.47518
41800 0.475359
41900 0.475274
42000 0.475262
42100 0.475368
42200 0.475474
42300 0.475697
42400 0.475849
42500 0.475859
42600 0.47561
42700 0.475691
42800 0.475981
42900 0.476037
43000 0.476186
43100 0.476125
43200 0.476227
43300 0.476397
43400 0.476521
43500 0.476529
43600 0.476628
43700 0.476659
43800 0.476758
43900 0.476811
44000 0.476955
44100 0.476893
44200 0.47681
44300 0.476975
44400 0.477005
44500 0.477191
44600 0.477489
44700 0.477696
44800 0.477679
44900 0.477817
45000 0.477867
45100 0.477849
45200 0.477876
45300 0.477947
45400 0.477974
45500 0.478022
45600 0.478048
45700 0.478074
45800 0.4781
45900 0.478235
46000 0.478261
46100 0.478069
46200 0.478139
46300 0.477927
46400 0.477974
46500 0.478194
46600 0.47824
46700 0.478415
46800 0.478462
46900 0.478507
47000 0.478532
47100 0.478684
47200 0.478708
47300 0.478858
47400 0.478734
47500 0.4788
47600 0.478866
47700 0.479015
47800 0.479059
47900 0.478998
48000 0.479146
48100 0.479231
48200 0.479274
48300 0.47942
48400 0.479587
48500 0.479711
48600 0.479424
48700 0.479589
48800 0.479693
48900 0.479734
49000 0.479837
49100 0.479919
49200 0.480081
49300 0.480223
49400 0.480223
49500 0.480323
49600 0.480504
49700 0.480483
49800 0.480602
49900 0.480661
