100 0.61
200 0.75
300 0.69
400 0.72
500 0.78
600 0.75
700 0.83
800 0.81
900 0.78
1000 0.84
1100 0.89
1200 0.86
1300 0.79
1400 0.76
1500 0.86
1600 0.81
1700 0.75
1800 0.78
1900 0.78
2000 0.73
2100 0.78
2200 0.7
2300 0.77
2400 0.76
2500 0.76
2600 0.71
2700 0.76
2800 0.75
2900 0.65
3000 0.71
3100 0.76
3200 0.66
3300 0.8
3400 0.68
3500 0.73
3600 0.69
3700 0.71
3800 0.69
3900 0.76
4000 0.69
4100 0.78
4200 0.7
4300 0.68
4400 0.71
4500 0.75
4600 0.81
4700 0.69
4800 0.72
4900 0.69
5000 0.72
5100 0.69
5200 0.74
5300 0.71
5400 0.72
5500 0.67
5600 0.63
5700 0.77
5800 0.7
5900 0.7
6000 0.77
6100 0.81
6200 0.76
6300 0.79
6400 0.68
6500 0.73
6600 0.62
6700 0.72
6800 0.71
6900 0.7
7000 0.68
7100 0.76
7200 0.72
7300 0.66
7400 0.64
7500 0.73
7600 0.77
7700 0.76
7800 0.76
7900 0.65
8000 0.73
8100 0.7
8200 0.66
8300 0.72
8400 0.72
8500 0.69
8600 0.65
8700 0.64
8800 0.75
8900 0.66
9000 0.72
9100 0.68
9200 0.67
9300 0.72
9400 0.66
9500 0.69
9600 0.68
9700 0.67
9800 0.7
9900 0.68
10000 0.67
10100 0.63
10200 0.7
10300 0.71
10400 0.67
10500 0.69
10600 0.73
10700 0.68
10800 0.68
10900 0.7
11000 0.68
11100 0.77
11200 0.7
11300 0.76
11400 0.68
11500 0.65
11600 0.72
11700 0.67
11800 0.7
11900 0.69
12000 0.61
12100 0.6
12200 0.74
12300 0.65
12400 0.7
12500 0.7
12600 0.71
12700 0.67
12800 0.71
12900 0.71
13000 0.66
13100 0.68
13200 0.69
13300 0.78
13400 0.65
13500 0.67
13600 0.62
13700 0.75
13800 0.7
13900 0.64
14000 0.69
14100 0.7
14200 0.65
14300 0.7
14400 0.65
14500 0.75
14600 0.67
14700 0.73
14800 0.59
14900 0.67
15000 0.68
15100 0.68
15200 0.65
15300 0.61
15400 0.64
15500 0.77
15600 0.76
15700 0.75
15800 0.71
15900 0.72
16000 0.69
16100 0.69
16200 0.69
16300 0.76
16400 0.68
16500 0.68
16600 0.63
16700 0.82
16800 0.67
16900 0.66
17000 0.7
17100 0.62
17200 0.67
17300 0.71
17400 0.65
17500 0.65
17600 0.68
17700 0.72
17800 0.7
17900 0.62
18000 0.62
18100 0.64
18200 0.65
18300 0.65
18400 0.68
18500 0.69
18600 0.67
18700 0.62
18800 0.71
18900 0.61
19000 0.71
19100 0.63
19200 0.74
19300 0.66
19400 0.74
19500 0.64
19600 0.68
19700 0.73
19800 0.67
19900 0.71
20000 0.76
20100 0.63
20200 0.74
20300 0.76
20400 0.65
20500 0.73
20600 0.69
20700 0.72
20800 0.8
20900 0.65
21000 0.68
21100 0.7
21200 0.59
21300 0.68
21400 0.66
21500 0.65
21600 0.69
21700 0.63
21800 0.63
21900 0.73
22000 0.64
22100 0.69
22200 0.68
22300 0.64
22400 0.72
22500 0.66
22600 0.74
22700 0.7
22800 0.69
22900 0.71
23000 0.7
23100 0.73
23200 0.63
23300 0.7
23400 0.7
23500 0.74
23600 0.67
23700 0.6
23800 0.58
23900 0.67
24000 0.74
24100 0.74
24200 0.7
24300 0.68
24400 0.65
24500 0.75
24600 0.75
24700 0.68
24800 0.66
24900 0.73
25000 0.65
25100 0.68
25200 0.67
25300 0.68
25400 0.71
25500 0.74
25600 0.66
25700 0.67
25800 0.6
25900 0.71
26000 0.72
26100 0.65
26200 0.71
26300 0.59
26400 0.58
26500 0.67
26600 0.66
26700 0.75
26800 0.73
26900 0.64
27000 0.75
27100 0.72
27200 0.72
27300 0.71
27400 0.7
27500 0.68
27600 0.68
27700 0.68
27800 0.57
27900 0.7
28000 0.67
28100 0.67
28200 0.63
28300 0.63
28400 0.67
28500 0.63
28600 0.7
28700 0.71
28800 0.66
28900 0.72
29000 0.66
29100 0.67
29200 0.75
29300 0.7
29400 0.65
29500 0.7
29600 0.68
29700 0.65
29800 0.73
29900 0.64
30000 0.65
30100 0.71
30200 0.61
30300 0.66
30400 0.61
30500 0.68
30600 0.69
30700 0.7
30800 0.58
30900 0.61
31000 0.64
31100 0.72
31200 0.62
31300 0.55
31400 0.66
31500 0.76
31600 0.74
31700 0.67
31800 0.63
31900 0.7
32000 0.67
32100 0.78
32200 0.66
32300 0.71
32400 0.69
32500 0.68
32600 0.69
32700 0.61
32800 0.76
32900 0.73
33000 0.67
33100 0.63
33200 0.68
33300 0.65
33400 0.62
33500 0.72
33600 0.69
33700 0.68
33800 0.68
33900 0.65
34000 0.65
34100 0.74
34200 0.74
34300 0.68
34400 0.67
34500 0.81
34600 0.69
34700 0.73
34800 0.69
34900 0.66
35000 0.67
35100 0.7
35200 0.65
35300 0.65
35400 0.64
35500 0.63
35600 0.69
35700 0.6
35800 0.68
35900 0.59
36000 0.64
36100 0.73
36200 0.73
36300 0.74
36400 0.61
36500 0.7
36600 0.64
36700 0.64
36800 0.7
36900 0.73
37000 0.68
37100 0.65
37200 0.65
37300 0.74
37400 0.68
37500 0.64
37600 0.69
37700 0.64
37800 0.72
37900 0.69
38000 0.7
38100 0.69
38200 0.63
38300 0.7
38400 0.67
38500 0.66
38600 0.71
38700 0.65
38800 0.68
38900 0.69
39000 0.77
39100 0.74
39200 0.64
39300 0.65
39400 0.62
39500 0.69
39600 0.55
39700 0.62
39800 0.75
39900 0.72
40000 0.62
40100 0.63
40200 0.7
40300 0.71
40400 0.72
40500 0.65
40600 0.65
40700 0.69
40800 0.67
40900 0.71
41000 0.7
41100 0.66
41200 0.66
41300 0.7
41400 0.68
41500 0.69
41600 0.66
41700 0.69
41800 0.56
41900 0.66
42000 0.71
42100 0.62
42200 0.69
42300 0.67
42400 0.67
42500 0.72
42600 0.81
42700 0.63
42800 0.66
42900 0.72
43000 0.67
43100 0.65
43200 0.72
43300 0.62
43400 0.69
43500 0.69
43600 0.68
43700 0.57
43800 0.7
43900 0.67
44000 0.68
44100 0.74
44200 0.71
44300 0.67
44400 0.69
44500 0.69
44600 0.67
44700 0.67
44800 0.72
44900 0.65
45000 0.75
45100 0.69
45200 0.62
45300 0.71
45400 0.61
45500 0.72
45600 0.65
45700 0.68
45800 0.61
45900 0.6
46000 0.66
46100 0.69
46200 0.66
46300 0.57
46400 0.71
46500 0.61
46600 0.63
46700 0.67
46800 0.69
46900 0.68
47000 0.72
47100 0.61
47200 0.64
47300 0.72
47400 0.67
47500 0.72
47600 0.6
47700 0.68
47800 0.73
47900 0.62
48000 0.66
48100 0.71
48200 0.78
48300 0.73
48400 0.62
48500 0.64
48600 0.64
48700 0.64
48800 0.73
48900 0.7
49000 0.66
49100 0.68
49200 0.69
49300 0.66
49400 0.71
49500 0.59
49600 0.73
49700 0.65
49800 0.72
49900 0.58
