100 0.61
200 0.69
300 0.54
400 0.61
500 0.73
600 0.9
700 0.9
800 0.79
900 0.88
1000 0.83
1100 0.92
1200 0.81
1300 0.89
1400 0.85
1500 0.76
1600 0.86
1700 0.85
1800 0.82
1900 0.89
2000 0.88
2100 0.92
2200 0.91
2300 0.86
2400 0.87
2500 0.85
2600 0.8
2700 0.83
2800 0.89
2900 0.84
3000 0.9
3100 0.85
3200 0.97
3300 0.88
3400 0.87
3500 0.83
3600 0.89
3700 0.92
3800 0.92
3900 0.82
4000 0.86
4100 0.93
4200 0.94
4300 0.87
4400 0.83
4500 0.79
4600 0.86
4700 0.81
4800 0.86
4900 0.86
5000 0.83
5100 0.8
5200 0.9
5300 0.87
5400 0.84
5500 0.81
5600 0.83
5700 0.87
5800 0.83
5900 0.87
6000 0.87
6100 0.86
6200 0.86
6300 0.89
6400 0.88
6500 0.8
6600 0.9
6700 0.95
6800 0.92
6900 0.86
7000 0.89
7100 0.94
7200 0.9
7300 0.87
7400 0.9
7500 0.91
7600 0.91
7700 0.9
7800 0.9
7900 0.92
8000 0.93
8100 0.91
8200 0.92
8300 0.89
8400 0.93
8500 0.97
8600 0.9
8700 0.9
8800 0.96
8900 0.95
9000 0.93
9100 0.92
9200 0.94
9300 0.89
9400 0.86
9500 0.94
9600 0.96
9700 0.89
9800 0.92
9900 0.9
10000 0.87
10100 0.92
10200 0.9
10300 0.87
10400 0.9
10500 0.92
10600 0.9
10700 0.91
10800 0.88
10900 0.93
11000 0.89
11100 0.88
11200 0.87
11300 0.88
11400 0.83
11500 0.85
11600 0.87
11700 0.85
11800 0.84
11900 0.89
12000 0.86
12100 0.89
12200 0.83
12300 0.91
12400 0.85
12500 0.86
12600 0.88
12700 0.91
12800 0.87
12900 0.87
13000 0.83
13100 0.83
13200 0.8
13300 0.78
13400 0.85
13500 0.77
13600 0.85
13700 0.95
13800 0.91
13900 0.91
14000 0.94
14100 0.89
14200 0.94
14300 0.92
14400 0.92
14500 0.88
14600 0.94
14700 0.9
14800 0.92
14900 0.92
15000 0.92
15100 0.94
15200 0.94
15300 0.89
15400 0.91
15500 0.94
15600 0.88
15700 0.88
15800 0.93
15900 0.87
16000 0.94
16100 0.92
16200 0.92
16300 0.92
16400 0.94
16500 0.87
16600 0.95
16700 0.9
16800 0.93
16900 0.94
17000 0.93
17100 0.92
17200 0.91
17300 0.92
17400 0.94
17500 0.88
17600 0.88
17700 0.93
17800 0.88
17900 0.92
18000 0.92
18100 0.95
18200 0.92
18300 0.91
18400 0.91
18500 0.92
18600 0.98
18700 0.92
18800 0.91
18900 0.9
19000 0.95
19100 0.92
19200 0.95
19300 0.92
19400 0.95
19500 0.91
19600 0.94
19700 0.92
19800 0.89
19900 0.88
20000 0.97
20100 0.92
20200 0.91
20300 0.93
20400 0.94
20500 0.93
20600 0.9
20700 0.95
20800 0.91
20900 0.87
21000 0.95
21100 0.93
21200 0.91
21300 0.93
21400 0.92
21500 0.9
21600 0.89
21700 0.92
21800 0.93
21900 0.9
22000 0.94
22100 0.93
22200 0.93
22300 0.87
22400 0.92
22500 0.9
22600 0.91
22700 0.87
22800 0.89
22900 0.86
23000 0.91
23100 0.91
23200 0.89
23300 0.9
23400 0.95
23500 0.92
23600 0.94
23700 0.89
23800 0.94
23900 0.9
24000 0.89
24100 0.91
24200 0.93
24300 0.88
24400 0.9
24500 0.92
24600 0.9
24700 0.92
24800 0.88
24900 0.83
25000 0.91
25100 0.92
25200 0.88
25300 0.92
25400 0.84
25500 0.87
25600 0.93
25700 0.92
25800 0.91
25900 0.86
26000 0.87
26100 0.83
26200 0.86
26300 0.84
26400 0.89
26500 0.88
26600 0.92
26700 0.87
26800 0.81
26900 0.86
27000 0.88
27100 0.95
27200 0.89
27300 0.89
27400 0.9
27500 0.95
27600 0.95
27700 0.89
27800 0.93
27900 0.87
28000 0.85
28100 0.9
28200 0.87
28300 0.87
28400 0.84
28500 0.82
28600 0.87
28700 0.82
28800 0.84
28900 0.85
29000 0.91
29100 0.86
29200 0.85
29300 0.87
29400 0.82
29500 0.85
29600 0.9
29700 0.89
29800 0.87
29900 0.87
30000 0.87
30100 0.83
30200 0.83
30300 0.86
30400 0.95
30500 0.86
30600 0.86
30700 0.82
30800 0.84
30900 0.9
31000 0.83
31100 0.88
31200 0.86
31300 0.86
31400 0.87
31500 0.83
31600 0.87
31700 0.84
31800 0.81
31900 0.83
32000 0.83
32100 0.83
32200 0.84
32300 0.84
32400 0.88
32500 0.88
32600 0.91
32700 0.88
32800 0.85
32900 0.82
33000 0.89
33100 0.88
33200 0.9
33300 0.93
33400 0.86
33500 0.83
33600 0.89
33700 0.89
33800 0.91
33900 0.88
34000 0.84
34100 0.86
34200 0.85
34300 0.83
34400 0.87
34500 0.87
34600 0.84
34700 0.82
34800 0.9
34900 0.86
35000 0.91
35100 0.88
35200 0.88
35300 0.86
35400 0.93
35500 0.88
35600 0.94
35700 0.9
35800 0.81
35900 0.82
36000 0.84
36100 0.84
36200 0.83
36300 0.8
36400 0.91
36500 0.84
36600 0.84
36700 0.83
36800 0.91
36900 0.86
37000 0.87
37100 0.86
37200 0.89
37300 0.86
37400 0.92
37500 0.93
37600 0.81
37700 0.89
37800 0.84
37900 0.85
38000 0.84
38100 0.89
38200 0.88
38300 0.85
38400 0.85
38500 0.85
38600 0.88
38700 0.84
38800 0.89
38900 0.9
39000 0.93
39100 0.89
39200 0.82
39300 0.87
39400 0.82
39500 0.91
39600 0.86
39700 0.88
39800 0.79
39900 0.85
40000 0.81
40100 0.83
40200 0.86
40300 0.84
40400 0.82
40500 0.9
40600 0.9
40700 0.89
40800 0.8
40900 0.91
41000 0.88
41100 0.84
41200 0.78
41300 0.86
41400 0.88
41500 0.84
41600 0.89
41700 0.86
41800 0.85
41900 0.8
42000 0.86
42100 0.88
42200 0.83
42300 0.84
42400 0.82
42500 0.89
42600 0.86
42700 0.88
42800 0.86
42900 0.91
43000 0.88
43100 0.85
43200 0.9
43300 0.84
43400 0.78
43500 0.89
43600 0.85
43700 0.88
43800 0.87
43900 0.9
44000 0.89
44100 0.91
44200 0.88
44300 0.93
44400 0.89
44500 0.88
44600 0.87
44700 0.81
44800 0.85
44900 0.84
45000 0.85
45100 0.84
45200 0.91
45300 0.94
45400 0.84
45500 0.86
45600 0.87
45700 0.87
45800 0.84
45900 0.89
46000 0.8
46100 0.92
46200 0.83
46300 0.86
46400 0.88
46500 0.85
46600 0.78
46700 0.88
46800 0.87
46900 0.86
47000 0.81
47100 0.85
47200 0.89
47300 0.8
47400 0.84
47500 0.8
47600 0.86
47700 0.87
47800 0.86
47900 0.87
48000 0.83
48100 0.86
48200 0.87
48300 0.78
48400 0.88
48500 0.8
48600 0.86
48700 0.85
48800 0.77
48900 0.83
49000 0.82
49100 0.81
49200 0.91
49300 0.82
49400 0.86
49500 0.89
49600 0.87
49700 0.88
49800 0.82
49900 0.87
