100 0.58
200 0.56
300 0.57
400 0.5925
500 0.62
600 0.631667
700 0.635714
800 0.635
900 0.652222
1000 0.659
1100 0.660909
1200 0.66
1300 0.667692
1400 0.666429
1500 0.666667
1600 0.668125
1700 0.670588
1800 0.671111
1900 0.676842
2000 0.681
2100 0.684286
2200 0.685
2300 0.683913
2400 0.687083
2500 0.6872
2600 0.688077
2700 0.685185
2800 0.681429
2900 0.68
3000 0.679667
3100 0.683871
3200 0.684688
3300 0.684242
3400 0.685
3500 0.684
3600 0.685556
3700 0.684595
3800 0.687368
3900 0.685641
4000 0.68625
4100 0.688293
4200 0.690952
4300 0.691628
4400 0.691364
4500 0.692444
4600 0.694565
4700 0.694894
4800 0.695417
4900 0.695102
5000 0.6968
5100 0.696667
5200 0.696923
5300 0.696415
5400 0.695185
5500 0.695818
5600 0.696071
5700 0.695263
5800 0.696034
5900 0.695424
6000 0.696167
6100 0.696557
6200 0.697742
6300 0.697619
6400 0.697969
6500 0.697231
6600 0.698485
6700 0.69806
6800 0.697794
6900 0.697391
7000 0.698286
7100 0.698592
7200 0.698333
7300 0.698904
7400 0.699324
7500 0.699467
7600 0.699868
7700 0.698961
7800 0.698333
7900 0.698354
8000 0.698
8100 0.698148
8200 0.698415
8300 0.699036
8400 0.699048
8500 0.698
8600 0.698023
8700 0.697931
8800 0.697727
8900 0.698202
9000 0.698889
9100 0.698571
9200 0.698261
9300 0.698817
9400 0.698298
9500 0.698632
9600 0.698229
9700 0.698763
9800 0.69898
9900 0.698687
10000 0.6992
10100 0.699109
10200 0.698725
10300 0.699029
10400 0.699231
10500 0.698476
10600 0.698208
10700 0.698411
10800 0.698519
10900 0.698532
11000 0.698636
11100 0.69955
11200 0.699286
11300 0.699115
11400 0.698421
11500 0.698609
11600 0.698621
11700 0.698889
11800 0.698475
11900 0.698571
12000 0.69825
12100 0.698678
12200 0.699262
12300 0.69878
12400 0.699113
12500 0.69856
12600 0.698175
12700 0.69811
12800 0.698281
12900 0.697752
13000 0.697846
13100 0.697863
13200 0.698258
13300 0.698421
13400 0.698284
13500 0.69837
13600 0.698235
13700 0.69854
13800 0.698768
13900 0.698849
14000 0.698786
14100 0.699078
14200 0.699085
14300 0.699371
14400 0.699792
14500 0.699517
14600 0.699658
14700 0.699864
14800 0.699865
14900 0.700067
15000 0.7
15100 0.700331
15200 0.700789
15300 0.70085
15400 0.700909
15500 0.700968
15600 0.701026
15700 0.701146
15800 0.701329
15900 0.701321
16000 0.701313
16100 0.700932
16200 0.700802
16300 0.700736
16400 0.701037
16500 0.70097
16600 0.701265
16700 0.701377
16800 0.701369
16900 0.701716
17000 0.701059
17100 0.700936
17200 0.701279
17300 0.701214
17400 0.701379
17500 0.701829
17600 0.701761
17700 0.701808
17800 0.701798
17900 0.702179
18000 0.702111
18100 0.701823
18200 0.701538
18300 0.701202
18400 0.701467
18500 0.701676
18600 0.701828
18700 0.701818
18800 0.701862
18900 0.701481
19000 0.701316
19100 0.701257
19200 0.701302
19300 0.701503
19400 0.701649
19500 0.701333
19600 0.700714
19700 0.700406
19800 0.700657
19900 0.700653
20000 0.70105
20100 0.701343
20200 0.701535
20300 0.701527
20400 0.701422
20500 0.701463
20600 0.701699
20700 0.701836
20800 0.701827
20900 0.70201
21000 0.702
21100 0.701848
21200 0.70184
21300 0.701737
21400 0.701682
21500 0.701535
21600 0.701759
21700 0.701429
21800 0.701284
21900 0.701187
22000 0.701318
22100 0.701357
22200 0.701486
22300 0.701256
22400 0.701071
22500 0.7008
22600 0.700929
22700 0.701322
22800 0.701404
22900 0.701616
23000 0.701478
23100 0.701299
23200 0.700991
23300 0.700944
23400 0.700726
23500 0.700596
23600 0.700593
23700 0.700464
23800 0.700546
23900 0.700711
24000 0.700917
24100 0.701079
24200 0.70124
24300 0.701399
24400 0.701516
24500 0.701388
24600 0.701138
24700 0.700972
24800 0.700685
24900 0.700723
25000 0.70084
25100 0.700637
25200 0.701032
25300 0.701265
25400 0.701339
25500 0.701569
25600 0.701562
25700 0.701089
25800 0.701047
25900 0.701158
26000 0.701038
26100 0.700498
26200 0.700573
26300 0.70057
26400 0.70053
26500 0.700453
26600 0.700827
26700 0.700861
26800 0.700858
26900 0.700855
27000 0.701
27100 0.701033
27200 0.701066
27300 0.700879
27400 0.700876
27500 0.700691
27600 0.700797
27700 0.700866
27800 0.700827
27900 0.700932
28000 0.701036
28100 0.700961
28200 0.701135
28300 0.701272
28400 0.701514
28500 0.701333
28600 0.701259
28700 0.701115
28800 0.701042
28900 0.701176
29000 0.701034
29100 0.700962
29200 0.701233
29300 0.701331
29400 0.701463
29500 0.701458
29600 0.701453
29700 0.701481
29800 0.701409
29900 0.701371
30000 0.701067
30100 0.700864
30200 0.700828
30300 0.701056
30400 0.701053
30500 0.700951
30600 0.701111
30700 0.701238
30800 0.701429
30900 0.701456
31000 0.701323
31100 0.701093
31200 0.700994
31300 0.700895
31400 0.70086
31500 0.701079
31600 0.701108
31700 0.701262
31800 0.701101
31900 0.701254
32000 0.701125
32100 0.701246
32200 0.701149
32300 0.700991
32400 0.700957
32500 0.701046
32600 0.70092
32700 0.700795
32800 0.700671
32900 0.700638
33000 0.700455
33100 0.700332
33200 0.700331
33300 0.7003
33400 0.70024
33500 0.700328
33600 0.700714
33700 0.700712
33800 0.700473
33900 0.700442
34000 0.700176
34100 0.699824
34200 0.699942
34300 0.7
34400 0.699797
34500 0.699971
34600 0.699913
34700 0.699827
34800 0.699914
34900 0.700086
35000 0.700257
35100 0.7
35200 0.700085
35300 0.69966
35400 0.699548
35500 0.699408
35600 0.699466
35700 0.699468
35800 0.699637
35900 0.699582
36000 0.69975
36100 0.699806
36200 0.699834
36300 0.69989
36400 0.699945
36500 0.699863
36600 0.700055
36700 0.700191
36800 0.700299
36900 0.700054
37000 0.700108
37100 0.700027
37200 0.700161
37300 0.700295
37400 0.700401
37500 0.700533
37600 0.700612
37700 0.700663
37800 0.700503
37900 0.70058
38000 0.700526
38100 0.700472
38200 0.700654
38300 0.700627
38400 0.700443
38500 0.700468
38600 0.700751
38700 0.700698
38800 0.70067
38900 0.700771
39000 0.700615
39100 0.70046
39200 0.700357
39300 0.700356
39400 0.700254
39500 0.700177
39600 0.700303
39700 0.70063
39800 0.700704
39900 0.700627
40000 0.700525
40100 0.700449
40200 0.700249
40300 0.700298
40400 0.700223
40500 0.700321
40600 0.700468
40700 0.700516
40800 0.700564
40900 0.700562
41000 0.700341
41100 0.700535
41200 0.700485
41300 0.700387
41400 0.700435
41500 0.700386
41600 0.700433
41700 0.700408
41800 0.700359
41900 0.70031
42000 0.700357
42100 0.700428
42200 0.700569
42300 0.700213
42400 0.700283
42500 0.700259
42600 0.700141
42700 0.70007
42800 0.70021
42900 0.70028
43000 0.700186
43100 0.700186
43200 0.700139
43300 0.700115
43400 0.700207
43500 0.700345
43600 0.700436
43700 0.700435
43800 0.700457
43900 0.700364
44000 0.700386
44100 0.700249
44200 0.700158
44300 0.700226
44400 0.700405
44500 0.700494
44600 0.700404
44700 0.700336
44800 0.700223
44900 0.7
45000 0.700067
45100 0.700133
45200 0.70042
45300 0.700309
45400 0.700485
45500 0.700505
45600 0.700614
45700 0.700569
45800 0.700633
45900 0.700806
46000 0.700761
46100 0.700716
46200 0.700693
46300 0.700626
46400 0.700776
46500 0.70071
46600 0.700708
46700 0.700664
46800 0.700556
46900 0.700554
47000 0.700681
47100 0.700701
47200 0.700572
47300 0.700486
47400 0.70038
47500 0.700463
47600 0.700357
47700 0.700377
47800 0.700377
47900 0.700459
48000 0.700354
48100 0.700374
48200 0.700394
48300 0.700373
48400 0.700434
48500 0.700598
48600 0.700597
48700 0.700657
48800 0.700861
48900 0.700941
49000 0.700959
49100 0.700937
49200 0.701098
49300 0.701095
49400 0.701134
49500 0.701131
49600 0.701089
49700 0.700905
49800 0.700944
49900 0.701002
