100 0
200 0.23
300 0.323333
400 0.4925
500 0.494
600 0.578333
700 0.572857
800 0.56
900 0.545556
1000 0.543
1100 0.539091
1200 0.539167
1300 0.574615
1400 0.533571
1500 0.530667
1600 0.525625
1700 0.521765
1800 0.523333
1900 0.522105
2000 0.5205
2100 0.495714
2200 0.495455
2300 0.517391
2400 0.519583
2500 0.5388
2600 0.535769
2700 0.532963
2800 0.528929
2900 0.525172
3000 0.541
3100 0.523548
3200 0.507188
3300 0.491818
3400 0.506765
3500 0.520857
3600 0.534167
3700 0.546757
3800 0.558684
3900 0.57
4000 0.58075
4100 0.590976
4200 0.576905
4300 0.574884
4400 0.584545
4500 0.581111
4600 0.590217
4700 0.598936
4800 0.598125
4900 0.606327
5000 0.6142
5100 0.611569
5200 0.619038
5300 0.626226
5400 0.633148
5500 0.621636
5600 0.628393
5700 0.626842
5800 0.624655
5900 0.622203
6000 0.618667
6100 0.624918
6200 0.614839
6300 0.614286
6400 0.612656
6500 0.610308
6600 0.609242
6700 0.600149
6800 0.591324
6900 0.590145
7000 0.581714
7100 0.573521
7200 0.579444
7300 0.576849
7400 0.576216
7500 0.574267
7600 0.573947
7700 0.566494
7800 0.572051
7900 0.577468
8000 0.575625
8100 0.574321
8200 0.573415
8300 0.578554
8400 0.583571
8500 0.588471
8600 0.587791
8700 0.592529
8800 0.585795
8900 0.585281
9000 0.585222
9100 0.584396
9200 0.588913
9300 0.58828
9400 0.59266
9500 0.596947
9600 0.595729
9700 0.589588
9800 0.593776
9900 0.587778
10000 0.5919
10100 0.58604
10200 0.580294
10300 0.584369
10400 0.57875
10500 0.579048
10600 0.583019
10700 0.582336
10800 0.576944
10900 0.580826
11000 0.584636
11100 0.588378
11200 0.587589
11300 0.591239
11400 0.590263
11500 0.58513
11600 0.588707
11700 0.588034
11800 0.591525
11900 0.594958
12000 0.598333
12100 0.597025
12200 0.59623
12300 0.595691
12400 0.594032
12500 0.59728
12600 0.600476
12700 0.603622
12800 0.598906
12900 0.594264
13000 0.593308
13100 0.596412
13200 0.591894
13300 0.591353
13400 0.58694
13500 0.582593
13600 0.578309
13700 0.581387
13800 0.58442
13900 0.584388
14000 0.583786
14100 0.583333
14200 0.579225
14300 0.578951
14400 0.581875
14500 0.581517
14600 0.581781
14700 0.584626
14800 0.587432
14900 0.58349
15000 0.5796
15100 0.579272
15200 0.579079
15300 0.575294
15400 0.571558
15500 0.574323
15600 0.577051
15700 0.576752
15800 0.576519
15900 0.576478
16000 0.579125
16100 0.578137
16200 0.577778
16300 0.574233
16400 0.570732
16500 0.570545
16600 0.573133
16700 0.572814
16800 0.575357
16900 0.57787
17000 0.577294
17100 0.57655
17200 0.579012
17300 0.578497
17400 0.58092
17500 0.580171
17600 0.579886
17700 0.579322
17800 0.57882
17900 0.581173
18000 0.5835
18100 0.585801
18200 0.582582
18300 0.579399
18400 0.579239
18500 0.578649
18600 0.575538
18700 0.57508
18800 0.574574
18900 0.576825
19000 0.573789
19100 0.570785
19200 0.570573
19300 0.567617
19400 0.567113
19500 0.564205
19600 0.564235
19700 0.566447
19800 0.563586
19900 0.563166
20000 0.56035
20100 0.562537
20200 0.561733
20300 0.56133
20400 0.56348
20500 0.562732
20600 0.56
20700 0.559565
20800 0.556875
20900 0.554211
21000 0.551571
21100 0.548957
21200 0.546368
21300 0.543803
21400 0.543505
21500 0.545628
21600 0.543102
21700 0.545207
21800 0.547294
21900 0.546804
22000 0.548864
22100 0.548416
22200 0.55045
22300 0.547982
22400 0.55
22500 0.549822
22600 0.551814
22700 0.553789
22800 0.55136
22900 0.550873
23000 0.550696
23100 0.550476
23200 0.548103
23300 0.550043
23400 0.547692
23500 0.547532
23600 0.549449
23700 0.548987
23800 0.548992
23900 0.548661
24000 0.5485
24100 0.546224
24200 0.546074
24300 0.547942
24400 0.548197
24500 0.547714
24600 0.545488
24700 0.547328
24800 0.549153
24900 0.549116
25000 0.55092
25100 0.552709
25200 0.552381
25300 0.550198
25400 0.551969
25500 0.551882
25600 0.553633
25700 0.551479
25800 0.551085
25900 0.550579
26000 0.550538
26100 0.552261
26200 0.552405
26300 0.550304
26400 0.54822
26500 0.548075
26600 0.54812
26700 0.546067
26800 0.54403
26900 0.542007
27000 0.54
27100 0.538007
27200 0.539706
27300 0.539487
27400 0.541168
27500 0.5392
27600 0.54087
27700 0.542527
27800 0.540576
27900 0.538638
28000 0.538393
28100 0.536477
28200 0.538121
28300 0.538021
28400 0.539648
28500 0.541263
28600 0.542867
28700 0.542439
28800 0.544028
28900 0.545606
29000 0.543724
29100 0.545292
29200 0.543425
29300 0.543276
29400 0.543095
29500 0.542678
29600 0.544223
29700 0.545758
29800 0.545805
29900 0.54398
30000 0.5455
30100 0.545581
30200 0.543775
30300 0.545281
30400 0.543487
30500 0.544984
30600 0.546471
30700 0.546319
30800 0.546364
30900 0.547832
31000 0.547677
31100 0.547363
31200 0.548814
31300 0.550256
31400 0.550096
31500 0.549778
31600 0.549715
31700 0.547981
31800 0.547925
31900 0.547492
32000 0.548906
32100 0.550312
32200 0.550373
32300 0.548669
32400 0.548457
32500 0.548308
32600 0.549693
32700 0.548012
32800 0.546341
32900 0.544681
33000 0.54303
33100 0.542991
33200 0.541355
33300 0.53973
33400 0.538114
33500 0.538179
33600 0.536577
33700 0.534985
33800 0.534704
33900 0.534513
34000 0.532941
34100 0.532815
34200 0.53269
34300 0.531137
34400 0.529593
34500 0.528058
34600 0.528035
34700 0.526513
34800 0.525
34900 0.523496
35000 0.522
35100 0.520513
35200 0.519034
35300 0.519037
35400 0.51904
35500 0.519211
35600 0.519354
35700 0.519328
35800 0.517877
35900 0.516435
36000 0.515
36100 0.515042
36200 0.51511
36300 0.514986
36400 0.516319
36500 0.516137
36600 0.515874
36700 0.51564
36800 0.516957
36900 0.516856
37000 0.518162
37100 0.516765
37200 0.516855
37300 0.51815
37400 0.516765
37500 0.518053
37600 0.516676
37700 0.515305
37800 0.516587
37900 0.515224
38000 0.513868
38100 0.51252
38200 0.513796
38300 0.512454
38400 0.512292
38500 0.51239
38600 0.511062
38700 0.509742
38800 0.509691
38900 0.509434
39000 0.509462
39100 0.50954
39200 0.50949
39300 0.510738
39400 0.510508
39500 0.510481
39600 0.511717
39700 0.512947
39800 0.512814
39900 0.512782
40000 0.514
40100 0.512718
40200 0.511443
40300 0.510174
40400 0.508911
40500 0.508864
40600 0.507611
40700 0.506364
40800 0.506397
40900 0.505159
41000 0.503927
41100 0.505134
41200 0.506335
41300 0.50753
41400 0.507415
41500 0.508602
41600 0.508558
41700 0.507338
41800 0.506124
41900 0.506205
42000 0.507381
42100 0.508551
42200 0.508578
42300 0.50974
42400 0.510896
42500 0.509694
42600 0.510845
42700 0.510796
42800 0.511939
42900 0.510746
43000 0.510744
43100 0.510673
43200 0.511806
43300 0.512933
43400 0.511751
43500 0.511632
43600 0.510459
43700 0.510458
43800 0.510251
43900 0.511367
44000 0.512477
44100 0.512358
44200 0.513462
44300 0.51456
44400 0.514459
44500 0.514292
44600 0.515381
44700 0.515414
44800 0.515491
44900 0.51657
45000 0.515422
45100 0.515277
45200 0.51635
45300 0.517417
45400 0.517203
45500 0.516066
45600 0.517127
45700 0.517046
45800 0.517052
45900 0.515926
46000 0.515848
46100 0.515705
46200 0.514589
46300 0.514449
46400 0.515496
46500 0.516538
46600 0.515429
46700 0.515525
46800 0.515299
46900 0.515544
47000 0.516574
47100 0.516518
47200 0.516483
47300 0.516364
47400 0.516329
47500 0.517347
47600 0.516261
47700 0.517275
47800 0.517238
47900 0.518246
48000 0.517167
48100 0.516091
48200 0.515913
48300 0.516915
48400 0.517913
48500 0.517979
48600 0.518971
48700 0.519959
48800 0.519795
48900 0.518732
49000 0.517673
49100 0.516619
49200 0.517602
49300 0.516552
49400 0.516538
49500 0.517515
49600 0.517359
49700 0.516318
49800 0.516265
49900 0.516232
