100 0.49
200 0.48
300 0.47
400 0.51
500 0.54
600 0.56
700 0.59
800 0.72
900 0.76
1000 0.71
1100 0.6
1200 0.62
1300 0.7
1400 0.62
1500 0.56
1600 0.55
1700 0.57
1800 0.57
1900 0.64
2000 0.69
2100 0.7
2200 0.74
2300 0.59
2400 0.6
2500 0.61
2600 0.66
2700 0.63
2800 0.66
2900 0.71
3000 0.8
3100 0.55
3200 0.73
3300 0.64
3400 0.62
3500 0.71
3600 0.64
3700 0.74
3800 0.73
3900 0.73
4000 0.7
4100 0.68
4200 0.8
4300 0.71
4400 0.72
4500 0.8
4600 0.78
4700 0.73
4800 0.69
4900 0.8
5000 0.74
5100 0.69
5200 0.7
5300 0.57
5400 0.72
5500 0.68
5600 0.68
5700 0.78
5800 0.67
5900 0.64
6000 0.67
6100 0.74
6200 0.58
6300 0.66
6400 0.62
6500 0.54
6600 0.56
6700 0.73
6800 0.83
6900 0.64
7000 0.76
7100 0.67
7200 0.71
7300 0.76
7400 0.67
7500 0.75
7600 0.65
7700 0.77
7800 0.69
7900 0.73
8000 0.73
8100 0.72
8200 0.63
8300 0.69
8400 0.7
8500 0.67
8600 0.66
8700 0.66
8800 0.67
8900 0.7
9000 0.61
9100 0.64
9200 0.63
9300 0.66
9400 0.66
9500 0.82
9600 0.67
9700 0.62
9800 0.66
9900 0.8
10000 0.7
10100 0.64
10200 0.71
10300 0.76
10400 0.58
10500 0.73
10600 0.64
10700 0.74
10800 0.6
10900 0.76
11000 0.73
11100 0.65
11200 0.71
11300 0.73
11400 0.79
11500 0.77
11600 0.62
11700 0.63
11800 0.65
11900 0.62
12000 0.69
12100 0.67
12200 0.68
12300 0.65
12400 0.73
12500 0.73
12600 0.56
12700 0.59
12800 0.58
12900 0.66
13000 0.72
13100 0.7
13200 0.64
13300 0.73
13400 0.6
13500 0.81
13600 0.72
13700 0.67
13800 0.74
13900 0.74
14000 0.69
14100 0.73
14200 0.68
14300 0.71
14400 0.72
14500 0.67
14600 0.71
14700 0.67
14800 0.66
14900 0.71
15000 0.66
15100 0.65
15200 0.66
15300 0.65
15400 0.64
15500 0.72
15600 0.78
15700 0.67
15800 0.65
15900 0.68
16000 0.66
16100 0.8
16200 0.67
16300 0.76
16400 0.69
16500 0.57
16600 0.73
16700 0.59
16800 0.81
16900 0.71
17000 0.62
17100 0.73
17200 0.67
17300 0.78
17400 0.64
17500 0.69
17600 0.57
17700 0.68
17800 0.62
17900 0.68
18000 0.72
18100 0.67
18200 0.73
18300 0.68
18400 0.64
18500 0.74
18600 0.76
18700 0.7
18800 0.76
18900 0.73
19000 0.78
19100 0.78
19200 0.83
19300 0.82
19400 0.71
19500 0.77
19600 0.85
19700 0.78
19800 0.76
19900 0.63
20000 0.75
20100 0.7
20200 0.8
20300 0.65
20400 0.76
20500 0.8
20600 0.77
20700 0.64
20800 0.79
20900 0.75
21000 0.78
21100 0.75
21200 0.76
21300 0.72
21400 0.73
21500 0.7
21600 0.7
21700 0.75
21800 0.68
21900 0.74
22000 0.81
22100 0.55
22200 0.57
22300 0.61
22400 0.72
22500 0.8
22600 0.77
22700 0.8
22800 0.84
22900 0.86
23000 0.83
23100 0.79
23200 0.74
23300 0.82
23400 0.82
23500 0.9
23600 0.81
23700 0.82
23800 0.82
23900 0.77
24000 0.66
24100 0.78
24200 0.8
24300 0.71
24400 0.79
24500 0.85
24600 0.87
24700 0.8
24800 0.75
24900 0.69
25000 0.76
25100 0.78
25200 0.86
25300 0.8
25400 0.81
25500 0.76
25600 0.73
25700 0.78
25800 0.62
25900 0.75
26000 0.81
26100 0.78
26200 0.78
26300 0.84
26400 0.76
26500 0.71
26600 0.78
26700 0.84
26800 0.83
26900 0.79
27000 0.85
27100 0.84
27200 0.78
27300 0.75
27400 0.69
27500 0.69
27600 0.75
27700 0.74
27800 0.87
27900 0.75
28000 0.81
28100 0.82
28200 0.67
28300 0.75
28400 0.79
28500 0.73
28600 0.66
28700 0.68
28800 0.72
28900 0.83
29000 0.79
29100 0.75
29200 0.83
29300 0.83
29400 0.8
29500 0.69
29600 0.77
29700 0.7
29800 0.82
29900 0.79
30000 0.83
30100 0.73
30200 0.75
30300 0.72
30400 0.75
30500 0.65
30600 0.79
30700 0.77
30800 0.7
30900 0.78
31000 0.81
31100 0.69
31200 0.69
31300 0.72
31400 0.82
31500 0.73
31600 0.71
31700 0.75
31800 0.69
31900 0.64
32000 0.77
32100 0.75
32200 0.8
32300 0.77
32400 0.71
32500 0.74
32600 0.68
32700 0.58
32800 0.56
32900 0.68
33000 0.58
33100 0.75
33200 0.73
33300 0.82
33400 0.87
33500 0.76
33600 0.73
33700 0.57
33800 0.79
33900 0.8
34000 0.56
34100 0.63
34200 0.85
34300 0.74
34400 0.79
34500 0.74
34600 0.75
34700 0.82
34800 0.7
34900 0.83
35000 0.64
35100 0.83
35200 0.8
35300 0.71
35400 0.77
35500 0.74
35600 0.7
35700 0.6
35800 0.64
35900 0.61
36000 0.61
36100 0.6
36200 0.72
36300 0.47
36400 0.67
36500 0.62
36600 0.55
36700 0.78
36800 0.59
36900 0.55
37000 0.66
37100 0.83
37200 0.86
37300 0.55
37400 0.64
37500 0.77
37600 0.7
37700 0.56
37800 0.78
37900 0.58
38000 0.73
38100 0.92
38200 0.83
38300 0.88
38400 0.86
38500 0.87
38600 0.83
38700 0.77
38800 0.78
38900 0.78
39000 0.66
39100 0.66
39200 0.71
39300 0.72
39400 0.73
39500 0.71
39600 0.72
39700 0.7
39800 0.72
39900 0.8
40000 0.74
40100 0.74
40200 0.65
40300 0.68
40400 0.7
40500 0.76
40600 0.65
40700 0.75
40800 0.7
40900 0.67
41000 0.76
41100 0.67
41200 0.64
41300 0.68
41400 0.68
41500 0.65
41600 0.83
41700 0.73
41800 0.71
41900 0.74
42000 0.67
42100 0.7
42200 0.72
42300 0.7
42400 0.71
42500 0.71
42600 0.71
42700 0.71
42800 0.64
42900 0.73
43000 0.63
43100 0.71
43200 0.77
43300 0.7
43400 0.64
43500 0.62
43600 0.62
43700 0.78
43800 0.58
43900 0.84
44000 0.74
44100 0.75
44200 0.71
44300 0.75
44400 0.76
44500 0.78
44600 0.75
44700 0.68
44800 0.76
44900 0.83
45000 0.77
45100 0.65
45200 0.67
45300 0.69
45400 0.6
45500 0.58
45600 0.59
45700 0.6
45800 0.53
45900 0.68
46000 0.66
46100 0.63
46200 0.68
46300 0.67
46400 0.66
46500 0.55
