100 0
200 0.46
300 0.51
400 1
500 0.5
600 1
700 0.54
800 0.47
900 0.43
1000 0.52
1100 0.5
1200 0.54
1300 1
1400 0
1500 0.49
1600 0.45
1700 0.46
1800 0.55
1900 0.5
2000 0.49
2100 0
2200 0.49
2300 1
2400 0.57
2500 1
2600 0.46
2700 0.46
2800 0.42
2900 0.42
3000 1
3100 0
3200 0
3300 0
3400 1
3500 1
3600 1
3700 1
3800 1
3900 1
4000 1
4100 1
4200 0
4300 0.49
4400 1
4500 0.43
4600 1
4700 1
4800 0.56
4900 1
5000 1
5100 0.48
5200 1
5300 1
5400 1
5500 0
5600 1
5700 0.54
5800 0.5
5900 0.48
6000 0.41
6100 1
6200 0
6300 0.58
6400 0.51
6500 0.46
6600 0.54
6700 0
6800 0
6900 0.51
7000 0
7100 0
7200 1
7300 0.39
7400 0.53
7500 0.43
7600 0.55
7700 0
7800 1
7900 1
8000 0.43
8100 0.47
8200 0.5
8300 1
8400 1
8500 1
8600 0.53
8700 1
8800 0
8900 0.54
9000 0.58
9100 0.51
9200 1
9300 0.53
9400 1
9500 1
9600 0.48
9700 0
9800 1
9900 0
10000 1
10100 0
10200 0
10300 1
10400 0
10500 0.61
10600 1
10700 0.51
10800 0
10900 1
11000 1
11100 1
11200 0.5
11300 1
11400 0.48
11500 0
11600 1
11700 0.51
11800 1
11900 1
12000 1
12100 0.44
12200 0.5
12300 0.53
12400 0.39
12500 1
12600 1
12700 1
12800 0
12900 0
13000 0.47
13100 1
13200 0
13300 0.52
13400 0
13500 0
13600 0
13700 1
13800 1
13900 0.58
14000 0.5
14100 0.52
14200 0
14300 0.54
14400 1
14500 0.53
14600 0.62
14700 1
14800 1
14900 0
15000 0
15100 0.53
15200 0.55
15300 0
15400 0
15500 1
15600 1
15700 0.53
15800 0.54
15900 0.57
16000 1
16100 0.42
16200 0.52
16300 0
16400 0
16500 0.54
16600 1
16700 0.52
16800 1
16900 1
17000 0.48
17100 0.45
17200 1
17300 0.49
17400 1
17500 0.45
17600 0.53
17700 0.48
17800 0.49
17900 1
18000 1
18100 1
18200 0
18300 0
18400 0.55
18500 0.47
18600 0
18700 0.49
18800 0.48
18900 1
19000 0
19100 0
19200 0.53
19300 0
19400 0.47
19500 0
19600 0.57
19700 1
19800 0
19900 0.48
20000 0
20100 1
20200 0.4
20300 0.48
20400 1
20500 0.41
20600 0
20700 0.47
20800 0
20900 0
21000 0
21100 0
21200 0
21300 0
21400 0.48
21500 1
21600 0
21700 1
21800 1
21900 0.44
22000 1
22100 0.45
22200 1
22300 0
22400 1
22500 0.51
22600 1
22700 1
22800 0
22900 0.44
23000 0.51
23100 0.5
23200 0
23300 1
23400 0
23500 0.51
23600 1
23700 0.44
23800 0.55
23900 0.47
24000 0.51
24100 0
24200 0.51
24300 1
24400 0.61
24500 0.43
24600 0
24700 1
24800 1
24900 0.54
25000 1
25100 1
25200 0.47
25300 0
25400 1
25500 0.53
25600 1
25700 0
25800 0.45
25900 0.42
26000 0.54
26100 1
26200 0.59
26300 0
26400 0
26500 0.51
26600 0.56
26700 0
26800 0
26900 0
27000 0
27100 0
27200 1
27300 0.48
27400 1
27500 0
27600 1
27700 1
27800 0
27900 0
28000 0.47
28100 0
28200 1
28300 0.51
28400 1
28500 1
28600 1
28700 0.42
28800 1
28900 1
29000 0
29100 1
29200 0
29300 0.5
29400 0.49
29500 0.42
29600 1
29700 1
29800 0.56
29900 0
30000 1
30100 0.57
30200 0
30300 1
30400 0
30500 1
30600 1
30700 0.5
30800 0.56
30900 1
31000 0.5
31100 0.45
31200 1
31300 1
31400 0.5
31500 0.45
31600 0.53
31700 0
31800 0.53
31900 0.41
32000 1
32100 1
32200 0.57
32300 0
32400 0.48
32500 0.5
32600 1
32700 0
32800 0
32900 0
33000 0
33100 0.53
33200 0
33300 0
33400 0
33500 0.56
33600 0
33700 0
33800 0.44
33900 0.47
34000 0
34100 0.49
34200 0.49
34300 0
34400 0
34500 0
34600 0.52
34700 0
34800 0
34900 0
35000 0
35100 0
35200 0
35300 0.52
35400 0.52
35500 0.58
35600 0.57
35700 0.51
35800 0
35900 0
36000 0
36100 0.53
36200 0.54
36300 0.47
36400 1
36500 0.45
36600 0.42
36700 0.43
36800 1
36900 0.48
37000 1
37100 0
37200 0.55
37300 1
37400 0
37500 1
37600 0
37700 0
37800 1
37900 0
38000 0
38100 0
38200 1
38300 0
38400 0.45
38500 0.55
38600 0
38700 0
38800 0.49
38900 0.41
39000 0.52
39100 0.54
39200 0.49
39300 1
39400 0.42
39500 0.5
39600 1
39700 1
39800 0.46
39900 0.5
40000 1
40100 0
40200 0
40300 0
40400 0
40500 0.49
40600 0
40700 0
40800 0.52
40900 0
41000 0
41100 1
41200 1
41300 1
41400 0.46
41500 1
41600 0.49
41700 0
41800 0
41900 0.54
42000 1
42100 1
42200 0.52
42300 1
42400 1
42500 0
42600 1
42700 0.49
42800 1
42900 0
43000 0.51
43100 0.48
43200 1
43300 1
43400 0
43500 0.46
43600 0
43700 0.51
43800 0.42
43900 1
44000 1
44100 0.46
44200 1
44300 1
44400 0.47
44500 0.44
44600 1
44700 0.53
44800 0.55
44900 1
45000 0
45100 0.45
45200 1
45300 1
45400 0.42
45500 0
45600 1
45700 0.48
45800 0.52
45900 0
46000 0.48
46100 0.45
46200 0
46300 0.45
46400 1
46500 1
46600 0
46700 0.56
46800 0.41
46900 0.63
47000 1
47100 0.49
47200 0.5
47300 0.46
47400 0.5
47500 1
47600 0
47700 1
47800 0.5
47900 1
48000 0
48100 0
48200 0.43
48300 1
48400 1
48500 0.55
48600 1
48700 1
48800 0.44
48900 0
49000 0
49100 0
49200 1
49300 0
49400 0.51
49500 1
49600 0.44
49700 0
49800 0.49
49900 0.5
