100 0.69
200 0.6
300 0.596667
400 0.5775
500 0.578
600 0.573333
700 0.587143
800 0.6
900 0.606667
1000 0.602
1100 0.613636
1200 0.623333
1300 0.639231
1400 0.64
1500 0.644
1600 0.6425
1700 0.646471
1800 0.650556
1900 0.653684
2000 0.6585
2100 0.660952
2200 0.663182
2300 0.661739
2400 0.663333
2500 0.664
2600 0.665
2700 0.663704
2800 0.666071
2900 0.666207
3000 0.665
3100 0.665161
3200 0.664375
3300 0.665455
3400 0.667059
3500 0.667143
3600 0.667778
3700 0.67
3800 0.673947
3900 0.677436
4000 0.68025
4100 0.682439
4200 0.684524
4300 0.685814
4400 0.687045
4500 0.688667
4600 0.692609
4700 0.695106
4800 0.695833
4900 0.695306
5000 0.696
5100 0.697255
5200 0.699423
5300 0.698491
5400 0.69963
5500 0.700364
5600 0.7
5700 0.701053
5800 0.703276
5900 0.705254
6000 0.707167
6100 0.707377
6200 0.708065
6300 0.708095
6400 0.709375
6500 0.709385
6600 0.709091
6700 0.708657
6800 0.708088
6900 0.708841
7000 0.708571
7100 0.707324
7200 0.706389
7300 0.707945
7400 0.706622
7500 0.707067
7600 0.707632
7700 0.708442
7800 0.708718
7900 0.708228
8000 0.708375
8100 0.708148
8200 0.708415
8300 0.709277
8400 0.709048
8500 0.708941
8600 0.708372
8700 0.707356
8800 0.706591
8900 0.705618
9000 0.703889
9100 0.703956
9200 0.704674
9300 0.705269
9400 0.706383
9500 0.708
9600 0.707708
9700 0.707938
9800 0.708265
9900 0.708384
10000 0.7082
10100 0.70901
10200 0.708431
10300 0.708932
10400 0.708846
10500 0.708762
10600 0.708491
10700 0.707477
10800 0.706389
10900 0.706055
11000 0.705
11100 0.705315
11200 0.704286
11300 0.703805
11400 0.703947
11500 0.703913
11600 0.704569
11700 0.705214
11800 0.705339
11900 0.70563
12000 0.7055
12100 0.70438
12200 0.704344
12300 0.704472
12400 0.705161
12500 0.70504
12600 0.705
12700 0.704882
12800 0.704766
12900 0.705736
13000 0.706077
13100 0.706336
13200 0.706894
13300 0.707293
13400 0.70709
13500 0.707333
13600 0.707721
13700 0.707883
13800 0.707536
13900 0.707698
14000 0.707429
14100 0.707801
14200 0.707042
14300 0.706014
14400 0.705764
14500 0.705931
14600 0.705685
14700 0.705782
14800 0.705946
14900 0.706376
15000 0.705933
15100 0.706358
15200 0.706579
15300 0.706863
15400 0.707338
15500 0.707935
15600 0.708269
15700 0.708917
15800 0.708987
15900 0.708868
16000 0.7085
16100 0.708447
16200 0.708086
16300 0.707791
16400 0.707866
16500 0.707333
16600 0.707108
16700 0.706587
16800 0.705833
16900 0.705089
17000 0.704588
17100 0.704327
17200 0.704244
17300 0.703642
17400 0.702759
17500 0.702971
17600 0.703466
17700 0.703616
17800 0.703596
17900 0.703966
18000 0.704
18100 0.704696
18200 0.70467
18300 0.705082
18400 0.705163
18500 0.705405
18600 0.705645
18700 0.705989
18800 0.705532
18900 0.705185
19000 0.705789
19100 0.706021
19200 0.706667
19300 0.707202
19400 0.707423
19500 0.707641
19600 0.707449
19700 0.707716
19800 0.707778
19900 0.70794
20000 0.70745
20100 0.707861
20200 0.708267
20300 0.708424
20400 0.70848
20500 0.708829
20600 0.70932
20700 0.709807
20800 0.710288
20900 0.710048
21000 0.709905
21100 0.709716
21200 0.710047
21300 0.710282
21400 0.710561
21500 0.710233
21600 0.709491
21700 0.709401
21800 0.709358
21900 0.708995
22000 0.709455
22100 0.709774
22200 0.709685
22300 0.709776
22400 0.709821
22500 0.710044
22600 0.710442
22700 0.710529
22800 0.71114
22900 0.711485
23000 0.711826
23100 0.711948
23200 0.712198
23300 0.712232
23400 0.712393
23500 0.712255
23600 0.712797
23700 0.712743
23800 0.712773
23900 0.71272
24000 0.713042
24100 0.71332
24200 0.713719
24300 0.713992
24400 0.713934
24500 0.71449
24600 0.71435
24700 0.714818
24800 0.715121
24900 0.714859
25000 0.71512
25100 0.715179
25200 0.715119
25300 0.715692
25400 0.716299
25500 0.716431
25600 0.717148
25700 0.717821
25800 0.717946
25900 0.71834
26000 0.719
26100 0.719502
26200 0.720115
26300 0.720608
26400 0.720909
26500 0.721208
26600 0.721015
26700 0.721124
26800 0.721455
26900 0.721524
27000 0.721407
27100 0.721255
27200 0.721801
27300 0.721868
27400 0.72208
27500 0.722545
27600 0.722754
27700 0.723141
27800 0.723669
27900 0.724014
28000 0.724536
28100 0.724911
28200 0.725248
28300 0.725654
28400 0.726232
28500 0.726737
28600 0.726888
28700 0.726655
28800 0.726667
28900 0.726263
29000 0.725759
29100 0.725808
29200 0.725925
29300 0.726075
29400 0.726156
29500 0.726271
29600 0.726486
29700 0.72596
29800 0.726107
29900 0.726455
30000 0.7267
30100 0.72711
30200 0.727285
30300 0.726865
30400 0.726546
30500 0.726885
30600 0.726993
30700 0.726971
30800 0.727143
30900 0.727055
31000 0.727
31100 0.726752
31200 0.726571
31300 0.726709
31400 0.726943
31500 0.727206
31600 0.727595
31700 0.727729
31800 0.728333
31900 0.72837
32000 0.728875
32100 0.729128
32200 0.728944
32300 0.729226
32400 0.729321
32500 0.729538
32600 0.729693
32700 0.729817
32800 0.72997
32900 0.730274
33000 0.730606
33100 0.730785
33200 0.730994
33300 0.731021
33400 0.731228
33500 0.731343
33600 0.731667
33700 0.732047
33800 0.73213
33900 0.73233
34000 0.732529
34100 0.732258
34200 0.73231
34300 0.732624
34400 0.732907
34500 0.733304
34600 0.73341
34700 0.733429
34800 0.733678
34900 0.733725
35000 0.733514
35100 0.733789
35200 0.734062
35300 0.734363
35400 0.734689
35500 0.73493
35600 0.735281
35700 0.73549
35800 0.735447
35900 0.73571
36000 0.735833
36100 0.736039
36200 0.736215
36300 0.736419
36400 0.736264
36500 0.736192
36600 0.736503
36700 0.736621
36800 0.737011
36900 0.737317
37000 0.737595
37100 0.737763
37200 0.737742
37300 0.738097
37400 0.737727
37500 0.738213
37600 0.738324
37700 0.738382
37800 0.738571
37900 0.738813
38000 0.739132
38100 0.739318
38200 0.739372
38300 0.739713
38400 0.739844
38500 0.739481
38600 0.739456
38700 0.739328
38800 0.739407
38900 0.739203
39000 0.738923
39100 0.738414
39200 0.738648
39300 0.738321
39400 0.738223
39500 0.73838
39600 0.738636
39700 0.738766
39800 0.73907
39900 0.739148
40000 0.739225
40100 0.739277
40200 0.739403
40300 0.739504
40400 0.739505
40500 0.739679
40600 0.739754
40700 0.739828
40800 0.740025
40900 0.740171
41000 0.740098
41100 0.740389
41200 0.74051
41300 0.740726
41400 0.7407
41500 0.740795
41600 0.740889
41700 0.740791
41800 0.740789
41900 0.740979
42000 0.740643
42100 0.740736
42200 0.740427
42300 0.740473
42400 0.740212
42500 0.740047
42600 0.740188
42700 0.740187
42800 0.74028
42900 0.739767
43000 0.739558
43100 0.739861
43200 0.740069
43300 0.740346
43400 0.740484
43500 0.740667
43600 0.740963
43700 0.740686
43800 0.740731
43900 0.740706
44000 0.740659
44100 0.740499
44200 0.740317
44300 0.740293
44400 0.739865
44500 0.73964
44600 0.73926
44700 0.738971
44800 0.738772
44900 0.738552
45000 0.738111
45100 0.737938
45200 0.73781
45300 0.737638
45400 0.737181
45500 0.736923
45600 0.73682
45700 0.736521
45800 0.73655
45900 0.736253
46000 0.736283
46100 0.736377
46200 0.736515
46300 0.736242
46400 0.736078
46500 0.736043
46600 0.735944
46700 0.735996
46800 0.735919
46900 0.73548
47000 0.735426
47100 0.735478
47200 0.735254
47300 0.735264
47400 0.735084
47500 0.734905
47600 0.734748
47700 0.734591
47800 0.734331
47900 0.734175
48000 0.734
48100 0.73395
48200 0.733817
48300 0.733582
48400 0.733264
48500 0.733052
48600 0.732881
48700 0.73269
48800 0.732684
48900 0.732577
49000 0.732429
49100 0.732261
49200 0.732195
49300 0.731907
49400 0.731721
49500 0.731596
49600 0.731512
49700 0.731368
49800 0.731245
49900 0.731022
