100 0.61
200 0.68
300 0.683333
400 0.6925
500 0.71
600 0.716667
700 0.732857
800 0.7425
900 0.746667
1000 0.756
1100 0.768182
1200 0.775833
1300 0.776923
1400 0.775714
1500 0.781333
1600 0.783125
1700 0.781176
1800 0.781111
1900 0.781053
2000 0.7785
2100 0.778571
2200 0.775
2300 0.774783
2400 0.774167
2500 0.7736
2600 0.771154
2700 0.770741
2800 0.77
2900 0.765862
3000 0.764
3100 0.763871
3200 0.760625
3300 0.761818
3400 0.759412
3500 0.758571
3600 0.756667
3700 0.755405
3800 0.753684
3900 0.753846
4000 0.75225
4100 0.752927
4200 0.751667
4300 0.75
4400 0.749091
4500 0.749111
4600 0.750435
4700 0.749149
4800 0.748542
4900 0.747347
5000 0.7468
5100 0.745686
5200 0.745577
5300 0.744906
5400 0.744444
5500 0.743091
5600 0.741071
5700 0.741579
5800 0.740862
5900 0.740169
6000 0.740667
6100 0.741803
6200 0.742097
6300 0.742857
6400 0.741875
6500 0.741692
6600 0.739848
6700 0.739552
6800 0.739118
6900 0.738551
7000 0.737714
7100 0.738028
7200 0.737778
7300 0.736712
7400 0.735405
7500 0.735333
7600 0.735789
7700 0.736104
7800 0.73641
7900 0.735316
8000 0.73525
8100 0.734815
8200 0.733902
8300 0.733735
8400 0.733571
8500 0.733059
8600 0.732093
8700 0.731034
8800 0.73125
8900 0.730449
9000 0.730333
9100 0.72978
9200 0.72913
9300 0.729032
9400 0.728298
9500 0.727895
9600 0.727396
9700 0.726804
9800 0.726531
9900 0.726061
10000 0.7255
10100 0.724554
10200 0.724314
10300 0.724175
10400 0.723654
10500 0.723333
10600 0.723396
10700 0.722991
10800 0.722593
10900 0.722385
11000 0.722
11100 0.722432
11200 0.722232
11300 0.722566
11400 0.722193
11500 0.721565
11600 0.721552
11700 0.721111
11800 0.720932
11900 0.720672
12000 0.71975
12100 0.71876
12200 0.718934
12300 0.718374
12400 0.718226
12500 0.71808
12600 0.718016
12700 0.717638
12800 0.717578
12900 0.717519
13000 0.717077
13100 0.716794
13200 0.716591
13300 0.717068
13400 0.716567
13500 0.716222
13600 0.715515
13700 0.715766
13800 0.715652
13900 0.715108
14000 0.714929
14100 0.714823
14200 0.714366
14300 0.714266
14400 0.713819
14500 0.714069
14600 0.713767
14700 0.713878
14800 0.713041
14900 0.712752
15000 0.712533
15100 0.712318
15200 0.711908
15300 0.711242
15400 0.710779
15500 0.711161
15600 0.711474
15700 0.71172
15800 0.711709
15900 0.711761
16000 0.711625
16100 0.711491
16200 0.711358
16300 0.711656
16400 0.711463
16500 0.711273
16600 0.710783
16700 0.711437
16800 0.71119
16900 0.710888
17000 0.710824
17100 0.710292
17200 0.710058
17300 0.710058
17400 0.709713
17500 0.709371
17600 0.709205
17700 0.709266
17800 0.709213
17900 0.708715
18000 0.708222
18100 0.707845
18200 0.707527
18300 0.707213
18400 0.707065
18500 0.706973
18600 0.706774
18700 0.70631
18800 0.70633
18900 0.70582
19000 0.705842
19100 0.705445
19200 0.705625
19300 0.705389
19400 0.705567
19500 0.705231
19600 0.705102
19700 0.705228
19800 0.705051
19900 0.705075
20000 0.70535
20100 0.704975
20200 0.705149
20300 0.705419
20400 0.705147
20500 0.705268
20600 0.705194
20700 0.705266
20800 0.705721
20900 0.705455
21000 0.705333
21100 0.705308
21200 0.704764
21300 0.704648
21400 0.704439
21500 0.704186
21600 0.70412
21700 0.703779
21800 0.70344
21900 0.703562
22000 0.703273
22100 0.703213
22200 0.703108
22300 0.702825
22400 0.702902
22500 0.702711
22600 0.702876
22700 0.702863
22800 0.702807
22900 0.702838
23000 0.702826
23100 0.702944
23200 0.702629
23300 0.702618
23400 0.702607
23500 0.702766
23600 0.702627
23700 0.702194
23800 0.701681
23900 0.701548
24000 0.701708
24100 0.701867
24200 0.70186
24300 0.70177
24400 0.701557
24500 0.701755
24600 0.701951
24700 0.701862
24800 0.701694
24900 0.701807
25000 0.7016
25100 0.701514
25200 0.701389
25300 0.701304
25400 0.701339
25500 0.70149
25600 0.701328
25700 0.701206
25800 0.700814
25900 0.700849
26000 0.700923
26100 0.700728
26200 0.700763
26300 0.700342
26400 0.699886
26500 0.699774
26600 0.699624
26700 0.699813
26800 0.699925
26900 0.699703
27000 0.699889
27100 0.699963
27200 0.700037
27300 0.700073
27400 0.700073
27500 0.7
27600 0.699928
27700 0.699856
27800 0.699388
27900 0.699391
28000 0.699286
28100 0.699181
28200 0.698936
28300 0.698693
28400 0.698592
28500 0.698351
28600 0.698357
28700 0.698397
28800 0.698264
28900 0.698339
29000 0.698207
29100 0.69811
29200 0.698288
29300 0.698294
29400 0.698129
29500 0.698136
29600 0.698074
29700 0.697912
29800 0.69802
29900 0.697826
30000 0.697667
30100 0.697708
30200 0.697417
30300 0.697294
30400 0.697007
30500 0.696951
30600 0.696928
30700 0.696938
30800 0.696558
30900 0.696278
31000 0.696097
31100 0.696174
31200 0.695929
31300 0.695463
31400 0.69535
31500 0.695556
31600 0.695696
31700 0.695615
31800 0.695409
31900 0.695423
32000 0.695344
32100 0.695607
32200 0.695497
32300 0.695542
32400 0.695525
32500 0.695477
32600 0.69546
32700 0.695199
32800 0.695396
32900 0.695502
33000 0.695424
33100 0.695227
33200 0.695181
33300 0.695045
33400 0.69482
33500 0.694896
33600 0.694881
33700 0.694837
33800 0.694793
33900 0.694661
34000 0.694529
34100 0.694663
34200 0.694795
34300 0.694752
34400 0.69468
34500 0.695014
34600 0.695
34700 0.695101
34800 0.695086
34900 0.694986
35000 0.694914
35100 0.694929
35200 0.694801
35300 0.694674
35400 0.69452
35500 0.694338
35600 0.694326
35700 0.694062
35800 0.694022
35900 0.693733
36000 0.693583
36100 0.693684
36200 0.693785
36300 0.693912
36400 0.693681
36500 0.693699
36600 0.693552
36700 0.693406
36800 0.693424
36900 0.693523
37000 0.693486
37100 0.693369
37200 0.693253
37300 0.693378
37400 0.693342
37500 0.6932
37600 0.693191
37700 0.69305
37800 0.693122
37900 0.693113
38000 0.693132
38100 0.693123
38200 0.692958
38300 0.692977
38400 0.692917
38500 0.692831
38600 0.692876
38700 0.692765
38800 0.692732
38900 0.692725
39000 0.692923
39100 0.693043
39200 0.692908
39300 0.692799
39400 0.692614
39500 0.692608
39600 0.692247
39700 0.692065
39800 0.692211
39900 0.692281
40000 0.6921
40100 0.691945
40200 0.691965
40300 0.69201
40400 0.692079
40500 0.691975
40600 0.691872
40700 0.691867
40800 0.691814
40900 0.691858
41000 0.691878
41100 0.6918
41200 0.691723
41300 0.691743
41400 0.691715
41500 0.691711
41600 0.691635
41700 0.691631
41800 0.691316
41900 0.691241
42000 0.691286
42100 0.691116
42200 0.691114
42300 0.691064
42400 0.691014
42500 0.691082
42600 0.691362
42700 0.691218
42800 0.691145
42900 0.691212
43000 0.691163
43100 0.691067
43200 0.691134
43300 0.69097
43400 0.690968
43500 0.690966
43600 0.69094
43700 0.690664
43800 0.690685
43900 0.690638
44000 0.690614
44100 0.690726
44200 0.690769
44300 0.690722
44400 0.690721
44500 0.690719
44600 0.690673
44700 0.690626
44800 0.690692
44900 0.690601
45000 0.690733
45100 0.690732
45200 0.690575
45300 0.690618
45400 0.690441
45500 0.690505
45600 0.690417
45700 0.690394
45800 0.690218
45900 0.690022
46000 0.689957
46100 0.689957
46200 0.689892
46300 0.689633
46400 0.689677
46500 0.689505
46600 0.689378
46700 0.689336
46800 0.689338
46900 0.689318
47000 0.689383
47100 0.689214
47200 0.68911
47300 0.689175
47400 0.689135
47500 0.6892
47600 0.689013
47700 0.688994
47800 0.689079
47900 0.688935
48000 0.688875
48100 0.688919
48200 0.689108
48300 0.689193
48400 0.68905
48500 0.688948
48600 0.688848
48700 0.688747
48800 0.688832
48900 0.688855
49000 0.688796
49100 0.688778
49200 0.68878
49300 0.688722
49400 0.688765
49500 0.688566
49600 0.688649
49700 0.688571
49800 0.688635
49900 0.688417
