100 0.6
200 0.78
300 0.56
400 0.84
500 0.94
600 0.9
700 0.9
800 0.63
900 0.64
1000 0.82
1100 0.61
1200 0.73
1300 0.6
1400 0.65
1500 0.66
1600 0.58
1700 0.49
1800 0.47
1900 0.56
2000 0.42
2100 0.44
2200 0.41
2300 0.41
2400 0.52
2500 0.42
2600 0.44
2700 0.47
2800 0.41
2900 0.3
3000 0.34
3100 0.43
3200 0.45
3300 0.37
3400 0.45
3500 0.38
3600 0.34
3700 0.36
3800 0.31
3900 0.48
4000 0.41
4100 0.46
4200 0.48
4300 0.34
4400 0.39
4500 0.44
4600 0.4
4700 0.4
4800 0.33
4900 0.4
5000 0.38
5100 0.35
5200 0.35
5300 0.42
5400 0.41
5500 0.4
5600 0.36
5700 0.41
5800 0.45
5900 0.38
6000 0.35
6100 0.4
6200 0.4
6300 0.39
6400 0.47
6500 0.47
6600 0.43
6700 0.4
6800 0.46
6900 0.45
7000 0.39
7100 0.42
7200 0.44
7300 0.35
7400 0.44
7500 0.32
7600 0.39
7700 0.41
7800 0.42
7900 0.35
8000 0.35
8100 0.39
8200 0.42
8300 0.4
8400 0.33
8500 0.42
8600 0.39
8700 0.44
8800 0.39
8900 0.41
9000 0.42
9100 0.34
9200 0.45
9300 0.38
9400 0.47
9500 0.47
9600 0.42
9700 0.47
9800 0.43
9900 0.41
10000 0.37
10100 0.5
10200 0.47
10300 0.43
10400 0.46
10500 0.46
10600 0.45
10700 0.46
10800 0.36
10900 0.44
11000 0.47
11100 0.41
11200 0.46
11300 0.42
11400 0.38
11500 0.42
11600 0.54
11700 0.5
11800 0.44
11900 0.42
12000 0.42
12100 0.48
12200 0.42
12300 0.49
12400 0.43
12500 0.34
12600 0.53
12700 0.46
12800 0.42
12900 0.38
13000 0.45
13100 0.46
13200 0.45
13300 0.43
13400 0.48
13500 0.44
13600 0.41
13700 0.39
13800 0.4
13900 0.45
14000 0.5
14100 0.45
14200 0.41
14300 0.43
14400 0.47
14500 0.47
14600 0.44
14700 0.48
14800 0.48
14900 0.42
15000 0.47
15100 0.46
15200 0.42
15300 0.52
15400 0.39
15500 0.44
15600 0.5
15700 0.43
15800 0.46
15900 0.49
16000 0.42
16100 0.44
16200 0.38
16300 0.37
16400 0.52
16500 0.46
16600 0.46
16700 0.44
16800 0.45
16900 0.45
17000 0.52
17100 0.39
17200 0.41
17300 0.48
17400 0.45
17500 0.5
17600 0.44
17700 0.39
17800 0.48
17900 0.46
18000 0.48
18100 0.44
18200 0.39
18300 0.47
18400 0.4
18500 0.5
18600 0.45
18700 0.5
18800 0.43
18900 0.5
19000 0.51
19100 0.43
19200 0.53
19300 0.51
19400 0.58
19500 0.52
19600 0.54
19700 0.49
19800 0.39
19900 0.43
20000 0.48
20100 0.39
20200 0.54
20300 0.53
20400 0.44
20500 0.49
20600 0.48
20700 0.52
20800 0.5
20900 0.43
21000 0.43
21100 0.43
21200 0.46
21300 0.38
21400 0.46
21500 0.46
21600 0.48
21700 0.55
21800 0.6
21900 0.49
22000 0.46
22100 0.5
22200 0.45
22300 0.57
22400 0.47
22500 0.41
22600 0.46
22700 0.54
22800 0.44
22900 0.58
23000 0.45
23100 0.52
23200 0.49
23300 0.53
23400 0.47
23500 0.47
23600 0.61
23700 0.5
23800 0.48
23900 0.61
24000 0.5
24100 0.54
24200 0.55
24300 0.48
24400 0.43
24500 0.51
24600 0.52
24700 0.47
24800 0.52
24900 0.54
25000 0.39
25100 0.47
25200 0.5
25300 0.48
25400 0.36
25500 0.48
25600 0.56
25700 0.47
25800 0.58
25900 0.47
26000 0.38
26100 0.44
26200 0.49
26300 0.52
26400 0.39
26500 0.43
26600 0.58
26700 0.46
26800 0.42
26900 0.45
27000 0.55
27100 0.49
27200 0.49
27300 0.5
27400 0.53
27500 0.5
27600 0.44
27700 0.53
27800 0.58
27900 0.57
28000 0.52
28100 0.5
28200 0.5
28300 0.48
28400 0.44
28500 0.46
28600 0.45
28700 0.44
28800 0.48
28900 0.5
29000 0.47
29100 0.47
29200 0.51
29300 0.44
29400 0.56
29500 0.48
29600 0.53
29700 0.49
29800 0.51
29900 0.35
30000 0.57
30100 0.41
30200 0.44
30300 0.63
30400 0.51
30500 0.56
30600 0.44
30700 0.47
30800 0.5
30900 0.49
31000 0.51
31100 0.5
31200 0.51
31300 0.45
31400 0.41
31500 0.51
31600 0.39
31700 0.47
31800 0.47
31900 0.59
32000 0.53
32100 0.41
32200 0.55
32300 0.45
32400 0.63
32500 0.53
32600 0.52
32700 0.45
32800 0.45
32900 0.49
33000 0.47
33100 0.47
33200 0.47
33300 0.55
33400 0.55
33500 0.49
33600 0.44
33700 0.4
33800 0.46
33900 0.48
34000 0.52
34100 0.5
34200 0.55
34300 0.5
34400 0.55
34500 0.48
34600 0.5
34700 0.59
34800 0.48
34900 0.49
35000 0.5
35100 0.41
35200 0.54
35300 0.44
35400 0.44
35500 0.45
35600 0.54
35700 0.44
35800 0.49
35900 0.47
36000 0.53
36100 0.44
36200 0.42
36300 0.42
36400 0.54
36500 0.51
36600 0.51
36700 0.52
36800 0.55
36900 0.45
37000 0.58
37100 0.53
37200 0.48
37300 0.5
37400 0.52
37500 0.5
37600 0.48
37700 0.52
37800 0.56
37900 0.49
38000 0.49
38100 0.41
38200 0.58
38300 0.52
38400 0.41
38500 0.48
38600 0.48
38700 0.5
38800 0.42
38900 0.59
39000 0.48
39100 0.46
39200 0.55
39300 0.5
39400 0.54
39500 0.53
39600 0.48
39700 0.54
39800 0.52
39900 0.59
40000 0.48
40100 0.55
40200 0.5
40300 0.56
40400 0.53
40500 0.59
40600 0.54
40700 0.51
40800 0.51
40900 0.55
41000 0.42
41100 0.47
41200 0.5
41300 0.48
41400 0.52
41500 0.59
41600 0.57
41700 0.43
41800 0.55
41900 0.44
42000 0.47
42100 0.52
42200 0.52
42300 0.57
42400 0.54
42500 0.48
42600 0.37
42700 0.51
42800 0.6
42900 0.5
43000 0.54
43100 0.45
43200 0.52
43300 0.55
43400 0.53
43500 0.48
43600 0.52
43700 0.49
43800 0.52
43900 0.5
44000 0.54
44100 0.45
44200 0.44
44300 0.55
44400 0.49
44500 0.56
44600 0.61
44700 0.57
44800 0.47
44900 0.54
45000 0.5
45100 0.47
45200 0.49
45300 0.51
45400 0.49
45500 0.5
45600 0.49
45700 0.49
45800 0.49
45900 0.54
46000 0.49
46100 0.39
46200 0.51
46300 0.38
46400 0.5
46500 0.58
46600 0.5
46700 0.56
46800 0.5
46900 0.5
47000 0.49
47100 0.55
47200 0.49
47300 0.55
47400 0.42
47500 0.51
47600 0.51
47700 0.55
47800 0.5
47900 0.45
48000 0.55
48100 0.52
48200 0.5
48300 0.55
48400 0.56
48500 0.54
48600 0.34
48700 0.56
48800 0.53
48900 0.5
49000 0.53
49100 0.52
49200 0.56
49300 0.55
49400 0.48
49500 0.53
49600 0.57
49700 0.47
49800 0.54
49900 0.51
