0 0.53
1 0.55
2 0.54
3 0.54
4 0.524
5 0.518333
6 0.51
7 0.51125
8 0.506667
9 0.508
10 0.510909
11 0.5125
12 0.513846
13 0.507857
14 0.507333
15 0.50125
16 0.502353
17 0.506111
18 0.506842
19 0.5
20 0.499048
21 0.501364
22 0.5
23 0.499583
24 0.5
25 0.497308
26 0.498519
27 0.496786
28 0.496897
29 0.497667
30 0.499032
31 0.49625
32 0.496667
33 0.495882
34 0.496286
35 0.495
36 0.495676
37 0.496316
38 0.49641
39 0.495
40 0.49439
41 0.494524
42 0.493953
43 0.494318
44 0.493333
45 0.495217
46 0.496809
47 0.497292
48 0.496122
49 0.4962
50 0.496078
51 0.4975
52 0.497547
53 0.497778
54 0.496909
55 0.496786
56 0.497895
57 0.497069
58 0.497288
59 0.495833
60 0.49459
61 0.493387
62 0.494444
63 0.493437
64 0.493385
65 0.492727
66 0.493134
67 0.493235
68 0.493188
69 0.493571
70 0.49507
71 0.495694
72 0.496027
73 0.497568
74 0.497867
75 0.497632
76 0.498571
77 0.499744
78 0.499494
79 0.499375
80 0.499012
81 0.499024
82 0.499759
83 0.500952
84 0.502
85 0.501395
86 0.502184
87 0.502614
88 0.503258
89 0.502889
90 0.502857
91 0.502826
92 0.503226
93 0.503511
94 0.503053
95 0.502917
96 0.502268
97 0.501429
98 0.501717
99 0.5027
100 0.503663
101 0.504412
102 0.504563
103 0.503942
104 0.503333
105 0.503302
106 0.503178
107 0.503241
108 0.502936
109 0.503364
110 0.504234
111 0.503929
112 0.504159
113 0.504737
114 0.504435
115 0.504828
116 0.505043
117 0.504492
118 0.50437
119 0.504917
120 0.504711
121 0.504344
122 0.504553
123 0.504032
124 0.5044
125 0.504286
126 0.504252
127 0.504531
128 0.504961
129 0.505385
130 0.505267
131 0.505076
132 0.505564
133 0.505597
134 0.506074
135 0.505882
136 0.505547
137 0.505942
138 0.506187
139 0.5065
140 0.506738
141 0.506056
142 0.505734
143 0.506111
144 0.505517
145 0.505274
146 0.504898
147 0.504662
148 0.504362
149 0.504267
150 0.504305
151 0.504408
152 0.504183
153 0.503766
154 0.504129
155 0.503974
156 0.504204
157 0.504557
158 0.504214
159 0.503812
160 0.503602
161 0.503333
162 0.503497
163 0.503841
164 0.503273
165 0.502831
166 0.502515
167 0.502143
168 0.502249
169 0.502941
170 0.50269
171 0.502733
172 0.503179
173 0.503333
174 0.502857
175 0.503068
176 0.502542
177 0.502865
178 0.502849
179 0.503278
180 0.503149
181 0.503407
182 0.503224
183 0.502989
184 0.502757
185 0.502527
186 0.502406
187 0.502234
188 0.502593
189 0.502316
190 0.502147
191 0.501875
192 0.501813
193 0.502165
194 0.502256
195 0.502653
196 0.502437
197 0.502576
198 0.502663
199 0.5035
200 0.503731
201 0.503317
202 0.503202
203 0.502892
204 0.502146
205 0.501942
206 0.501739
207 0.501779
208 0.501531
209 0.501429
210 0.501469
211 0.501651
212 0.501831
213 0.502056
214 0.502372
215 0.502083
216 0.502304
217 0.502202
218 0.502557
219 0.502545
220 0.502172
221 0.502207
222 0.502108
223 0.501964
224 0.501467
225 0.501681
226 0.501674
227 0.501623
228 0.501354
229 0.501217
230 0.501429
231 0.501422
232 0.501073
233 0.501068
234 0.501319
235 0.501441
236 0.501646
237 0.501597
238 0.501381
239 0.501333
240 0.501079
241 0.501198
242 0.501235
243 0.50123
244 0.501265
245 0.50122
246 0.501134
247 0.500847
248 0.500964
249 0.50104
250 0.500837
251 0.501111
252 0.500791
253 0.501024
254 0.50102
255 0.501055
256 0.501206
257 0.50124
258 0.501583
259 0.501308
260 0.501188
261 0.501412
262 0.501407
263 0.501439
264 0.501321
265 0.501579
266 0.501386
267 0.501418
268 0.50145
269 0.501444
270 0.501513
271 0.501654
272 0.501502
273 0.501423
274 0.501709
275 0.501884
276 0.501949
277 0.502158
278 0.50233
279 0.502143
280 0.5021
281 0.502163
282 0.502085
283 0.501972
284 0.50193
285 0.501783
286 0.501916
287 0.502118
288 0.501869
289 0.501862
290 0.501924
291 0.501884
292 0.50198
293 0.501973
294 0.501695
295 0.501791
296 0.50165
297 0.501846
298 0.501973
299 0.5021
300 0.502492
301 0.502417
302 0.50231
303 0.502303
304 0.502164
305 0.501863
306 0.501889
307 0.501688
308 0.501553
309 0.501645
310 0.50164
311 0.501442
312 0.501502
313 0.501433
314 0.501397
315 0.501171
316 0.501104
317 0.501415
318 0.501285
319 0.501281
320 0.501028
321 0.501025
322 0.50096
323 0.501327
324 0.501262
325 0.501227
326 0.501315
327 0.501463
328 0.501611
329 0.501576
330 0.501511
331 0.501325
332 0.501351
333 0.501497
334 0.501313
335 0.501339
336 0.501306
337 0.501213
338 0.501357
339 0.501412
340 0.501584
341 0.501696
342 0.501691
343 0.501773
344 0.501623
345 0.501445
346 0.50147
347 0.501466
348 0.501318
349 0.501171
350 0.501254
351 0.501165
352 0.501048
353 0.50113
354 0.501042
355 0.500899
356 0.500896
357 0.501229
358 0.50117
359 0.501306
360 0.501191
361 0.501271
362 0.501212
363 0.501154
364 0.501205
365 0.501093
366 0.501117
367 0.501196
368 0.501274
369 0.501
370 0.50097
371 0.500968
372 0.501072
373 0.500882
374 0.5008
375 0.500878
376 0.500663
377 0.500794
378 0.500554
379 0.500789
380 0.500866
381 0.500838
382 0.500862
383 0.50112
384 0.500987
385 0.501321
386 0.501318
387 0.501443
388 0.501542
389 0.50141
390 0.501202
391 0.501122
392 0.50112
393 0.501066
394 0.500987
395 0.501061
396 0.501058
397 0.500879
398 0.500576
399 0.500575
400 0.500648
401 0.500597
402 0.500769
403 0.500792
404 0.500568
405 0.500567
406 0.500762
407 0.500784
408 0.50088
409 0.500756
410 0.500803
411 0.500728
412 0.500678
413 0.500821
414 0.500723
415 0.500889
416 0.500719
417 0.500837
418 0.500811
419 0.500571
420 0.500356
421 0.500403
422 0.500426
423 0.500472
424 0.500424
425 0.500423
426 0.500281
427 0.500257
428 0.50021
429 0.499977
430 0.499722
431 0.499699
432 0.499838
433 0.499816
434 0.499839
435 0.499725
436 0.499542
437 0.499452
438 0.499567
439 0.499591
440 0.499546
441 0.499434
442 0.499413
443 0.499482
444 0.499416
445 0.499484
446 0.499709
447 0.499598
448 0.499621
449 0.4996
450 0.499557
451 0.499735
452 0.499625
453 0.49978
454 0.499912
455 0.499934
456 0.499825
457 0.499869
458 0.499847
459 0.499935
460 0.499761
461 0.499697
462 0.499719
463 0.499698
464 0.499699
465 0.499785
466 0.499786
467 0.499979
468 0.5
469 0.500043
470 0.500021
471 0.499852
472 0.499831
473 0.499747
474 0.499726
475 0.499685
476 0.499769
477 0.499854
478 0.499812
479 0.499854
480 0.499875
481 0.500041
482 0.500041
483 0.500165
484 0.500041
485 0.500185
486 0.500103
487 0.500102
488 0.500082
489 0.500306
490 0.500428
491 0.500325
492 0.500385
493 0.500466
494 0.500485
495 0.500403
496 0.500141
497 0.500241
498 0.500261
499 0.50018
