100 0.63
200 0.67
300 0.706667
400 0.7275
500 0.738
600 0.735
700 0.724286
800 0.7175
900 0.714444
1000 0.716
1100 0.719091
1200 0.714167
1300 0.710769
1400 0.711429
1500 0.706667
1600 0.711875
1700 0.704706
1800 0.697778
1900 0.697895
2000 0.7005
2100 0.697619
2200 0.696364
2300 0.694783
2400 0.695
2500 0.6912
2600 0.689231
2700 0.686296
2800 0.683571
2900 0.684483
3000 0.684
3100 0.68
3200 0.674687
3300 0.672727
3400 0.670882
3500 0.672571
3600 0.668889
3700 0.665946
3800 0.664211
3900 0.665385
4000 0.6665
4100 0.664146
4200 0.66119
4300 0.660698
4400 0.658636
4500 0.658
4600 0.657609
4700 0.657447
4800 0.656667
4900 0.654898
5000 0.6536
5100 0.653137
5200 0.652885
5300 0.652075
5400 0.651852
5500 0.652545
5600 0.652321
5700 0.65193
5800 0.65069
5900 0.650847
6000 0.649667
6100 0.648852
6200 0.64871
6300 0.648571
6400 0.647656
6500 0.647385
6600 0.646515
6700 0.645373
6800 0.645588
6900 0.645362
7000 0.645857
7100 0.644507
7200 0.643889
7300 0.642603
7400 0.642297
7500 0.6412
7600 0.640132
7700 0.64026
7800 0.640256
7900 0.639114
8000 0.638375
8100 0.638395
8200 0.637683
8300 0.638193
8400 0.637381
8500 0.637059
8600 0.637093
8700 0.637126
8800 0.635682
8900 0.634382
9000 0.634222
9100 0.634286
9200 0.633478
9300 0.633441
9400 0.633085
9500 0.632105
9600 0.632083
9700 0.631753
9800 0.631429
9900 0.631313
10000 0.6309
10100 0.63099
10200 0.630196
10300 0.629903
10400 0.629231
10500 0.629619
10600 0.629057
10700 0.629252
10800 0.628241
10900 0.628716
11000 0.628364
11100 0.628739
11200 0.627946
11300 0.627168
11400 0.626316
11500 0.626
11600 0.625603
11700 0.624786
11800 0.624576
11900 0.624202
12000 0.623167
12100 0.623802
12200 0.623689
12300 0.624065
12400 0.623629
12500 0.62312
12600 0.62254
12700 0.62252
12800 0.622031
12900 0.620543
13000 0.621
13100 0.621069
13200 0.62053
13300 0.619774
13400 0.619552
13500 0.619111
13600 0.618603
13700 0.618248
13800 0.617826
13900 0.617338
14000 0.617429
14100 0.617589
14200 0.618028
14300 0.617832
14400 0.617222
14500 0.616759
14600 0.616233
14700 0.616259
14800 0.616014
14900 0.615638
15000 0.6154
15100 0.61543
15200 0.614868
15300 0.614902
15400 0.61474
15500 0.614065
15600 0.614038
15700 0.614204
15800 0.613987
15900 0.613836
16000 0.61325
16100 0.612733
16200 0.612963
16300 0.613067
16400 0.613415
16500 0.613152
16600 0.613313
16700 0.613174
16800 0.613512
16900 0.613314
17000 0.613353
17100 0.612924
17200 0.612965
17300 0.612659
17400 0.612644
17500 0.6128
17600 0.612273
17700 0.612316
17800 0.611854
17900 0.611453
18000 0.6115
18100 0.611657
18200 0.611374
18300 0.61153
18400 0.61163
18500 0.611405
18600 0.610968
18700 0.611016
18800 0.610904
18900 0.610582
19000 0.610316
19100 0.610262
19200 0.610677
19300 0.610725
19400 0.61067
19500 0.61041
19600 0.610408
19700 0.610711
19800 0.610758
19900 0.610402
20000 0.6105
20100 0.610348
20200 0.610446
20300 0.610197
20400 0.610098
20500 0.61039
20600 0.609854
20700 0.60971
20800 0.610144
20900 0.609856
21000 0.610048
21100 0.60981
21200 0.609623
21300 0.609531
21400 0.609579
21500 0.609116
21600 0.608889
21700 0.608986
21800 0.608578
21900 0.608402
22000 0.6085
22100 0.608235
22200 0.608153
22300 0.607803
22400 0.607411
22500 0.607556
22600 0.607301
22700 0.607269
22800 0.607763
22900 0.607336
23000 0.606957
23100 0.606926
23200 0.606638
23300 0.607167
23400 0.607094
23500 0.607149
23600 0.606992
23700 0.607004
23800 0.606891
23900 0.606946
24000 0.60675
24100 0.606556
24200 0.60624
24300 0.605967
24400 0.606148
24500 0.605796
24600 0.605488
24700 0.605749
24800 0.605726
24900 0.605542
25000 0.60536
25100 0.605139
25200 0.605198
25300 0.605257
25400 0.605354
25500 0.604863
25600 0.604336
25700 0.604086
25800 0.604302
25900 0.604324
26000 0.604077
26100 0.604023
26200 0.604351
26300 0.604373
26400 0.604583
26500 0.604226
26600 0.604098
26700 0.604045
26800 0.603881
26900 0.603903
27000 0.604
27100 0.603579
27200 0.603676
27300 0.604066
27400 0.603942
27500 0.603673
27600 0.603442
27700 0.603285
27800 0.603489
27900 0.603548
28000 0.603714
28100 0.60363
28200 0.604007
28300 0.604099
28400 0.60412
28500 0.603965
28600 0.603916
28700 0.604146
28800 0.60434
28900 0.604187
29000 0.603862
29100 0.603711
29200 0.603562
29300 0.603447
29400 0.603571
29500 0.603661
29600 0.603615
29700 0.603535
29800 0.603523
29900 0.603712
30000 0.603733
30100 0.604053
30200 0.603974
30300 0.604059
30400 0.604276
30500 0.604492
30600 0.604379
30700 0.604169
30800 0.604286
30900 0.604078
31000 0.604129
31100 0.604116
31200 0.604006
31300 0.603898
31400 0.603567
31500 0.603587
31600 0.603639
31700 0.603438
31800 0.603459
31900 0.603636
32000 0.603625
32100 0.603801
32200 0.60354
32300 0.603313
32400 0.603241
32500 0.6036
32600 0.603896
32700 0.604037
32800 0.603841
32900 0.603617
33000 0.603667
33100 0.603444
33200 0.603343
33300 0.603213
33400 0.602814
33500 0.602746
33600 0.603125
33700 0.602997
33800 0.603195
33900 0.603422
34000 0.603206
34100 0.60305
34200 0.603099
34300 0.602915
34400 0.602558
34500 0.602725
34600 0.602803
34700 0.602738
34800 0.602759
34900 0.602665
35000 0.602943
35100 0.602877
35200 0.602955
35300 0.60289
35400 0.602655
35500 0.602676
35600 0.602584
35700 0.602689
35800 0.602542
35900 0.602284
36000 0.602167
36100 0.60205
36200 0.602099
36300 0.602204
36400 0.60217
36500 0.60189
36600 0.601776
36700 0.601553
36800 0.601522
36900 0.601409
37000 0.601486
37100 0.601671
37200 0.601694
37300 0.601796
37400 0.601578
37500 0.6016
37600 0.60141
37700 0.601353
37800 0.601323
37900 0.601319
38000 0.601342
38100 0.601312
38200 0.601204
38300 0.601175
38400 0.600938
38500 0.601117
38600 0.600984
38700 0.601163
38800 0.601005
38900 0.600848
39000 0.600769
39100 0.600946
39200 0.600689
39300 0.600509
39400 0.600812
39500 0.60081
39600 0.600682
39700 0.60068
39800 0.600503
39900 0.600501
40000 0.600175
40100 0.600249
40200 0.600224
40300 0.600273
40400 0.600297
40500 0.600247
40600 0.60032
40700 0.600098
40800 0.600221
40900 0.600318
41000 0.600366
41100 0.600292
41200 0.600388
41300 0.600533
41400 0.600652
41500 0.600651
41600 0.600553
41700 0.600432
41800 0.600574
41900 0.600597
42000 0.60069
42100 0.600784
42200 0.600592
42300 0.600615
42400 0.600613
42500 0.600682
42600 0.600657
42700 0.600773
42800 0.600701
42900 0.600583
43000 0.600419
43100 0.60058
43200 0.600648
43300 0.6006
43400 0.60076
43500 0.600759
43600 0.600734
43700 0.600801
43800 0.600708
43900 0.600661
44000 0.600568
44100 0.600476
44200 0.600566
44300 0.600542
44400 0.600428
44500 0.600292
44600 0.600359
44700 0.600403
44800 0.600335
44900 0.600445
45000 0.600333
45100 0.600333
45200 0.600354
45300 0.600397
45400 0.600463
45500 0.600549
45600 0.600461
45700 0.600503
45800 0.600502
45900 0.600501
46000 0.600457
46100 0.600369
46200 0.600498
46300 0.600389
46400 0.600366
46500 0.600323
46600 0.600107
46700 0.600128
46800 0.600214
46900 0.600256
47000 0.600383
47100 0.600488
47200 0.60036
47300 0.600402
47400 0.600464
47500 0.600547
47600 0.600462
47700 0.60044
47800 0.600377
47900 0.600292
48000 0.600479
48100 0.600603
48200 0.600726
48300 0.600725
48400 0.600702
48500 0.600639
48600 0.600453
48700 0.600287
48800 0.600451
48900 0.600368
49000 0.600327
49100 0.600468
49200 0.600589
49300 0.600649
49400 0.600628
49500 0.600566
49600 0.600504
49700 0.600443
49800 0.600582
49900 0.600521
