100 0.66
200 0.69
300 0.72
400 0.48
500 0.88
600 0.73
700 0.68
800 0.66
900 0.55
1000 0.51
1100 0.77
1200 0.74
1300 0.58
1400 0.79
1500 0.74
1600 0.66
1700 0.71
1800 0.76
1900 0.66
2000 0.77
2100 0.72
2200 0.82
2300 0.71
2400 0.67
2500 0.69
2600 0.69
2700 0.68
2800 0.66
2900 0.67
3000 0.6
3100 0.75
3200 0.81
3300 0.68
3400 0.73
3500 0.73
3600 0.79
3700 0.8
3800 0.77
3900 0.87
4000 0.79
4100 0.86
4200 0.83
4300 0.76
4400 0.76
4500 0.8
4600 0.77
4700 0.8
4800 0.84
4900 0.78
5000 0.81
5100 0.82
5200 0.75
5300 0.85
5400 0.86
5500 0.78
5600 0.84
5700 0.83
5800 0.85
5900 0.81
6000 0.81
6100 0.85
6200 0.8
6300 0.84
6400 0.85
6500 0.88
6600 0.9
6700 0.9
6800 0.88
6900 0.9
7000 0.86
7100 0.78
7200 0.79
7300 0.85
7400 0.89
7500 0.86
7600 0.94
7700 0.84
7800 0.9
7900 0.82
8000 0.86
8100 0.88
8200 0.87
8300 0.84
8400 0.85
8500 0.88
8600 0.79
8700 0.89
8800 0.81
8900 0.84
9000 0.92
9100 0.86
9200 0.93
9300 0.86
9400 0.92
9500 0.87
9600 0.88
9700 0.8
9800 0.85
9900 0.93
10000 0.86
10100 0.84
10200 0.86
10300 0.86
10400 0.9
10500 0.9
10600 0.89
10700 0.91
10800 0.83
10900 0.91
11000 0.91
11100 0.89
11200 0.91
11300 0.87
11400 0.87
11500 0.87
11600 0.9
11700 0.87
11800 0.91
11900 0.91
12000 0.89
12100 0.95
12200 0.92
12300 0.85
12400 0.93
12500 0.87
12600 0.87
12700 0.86
12800 0.9
12900 0.89
13000 0.9
13100 0.87
13200 0.93
13300 0.86
13400 0.93
13500 0.96
13600 0.93
13700 0.91
13800 0.88
13900 0.94
14000 0.95
14100 0.94
14200 0.95
14300 0.91
14400 0.91
14500 0.93
14600 0.93
14700 0.9
14800 0.95
14900 0.93
15000 0.94
15100 0.89
15200 0.96
15300 0.93
15400 0.98
15500 0.94
15600 0.95
15700 0.95
15800 0.97
15900 0.95
16000 0.93
16100 0.96
16200 0.99
16300 0.95
16400 0.99
16500 0.93
16600 0.94
16700 0.91
16800 0.96
16900 0.97
17000 0.96
17100 0.89
17200 0.98
17300 0.92
17400 0.96
17500 0.94
17600 0.96
17700 0.99
17800 0.93
17900 0.91
18000 0.95
18100 0.95
18200 0.94
18300 0.88
18400 0.91
18500 0.92
18600 0.9
18700 0.97
18800 0.92
18900 0.93
19000 0.96
19100 0.93
19200 0.95
19300 0.96
19400 0.95
19500 0.91
19600 0.94
19700 0.92
19800 0.92
19900 0.89
20000 0.89
20100 0.84
20200 0.89
20300 0.9
20400 0.94
20500 0.92
20600 0.89
20700 0.94
20800 0.85
20900 0.88
21000 0.85
21100 0.91
21200 0.89
21300 0.93
21400 0.81
21500 0.93
21600 0.89
21700 0.96
21800 0.85
21900 0.94
22000 0.93
22100 0.91
22200 0.96
22300 0.89
22400 0.9
22500 0.89
22600 0.91
22700 0.93
22800 0.92
22900 0.91
23000 0.87
23100 0.87
23200 0.96
23300 0.96
23400 0.91
23500 0.95
23600 0.88
23700 0.91
23800 0.95
23900 0.94
24000 0.93
24100 0.94
24200 0.92
24300 0.95
24400 0.98
24500 0.95
24600 0.93
24700 0.94
24800 0.92
24900 0.96
25000 0.93
25100 0.93
25200 0.92
25300 0.93
25400 0.94
25500 0.9
25600 0.9
25700 0.92
25800 0.89
25900 0.92
26000 0.91
26100 0.87
26200 0.94
26300 0.92
26400 0.96
26500 0.92
26600 0.93
26700 0.97
26800 0.91
26900 0.95
27000 0.92
27100 0.9
27200 0.89
27300 0.94
27400 0.96
27500 0.95
27600 0.97
27700 0.98
27800 0.98
27900 0.92
28000 0.96
28100 0.94
28200 0.94
28300 0.89
28400 0.94
28500 0.9
28600 0.9
28700 0.9
28800 0.92
28900 0.94
29000 0.94
29100 0.93
29200 0.98
29300 0.89
29400 0.88
29500 0.92
29600 0.91
29700 0.94
29800 0.88
29900 0.89
30000 0.95
30100 0.93
30200 0.93
30300 0.92
30400 0.86
30500 0.92
30600 0.91
30700 0.97
30800 0.94
30900 0.92
31000 0.87
31100 0.9
31200 0.9
31300 0.92
31400 0.97
31500 0.9
31600 0.9
31700 0.93
31800 0.96
31900 0.91
32000 0.86
32100 0.9
32200 0.91
32300 0.9
32400 0.94
32500 0.91
32600 0.95
32700 0.91
32800 0.86
32900 0.94
33000 0.91
33100 0.93
33200 0.95
33300 0.93
33400 0.89
33500 0.95
33600 0.86
33700 0.94
33800 0.93
33900 0.94
34000 0.88
34100 0.91
34200 0.9
34300 0.87
34400 0.94
34500 0.89
34600 0.86
34700 0.93
34800 0.93
34900 0.96
35000 0.97
35100 0.96
35200 0.89
35300 0.91
35400 0.94
35500 0.91
35600 0.91
35700 0.93
35800 0.93
35900 0.93
36000 0.91
36100 0.92
36200 0.9
36300 0.91
36400 0.93
36500 0.91
36600 0.9
36700 0.93
36800 0.94
36900 0.96
37000 0.88
37100 0.92
37200 0.92
37300 0.91
37400 0.95
37500 0.94
37600 0.92
37700 0.95
37800 0.87
37900 0.91
38000 0.87
38100 0.9
38200 0.93
38300 0.88
38400 0.91
38500 0.93
38600 0.9
38700 0.92
38800 0.94
38900 0.92
39000 0.94
39100 0.9
39200 0.94
39300 0.95
39400 0.93
39500 0.91
39600 0.87
39700 0.89
39800 0.95
39900 0.94
40000 0.86
40100 0.96
40200 0.93
40300 0.85
40400 0.95
40500 0.95
40600 0.94
40700 0.92
40800 0.91
40900 0.94
41000 0.94
41100 0.91
41200 0.93
41300 0.9
41400 0.95
41500 0.93
41600 0.94
41700 0.94
41800 0.92
41900 0.89
42000 0.95
42100 0.9
42200 0.95
42300 0.91
42400 0.9
42500 0.94
42600 0.94
42700 0.92
42800 0.94
42900 0.91
43000 0.87
43100 0.95
43200 0.88
43300 0.91
43400 0.93
43500 0.89
43600 0.84
43700 0.89
43800 0.9
43900 0.93
44000 0.93
44100 0.93
44200 0.95
44300 0.94
44400 0.92
44500 0.85
44600 0.91
44700 0.91
44800 0.88
44900 0.94
45000 0.89
45100 0.99
45200 0.93
45300 0.91
45400 0.92
45500 0.96
45600 0.89
45700 0.89
45800 0.9
45900 0.9
46000 0.91
46100 0.92
46200 0.91
46300 0.9
46400 0.94
46500 0.95
46600 0.89
46700 0.92
46800 0.92
46900 0.98
47000 0.92
47100 0.92
47200 0.96
47300 0.9
47400 0.93
47500 0.89
47600 0.93
47700 0.92
47800 0.91
47900 0.92
48000 0.93
48100 0.94
48200 0.91
48300 0.89
48400 0.94
48500 0.88
48600 0.91
48700 0.94
48800 0.9
48900 0.94
49000 0.97
49100 0.9
49200 0.88
49300 0.91
49400 0.91
49500 0.88
49600 0.94
49700 0.92
49800 0.95
49900 0.9
