100 0.63
200 0.71
300 0.78
400 0.79
500 0.78
600 0.72
700 0.66
800 0.67
900 0.69
1000 0.73
1100 0.75
1200 0.66
1300 0.67
1400 0.72
1500 0.64
1600 0.79
1700 0.59
1800 0.58
1900 0.7
2000 0.75
2100 0.64
2200 0.67
2300 0.66
2400 0.7
2500 0.6
2600 0.64
2700 0.61
2800 0.61
2900 0.71
3000 0.67
3100 0.56
3200 0.51
3300 0.61
3400 0.61
3500 0.73
3600 0.54
3700 0.56
3800 0.6
3900 0.71
4000 0.71
4100 0.57
4200 0.54
4300 0.64
4400 0.57
4500 0.63
4600 0.64
4700 0.65
4800 0.62
4900 0.57
5000 0.59
5100 0.63
5200 0.64
5300 0.61
5400 0.64
5500 0.69
5600 0.64
5700 0.63
5800 0.58
5900 0.66
6000 0.58
6100 0.6
6200 0.64
6300 0.64
6400 0.59
6500 0.63
6600 0.59
6700 0.57
6800 0.66
6900 0.63
7000 0.68
7100 0.55
7200 0.6
7300 0.55
7400 0.62
7500 0.56
7600 0.56
7700 0.65
7800 0.64
7900 0.55
8000 0.58
8100 0.64
8200 0.58
8300 0.68
8400 0.57
8500 0.61
8600 0.64
8700 0.64
8800 0.51
8900 0.52
9000 0.62
9100 0.64
9200 0.56
9300 0.63
9400 0.6
9500 0.54
9600 0.63
9700 0.6
9800 0.6
9900 0.62
10000 0.59
10100 0.64
10200 0.55
10300 0.6
10400 0.56
10500 0.67
10600 0.57
10700 0.65
10800 0.52
10900 0.68
11000 0.59
11100 0.67
11200 0.54
11300 0.54
11400 0.53
11500 0.59
11600 0.58
11700 0.53
11800 0.6
11900 0.58
12000 0.5
12100 0.7
12200 0.61
12300 0.67
12400 0.57
12500 0.56
12600 0.55
12700 0.62
12800 0.56
12900 0.43
13000 0.68
13100 0.63
13200 0.55
13300 0.52
13400 0.59
13500 0.56
13600 0.55
13700 0.57
13800 0.56
13900 0.55
14000 0.63
14100 0.64
14200 0.68
14300 0.59
14400 0.53
14500 0.55
14600 0.54
14700 0.62
14800 0.58
14900 0.56
15000 0.58
15100 0.62
15200 0.53
15300 0.62
15400 0.59
15500 0.51
15600 0.61
15700 0.64
15800 0.58
15900 0.59
16000 0.52
16100 0.53
16200 0.65
16300 0.63
16400 0.67
16500 0.57
16600 0.64
16700 0.59
16800 0.67
16900 0.58
17000 0.62
17100 0.54
17200 0.62
17300 0.56
17400 0.61
17500 0.64
17600 0.52
17700 0.62
17800 0.53
17900 0.54
18000 0.62
18100 0.64
18200 0.56
18300 0.64
18400 0.63
18500 0.57
18600 0.53
18700 0.62
18800 0.59
18900 0.55
19000 0.56
19100 0.6
19200 0.69
19300 0.62
19400 0.6
19500 0.56
19600 0.61
19700 0.67
19800 0.62
19900 0.54
20000 0.63
20100 0.58
20200 0.63
20300 0.56
20400 0.59
20500 0.67
20600 0.5
20700 0.58
20800 0.7
20900 0.55
21000 0.65
21100 0.56
21200 0.57
21300 0.59
21400 0.62
21500 0.51
21600 0.56
21700 0.63
21800 0.52
21900 0.57
22000 0.63
22100 0.55
22200 0.59
22300 0.53
22400 0.52
22500 0.64
22600 0.55
22700 0.6
22800 0.72
22900 0.51
23000 0.52
23100 0.6
23200 0.54
23300 0.73
23400 0.59
23500 0.62
23600 0.57
23700 0.61
23800 0.58
23900 0.62
24000 0.56
24100 0.56
24200 0.53
24300 0.54
24400 0.65
24500 0.52
24600 0.53
24700 0.67
24800 0.6
24900 0.56
25000 0.56
25100 0.55
25200 0.62
25300 0.62
25400 0.63
25500 0.48
25600 0.47
25700 0.54
25800 0.66
25900 0.61
26000 0.54
26100 0.59
26200 0.69
26300 0.61
26400 0.66
26500 0.51
26600 0.57
26700 0.59
26800 0.56
26900 0.61
27000 0.63
27100 0.49
27200 0.63
27300 0.71
27400 0.57
27500 0.53
27600 0.54
27700 0.56
27800 0.66
27900 0.62
28000 0.65
28100 0.58
28200 0.71
28300 0.63
28400 0.61
28500 0.56
28600 0.59
28700 0.67
28800 0.66
28900 0.56
29000 0.51
29100 0.56
29200 0.56
29300 0.57
29400 0.64
29500 0.63
29600 0.59
29700 0.58
29800 0.6
29900 0.66
30000 0.61
30100 0.7
30200 0.58
30300 0.63
30400 0.67
30500 0.67
30600 0.57
30700 0.54
30800 0.64
30900 0.54
31000 0.62
31100 0.6
31200 0.57
31300 0.57
31400 0.5
31500 0.61
31600 0.62
31700 0.54
31800 0.61
31900 0.66
32000 0.6
32100 0.66
32200 0.52
32300 0.53
32400 0.58
32500 0.72
32600 0.7
32700 0.65
32800 0.54
32900 0.53
33000 0.62
33100 0.53
33200 0.57
33300 0.56
33400 0.47
33500 0.58
33600 0.73
33700 0.56
33800 0.67
33900 0.68
34000 0.53
34100 0.55
34200 0.62
34300 0.54
34400 0.48
34500 0.66
34600 0.63
34700 0.58
34800 0.61
34900 0.57
35000 0.7
35100 0.58
35200 0.63
35300 0.58
35400 0.52
35500 0.61
35600 0.57
35700 0.64
35800 0.55
35900 0.51
36000 0.56
36100 0.56
36200 0.62
36300 0.64
36400 0.59
36500 0.5
36600 0.56
36700 0.52
36800 0.59
36900 0.56
37000 0.63
37100 0.67
37200 0.61
37300 0.64
37400 0.52
37500 0.61
37600 0.53
37700 0.58
37800 0.59
37900 0.6
38000 0.61
38100 0.59
38200 0.56
38300 0.59
38400 0.51
38500 0.67
38600 0.55
38700 0.67
38800 0.54
38900 0.54
39000 0.57
39100 0.67
39200 0.5
39300 0.53
39400 0.72
39500 0.6
39600 0.55
39700 0.6
39800 0.53
39900 0.6
40000 0.47
40100 0.63
40200 0.59
40300 0.62
40400 0.61
40500 0.58
40600 0.63
40700 0.51
40800 0.65
40900 0.64
41000 0.62
41100 0.57
41200 0.64
41300 0.66
41400 0.65
41500 0.6
41600 0.56
41700 0.55
41800 0.66
41900 0.61
42000 0.64
42100 0.64
42200 0.52
42300 0.61
42400 0.6
42500 0.63
42600 0.59
42700 0.65
42800 0.57
42900 0.55
43000 0.53
43100 0.67
43200 0.63
43300 0.58
43400 0.67
43500 0.6
43600 0.59
43700 0.63
43800 0.56
43900 0.58
44000 0.56
44100 0.56
44200 0.64
44300 0.59
44400 0.55
44500 0.54
44600 0.63
44700 0.62
44800 0.57
44900 0.65
45000 0.55
45100 0.6
45200 0.61
45300 0.62
45400 0.63
45500 0.64
45600 0.56
45700 0.62
45800 0.6
45900 0.6
46000 0.58
46100 0.56
46200 0.66
46300 0.55
46400 0.59
46500 0.58
46600 0.5
46700 0.61
46800 0.64
46900 0.62
47000 0.66
47100 0.65
47200 0.54
47300 0.62
47400 0.63
47500 0.64
47600 0.56
47700 0.59
47800 0.57
47900 0.56
48000 0.69
48100 0.66
48200 0.66
48300 0.6
48400 0.59
48500 0.57
48600 0.51
48700 0.52
48800 0.68
48900 0.56
49000 0.58
49100 0.67
49200 0.66
49300 0.63
49400 0.59
49500 0.57
49600 0.57
49700 0.57
49800 0.67
49900 0.57
