100 0.66
200 0.675
300 0.69
400 0.6375
500 0.686
600 0.693333
700 0.691429
800 0.6875
900 0.672222
1000 0.656
1100 0.666364
1200 0.6725
1300 0.665385
1400 0.674286
1500 0.678667
1600 0.6775
1700 0.679412
1800 0.683889
1900 0.682632
2000 0.687
2100 0.688571
2200 0.694545
2300 0.695217
2400 0.694167
2500 0.694
2600 0.693846
2700 0.693333
2800 0.692143
2900 0.691379
3000 0.688333
3100 0.690323
3200 0.694063
3300 0.693636
3400 0.694706
3500 0.695714
3600 0.698333
3700 0.701081
3800 0.702895
3900 0.707179
4000 0.70925
4100 0.712927
4200 0.715714
4300 0.716744
4400 0.717727
4500 0.719556
4600 0.720652
4700 0.72234
4800 0.724792
4900 0.725918
5000 0.7276
5100 0.729412
5200 0.729808
5300 0.732075
5400 0.734444
5500 0.735273
5600 0.737143
5700 0.738772
5800 0.74069
5900 0.741864
6000 0.743
6100 0.744754
6200 0.745645
6300 0.747143
6400 0.74875
6500 0.750769
6600 0.75303
6700 0.755224
6800 0.757059
6900 0.75913
7000 0.760571
7100 0.760845
7200 0.76125
7300 0.762466
7400 0.764189
7500 0.765467
7600 0.767763
7700 0.768701
7800 0.770385
7900 0.771013
8000 0.772125
8100 0.773457
8200 0.774634
8300 0.775422
8400 0.77631
8500 0.777529
8600 0.777674
8700 0.778966
8800 0.779318
8900 0.78
9000 0.781556
9100 0.782418
9200 0.784022
9300 0.784839
9400 0.786277
9500 0.787158
9600 0.788125
9700 0.788247
9800 0.788878
9900 0.790303
10000 0.791
10100 0.791485
10200 0.792157
10300 0.792816
10400 0.793846
10500 0.794857
10600 0.795755
10700 0.796822
10800 0.79713
10900 0.798165
11000 0.799182
11100 0.8
11200 0.800982
11300 0.801593
11400 0.802193
11500 0.802783
11600 0.803621
11700 0.804188
11800 0.805085
11900 0.805966
12000 0.806667
12100 0.807851
12200 0.80877
12300 0.809106
12400 0.810081
12500 0.81056
12600 0.811032
12700 0.811417
12800 0.812109
12900 0.812713
13000 0.813385
13100 0.813817
13200 0.814697
13300 0.815038
13400 0.815896
13500 0.816963
13600 0.817794
13700 0.818467
13800 0.818913
13900 0.819784
14000 0.820714
14100 0.82156
14200 0.822465
14300 0.823077
14400 0.823681
14500 0.824414
14600 0.825137
14700 0.825646
14800 0.826486
14900 0.827181
15000 0.827933
15100 0.828344
15200 0.829211
15300 0.829869
15400 0.830844
15500 0.831548
15600 0.832308
15700 0.833057
15800 0.833924
15900 0.834654
16000 0.83525
16100 0.836025
16200 0.836975
16300 0.837669
16400 0.838598
16500 0.839152
16600 0.839759
16700 0.84018
16800 0.840893
16900 0.841657
17000 0.842353
17100 0.842632
17200 0.84343
17300 0.843873
17400 0.84454
17500 0.845086
17600 0.845739
17700 0.846554
17800 0.847022
17900 0.847374
18000 0.847944
18100 0.848508
18200 0.849011
18300 0.84918
18400 0.849511
18500 0.849892
18600 0.850161
18700 0.850802
18800 0.85117
18900 0.851587
19000 0.852158
19100 0.852565
19200 0.853073
19300 0.853627
19400 0.854124
19500 0.85441
19600 0.854847
19700 0.855178
19800 0.855505
19900 0.855678
20000 0.85585
20100 0.855771
20200 0.855941
20300 0.856158
20400 0.856569
20500 0.856878
20600 0.857039
20700 0.85744
20800 0.857404
20900 0.857512
21000 0.857476
21100 0.857725
21200 0.857877
21300 0.858216
21400 0.857991
21500 0.858326
21600 0.858472
21700 0.85894
21800 0.858899
21900 0.859269
22000 0.859591
22100 0.859819
22200 0.86027
22300 0.860404
22400 0.86058
22500 0.860711
22600 0.860929
22700 0.861233
22800 0.861491
22900 0.861703
23000 0.861739
23100 0.861775
23200 0.862198
23300 0.862618
23400 0.862821
23500 0.863191
23600 0.863263
23700 0.86346
23800 0.863824
23900 0.864142
24000 0.864417
24100 0.86473
24200 0.864959
24300 0.865309
24400 0.865779
24500 0.866122
24600 0.866382
24700 0.86668
24800 0.866895
24900 0.867269
25000 0.86752
25100 0.867769
25200 0.867976
25300 0.868221
25400 0.868504
25500 0.868627
25600 0.86875
25700 0.868949
25800 0.869031
25900 0.869228
26000 0.869385
26100 0.869387
26200 0.869656
26300 0.869848
26400 0.870189
26500 0.870377
26600 0.870602
26700 0.870974
26800 0.871119
26900 0.871413
27000 0.871593
27100 0.871697
27200 0.871765
27300 0.872015
27400 0.872336
27500 0.872618
27600 0.872971
27700 0.873357
27800 0.873741
27900 0.873907
28000 0.874214
28100 0.874448
28200 0.874681
28300 0.874735
28400 0.874965
28500 0.875053
28600 0.87514
28700 0.875226
28800 0.875382
28900 0.875606
29000 0.875828
29100 0.876014
29200 0.87637
29300 0.876416
29400 0.876429
29500 0.876576
29600 0.876689
29700 0.876902
29800 0.876913
29900 0.876957
30000 0.8772
30100 0.877375
30200 0.87755
30300 0.87769
30400 0.877632
30500 0.87777
30600 0.877876
30700 0.878176
30800 0.878377
30900 0.878511
31000 0.878484
31100 0.878553
31200 0.878622
31300 0.878754
31400 0.879045
31500 0.879111
31600 0.879177
31700 0.879338
31800 0.879591
31900 0.879687
32000 0.879625
32100 0.879688
32200 0.879783
32300 0.879845
32400 0.880031
32500 0.880123
32600 0.880337
32700 0.880428
32800 0.880366
32900 0.880547
33000 0.880636
33100 0.880785
33200 0.880994
33300 0.881141
33400 0.881168
33500 0.881373
33600 0.88131
33700 0.881484
33800 0.881627
33900 0.881799
34000 0.881794
34100 0.881877
34200 0.88193
34300 0.881895
34400 0.882064
34500 0.882087
34600 0.882023
34700 0.882161
34800 0.882299
34900 0.882521
35000 0.882771
35100 0.882991
35200 0.883011
35300 0.883088
35400 0.883249
35500 0.883324
35600 0.883399
35700 0.883529
35800 0.883659
35900 0.883788
36000 0.883861
36100 0.883961
36200 0.884006
36300 0.884077
36400 0.884203
36500 0.884274
36600 0.884317
36700 0.884441
36800 0.884592
36900 0.884797
37000 0.884784
37100 0.884879
37200 0.884973
37300 0.88504
37400 0.885214
37500 0.88536
37600 0.885452
37700 0.885623
37800 0.885582
37900 0.885646
38000 0.885605
38100 0.885643
38200 0.885759
38300 0.885744
38400 0.885807
38500 0.885922
38600 0.885959
38700 0.886047
38800 0.886186
38900 0.886272
39000 0.88641
39100 0.886445
39200 0.886582
39300 0.886743
39400 0.886853
39500 0.886911
39600 0.886869
39700 0.886877
39800 0.887035
39900 0.887168
40000 0.8871
40100 0.887282
40200 0.887388
40300 0.887295
40400 0.88745
40500 0.887605
40600 0.887734
40700 0.887813
40800 0.887868
40900 0.887995
41000 0.888122
41100 0.888175
41200 0.888277
41300 0.888305
41400 0.888454
41500 0.888554
41600 0.888678
41700 0.888801
41800 0.888876
41900 0.888878
42000 0.889024
42100 0.88905
42200 0.889194
42300 0.889243
42400 0.889269
42500 0.889388
42600 0.889507
42700 0.889578
42800 0.889696
42900 0.889744
43000 0.889698
43100 0.889838
43200 0.889815
43300 0.889861
43400 0.889954
43500 0.889954
43600 0.889839
43700 0.88984
43800 0.889863
43900 0.889954
44000 0.890045
44100 0.890136
44200 0.890271
44300 0.890384
44400 0.89045
44500 0.89036
44600 0.890404
44700 0.890447
44800 0.890424
44900 0.890535
45000 0.890533
45100 0.890754
45200 0.890841
45300 0.890883
45400 0.890947
45500 0.891099
45600 0.891096
45700 0.891094
45800 0.891114
45900 0.891133
46000 0.891174
46100 0.891236
46200 0.891277
46300 0.891296
46400 0.891401
46500 0.891527
46600 0.891524
46700 0.891585
46800 0.891645
46900 0.891834
47000 0.891894
47100 0.891953
47200 0.892097
47300 0.892114
47400 0.892194
47500 0.892189
47600 0.892269
47700 0.892327
47800 0.892364
47900 0.892422
48000 0.8925
48100 0.892599
48200 0.892635
48300 0.892629
48400 0.892727
48500 0.892701
48600 0.892737
48700 0.892834
48800 0.892848
48900 0.892945
49000 0.893102
49100 0.893116
49200 0.893089
49300 0.893124
49400 0.893158
49500 0.893131
49600 0.893226
49700 0.89328
49800 0.893394
49900 0.893407
