100 0.59
200 0.62
300 0.71
400 0.57
500 0.58
600 0.72
700 0.66
800 0.6
900 0.5
1000 0.68
1100 0.8
1200 0.68
1300 0.69
1400 0.69
1500 0.71
1600 0.82
1700 0.7
1800 0.65
1900 0.68
2000 0.6
2100 0.66
2200 0.5
2300 0.71
2400 0.58
2500 0.64
2600 0.65
2700 0.68
2800 0.69
2900 0.67
3000 0.59
3100 0.73
3200 0.64
3300 0.61
3400 0.59
3500 0.65
3600 0.65
3700 0.65
3800 0.5
3900 0.67
4000 0.61
4100 0.63
4200 0.54
4300 0.58
4400 0.62
4500 0.58
4600 0.65
4700 0.62
4800 0.63
4900 0.59
5000 0.6
5100 0.52
5200 0.58
5300 0.58
5400 0.63
5500 0.65
5600 0.6
5700 0.65
5800 0.67
5900 0.66
6000 0.58
6100 0.64
6200 0.74
6300 0.58
6400 0.63
6500 0.72
6600 0.71
6700 0.82
6800 0.68
6900 0.65
7000 0.69
7100 0.65
7200 0.68
7300 0.64
7400 0.6
7500 0.66
7600 0.69
7700 0.67
7800 0.62
7900 0.73
8000 0.75
8100 0.7
8200 0.72
8300 0.74
8400 0.69
8500 0.68
8600 0.7
8700 0.66
8800 0.72
8900 0.69
9000 0.66
9100 0.77
9200 0.63
9300 0.68
9400 0.64
9500 0.7
9600 0.7
9700 0.68
9800 0.61
9900 0.59
10000 0.66
10100 0.7
10200 0.65
10300 0.7
10400 0.77
10500 0.62
10600 0.7
10700 0.75
10800 0.61
10900 0.61
11000 0.62
11100 0.67
11200 0.72
11300 0.63
11400 0.7
11500 0.65
11600 0.59
11700 0.67
11800 0.64
11900 0.68
12000 0.65
12100 0.64
12200 0.69
12300 0.62
12400 0.65
12500 0.65
12600 0.66
12700 0.59
12800 0.51
12900 0.59
13000 0.62
13100 0.62
13200 0.61
13300 0.67
13400 0.69
13500 0.61
13600 0.55
13700 0.64
13800 0.69
13900 0.61
14000 0.65
14100 0.6
14200 0.63
14300 0.58
14400 0.63
14500 0.55
14600 0.54
14700 0.56
14800 0.7
14900 0.64
15000 0.6
15100 0.74
15200 0.59
15300 0.58
15400 0.55
15500 0.75
15600 0.61
15700 0.69
15800 0.68
15900 0.59
16000 0.57
16100 0.61
16200 0.61
16300 0.67
16400 0.59
16500 0.68
16600 0.68
16700 0.61
16800 0.67
16900 0.68
17000 0.64
17100 0.66
17200 0.62
17300 0.52
17400 0.63
17500 0.65
17600 0.66
17700 0.69
17800 0.76
17900 0.61
18000 0.58
18100 0.63
18200 0.69
18300 0.7
18400 0.6
18500 0.64
18600 0.52
18700 0.75
18800 0.63
18900 0.68
19000 0.68
19100 0.69
19200 0.67
19300 0.65
19400 0.72
19500 0.7
19600 0.69
19700 0.71
19800 0.75
19900 0.61
20000 0.68
20100 0.79
20200 0.68
20300 0.7
20400 0.72
20500 0.65
20600 0.72
20700 0.72
20800 0.66
20900 0.63
21000 0.74
21100 0.71
21200 0.69
21300 0.59
21400 0.63
21500 0.7
21600 0.68
21700 0.66
21800 0.76
21900 0.68
22000 0.69
22100 0.72
22200 0.7
22300 0.69
22400 0.74
22500 0.63
22600 0.74
22700 0.6
22800 0.65
22900 0.62
23000 0.66
23100 0.69
23200 0.63
23300 0.6
23400 0.6
23500 0.51
23600 0.65
23700 0.69
23800 0.68
23900 0.68
24000 0.61
24100 0.62
24200 0.71
24300 0.7
24400 0.68
24500 0.6
24600 0.64
24700 0.71
24800 0.52
24900 0.63
25000 0.61
25100 0.69
25200 0.63
25300 0.67
25400 0.67
25500 0.65
25600 0.69
25700 0.63
25800 0.6
25900 0.65
26000 0.59
26100 0.69
26200 0.7
26300 0.72
26400 0.53
26500 0.61
26600 0.67
26700 0.63
26800 0.68
26900 0.71
27000 0.64
27100 0.69
27200 0.64
27300 0.61
27400 0.67
27500 0.67
27600 0.6
27700 0.62
27800 0.65
27900 0.61
28000 0.53
28100 0.67
28200 0.74
28300 0.56
28400 0.67
28500 0.67
28600 0.66
28700 0.72
28800 0.67
28900 0.72
29000 0.66
29100 0.68
29200 0.68
29300 0.61
29400 0.63
29500 0.65
29600 0.64
29700 0.54
29800 0.69
29900 0.68
30000 0.62
30100 0.64
30200 0.66
30300 0.6
30400 0.63
30500 0.49
30600 0.68
30700 0.58
30800 0.65
30900 0.65
31000 0.64
31100 0.63
31200 0.59
31300 0.68
31400 0.67
31500 0.58
31600 0.65
31700 0.66
31800 0.74
31900 0.58
32000 0.67
32100 0.62
32200 0.65
32300 0.67
32400 0.65
32500 0.62
32600 0.65
32700 0.73
32800 0.58
32900 0.67
33000 0.69
33100 0.62
33200 0.66
33300 0.58
33400 0.59
33500 0.68
33600 0.59
33700 0.58
33800 0.6
33900 0.66
34000 0.67
34100 0.58
34200 0.54
34300 0.62
34400 0.66
34500 0.66
34600 0.7
34700 0.67
34800 0.62
34900 0.62
35000 0.65
35100 0.58
35200 0.67
35300 0.67
35400 0.61
35500 0.59
35600 0.65
35700 0.59
35800 0.65
35900 0.66
36000 0.62
36100 0.59
36200 0.65
36300 0.64
36400 0.69
36500 0.63
36600 0.65
36700 0.57
36800 0.7
36900 0.62
37000 0.66
37100 0.67
37200 0.59
37300 0.67
37400 0.66
37500 0.57
37600 0.61
37700 0.68
37800 0.68
37900 0.59
38000 0.68
38100 0.66
38200 0.57
38300 0.67
38400 0.64
38500 0.56
38600 0.6
38700 0.63
38800 0.63
38900 0.68
39000 0.63
39100 0.65
39200 0.65
39300 0.67
39400 0.61
39500 0.69
39600 0.65
39700 0.64
39800 0.62
39900 0.72
40000 0.64
40100 0.53
40200 0.66
40300 0.56
40400 0.72
40500 0.69
40600 0.61
40700 0.62
40800 0.68
40900 0.68
41000 0.59
41100 0.64
41200 0.58
41300 0.6
41400 0.62
41500 0.62
41600 0.66
41700 0.67
41800 0.65
41900 0.69
42000 0.57
42100 0.68
42200 0.68
42300 0.67
42400 0.66
42500 0.68
42600 0.68
42700 0.7
42800 0.67
42900 0.68
43000 0.6
43100 0.63
43200 0.64
43300 0.67
43400 0.62
43500 0.64
43600 0.64
43700 0.63
43800 0.73
43900 0.72
44000 0.54
44100 0.66
44200 0.67
44300 0.67
44400 0.67
44500 0.64
44600 0.57
44700 0.62
44800 0.63
44900 0.71
45000 0.58
45100 0.59
45200 0.68
45300 0.68
45400 0.64
45500 0.56
45600 0.64
45700 0.62
45800 0.67
45900 0.67
46000 0.64
46100 0.71
46200 0.64
46300 0.68
46400 0.67
46500 0.66
46600 0.75
46700 0.56
46800 0.62
46900 0.57
47000 0.63
47100 0.6
47200 0.66
47300 0.63
47400 0.69
47500 0.72
47600 0.68
47700 0.59
47800 0.65
47900 0.61
48000 0.68
48100 0.63
48200 0.57
48300 0.74
48400 0.65
48500 0.64
48600 0.62
48700 0.68
48800 0.59
48900 0.64
49000 0.65
49100 0.72
49200 0.67
49300 0.6
49400 0.57
49500 0.66
49600 0.65
49700 0.59
49800 0.71
49900 0.68
