100 0.51
200 0.54
300 0.54
400 0.55
500 0.572
600 0.57
700 0.572857
800 0.5875
900 0.586667
1000 0.596
1100 0.608182
1200 0.615
1300 0.626923
1400 0.637143
1500 0.648
1600 0.65625
1700 0.667059
1800 0.673889
1900 0.679474
2000 0.6835
2100 0.688571
2200 0.691364
2300 0.692609
2400 0.6975
2500 0.7016
2600 0.703846
2700 0.705556
2800 0.706786
2900 0.707241
3000 0.708333
3100 0.712258
3200 0.712812
3300 0.71303
3400 0.716471
3500 0.716571
3600 0.7175
3700 0.719189
3800 0.722105
3900 0.723077
4000 0.726
4100 0.729512
4200 0.730714
4300 0.732093
4400 0.734318
4500 0.735111
4600 0.736522
4700 0.737872
4800 0.738958
4900 0.740408
5000 0.7426
5100 0.744314
5200 0.745769
5300 0.746604
5400 0.746481
5500 0.748364
5600 0.749643
5700 0.750175
5800 0.750345
5900 0.751186
6000 0.752
6100 0.753607
6200 0.754194
6300 0.754762
6400 0.756094
6500 0.757692
6600 0.757879
6700 0.757313
6800 0.758529
6900 0.759275
7000 0.759429
7100 0.759718
7200 0.760972
7300 0.761781
7400 0.761622
7500 0.762267
7600 0.763421
7700 0.764156
7800 0.764872
7900 0.766203
8000 0.7675
8100 0.767407
8200 0.767561
8300 0.767831
8400 0.767738
8500 0.769529
8600 0.769535
8700 0.76977
8800 0.770455
8900 0.770674
9000 0.771111
9100 0.771648
9200 0.772391
9300 0.772903
9400 0.773191
9500 0.772842
9600 0.773854
9700 0.774639
9800 0.775
9900 0.775859
10000 0.7762
10100 0.776139
10200 0.776275
10300 0.776505
10400 0.776731
10500 0.776952
10600 0.776981
10700 0.777103
10800 0.7775
10900 0.777798
11000 0.777818
11100 0.778559
11200 0.779464
11300 0.779823
11400 0.780877
11500 0.780696
11600 0.780948
11700 0.78094
11800 0.780763
11900 0.78084
12000 0.781
12100 0.78157
12200 0.781885
12300 0.782114
12400 0.782419
12500 0.7828
12600 0.783016
12700 0.783465
12800 0.783594
12900 0.783566
13000 0.783846
13100 0.784275
13200 0.784545
13300 0.784737
13400 0.784701
13500 0.784667
13600 0.785074
13700 0.785182
13800 0.785362
13900 0.785827
14000 0.785714
14100 0.786028
14200 0.785986
14300 0.785944
14400 0.78625
14500 0.786621
14600 0.787123
14700 0.787551
14800 0.787838
14900 0.787919
15000 0.787867
15100 0.788013
15200 0.788026
15300 0.788235
15400 0.788182
15500 0.788968
15600 0.789167
15700 0.789045
15800 0.789177
15900 0.789434
16000 0.789937
16100 0.789876
16200 0.789877
16300 0.79
16400 0.789939
16500 0.789455
16600 0.789819
16700 0.79
16800 0.790179
16900 0.790178
17000 0.790235
17100 0.790526
17200 0.790988
17300 0.791098
17400 0.791609
17500 0.791771
17600 0.791989
17700 0.791977
17800 0.79236
17900 0.793073
18000 0.793111
18100 0.792762
18200 0.792692
18300 0.792787
18400 0.793207
18500 0.793622
18600 0.793602
18700 0.793743
18800 0.793883
18900 0.793704
19000 0.794158
19100 0.79445
19200 0.794427
19300 0.794249
19400 0.794278
19500 0.794513
19600 0.794745
19700 0.795076
19800 0.795404
19900 0.795427
20000 0.79535
20100 0.795423
20200 0.795495
20300 0.795665
20400 0.795637
20500 0.795951
20600 0.795728
20700 0.795604
20800 0.795529
20900 0.795837
21000 0.795905
21100 0.796019
21200 0.796132
21300 0.796197
21400 0.796449
21500 0.796698
21600 0.797083
21700 0.797143
21800 0.797431
21900 0.798037
22000 0.798318
22100 0.798416
22200 0.798468
22300 0.798296
22400 0.798705
22500 0.798711
22600 0.79885
22700 0.799119
22800 0.799386
22900 0.799563
23000 0.799348
23100 0.799654
23200 0.799569
23300 0.799614
23400 0.799744
23500 0.800085
23600 0.800212
23700 0.800295
23800 0.80042
23900 0.80046
24000 0.801
24100 0.801162
24200 0.80124
24300 0.801235
24400 0.80127
24500 0.801429
24600 0.801789
24700 0.8017
24800 0.801855
24900 0.801968
25000 0.80224
25100 0.80239
25200 0.802619
25300 0.802609
25400 0.802638
25500 0.802784
25600 0.802773
25700 0.802802
25800 0.802946
25900 0.803205
26000 0.803385
26100 0.803525
26200 0.803702
26300 0.80384
26400 0.803977
26500 0.804113
26600 0.804023
26700 0.80382
26800 0.803694
26900 0.803792
27000 0.803704
27100 0.803506
27200 0.803346
27300 0.803663
27400 0.803759
27500 0.803636
27600 0.803696
27700 0.80343
27800 0.803597
27900 0.803692
28000 0.803964
28100 0.804093
28200 0.80422
28300 0.804346
28400 0.804472
28500 0.804632
28600 0.804685
28700 0.804843
28800 0.804722
28900 0.80474
29000 0.804483
29100 0.804605
29200 0.804829
29300 0.804812
29400 0.804762
29500 0.80478
29600 0.804932
29700 0.804882
29800 0.805
29900 0.80505
30000 0.8051
30100 0.805249
30200 0.805199
30300 0.805215
30400 0.805329
30500 0.805475
30600 0.805327
30700 0.805147
30800 0.80526
30900 0.80521
31000 0.805355
31100 0.805177
31200 0.805321
31300 0.805144
31400 0.805223
31500 0.805175
31600 0.80538
31700 0.805394
31800 0.805314
31900 0.805361
32000 0.805312
32100 0.805265
32200 0.80528
32300 0.805046
32400 0.804969
32500 0.804769
32600 0.804969
32700 0.804985
32800 0.80503
32900 0.805167
33000 0.805212
33100 0.805347
33200 0.805361
33300 0.805495
33400 0.805629
33500 0.805701
33600 0.805625
33700 0.805727
33800 0.805799
33900 0.806018
34000 0.805941
34100 0.805894
34200 0.805994
34300 0.806064
34400 0.806192
34500 0.806348
34600 0.806445
34700 0.806571
34800 0.806523
34900 0.806762
35000 0.806714
35100 0.806923
35200 0.80696
35300 0.806969
35400 0.807034
35500 0.807099
35600 0.807107
35700 0.807003
35800 0.807291
35900 0.807131
36000 0.807083
36100 0.807091
36200 0.806934
36300 0.806832
36400 0.806896
36500 0.807014
36600 0.807131
36700 0.807166
36800 0.807174
36900 0.807127
37000 0.80727
37100 0.807439
37200 0.807419
37300 0.807507
37400 0.80738
37500 0.80744
37600 0.807527
37700 0.80748
37800 0.807566
37900 0.807625
38000 0.807579
38100 0.807717
38200 0.80767
38300 0.807676
38400 0.807682
38500 0.807818
38600 0.807694
38700 0.807959
38800 0.808015
38900 0.807969
39000 0.808026
39100 0.808159
39200 0.808061
39300 0.808219
39400 0.808249
39500 0.808278
39600 0.808283
39700 0.808338
39800 0.808392
39900 0.808546
40000 0.80855
40100 0.808653
40200 0.808831
40300 0.808759
40400 0.80854
40500 0.808568
40600 0.808522
40700 0.808305
40800 0.808309
40900 0.808289
41000 0.808195
41100 0.808078
41200 0.80818
41300 0.808523
41400 0.808551
41500 0.80853
41600 0.808558
41700 0.808633
41800 0.808756
41900 0.808807
42000 0.808857
42100 0.808907
42200 0.808934
42300 0.809031
42400 0.808962
42500 0.809012
42600 0.808991
42700 0.80904
42800 0.808972
42900 0.808998
43000 0.809
43100 0.80891
43200 0.808912
43300 0.809007
43400 0.809009
43500 0.808966
43600 0.809106
43700 0.809222
43800 0.80911
43900 0.809066
44000 0.809045
44100 0.809093
44200 0.809231
44300 0.8093
44400 0.809347
44500 0.809326
44600 0.80935
44700 0.809508
44800 0.809509
44900 0.809443
45000 0.8094
45100 0.809446
45200 0.809602
45300 0.809713
45400 0.80967
45500 0.809714
45600 0.809605
45700 0.80965
45800 0.809782
45900 0.809782
46000 0.809891
46100 0.80974
46200 0.809762
46300 0.809784
46400 0.809871
46500 0.809785
46600 0.809936
46700 0.810064
46800 0.810085
46900 0.809936
47000 0.81
47100 0.810042
47200 0.810042
47300 0.810169
47400 0.810232
47500 0.810316
47600 0.810504
47700 0.810461
47800 0.810586
47900 0.810689
48000 0.810688
48100 0.810624
48200 0.810705
48300 0.810725
48400 0.810826
48500 0.810804
48600 0.810782
48700 0.810698
48800 0.810717
48900 0.810757
49000 0.810837
49100 0.810713
49200 0.81063
49300 0.810771
49400 0.810729
49500 0.810747
49600 0.810706
49700 0.810684
49800 0.810602
49900 0.810701
