100 0.51
200 0.57
300 0.54
400 0.58
500 0.66
600 0.56
700 0.59
800 0.69
900 0.58
1000 0.68
1100 0.73
1200 0.69
1300 0.77
1400 0.77
1500 0.8
1600 0.78
1700 0.84
1800 0.79
1900 0.78
2000 0.76
2100 0.79
2200 0.75
2300 0.72
2400 0.81
2500 0.8
2600 0.76
2700 0.75
2800 0.74
2900 0.72
3000 0.74
3100 0.83
3200 0.73
3300 0.72
3400 0.83
3500 0.72
3600 0.75
3700 0.78
3800 0.83
3900 0.76
4000 0.84
4100 0.87
4200 0.78
4300 0.79
4400 0.83
4500 0.77
4600 0.8
4700 0.8
4800 0.79
4900 0.81
5000 0.85
5100 0.83
5200 0.82
5300 0.79
5400 0.74
5500 0.85
5600 0.82
5700 0.78
5800 0.76
5900 0.8
6000 0.8
6100 0.85
6200 0.79
6300 0.79
6400 0.84
6500 0.86
6600 0.77
6700 0.72
6800 0.84
6900 0.81
7000 0.77
7100 0.78
7200 0.85
7300 0.82
7400 0.75
7500 0.81
7600 0.85
7700 0.82
7800 0.82
7900 0.87
8000 0.87
8100 0.76
8200 0.78
8300 0.79
8400 0.76
8500 0.92
8600 0.77
8700 0.79
8800 0.83
8900 0.79
9000 0.81
9100 0.82
9200 0.84
9300 0.82
9400 0.8
9500 0.74
9600 0.87
9700 0.85
9800 0.81
9900 0.86
10000 0.81
10100 0.77
10200 0.79
10300 0.8
10400 0.8
10500 0.8
10600 0.78
10700 0.79
10800 0.82
10900 0.81
11000 0.78
11100 0.86
11200 0.88
11300 0.82
11400 0.9
11500 0.76
11600 0.81
11700 0.78
11800 0.76
11900 0.79
12000 0.8
12100 0.85
12200 0.82
12300 0.81
12400 0.82
12500 0.83
12600 0.81
12700 0.84
12800 0.8
12900 0.78
13000 0.82
13100 0.84
13200 0.82
13300 0.81
13400 0.78
13500 0.78
13600 0.84
13700 0.8
13800 0.81
13900 0.85
14000 0.77
14100 0.83
14200 0.78
14300 0.78
14400 0.83
14500 0.84
14600 0.86
14700 0.85
14800 0.83
14900 0.8
15000 0.78
15100 0.81
15200 0.79
15300 0.82
15400 0.78
15500 0.91
15600 0.82
15700 0.77
15800 0.81
15900 0.83
16000 0.87
16100 0.78
16200 0.79
16300 0.81
16400 0.78
16500 0.71
16600 0.85
16700 0.82
16800 0.82
16900 0.79
17000 0.8
17100 0.84
17200 0.87
17300 0.81
17400 0.88
17500 0.82
17600 0.83
17700 0.79
17800 0.86
17900 0.92
18000 0.8
18100 0.73
18200 0.78
18300 0.81
18400 0.87
18500 0.87
18600 0.79
18700 0.82
18800 0.82
18900 0.76
19000 0.88
19100 0.85
19200 0.79
19300 0.76
19400 0.8
19500 0.84
19600 0.84
19700 0.86
19800 0.86
19900 0.8
20000 0.78
20100 0.81
20200 0.81
20300 0.83
20400 0.79
20500 0.86
20600 0.75
20700 0.77
20800 0.78
20900 0.86
21000 0.81
21100 0.82
21200 0.82
21300 0.81
21400 0.85
21500 0.85
21600 0.88
21700 0.81
21800 0.86
21900 0.93
22000 0.86
22100 0.82
22200 0.81
22300 0.76
22400 0.89
22500 0.8
22600 0.83
22700 0.86
22800 0.86
22900 0.84
23000 0.75
23100 0.87
23200 0.78
23300 0.81
23400 0.83
23500 0.88
23600 0.83
23700 0.82
23800 0.83
23900 0.81
24000 0.93
24100 0.84
24200 0.82
24300 0.8
24400 0.81
24500 0.84
24600 0.89
24700 0.78
24800 0.84
24900 0.83
25000 0.87
25100 0.84
25200 0.86
25300 0.8
25400 0.81
25500 0.84
25600 0.8
25700 0.81
25800 0.84
25900 0.87
26000 0.85
26100 0.84
26200 0.85
26300 0.84
26400 0.84
26500 0.84
26600 0.78
26700 0.75
26800 0.77
26900 0.83
27000 0.78
27100 0.75
27200 0.76
27300 0.89
27400 0.83
27500 0.77
27600 0.82
27700 0.73
27800 0.85
27900 0.83
28000 0.88
28100 0.84
28200 0.84
28300 0.84
28400 0.84
28500 0.85
28600 0.82
28700 0.85
28800 0.77
28900 0.81
29000 0.73
29100 0.84
29200 0.87
29300 0.8
29400 0.79
29500 0.81
29600 0.85
29700 0.79
29800 0.84
29900 0.82
30000 0.82
30100 0.85
30200 0.79
30300 0.81
30400 0.84
30500 0.85
30600 0.76
30700 0.75
30800 0.84
30900 0.79
31000 0.85
31100 0.75
31200 0.85
31300 0.75
31400 0.83
31500 0.79
31600 0.87
31700 0.81
31800 0.78
31900 0.82
32000 0.79
32100 0.79
32200 0.81
32300 0.73
32400 0.78
32500 0.74
32600 0.87
32700 0.81
32800 0.82
32900 0.85
33000 0.82
33100 0.85
33200 0.81
33300 0.85
33400 0.85
33500 0.83
33600 0.78
33700 0.84
33800 0.83
33900 0.88
34000 0.78
34100 0.79
34200 0.84
34300 0.83
34400 0.85
34500 0.86
34600 0.84
34700 0.85
34800 0.79
34900 0.89
35000 0.79
35100 0.88
35200 0.82
35300 0.81
35400 0.83
35500 0.83
35600 0.81
35700 0.77
35800 0.91
35900 0.75
36000 0.79
36100 0.81
36200 0.75
36300 0.77
36400 0.83
36500 0.85
36600 0.85
36700 0.82
36800 0.81
36900 0.79
37000 0.86
37100 0.87
37200 0.8
37300 0.84
37400 0.76
37500 0.83
37600 0.84
37700 0.79
37800 0.84
37900 0.83
38000 0.79
38100 0.86
38200 0.79
38300 0.81
38400 0.81
38500 0.86
38600 0.76
38700 0.91
38800 0.83
38900 0.79
39000 0.83
39100 0.86
39200 0.77
39300 0.87
39400 0.82
39500 0.82
39600 0.81
39700 0.83
39800 0.83
39900 0.87
40000 0.81
40100 0.85
40200 0.88
40300 0.78
40400 0.72
40500 0.82
40600 0.79
40700 0.72
40800 0.81
40900 0.8
41000 0.77
41100 0.76
41200 0.85
41300 0.95
41400 0.82
41500 0.8
41600 0.82
41700 0.84
41800 0.86
41900 0.83
42000 0.83
42100 0.83
42200 0.82
42300 0.85
42400 0.78
42500 0.83
42600 0.8
42700 0.83
42800 0.78
42900 0.82
43000 0.81
43100 0.77
43200 0.81
43300 0.85
43400 0.81
43500 0.79
43600 0.87
43700 0.86
43800 0.76
43900 0.79
44000 0.8
44100 0.83
44200 0.87
44300 0.84
44400 0.83
44500 0.8
44600 0.82
44700 0.88
44800 0.81
44900 0.78
45000 0.79
45100 0.83
45200 0.88
45300 0.86
45400 0.79
45500 0.83
45600 0.76
45700 0.83
45800 0.87
45900 0.81
46000 0.86
46100 0.74
46200 0.82
46300 0.82
46400 0.85
46500 0.77
46600 0.88
46700 0.87
46800 0.82
46900 0.74
47000 0.84
47100 0.83
47200 0.81
47300 0.87
47400 0.84
47500 0.85
47600 0.9
47700 0.79
47800 0.87
47900 0.86
48000 0.81
48100 0.78
48200 0.85
48300 0.82
48400 0.86
48500 0.8
48600 0.8
48700 0.77
48800 0.82
48900 0.83
49000 0.85
49100 0.75
49200 0.77
49300 0.88
49400 0.79
49500 0.82
49600 0.79
49700 0.8
49800 0.77
49900 0.86
