100 0.59
200 0.605
300 0.64
400 0.6225
500 0.614
600 0.631667
700 0.635714
800 0.63125
900 0.616667
1000 0.623
1100 0.639091
1200 0.6425
1300 0.646154
1400 0.649286
1500 0.653333
1600 0.66375
1700 0.665882
1800 0.665
1900 0.665789
2000 0.6625
2100 0.662381
2200 0.655
2300 0.657391
2400 0.654167
2500 0.6536
2600 0.653462
2700 0.654444
2800 0.655714
2900 0.656207
3000 0.654
3100 0.656452
3200 0.655937
3300 0.654545
3400 0.652647
3500 0.652571
3600 0.6525
3700 0.652432
3800 0.648421
3900 0.648974
4000 0.648
4100 0.647561
4200 0.645
4300 0.643488
4400 0.642955
4500 0.641556
4600 0.641739
4700 0.641277
4800 0.641042
4900 0.64
5000 0.6392
5100 0.636863
5200 0.635769
5300 0.634717
5400 0.63463
5500 0.634909
5600 0.634286
5700 0.634561
5800 0.635172
5900 0.635593
6000 0.634667
6100 0.634754
6200 0.636452
6300 0.635556
6400 0.635469
6500 0.636769
6600 0.637879
6700 0.640597
6800 0.641176
6900 0.641304
7000 0.642
7100 0.642113
7200 0.642639
7300 0.642603
7400 0.642027
7500 0.642267
7600 0.642895
7700 0.643247
7800 0.642949
7900 0.644051
8000 0.645375
8100 0.646049
8200 0.646951
8300 0.648072
8400 0.648571
8500 0.648941
8600 0.649535
8700 0.649655
8800 0.650455
8900 0.650899
9000 0.651
9100 0.652308
9200 0.652065
9300 0.652366
9400 0.652234
9500 0.652737
9600 0.653229
9700 0.653505
9800 0.653061
9900 0.652424
10000 0.6525
10100 0.65297
10200 0.652941
10300 0.653398
10400 0.654519
10500 0.65419
10600 0.654623
10700 0.655514
10800 0.655093
10900 0.654679
11000 0.654364
11100 0.654505
11200 0.655089
11300 0.654867
11400 0.655263
11500 0.655217
11600 0.654655
11700 0.654786
11800 0.654661
11900 0.654874
12000 0.654833
12100 0.654711
12200 0.655
12300 0.654715
12400 0.654677
12500 0.65464
12600 0.654683
12700 0.654173
12800 0.653047
12900 0.652558
13000 0.652308
13100 0.652061
13200 0.651742
13300 0.65188
13400 0.652164
13500 0.651852
13600 0.651103
13700 0.651022
13800 0.651304
13900 0.651007
14000 0.651
14100 0.650638
14200 0.650493
14300 0.65
14400 0.649861
14500 0.649172
14600 0.648425
14700 0.647823
14800 0.648176
14900 0.648121
15000 0.6478
15100 0.648411
15200 0.648026
15300 0.647582
15400 0.646948
15500 0.647613
15600 0.647372
15700 0.647643
15800 0.647848
15900 0.647484
16000 0.647
16100 0.64677
16200 0.646543
16300 0.646687
16400 0.646341
16500 0.646545
16600 0.646747
16700 0.646527
16800 0.646667
16900 0.646864
17000 0.646824
17100 0.646901
17200 0.646744
17300 0.646012
17400 0.64592
17500 0.645943
17600 0.646023
17700 0.646271
17800 0.64691
17900 0.646704
18000 0.646333
18100 0.646243
18200 0.646484
18300 0.646776
18400 0.646522
18500 0.646486
18600 0.645806
18700 0.646364
18800 0.646277
18900 0.646455
19000 0.646632
19100 0.646859
19200 0.646979
19300 0.646995
19400 0.647371
19500 0.647641
19600 0.647857
19700 0.648173
19800 0.648687
19900 0.648492
20000 0.64865
20100 0.649353
20200 0.649505
20300 0.649754
20400 0.650098
20500 0.650098
20600 0.650437
20700 0.650773
20800 0.650817
20900 0.650718
21000 0.651143
21100 0.651422
21200 0.651604
21300 0.651315
21400 0.651215
21500 0.651442
21600 0.651574
21700 0.651613
21800 0.65211
21900 0.652237
22000 0.652409
22100 0.652715
22200 0.652928
22300 0.653094
22400 0.653482
22500 0.653378
22600 0.653761
22700 0.653524
22800 0.653509
22900 0.653362
23000 0.653391
23100 0.65355
23200 0.653448
23300 0.653219
23400 0.652991
23500 0.652383
23600 0.652373
23700 0.652532
23800 0.652647
23900 0.652762
24000 0.652583
24100 0.652448
24200 0.652686
24300 0.652881
24400 0.652992
24500 0.652776
24600 0.652724
24700 0.652955
24800 0.652419
24900 0.652329
25000 0.65216
25100 0.652311
25200 0.652222
25300 0.652292
25400 0.652362
25500 0.652353
25600 0.6525
25700 0.652412
25800 0.652209
25900 0.652201
26000 0.651962
26100 0.652107
26200 0.65229
26300 0.652548
26400 0.652083
26500 0.651925
26600 0.651992
26700 0.65191
26800 0.652015
26900 0.65223
27000 0.652185
27100 0.652325
27200 0.652279
27300 0.652125
27400 0.65219
27500 0.652255
27600 0.652065
27700 0.651949
27800 0.651942
27900 0.651792
28000 0.651357
28100 0.651423
28200 0.651738
28300 0.651413
28400 0.651479
28500 0.651544
28600 0.651573
28700 0.651812
28800 0.651875
28900 0.652111
29000 0.652138
29100 0.652234
29200 0.652329
29300 0.652184
29400 0.652109
29500 0.652102
29600 0.652061
29700 0.651684
29800 0.651812
29900 0.651906
30000 0.6518
30100 0.651761
30200 0.651788
30300 0.651617
30400 0.651546
30500 0.651016
30600 0.651111
30700 0.650879
30800 0.650877
30900 0.650874
31000 0.650839
31100 0.650772
31200 0.650577
31300 0.650671
31400 0.650732
31500 0.650508
31600 0.650506
31700 0.650536
31800 0.650818
31900 0.650596
32000 0.650656
32100 0.650561
32200 0.650559
32300 0.650619
32400 0.650617
32500 0.650523
32600 0.650521
32700 0.650765
32800 0.650549
32900 0.650608
33000 0.650727
33100 0.650634
33200 0.650663
33300 0.65045
33400 0.650269
33500 0.650358
33600 0.650179
33700 0.64997
33800 0.649822
33900 0.649853
34000 0.649912
34100 0.649707
34200 0.649386
34300 0.6493
34400 0.649331
34500 0.649362
34600 0.649509
34700 0.649568
34800 0.649483
34900 0.649398
35000 0.6494
35100 0.649202
35200 0.649261
35300 0.64932
35400 0.649209
35500 0.649042
35600 0.649045
35700 0.64888
35800 0.648883
35900 0.648914
36000 0.648833
36100 0.64867
36200 0.648674
36300 0.64865
36400 0.648764
36500 0.648712
36600 0.648716
36700 0.648501
36800 0.648641
36900 0.648564
37000 0.648595
37100 0.648652
37200 0.648495
37300 0.648552
37400 0.648583
37500 0.648373
37600 0.648271
37700 0.648355
37800 0.648439
37900 0.648285
38000 0.648368
38100 0.648399
38200 0.648194
38300 0.648251
38400 0.648229
38500 0.648
38600 0.647876
38700 0.647829
38800 0.647784
38900 0.647866
39000 0.647821
39100 0.647826
39200 0.647832
39300 0.647888
39400 0.647792
39500 0.647899
39600 0.647904
39700 0.647884
39800 0.647814
39900 0.647995
40000 0.647975
40100 0.647681
40200 0.647711
40300 0.647494
40400 0.647673
40500 0.647778
40600 0.647685
40700 0.647617
40800 0.647696
40900 0.647775
41000 0.647634
41100 0.647616
41200 0.647451
41300 0.647337
41400 0.647271
41500 0.647205
41600 0.647236
41700 0.64729
41800 0.647297
41900 0.647399
42000 0.647214
42100 0.647292
42200 0.64737
42300 0.647423
42400 0.647453
42500 0.647529
42600 0.647606
42700 0.647728
42800 0.64778
42900 0.647855
43000 0.647744
43100 0.647703
43200 0.647685
43300 0.647737
43400 0.647673
43500 0.647655
43600 0.647638
43700 0.647597
43800 0.647785
43900 0.64795
44000 0.647705
44100 0.647732
44200 0.647783
44300 0.647833
44400 0.647883
44500 0.647865
44600 0.647691
44700 0.647629
44800 0.647589
44900 0.647728
45000 0.647578
45100 0.64745
45200 0.647522
45300 0.647594
45400 0.647577
45500 0.647385
45600 0.647368
45700 0.647309
45800 0.647358
45900 0.647407
46000 0.647391
46100 0.647527
46200 0.647511
46300 0.647581
46400 0.647629
46500 0.647656
46600 0.647876
46700 0.647687
46800 0.647628
46900 0.647463
47000 0.647426
47100 0.647325
47200 0.647352
47300 0.647315
47400 0.647405
47500 0.647558
47600 0.647626
47700 0.647505
47800 0.64751
47900 0.647432
48000 0.6475
48100 0.647464
48200 0.647303
48300 0.647495
48400 0.6475
48500 0.647485
48600 0.647428
48700 0.647495
48800 0.647377
48900 0.647362
49000 0.647367
49100 0.647515
49200 0.647561
49300 0.647465
49400 0.647308
49500 0.647333
49600 0.647339
49700 0.647223
49800 0.647349
49900 0.647415
